#
# There is insufficient memory for the Java Runtime Environment to continue.
# Native memory allocation (mmap) failed to map 65536 bytes for Failed to commit metaspace.
# Possible reasons:
#   The system is out of physical RAM or swap space
#   The process is running with CompressedOops enabled, and the Java Heap may be blocking the growth of the native heap
# Possible solutions:
#   Reduce memory load on the system
#   Increase physical memory or swap space
#   Check if swap backing store is full
#   Decrease Java heap size (-Xmx/-Xms)
#   Decrease number of Java threads
#   Decrease Java thread stack sizes (-Xss)
#   Set larger code cache with -XX:ReservedCodeCacheSize=
#   JVM is running with Unscaled Compressed Oops mode in which the Java heap is
#     placed in the first 4GB address space. The Java Heap base address is the
#     maximum limit for the native heap growth. Please use -XX:HeapBaseMinAddress
#     to set the Java Heap base and to place the Java Heap above 4GB virtual address.
# This output file may be truncated or incomplete.
#
#  Out of Memory Error (virtualSpaceNode.cpp:110), pid=2300, tid=1084
#
# JRE version: OpenJDK Runtime Environment Temurin-17.0.6+10 (17.0.6+10) (build 17.0.6+10)
# Java VM: OpenJDK 64-Bit Server VM Temurin-17.0.6+10 (17.0.6+10, mixed mode, tiered, compressed oops, compressed class ptrs, parallel gc, windows-amd64)
# No core dump will be written. Minidumps are not enabled by default on client versions of Windows
#

---------------  S U M M A R Y ------------

Command Line: --add-modules=ALL-SYSTEM --add-opens=java.base/java.util=ALL-UNNAMED --add-opens=java.base/java.lang=ALL-UNNAMED --add-opens=java.base/sun.nio.fs=ALL-UNNAMED -Declipse.application=org.eclipse.jdt.ls.core.id1 -Dosgi.bundles.defaultStartLevel=4 -Declipse.product=org.eclipse.jdt.ls.core.product -Djava.import.generatesMetadataFilesAtProjectRoot=false -Dfile.encoding=utf8 -XX:+UseParallelGC -XX:GCTimeRatio=4 -XX:AdaptiveSizePolicyWeight=90 -Dsun.zip.disableMemoryMapping=true -Xmx4G -Xms100m -Xlog:disable -javaagent:c:\Users\kirus\.vscode\extensions\redhat.java-1.15.0-win32-x64\lombok\lombok-1.18.24.jar -Xmx512M c:\Users\kirus\.vscode\extensions\redhat.java-1.15.0-win32-x64\server\plugins\org.eclipse.equinox.launcher_1.6.400.v20210924-0641.jar -configuration c:\Users\kirus\AppData\Roaming\Code\User\globalStorage\redhat.java\1.15.0\config_ss_win -data c:\Users\kirus\AppData\Roaming\Code\User\workspaceStorage\22f2343e581199575215308d8e975055\redhat.java\ss_ws

Host: Intel(R) Core(TM) i5-10600KF CPU @ 4.10GHz, 12 cores, 15G,  Windows 10 , 64 bit Build 19041 (10.0.19041.2546)
Time: Sat Feb 25 23:10:49 2023 RTZ 2 (s 10 , 64 bit Build 19041 (10.0.19041.2546) elapsed time: 0.291549 seconds (0d 0h 0m 0s)

---------------  T H R E A D  ---------------

Current thread (0x000002126b9539f0):  JavaThread "main" [_thread_in_vm, id=1084, stack(0x0000002913300000,0x0000002913400000)]

Stack: [0x0000002913300000,0x0000002913400000]
Native frames: (J=compiled Java code, j=interpreted, Vv=VM code, C=native code)
V  [jvm.dll+0x67741a]
V  [jvm.dll+0x834434]
V  [jvm.dll+0x835bde]
V  [jvm.dll+0x836243]
V  [jvm.dll+0x2457b5]
V  [jvm.dll+0x8304cb]
V  [jvm.dll+0x61bca6]
V  [jvm.dll+0x61bd0a]
V  [jvm.dll+0x61e52a]
V  [jvm.dll+0x61c646]
V  [jvm.dll+0x239e4f]
V  [jvm.dll+0x626445]
V  [jvm.dll+0x1ea42b]
V  [jvm.dll+0x1ea965]
V  [jvm.dll+0x1eb39f]
V  [jvm.dll+0x1e0841]
V  [jvm.dll+0x53c6d0]
V  [jvm.dll+0x1f1017]
V  [jvm.dll+0x7aea1b]
V  [jvm.dll+0x7afdc2]
V  [jvm.dll+0x7b0559]
V  [jvm.dll+0x1eb654]
V  [jvm.dll+0x1e085a]
V  [jvm.dll+0x53c6d0]
V  [jvm.dll+0x1f1017]
V  [jvm.dll+0x7aea1b]
V  [jvm.dll+0x7afdc2]
V  [jvm.dll+0x7b0559]
V  [jvm.dll+0x1eb654]
V  [jvm.dll+0x1e085a]
V  [jvm.dll+0x53c6d0]
V  [jvm.dll+0x1f1017]
V  [jvm.dll+0x7aea1b]
V  [jvm.dll+0x7afdc2]
V  [jvm.dll+0x7b00f8]
V  [jvm.dll+0x23dbbe]
V  [jvm.dll+0x37ecce]
C  0x0000021275b2ae05

Java frames: (J=compiled Java code, j=interpreted, Vv=VM code)
j  java.util.concurrent.locks.ReentrantLock.<init>()V+5 java.base@17.0.6
j  sun.security.rsa.RSACore.<clinit>()V+30 java.base@17.0.6
v  ~StubRoutines::call_stub
j  sun.security.rsa.RSASignature.initCommon(Ljava/security/interfaces/RSAKey;Ljava/security/SecureRandom;)V+33 java.base@17.0.6
j  sun.security.rsa.RSASignature.engineInitVerify(Ljava/security/PublicKey;)V+21 java.base@17.0.6
j  java.security.SignatureSpi.engineInitVerify(Ljava/security/PublicKey;Ljava/security/spec/AlgorithmParameterSpec;)V+24 java.base@17.0.6
j  java.security.Signature$Delegate.tryOperation(Ljava/security/SignatureSpi;ILjava/security/Key;Ljava/security/spec/AlgorithmParameterSpec;Ljava/security/SecureRandom;)V+58 java.base@17.0.6
j  java.security.Signature$Delegate.chooseProvider(ILjava/security/Key;Ljava/security/spec/AlgorithmParameterSpec;Ljava/security/SecureRandom;)V+118 java.base@17.0.6
j  java.security.Signature$Delegate.engineInitVerify(Ljava/security/PublicKey;Ljava/security/spec/AlgorithmParameterSpec;)V+24 java.base@17.0.6
j  java.security.Signature.initVerify(Ljava/security/PublicKey;Ljava/security/spec/AlgorithmParameterSpec;)V+3 java.base@17.0.6
j  java.security.Signature$1.initVerify(Ljava/security/Signature;Ljava/security/PublicKey;Ljava/security/spec/AlgorithmParameterSpec;)V+3 java.base@17.0.6
j  sun.security.util.SignatureUtil.initVerifyWithParam(Ljava/security/Signature;Ljava/security/PublicKey;Ljava/security/spec/AlgorithmParameterSpec;)V+6 java.base@17.0.6
j  sun.security.pkcs.SignerInfo.verify(Lsun/security/pkcs/PKCS7;[B)Lsun/security/pkcs/SignerInfo;+574 java.base@17.0.6
j  sun.security.pkcs.PKCS7.verify(Lsun/security/pkcs/SignerInfo;[B)Lsun/security/pkcs/SignerInfo;+3 java.base@17.0.6
j  sun.security.pkcs.PKCS7.verify([B)[Lsun/security/pkcs/SignerInfo;+27 java.base@17.0.6
j  sun.security.pkcs.SignerInfo.getTimestamp()Ljava/security/Timestamp;+45 java.base@17.0.6
j  sun.security.pkcs.SignerInfo.verify(Lsun/security/pkcs/PKCS7;[B)Lsun/security/pkcs/SignerInfo;+3 java.base@17.0.6
j  sun.security.pkcs.PKCS7.verify(Lsun/security/pkcs/SignerInfo;[B)Lsun/security/pkcs/SignerInfo;+3 java.base@17.0.6
j  sun.security.pkcs.PKCS7.verify([B)[Lsun/security/pkcs/SignerInfo;+27 java.base@17.0.6
j  sun.security.util.SignatureFileVerifier.processImpl(Ljava/util/Hashtable;Ljava/util/List;Ljava/lang/String;)V+63 java.base@17.0.6
j  sun.security.util.SignatureFileVerifier.process(Ljava/util/Hashtable;Ljava/util/List;Ljava/lang/String;)V+12 java.base@17.0.6
j  java.util.jar.JarVerifier.processEntry(Lsun/security/util/ManifestEntryVerifier;)V+400 java.base@17.0.6
j  java.util.jar.JarVerifier.update(I[BIILsun/security/util/ManifestEntryVerifier;)V+39 java.base@17.0.6
j  java.util.jar.JarFile.initializeVerifier()V+163 java.base@17.0.6
j  java.util.jar.JarFile.ensureInitialization()V+41 java.base@17.0.6
j  java.util.jar.JavaUtilJarAccessImpl.ensureInitialization(Ljava/util/jar/JarFile;)V+1 java.base@17.0.6
j  jdk.internal.loader.URLClassPath$JarLoader$2.getManifest()Ljava/util/jar/Manifest;+10 java.base@17.0.6
j  jdk.internal.loader.BuiltinClassLoader.defineClass(Ljava/lang/String;Ljdk/internal/loader/Resource;)Ljava/lang/Class;+29 java.base@17.0.6
j  jdk.internal.loader.BuiltinClassLoader.findClassOnClassPathOrNull(Ljava/lang/String;)Ljava/lang/Class;+37 java.base@17.0.6
j  jdk.internal.loader.BuiltinClassLoader.loadClassOrNull(Ljava/lang/String;Z)Ljava/lang/Class;+111 java.base@17.0.6
j  jdk.internal.loader.BuiltinClassLoader.loadClass(Ljava/lang/String;Z)Ljava/lang/Class;+3 java.base@17.0.6
j  jdk.internal.loader.ClassLoaders$AppClassLoader.loadClass(Ljava/lang/String;Z)Ljava/lang/Class;+36 java.base@17.0.6
j  java.lang.ClassLoader.loadClass(Ljava/lang/String;)Ljava/lang/Class;+3 java.base@17.0.6
v  ~StubRoutines::call_stub
j  java.lang.Class.forName0(Ljava/lang/String;ZLjava/lang/ClassLoader;Ljava/lang/Class;)Ljava/lang/Class;+0 java.base@17.0.6
j  java.lang.Class.forName(Ljava/lang/String;ZLjava/lang/ClassLoader;)Ljava/lang/Class;+43 java.base@17.0.6
j  sun.launcher.LauncherHelper.loadMainClass(ILjava/lang/String;)Ljava/lang/Class;+95 java.base@17.0.6
j  sun.launcher.LauncherHelper.checkAndLoadMain(ZILjava/lang/String;)Ljava/lang/Class;+42 java.base@17.0.6
v  ~StubRoutines::call_stub

---------------  P R O C E S S  ---------------

Threads class SMR info:
_java_thread_list=0x0000021200386ad0, length=13, elements={
0x000002126b9539f0, 0x0000021200063830, 0x0000021200064d10, 0x000002126b7d89e0,
0x000002126b7d94a0, 0x000002126b7dbe70, 0x000002126b7dc730, 0x000002126b7dd3d0,
0x00000212000f6e40, 0x000002120010ff30, 0x00000212001303c0, 0x0000021200269ba0,
0x0000021201560ae0
}

Java Threads: ( => current thread )
=>0x000002126b9539f0 JavaThread "main" [_thread_in_vm, id=1084, stack(0x0000002913300000,0x0000002913400000)]
  0x0000021200063830 JavaThread "Reference Handler" daemon [_thread_blocked, id=22052, stack(0x0000002913600000,0x0000002913700000)]
  0x0000021200064d10 JavaThread "Finalizer" daemon [_thread_blocked, id=22604, stack(0x0000002913700000,0x0000002913800000)]
  0x000002126b7d89e0 JavaThread "Signal Dispatcher" daemon [_thread_blocked, id=16784, stack(0x0000002913800000,0x0000002913900000)]
  0x000002126b7d94a0 JavaThread "Attach Listener" daemon [_thread_blocked, id=14540, stack(0x0000002913900000,0x0000002913a00000)]
  0x000002126b7dbe70 JavaThread "Service Thread" daemon [_thread_blocked, id=3308, stack(0x0000002913a00000,0x0000002913b00000)]
  0x000002126b7dc730 JavaThread "Monitor Deflation Thread" daemon [_thread_blocked, id=11640, stack(0x0000002913b00000,0x0000002913c00000)]
  0x000002126b7dd3d0 JavaThread "C2 CompilerThread0" daemon [_thread_in_native, id=20568, stack(0x0000002913c00000,0x0000002913d00000)]
  0x00000212000f6e40 JavaThread "C1 CompilerThread0" daemon [_thread_blocked, id=22164, stack(0x0000002913d00000,0x0000002913e00000)]
  0x000002120010ff30 JavaThread "Sweeper thread" daemon [_thread_blocked, id=14396, stack(0x0000002913e00000,0x0000002913f00000)]
  0x00000212001303c0 JavaThread "Common-Cleaner" daemon [_thread_blocked, id=5816, stack(0x0000002913f00000,0x0000002914000000)]
  0x0000021200269ba0 JavaThread "C2 CompilerThread1" daemon [_thread_in_native, id=17640, stack(0x0000002914000000,0x0000002914100000)]
  0x0000021201560ae0 JavaThread "Notification Thread" daemon [_thread_blocked, id=15940, stack(0x0000002914100000,0x0000002914200000)]

Other Threads:
  0x000002126b6a96f0 VMThread "VM Thread" [stack: 0x0000002913500000,0x0000002913600000] [id=9032]
  0x0000021201560fb0 WatcherThread [stack: 0x0000002914200000,0x0000002914300000] [id=14476]
  0x000002126b968330 GCTaskThread "GC Thread#0" [stack: 0x0000002913400000,0x0000002913500000] [id=18476]

Threads with active compile tasks:
C2 CompilerThread0      303  486       4       lombok.patcher.PatchScript::classMatches (41 bytes)
C2 CompilerThread1      303  485       4       lombok.patcher.scripts.MethodLevelPatchScript::patch (21 bytes)

VM state: not at safepoint (normal execution)

VM Mutex/Monitor currently owned by a thread:  ([mutex/lock_event])
[0x000002126b94dc90] Metaspace_lock - owner thread: 0x000002126b9539f0

Heap address: 0x00000000e0000000, size: 512 MB, Compressed Oops mode: 32-bit

CDS archive(s) not mapped
Compressed class space mapped at: 0x0000000100000000-0x0000000140000000, reserved size: 1073741824
Narrow klass base: 0x0000000000000000, Narrow klass shift: 3, Narrow klass range: 0x140000000

GC Precious Log:
 CPUs: 12 total, 12 available
 Memory: 16292M
 Large Page Support: Disabled
 NUMA Support: Disabled
 Compressed Oops: Enabled (32-bit)
 Alignments: Space 512K, Generation 512K, Heap 2M
 Heap Min Capacity: 100M
 Heap Initial Capacity: 100M
 Heap Max Capacity: 512M
 Pre-touch: Disabled
 Parallel Workers: 10

Heap:
 PSYoungGen      total 29696K, used 12168K [0x00000000f5580000, 0x00000000f7680000, 0x0000000100000000)
  eden space 25600K, 47% used [0x00000000f5580000,0x00000000f6162310,0x00000000f6e80000)
  from space 4096K, 0% used [0x00000000f7280000,0x00000000f7280000,0x00000000f7680000)
  to   space 4096K, 0% used [0x00000000f6e80000,0x00000000f6e80000,0x00000000f7280000)
 ParOldGen       total 68608K, used 0K [0x00000000e0000000, 0x00000000e4300000, 0x00000000f5580000)
  object space 68608K, 0% used [0x00000000e0000000,0x00000000e0000000,0x00000000e4300000)
 Metaspace       used 8658K, committed 8704K, reserved 1056768K
  class space    used 859K, committed 896K, reserved 1048576K

Card table byte_map: [0x000002126b310000,0x000002126b420000] _byte_map_base: 0x000002126ac10000

Marking Bits: (ParMarkBitMap*) 0x00007fffcd213e70
 Begin Bits: [0x000002127d5e0000, 0x000002127dde0000)
 End Bits:   [0x000002127dde0000, 0x000002127e5e0000)

Polling page: 0x0000021269ae0000

Metaspace:

Usage:
  Non-class:      7.62 MB used.
      Class:    859.44 KB used.
       Both:      8.46 MB used.

Virtual space:
  Non-class space:        8.00 MB reserved,       7.62 MB ( 95%) committed,  1 nodes.
      Class space:        1.00 GB reserved,     896.00 KB ( <1%) committed,  1 nodes.
             Both:        1.01 GB reserved,       8.50 MB ( <1%) committed. 

Chunk freelists:
   Non-Class:  0 bytes
       Class:  3.09 MB
        Both:  3.09 MB

MaxMetaspaceSize: unlimited
CompressedClassSpaceSize: 1.00 GB
Initial GC threshold: 21.00 MB
Current GC threshold: 21.00 MB
CDS: off
MetaspaceReclaimPolicy: balanced
 - commit_granule_bytes: 65536.
 - commit_granule_words: 8192.
 - virtual_space_node_default_size: 1048576.
 - enlarge_chunks_in_place: 1.
 - new_chunks_are_fully_committed: 0.
 - uncommit_free_chunks: 1.
 - use_allocation_guard: 0.
 - handle_deallocations: 1.


Internal statistics:

num_allocs_failed_limit: 0.
num_arena_births: 10.
num_arena_deaths: 0.
num_vsnodes_births: 2.
num_vsnodes_deaths: 0.
num_space_committed: 136.
num_space_uncommitted: 0.
num_chunks_returned_to_freelist: 0.
num_chunks_taken_from_freelist: 38.
num_chunk_merges: 0.
num_chunk_splits: 20.
num_chunks_enlarged: 17.
num_purges: 0.
num_inconsistent_stats: 0.

CodeHeap 'non-profiled nmethods': size=120000Kb used=159Kb max_used=159Kb free=119840Kb
 bounds [0x00000212760b0000, 0x0000021276320000, 0x000002127d5e0000]
CodeHeap 'profiled nmethods': size=120000Kb used=664Kb max_used=664Kb free=119335Kb
 bounds [0x000002126e5e0000, 0x000002126e850000, 0x0000021275b10000]
CodeHeap 'non-nmethods': size=5760Kb used=1131Kb max_used=1144Kb free=4628Kb
 bounds [0x0000021275b10000, 0x0000021275d80000, 0x00000212760b0000]
 total_blobs=911 nmethods=492 adapters=334
 compilation: enabled
              stopped_count=0, restarted_count=0
 full_count=0

Compilation events (20 events):
Event: 0.277 Thread 0x00000212000f6e40  482       3       java.lang.Enum::equals (11 bytes)
Event: 0.277 Thread 0x00000212000f6e40 nmethod 482 0x000002126e683390 code [0x000002126e683520, 0x000002126e683698]
Event: 0.278 Thread 0x00000212000f6e40  484       3       java.lang.invoke.MemberName::initResolved (53 bytes)
Event: 0.278 Thread 0x00000212000f6e40 nmethod 484 0x000002126e683710 code [0x000002126e6838a0, 0x000002126e683a18]
Event: 0.278 Thread 0x0000021200269ba0  485       4       lombok.patcher.scripts.MethodLevelPatchScript::patch (21 bytes)
Event: 0.278 Thread 0x000002126b7dd3d0  486       4       lombok.patcher.PatchScript::classMatches (41 bytes)
Event: 0.281 Thread 0x00000212000f6e40  489       3       java.util.Arrays::hashCode (44 bytes)
Event: 0.281 Thread 0x00000212000f6e40 nmethod 489 0x000002126e683a90 code [0x000002126e683c40, 0x000002126e683e58]
Event: 0.284 Thread 0x00000212000f6e40  490       3       java.util.zip.Inflater::ensureOpen (47 bytes)
Event: 0.285 Thread 0x00000212000f6e40 nmethod 490 0x000002126e683f90 code [0x000002126e684140, 0x000002126e6843a8]
Event: 0.285 Thread 0x00000212000f6e40  491       3       jdk.internal.org.objectweb.asm.ByteVector::put12 (64 bytes)
Event: 0.285 Thread 0x00000212000f6e40 nmethod 491 0x000002126e684490 code [0x000002126e684640, 0x000002126e684868]
Event: 0.287 Thread 0x00000212000f6e40  493   !   3       sun.instrument.TransformerManager::transform (100 bytes)
Event: 0.287 Thread 0x00000212000f6e40 nmethod 493 0x000002126e684a10 code [0x000002126e684be0, 0x000002126e685088]
Event: 0.287 Thread 0x00000212000f6e40  492       3       sun.instrument.InstrumentationImpl::transform (73 bytes)
Event: 0.287 Thread 0x00000212000f6e40 nmethod 492 0x000002126e685310 code [0x000002126e6854e0, 0x000002126e685888]
Event: 0.287 Thread 0x00000212000f6e40  495       3       java.lang.StringUTF16::putChar (54 bytes)
Event: 0.287 Thread 0x00000212000f6e40 nmethod 495 0x000002126e685a10 code [0x000002126e685ba0, 0x000002126e685cf8]
Event: 0.287 Thread 0x00000212000f6e40  494       3       java.lang.instrument.ClassFileTransformer::transform (15 bytes)
Event: 0.288 Thread 0x00000212000f6e40 nmethod 494 0x000002126e685e10 code [0x000002126e685fc0, 0x000002126e686148]

GC Heap History (0 events):
No events

Dll operation events (8 events):
Event: 0.005 Loaded shared library c:\Users\kirus\.vscode\extensions\redhat.java-1.15.0-win32-x64\jre\17.0.6-win32-x86_64\bin\java.dll
Event: 0.119 Loaded shared library c:\Users\kirus\.vscode\extensions\redhat.java-1.15.0-win32-x64\jre\17.0.6-win32-x86_64\bin\zip.dll
Event: 0.122 Loaded shared library C:\Users\kirus\.vscode\extensions\redhat.java-1.15.0-win32-x64\jre\17.0.6-win32-x86_64\bin\instrument.dll
Event: 0.130 Loaded shared library C:\Users\kirus\.vscode\extensions\redhat.java-1.15.0-win32-x64\jre\17.0.6-win32-x86_64\bin\net.dll
Event: 0.131 Loaded shared library C:\Users\kirus\.vscode\extensions\redhat.java-1.15.0-win32-x64\jre\17.0.6-win32-x86_64\bin\nio.dll
Event: 0.136 Loaded shared library C:\Users\kirus\.vscode\extensions\redhat.java-1.15.0-win32-x64\jre\17.0.6-win32-x86_64\bin\zip.dll
Event: 0.145 Loaded shared library C:\Users\kirus\.vscode\extensions\redhat.java-1.15.0-win32-x64\jre\17.0.6-win32-x86_64\bin\jimage.dll
Event: 0.176 Loaded shared library c:\Users\kirus\.vscode\extensions\redhat.java-1.15.0-win32-x64\jre\17.0.6-win32-x86_64\bin\verify.dll

Deoptimization events (20 events):
Event: 0.247 Thread 0x000002126b9539f0 Uncommon trap: trap_request=0xffffffde fr.pc=0x00000212760d0844 relative=0x0000000000000124
Event: 0.247 Thread 0x000002126b9539f0 Uncommon trap: reason=class_check action=maybe_recompile pc=0x00000212760d0844 method=jdk.internal.misc.Unsafe.allocateUninitializedArray(Ljava/lang/Class;I)Ljava/lang/Object; @ 51 c2
Event: 0.247 Thread 0x000002126b9539f0 DEOPT PACKING pc=0x00000212760d0844 sp=0x00000029133fb130
Event: 0.247 Thread 0x000002126b9539f0 DEOPT UNPACKING pc=0x0000021275b666a3 sp=0x00000029133fb0b8 mode 2
Event: 0.247 Thread 0x000002126b9539f0 Uncommon trap: trap_request=0xffffffde fr.pc=0x00000212760d0844 relative=0x0000000000000124
Event: 0.247 Thread 0x000002126b9539f0 Uncommon trap: reason=class_check action=maybe_recompile pc=0x00000212760d0844 method=jdk.internal.misc.Unsafe.allocateUninitializedArray(Ljava/lang/Class;I)Ljava/lang/Object; @ 51 c2
Event: 0.247 Thread 0x000002126b9539f0 DEOPT PACKING pc=0x00000212760d0844 sp=0x00000029133fb130
Event: 0.247 Thread 0x000002126b9539f0 DEOPT UNPACKING pc=0x0000021275b666a3 sp=0x00000029133fb0b8 mode 2
Event: 0.247 Thread 0x000002126b9539f0 Uncommon trap: trap_request=0xffffffde fr.pc=0x00000212760d0844 relative=0x0000000000000124
Event: 0.247 Thread 0x000002126b9539f0 Uncommon trap: reason=class_check action=maybe_recompile pc=0x00000212760d0844 method=jdk.internal.misc.Unsafe.allocateUninitializedArray(Ljava/lang/Class;I)Ljava/lang/Object; @ 51 c2
Event: 0.247 Thread 0x000002126b9539f0 DEOPT PACKING pc=0x00000212760d0844 sp=0x00000029133fb170
Event: 0.247 Thread 0x000002126b9539f0 DEOPT UNPACKING pc=0x0000021275b666a3 sp=0x00000029133fb0f8 mode 2
Event: 0.255 Thread 0x000002126b9539f0 Uncommon trap: trap_request=0xffffff45 fr.pc=0x00000212760c41c4 relative=0x00000000000000c4
Event: 0.255 Thread 0x000002126b9539f0 Uncommon trap: reason=unstable_if action=reinterpret pc=0x00000212760c41c4 method=java.net.URI.match(CJJ)Z @ 45 c2
Event: 0.255 Thread 0x000002126b9539f0 DEOPT PACKING pc=0x00000212760c41c4 sp=0x00000029133fc820
Event: 0.255 Thread 0x000002126b9539f0 DEOPT UNPACKING pc=0x0000021275b666a3 sp=0x00000029133fc7a8 mode 2
Event: 0.260 Thread 0x000002126b9539f0 Uncommon trap: trap_request=0xffffff45 fr.pc=0x00000212760d3058 relative=0x0000000000000678
Event: 0.260 Thread 0x000002126b9539f0 Uncommon trap: reason=unstable_if action=reinterpret pc=0x00000212760d3058 method=java.lang.String.replace(Ljava/lang/CharSequence;Ljava/lang/CharSequence;)Ljava/lang/String; @ 48 c2
Event: 0.260 Thread 0x000002126b9539f0 DEOPT PACKING pc=0x00000212760d3058 sp=0x00000029133fc7a0
Event: 0.260 Thread 0x000002126b9539f0 DEOPT UNPACKING pc=0x0000021275b666a3 sp=0x00000029133fc720 mode 2

Classes unloaded (0 events):
No events

Classes redefined (0 events):
No events

Internal exceptions (2 events):
Event: 0.102 Thread 0x000002126b9539f0 Exception <a 'java/lang/NoSuchMethodError'{0x00000000f5736a00}: 'void java.lang.invoke.DirectMethodHandle$Holder.invokeStatic(java.lang.Object, java.lang.Object, java.lang.Object)'> (0x00000000f5736a00) 
thrown [s\src\hotspot\share\interpreter\linkResolver.cpp, line 759]
Event: 0.187 Thread 0x000002126b9539f0 Exception <a 'java/lang/reflect/InvocationTargetException'{0x00000000f59fc358}> (0x00000000f59fc358) 
thrown [s\src\hotspot\share\runtime\reflection.cpp, line 1121]

VM Operations (2 events):
Event: 0.105 Executing VM operation: HandshakeAllThreads
Event: 0.105 Executing VM operation: HandshakeAllThreads done

Events (20 events):
Event: 0.289 loading class javax/security/auth/Destroyable done
Event: 0.289 loading class java/security/PrivateKey done
Event: 0.289 loading class java/security/interfaces/RSAPrivateKey done
Event: 0.289 loading class sun/security/rsa/RSASignature$SHA256withRSA
Event: 0.289 loading class sun/security/rsa/RSASignature
Event: 0.289 loading class sun/security/rsa/RSASignature done
Event: 0.289 loading class sun/security/rsa/RSASignature$SHA256withRSA done
Event: 0.289 loading class sun/security/rsa/RSAPrivateKeyImpl
Event: 0.290 loading class sun/security/pkcs/PKCS8Key
Event: 0.290 loading class sun/security/pkcs/PKCS8Key done
Event: 0.290 loading class sun/security/rsa/RSAPrivateKeyImpl done
Event: 0.290 loading class sun/security/rsa/RSAPrivateCrtKeyImpl
Event: 0.290 loading class java/security/interfaces/RSAPrivateCrtKey
Event: 0.290 loading class java/security/interfaces/RSAPrivateCrtKey done
Event: 0.290 loading class sun/security/rsa/RSAPrivateCrtKeyImpl done
Event: 0.290 loading class sun/security/rsa/RSACore
Event: 0.290 loading class sun/security/rsa/RSACore done
Event: 0.290 loading class java/util/concurrent/locks/ReentrantLock$NonfairSync
Event: 0.290 loading class java/util/concurrent/locks/ReentrantLock$Sync
Event: 0.290 loading class java/util/concurrent/locks/AbstractQueuedSynchronizer


Dynamic libraries:
0x00007ff772f50000 - 0x00007ff772f5e000 	c:\Users\kirus\.vscode\extensions\redhat.java-1.15.0-win32-x64\jre\17.0.6-win32-x86_64\bin\java.exe
0x00007ff818310000 - 0x00007ff818508000 	C:\Windows\SYSTEM32\ntdll.dll
0x00007ff817590000 - 0x00007ff81764f000 	C:\Windows\System32\KERNEL32.DLL
0x00007ff815a00000 - 0x00007ff815cd2000 	C:\Windows\System32\KERNELBASE.dll
0x00007ff815e40000 - 0x00007ff815f40000 	C:\Windows\System32\ucrtbase.dll
0x00007ff812a20000 - 0x00007ff812a37000 	c:\Users\kirus\.vscode\extensions\redhat.java-1.15.0-win32-x64\jre\17.0.6-win32-x86_64\bin\jli.dll
0x00007ff811ec0000 - 0x00007ff811ed9000 	c:\Users\kirus\.vscode\extensions\redhat.java-1.15.0-win32-x64\jre\17.0.6-win32-x86_64\bin\VCRUNTIME140.dll
0x00007ff8169d0000 - 0x00007ff816b71000 	C:\Windows\System32\USER32.dll
0x00007ff801270000 - 0x00007ff80150a000 	C:\Windows\WinSxS\amd64_microsoft.windows.common-controls_6595b64144ccf1df_6.0.19041.1110_none_60b5254171f9507e\COMCTL32.dll
0x00007ff8160c0000 - 0x00007ff8160e2000 	C:\Windows\System32\win32u.dll
0x00007ff817900000 - 0x00007ff81799e000 	C:\Windows\System32\msvcrt.dll
0x00007ff817730000 - 0x00007ff81775b000 	C:\Windows\System32\GDI32.dll
0x00007ff8160f0000 - 0x00007ff8161ff000 	C:\Windows\System32\gdi32full.dll
0x00007ff816200000 - 0x00007ff81629d000 	C:\Windows\System32\msvcp_win.dll
0x00007ff817760000 - 0x00007ff817792000 	C:\Windows\System32\IMM32.DLL
0x00007ff8132b0000 - 0x00007ff8132bc000 	c:\Users\kirus\.vscode\extensions\redhat.java-1.15.0-win32-x64\jre\17.0.6-win32-x86_64\bin\vcruntime140_1.dll
0x00007fffd8140000 - 0x00007fffd81d1000 	c:\Users\kirus\.vscode\extensions\redhat.java-1.15.0-win32-x64\jre\17.0.6-win32-x86_64\bin\msvcp140.dll
0x00007fffcc690000 - 0x00007fffcd2d7000 	c:\Users\kirus\.vscode\extensions\redhat.java-1.15.0-win32-x64\jre\17.0.6-win32-x86_64\bin\server\jvm.dll
0x00007ff817330000 - 0x00007ff8173de000 	C:\Windows\System32\ADVAPI32.dll
0x00007ff816c90000 - 0x00007ff816d2c000 	C:\Windows\System32\sechost.dll
0x00007ff816d90000 - 0x00007ff816eb5000 	C:\Windows\System32\RPCRT4.dll
0x00007ff80ffc0000 - 0x00007ff80ffca000 	C:\Windows\SYSTEM32\VERSION.dll
0x00007ff8007b0000 - 0x00007ff8007b9000 	C:\Windows\SYSTEM32\WSOCK32.dll
0x00007ff8071c0000 - 0x00007ff8071e7000 	C:\Windows\SYSTEM32\WINMM.dll
0x00007ff816c00000 - 0x00007ff816c6b000 	C:\Windows\System32\WS2_32.dll
0x00007ff8138a0000 - 0x00007ff8138b2000 	C:\Windows\SYSTEM32\kernel.appcore.dll
0x00007ff8127a0000 - 0x00007ff8127aa000 	c:\Users\kirus\.vscode\extensions\redhat.java-1.15.0-win32-x64\jre\17.0.6-win32-x86_64\bin\jimage.dll
0x00007ff80f560000 - 0x00007ff80f744000 	C:\Windows\SYSTEM32\DBGHELP.DLL
0x00007ff80f500000 - 0x00007ff80f535000 	C:\Windows\SYSTEM32\dbgcore.DLL
0x00007ff815fc0000 - 0x00007ff816042000 	C:\Windows\System32\bcryptPrimitives.dll
0x00007ff8122e0000 - 0x00007ff8122ee000 	c:\Users\kirus\.vscode\extensions\redhat.java-1.15.0-win32-x64\jre\17.0.6-win32-x86_64\bin\instrument.dll
0x00007ff811140000 - 0x00007ff811165000 	c:\Users\kirus\.vscode\extensions\redhat.java-1.15.0-win32-x64\jre\17.0.6-win32-x86_64\bin\java.dll
0x00007ff811620000 - 0x00007ff811638000 	c:\Users\kirus\.vscode\extensions\redhat.java-1.15.0-win32-x64\jre\17.0.6-win32-x86_64\bin\zip.dll
0x00007ff817a50000 - 0x00007ff818195000 	C:\Windows\System32\SHELL32.dll
0x00007ff813aa0000 - 0x00007ff814232000 	C:\Windows\SYSTEM32\windows.storage.dll
0x00007ff816ec0000 - 0x00007ff817215000 	C:\Windows\System32\combase.dll
0x00007ff8152a0000 - 0x00007ff8152d0000 	C:\Windows\SYSTEM32\Wldp.dll
0x00007ff8179a0000 - 0x00007ff817a4d000 	C:\Windows\System32\SHCORE.dll
0x00007ff8172d0000 - 0x00007ff817325000 	C:\Windows\System32\shlwapi.dll
0x00007ff815940000 - 0x00007ff81595f000 	C:\Windows\SYSTEM32\profapi.dll
0x00007ff811560000 - 0x00007ff811579000 	C:\Users\kirus\.vscode\extensions\redhat.java-1.15.0-win32-x64\jre\17.0.6-win32-x86_64\bin\net.dll
0x00007ff8116b0000 - 0x00007ff8117bc000 	C:\Windows\SYSTEM32\WINHTTP.dll
0x00007ff815080000 - 0x00007ff8150ea000 	C:\Windows\system32\mswsock.dll
0x00007ff810b30000 - 0x00007ff810b45000 	C:\Users\kirus\.vscode\extensions\redhat.java-1.15.0-win32-x64\jre\17.0.6-win32-x86_64\bin\nio.dll
0x00007ff812290000 - 0x00007ff8122a0000 	c:\Users\kirus\.vscode\extensions\redhat.java-1.15.0-win32-x64\jre\17.0.6-win32-x86_64\bin\verify.dll

dbghelp: loaded successfully - version: 4.0.5 - missing functions: none
symbol engine: initialized successfully - sym options: 0x614 - pdb path: .;c:\Users\kirus\.vscode\extensions\redhat.java-1.15.0-win32-x64\jre\17.0.6-win32-x86_64\bin;C:\Windows\SYSTEM32;C:\Windows\WinSxS\amd64_microsoft.windows.common-controls_6595b64144ccf1df_6.0.19041.1110_none_60b5254171f9507e;c:\Users\kirus\.vscode\extensions\redhat.java-1.15.0-win32-x64\jre\17.0.6-win32-x86_64\bin\server

VM Arguments:
jvm_args: --add-modules=ALL-SYSTEM --add-opens=java.base/java.util=ALL-UNNAMED --add-opens=java.base/java.lang=ALL-UNNAMED --add-opens=java.base/sun.nio.fs=ALL-UNNAMED -Declipse.application=org.eclipse.jdt.ls.core.id1 -Dosgi.bundles.defaultStartLevel=4 -Declipse.product=org.eclipse.jdt.ls.core.product -Djava.import.generatesMetadataFilesAtProjectRoot=false -Dfile.encoding=utf8 -XX:+UseParallelGC -XX:GCTimeRatio=4 -XX:AdaptiveSizePolicyWeight=90 -Dsun.zip.disableMemoryMapping=true -Xmx4G -Xms100m -Xlog:disable -javaagent:c:\Users\kirus\.vscode\extensions\redhat.java-1.15.0-win32-x64\lombok\lombok-1.18.24.jar -Xmx512M 
java_command: c:\Users\kirus\.vscode\extensions\redhat.java-1.15.0-win32-x64\server\plugins\org.eclipse.equinox.launcher_1.6.400.v20210924-0641.jar -configuration c:\Users\kirus\AppData\Roaming\Code\User\globalStorage\redhat.java\1.15.0\config_ss_win -data c:\Users\kirus\AppData\Roaming\Code\User\workspaceStorage\22f2343e581199575215308d8e975055\redhat.java\ss_ws
java_class_path (initial): c:\Users\kirus\.vscode\extensions\redhat.java-1.15.0-win32-x64\server\plugins\org.eclipse.equinox.launcher_1.6.400.v20210924-0641.jar
Launcher Type: SUN_STANDARD

[Global flags]
    uintx AdaptiveSizePolicyWeight                 = 90                                        {product} {command line}
     intx CICompilerCount                          = 4                                         {product} {ergonomic}
    uintx GCTimeRatio                              = 4                                         {product} {command line}
   size_t InitialHeapSize                          = 104857600                                 {product} {command line}
   size_t MaxHeapSize                              = 536870912                                 {product} {command line}
   size_t MaxNewSize                               = 178782208                                 {product} {ergonomic}
   size_t MinHeapDeltaBytes                        = 524288                                    {product} {ergonomic}
   size_t MinHeapSize                              = 104857600                                 {product} {command line}
   size_t NewSize                                  = 34603008                                  {product} {ergonomic}
    uintx NonNMethodCodeHeapSize                   = 5839372                                {pd product} {ergonomic}
    uintx NonProfiledCodeHeapSize                  = 122909434                              {pd product} {ergonomic}
   size_t OldSize                                  = 70254592                                  {product} {ergonomic}
    uintx ProfiledCodeHeapSize                     = 122909434                              {pd product} {ergonomic}
    uintx ReservedCodeCacheSize                    = 251658240                              {pd product} {ergonomic}
     bool SegmentedCodeCache                       = true                                      {product} {ergonomic}
   size_t SoftMaxHeapSize                          = 536870912                              {manageable} {ergonomic}
     bool UseCompressedClassPointers               = true                           {product lp64_product} {ergonomic}
     bool UseCompressedOops                        = true                           {product lp64_product} {ergonomic}
     bool UseLargePagesIndividualAllocation        = false                                  {pd product} {ergonomic}
     bool UseParallelGC                            = true                                      {product} {command line}

Logging:
Log output configuration:
 #0: stdout all=off uptime,level,tags
 #1: stderr all=off uptime,level,tags

Environment Variables:
JAVA_HOME=C:\Program Files\Eclipse Adoptium\jdk-17.0.6.10-hotspot\
_JAVA_OPTIONS=-Xmx512M
PATH=C:\Program Files\Eclipse Adoptium\jdk-17.0.6.10-hotspot\bin;C:\Program Files (x86)\Common Files\Oracle\Java\javapath;c:\program files (x86)\common files\intel\shared libraries\redist\intel64\compiler;c:\programdata\oracle\java\javapath;c:\windows\system32;c:\windows;c:\windows\system32\wbem;c:\windows\system32\windowspowershell\v1.0\;c:\windows\system32\openssh\;c:\program files (x86)\ati technologies\ati.ace\core-static;c:\program files (x86)\amd\ati.ace\core-static;c:\program files\nvidia corporation\nvidia nvdlisr;C:\Program Files (x86)\NVIDIA Corporation\PhysX\Common;C:\Program Files\Microsoft SQL Server\150\Tools\Binn\;C:\Program Files\Microsoft SQL Server\Client SDK\ODBC\170\Tools\Binn\;C:\Program Files\Azure Data Studio\bin;C:\Program Files (x86)\Microsoft SQL Server\150\DTS\Binn\;C:\Program Files\Git\cmd;C:\Program Files\dotnet\;C:\Program Files\Docker\Docker\resources\bin;C:\Users\kirus\AppData\Local\Microsoft\WindowsApps;C:\Program Files\Azure Data Studio\bin;C:\Users\kirus\AppData\Local\Programs\Microsoft VS Code\bin;C:\Users\kirus\.dotnet\tools
USERNAME=kirus
OS=Windows_NT
PROCESSOR_IDENTIFIER=Intel64 Family 6 Model 165 Stepping 5, GenuineIntel
TMP=C:\Users\kirus\AppData\Local\Temp
TEMP=C:\Users\kirus\AppData\Local\Temp



---------------  S Y S T E M  ---------------

OS:
 Windows 10 , 64 bit Build 19041 (10.0.19041.2546)
OS uptime: 1 days 1:56 hours
Hyper-V role detected

CPU: total 12 (initial active 12) (6 cores per cpu, 2 threads per core) family 6 model 165 stepping 5 microcode 0xca, cx8, cmov, fxsr, ht, mmx, 3dnowpref, sse, sse2, sse3, ssse3, sse4.1, sse4.2, popcnt, lzcnt, tsc, tscinvbit, avx, avx2, aes, erms, clmul, bmi1, bmi2, adx, fma, vzeroupper, clflush, clflushopt, hv

Memory: 4k page, system-wide physical 16292M (4067M free)
TotalPageFile size 18340M (AvailPageFile size 488M)
current process WorkingSet (physical memory assigned to process): 52M, peak: 52M
current process commit charge ("private bytes"): 183M, peak: 183M

vm_info: OpenJDK 64-Bit Server VM (17.0.6+10) for windows-amd64 JRE (17.0.6+10), built on Jan 18 2023 10:08:59 by "temurin" with MS VC++ 16.7 (VS2019)

END.
