#
# There is insufficient memory for the Java Runtime Environment to continue.
# Native memory allocation (malloc) failed to allocate 2639136 bytes for Chunk::new
# Possible reasons:
#   The system is out of physical RAM or swap space
#   The process is running with CompressedOops enabled, and the Java Heap may be blocking the growth of the native heap
# Possible solutions:
#   Reduce memory load on the system
#   Increase physical memory or swap space
#   Check if swap backing store is full
#   Decrease Java heap size (-Xmx/-Xms)
#   Decrease number of Java threads
#   Decrease Java thread stack sizes (-Xss)
#   Set larger code cache with -XX:ReservedCodeCacheSize=
#   JVM is running with Unscaled Compressed Oops mode in which the Java heap is
#     placed in the first 4GB address space. The Java Heap base address is the
#     maximum limit for the native heap growth. Please use -XX:HeapBaseMinAddress
#     to set the Java Heap base and to place the Java Heap above 4GB virtual address.
# This output file may be truncated or incomplete.
#
#  Out of Memory Error (arena.cpp:189), pid=12948, tid=4216
#
# JRE version: OpenJDK Runtime Environment Temurin-17.0.6+10 (17.0.6+10) (build 17.0.6+10)
# Java VM: OpenJDK 64-Bit Server VM Temurin-17.0.6+10 (17.0.6+10, mixed mode, tiered, compressed oops, compressed class ptrs, parallel gc, windows-amd64)
# No core dump will be written. Minidumps are not enabled by default on client versions of Windows
#

---------------  S U M M A R Y ------------

Command Line: --add-modules=ALL-SYSTEM --add-opens=java.base/java.util=ALL-UNNAMED --add-opens=java.base/java.lang=ALL-UNNAMED --add-opens=java.base/sun.nio.fs=ALL-UNNAMED -Declipse.application=org.eclipse.jdt.ls.core.id1 -Dosgi.bundles.defaultStartLevel=4 -Declipse.product=org.eclipse.jdt.ls.core.product -Djava.import.generatesMetadataFilesAtProjectRoot=false -Dfile.encoding=utf8 -XX:+UseParallelGC -XX:GCTimeRatio=4 -XX:AdaptiveSizePolicyWeight=90 -Dsun.zip.disableMemoryMapping=true -Xmx4G -Xms100m -Xlog:disable -javaagent:c:\Users\kirus\.vscode\extensions\redhat.java-1.15.0-win32-x64\lombok\lombok-1.18.24.jar -Xmx512M c:\Users\kirus\.vscode\extensions\redhat.java-1.15.0-win32-x64\server\plugins\org.eclipse.equinox.launcher_1.6.400.v20210924-0641.jar -configuration c:\Users\kirus\AppData\Roaming\Code\User\globalStorage\redhat.java\1.15.0\config_ss_win -data c:\Users\kirus\AppData\Roaming\Code\User\workspaceStorage\22f2343e581199575215308d8e975055\redhat.java\ss_ws

Host: Intel(R) Core(TM) i5-10600KF CPU @ 4.10GHz, 12 cores, 15G,  Windows 10 , 64 bit Build 19041 (10.0.19041.2546)
Time: Sat Feb 25 23:10:40 2023 RTZ 2 (s 10 , 64 bit Build 19041 (10.0.19041.2546) elapsed time: 1.873313 seconds (0d 0h 0m 1s)

---------------  T H R E A D  ---------------

Current thread (0x000001782b6c62d0):  JavaThread "C2 CompilerThread1" daemon [_thread_in_native, id=4216, stack(0x000000664c500000,0x000000664c600000)]


Current CompileTask:
C2:   1873 2298       4       org.objectweb.asm.ClassReader::readMethod (1066 bytes)

Stack: [0x000000664c500000,0x000000664c600000]
Native frames: (J=compiled Java code, j=interpreted, Vv=VM code, C=native code)
V  [jvm.dll+0x67741a]
V  [jvm.dll+0x834434]
V  [jvm.dll+0x835bde]
V  [jvm.dll+0x836243]
V  [jvm.dll+0x2457b5]
V  [jvm.dll+0xabafc]
V  [jvm.dll+0xac0cc]
V  [jvm.dll+0x3634e7]
V  [jvm.dll+0x1bbd68]
V  [jvm.dll+0x218749]
V  [jvm.dll+0x217a11]
V  [jvm.dll+0x1a3d0d]
V  [jvm.dll+0x22742a]
V  [jvm.dll+0x225565]
V  [jvm.dll+0x7ea2cb]
V  [jvm.dll+0x7e483a]
V  [jvm.dll+0x6762c5]
C  [ucrtbase.dll+0x21bb2]
C  [KERNEL32.DLL+0x17614]
C  [ntdll.dll+0x526a1]


---------------  P R O C E S S  ---------------

Threads class SMR info:
_java_thread_list=0x000001782d6c80a0, length=22, elements={
0x0000017815a52330, 0x00000178158c2740, 0x00000178158c3eb0, 0x000001782a05f990,
0x000001782a060eb0, 0x000001782a07f010, 0x000001782a084580, 0x000001782a085910,
0x000001782a0980c0, 0x000001782a0ab730, 0x000001782a1ae020, 0x000001782a375080,
0x000001782b6c62d0, 0x000001782bb67c90, 0x000001782bb68160, 0x000001782bb677c0,
0x000001782bb672f0, 0x000001782bb68630, 0x000001782c9c70a0, 0x000001782c9c6230,
0x000001782c9c2d40, 0x000001782c9c1530
}

Java Threads: ( => current thread )
  0x0000017815a52330 JavaThread "main" [_thread_blocked, id=20188, stack(0x000000664b600000,0x000000664b700000)]
  0x00000178158c2740 JavaThread "Reference Handler" daemon [_thread_blocked, id=22356, stack(0x000000664b900000,0x000000664ba00000)]
  0x00000178158c3eb0 JavaThread "Finalizer" daemon [_thread_blocked, id=19284, stack(0x000000664ba00000,0x000000664bb00000)]
  0x000001782a05f990 JavaThread "Signal Dispatcher" daemon [_thread_blocked, id=6084, stack(0x000000664bb00000,0x000000664bc00000)]
  0x000001782a060eb0 JavaThread "Attach Listener" daemon [_thread_blocked, id=22960, stack(0x000000664bc00000,0x000000664bd00000)]
  0x000001782a07f010 JavaThread "Service Thread" daemon [_thread_blocked, id=15352, stack(0x000000664bd00000,0x000000664be00000)]
  0x000001782a084580 JavaThread "Monitor Deflation Thread" daemon [_thread_blocked, id=12988, stack(0x000000664be00000,0x000000664bf00000)]
  0x000001782a085910 JavaThread "C2 CompilerThread0" daemon [_thread_blocked, id=17148, stack(0x000000664bf00000,0x000000664c000000)]
  0x000001782a0980c0 JavaThread "C1 CompilerThread0" daemon [_thread_blocked, id=16432, stack(0x000000664c000000,0x000000664c100000)]
  0x000001782a0ab730 JavaThread "Sweeper thread" daemon [_thread_blocked, id=22052, stack(0x000000664c100000,0x000000664c200000)]
  0x000001782a1ae020 JavaThread "Common-Cleaner" daemon [_thread_blocked, id=22604, stack(0x000000664c200000,0x000000664c300000)]
  0x000001782a375080 JavaThread "Notification Thread" daemon [_thread_blocked, id=10940, stack(0x000000664c300000,0x000000664c400000)]
=>0x000001782b6c62d0 JavaThread "C2 CompilerThread1" daemon [_thread_in_native, id=4216, stack(0x000000664c500000,0x000000664c600000)]
  0x000001782bb67c90 JavaThread "Active Thread: Equinox Container: 8b8c91d9-e9ab-4d65-9249-f1c5ea001f7d" [_thread_blocked, id=18296, stack(0x000000664cd00000,0x000000664ce00000)]
  0x000001782bb68160 JavaThread "Framework Event Dispatcher: Equinox Container: 8b8c91d9-e9ab-4d65-9249-f1c5ea001f7d" daemon [_thread_blocked, id=2136, stack(0x000000664ce00000,0x000000664cf00000)]
  0x000001782bb677c0 JavaThread "Start Level: Equinox Container: 8b8c91d9-e9ab-4d65-9249-f1c5ea001f7d" daemon [_thread_blocked, id=4312, stack(0x000000664cf00000,0x000000664d000000)]
  0x000001782bb672f0 JavaThread "SCR Component Actor" daemon [_thread_blocked, id=18952, stack(0x000000664d000000,0x000000664d100000)]
  0x000001782bb68630 JavaThread "SCR Component Registry" daemon [_thread_blocked, id=11768, stack(0x000000664d200000,0x000000664d300000)]
  0x000001782c9c70a0 JavaThread "Worker-JM" [_thread_blocked, id=16980, stack(0x000000664c600000,0x000000664c700000)]
  0x000001782c9c6230 JavaThread "Worker-0" [_thread_blocked, id=19492, stack(0x000000664d500000,0x000000664d600000)]
  0x000001782c9c2d40 JavaThread "Worker-1" [_thread_blocked, id=18624, stack(0x000000664d600000,0x000000664d700000)]
  0x000001782c9c1530 JavaThread "Java indexing" daemon [_thread_blocked, id=5404, stack(0x000000664d700000,0x000000664d800000)]

Other Threads:
  0x0000017815797c20 VMThread "VM Thread" [stack: 0x000000664b800000,0x000000664b900000] [id=9032]
  0x000001782a3ee5f0 WatcherThread [stack: 0x000000664c400000,0x000000664c500000] [id=17000]
  0x0000017815a675a0 GCTaskThread "GC Thread#0" [stack: 0x000000664b700000,0x000000664b800000] [id=14324]
  0x000001782bde4ed0 GCTaskThread "GC Thread#1" [stack: 0x000000664c700000,0x000000664c800000] [id=13508]
  0x000001782c819290 GCTaskThread "GC Thread#2" [stack: 0x000000664c800000,0x000000664c900000] [id=15568]
  0x000001782bdec3d0 GCTaskThread "GC Thread#3" [stack: 0x000000664c900000,0x000000664ca00000] [id=2052]
  0x000001782bdec680 GCTaskThread "GC Thread#4" [stack: 0x000000664ca00000,0x000000664cb00000] [id=17568]
  0x000001782bdec930 GCTaskThread "GC Thread#5" [stack: 0x000000664cb00000,0x000000664cc00000] [id=15376]
  0x000001782bdecbe0 GCTaskThread "GC Thread#6" [stack: 0x000000664cc00000,0x000000664cd00000] [id=13872]
  0x000001782ca7d420 GCTaskThread "GC Thread#7" [stack: 0x000000664d100000,0x000000664d200000] [id=9960]
  0x000001782ca010c0 GCTaskThread "GC Thread#8" [stack: 0x000000664d300000,0x000000664d400000] [id=21700]
  0x000001782cb81de0 GCTaskThread "GC Thread#9" [stack: 0x000000664d400000,0x000000664d500000] [id=7080]

Threads with active compile tasks:
C2 CompilerThread1     1885 2298       4       org.objectweb.asm.ClassReader::readMethod (1066 bytes)

VM state: not at safepoint (normal execution)

VM Mutex/Monitor currently owned by a thread: None

Heap address: 0x00000000e0000000, size: 512 MB, Compressed Oops mode: 32-bit

CDS archive(s) not mapped
Compressed class space mapped at: 0x0000000100000000-0x0000000140000000, reserved size: 1073741824
Narrow klass base: 0x0000000000000000, Narrow klass shift: 3, Narrow klass range: 0x140000000

GC Precious Log:
 CPUs: 12 total, 12 available
 Memory: 16292M
 Large Page Support: Disabled
 NUMA Support: Disabled
 Compressed Oops: Enabled (32-bit)
 Alignments: Space 512K, Generation 512K, Heap 2M
 Heap Min Capacity: 100M
 Heap Initial Capacity: 100M
 Heap Max Capacity: 512M
 Pre-touch: Disabled
 Parallel Workers: 10

Heap:
 PSYoungGen      total 26112K, used 2077K [0x00000000f5580000, 0x00000000f7200000, 0x0000000100000000)
  eden space 24576K, 2% used [0x00000000f5580000,0x00000000f5615498,0x00000000f6d80000)
  from space 1536K, 96% used [0x00000000f7080000,0x00000000f71f22d0,0x00000000f7200000)
  to   space 2048K, 0% used [0x00000000f6e00000,0x00000000f6e00000,0x00000000f7000000)
 ParOldGen       total 68608K, used 6909K [0x00000000e0000000, 0x00000000e4300000, 0x00000000f5580000)
  object space 68608K, 10% used [0x00000000e0000000,0x00000000e06bf780,0x00000000e4300000)
 Metaspace       used 27523K, committed 28032K, reserved 1081344K
  class space    used 2646K, committed 2816K, reserved 1048576K

Card table byte_map: [0x0000017815400000,0x0000017815510000] _byte_map_base: 0x0000017814d00000

Marking Bits: (ParMarkBitMap*) 0x00007fffcd213e70
 Begin Bits: [0x00000178276e0000, 0x0000017827ee0000)
 End Bits:   [0x0000017827ee0000, 0x00000178286e0000)

Polling page: 0x0000017813a40000

Metaspace:

Usage:
  Non-class:     24.29 MB used.
      Class:      2.58 MB used.
       Both:     26.88 MB used.

Virtual space:
  Non-class space:       32.00 MB reserved,      24.62 MB ( 77%) committed,  4 nodes.
      Class space:        1.00 GB reserved,       2.75 MB ( <1%) committed,  1 nodes.
             Both:        1.03 GB reserved,      27.38 MB (  3%) committed. 

Chunk freelists:
   Non-Class:  3.37 MB
       Class:  1.07 MB
        Both:  4.44 MB

MaxMetaspaceSize: unlimited
CompressedClassSpaceSize: 1.00 GB
Initial GC threshold: 21.00 MB
Current GC threshold: 35.00 MB
CDS: off
MetaspaceReclaimPolicy: balanced
 - commit_granule_bytes: 65536.
 - commit_granule_words: 8192.
 - virtual_space_node_default_size: 1048576.
 - enlarge_chunks_in_place: 1.
 - new_chunks_are_fully_committed: 0.
 - uncommit_free_chunks: 1.
 - use_allocation_guard: 0.
 - handle_deallocations: 1.


Internal statistics:

num_allocs_failed_limit: 3.
num_arena_births: 216.
num_arena_deaths: 14.
num_vsnodes_births: 5.
num_vsnodes_deaths: 0.
num_space_committed: 438.
num_space_uncommitted: 0.
num_chunks_returned_to_freelist: 17.
num_chunks_taken_from_freelist: 928.
num_chunk_merges: 4.
num_chunk_splits: 624.
num_chunks_enlarged: 449.
num_purges: 2.
num_inconsistent_stats: 0.

CodeHeap 'non-profiled nmethods': size=120000Kb used=954Kb max_used=954Kb free=119045Kb
 bounds [0x00000178201b0000, 0x0000017820420000, 0x00000178276e0000]
CodeHeap 'profiled nmethods': size=120000Kb used=4864Kb max_used=4864Kb free=115135Kb
 bounds [0x00000178186e0000, 0x0000017818bb0000, 0x000001781fc10000]
CodeHeap 'non-nmethods': size=5760Kb used=1234Kb max_used=1256Kb free=4525Kb
 bounds [0x000001781fc10000, 0x000001781fe80000, 0x00000178201b0000]
 total_blobs=2955 nmethods=2411 adapters=458
 compilation: enabled
              stopped_count=0, restarted_count=0
 full_count=0

Compilation events (20 events):
Event: 1.624 Thread 0x000001782a0980c0 nmethod 2405 0x0000017818b9cb10 code [0x0000017818b9ccc0, 0x0000017818b9ce08]
Event: 1.626 Thread 0x000001782a0980c0 2406       3       java.util.TreeMap::leftOf (13 bytes)
Event: 1.626 Thread 0x000001782a0980c0 nmethod 2406 0x0000017818b9ce90 code [0x0000017818b9d020, 0x0000017818b9d198]
Event: 1.626 Thread 0x000001782a0980c0 2407       3       java.lang.Character::toUpperCase (6 bytes)
Event: 1.626 Thread 0x000001782a0980c0 nmethod 2407 0x0000017818b9d290 code [0x0000017818b9d440, 0x0000017818b9d698]
Event: 1.626 Thread 0x000001782a0980c0 2408       3       java.lang.Character::toUpperCase (9 bytes)
Event: 1.626 Thread 0x000001782a0980c0 nmethod 2408 0x0000017818b9d790 code [0x0000017818b9d940, 0x0000017818b9db38]
Event: 1.626 Thread 0x000001782a0980c0 2409       3       java.lang.ProcessEnvironment$NameComparator::compare (13 bytes)
Event: 1.626 Thread 0x000001782a0980c0 nmethod 2409 0x0000017818b9dc10 code [0x0000017818b9ddc0, 0x0000017818b9e0c8]
Event: 1.626 Thread 0x000001782a0980c0 2410       3       java.lang.ProcessEnvironment$NameComparator::compare (90 bytes)
Event: 1.627 Thread 0x000001782a0980c0 nmethod 2410 0x0000017818b9e190 code [0x0000017818b9e4a0, 0x0000017818b9f6b8]
Event: 1.627 Thread 0x000001782a0980c0 2411       1       org.eclipse.core.internal.jobs.InternalJob::previous (5 bytes)
Event: 1.627 Thread 0x000001782a0980c0 nmethod 2411 0x000001782029b510 code [0x000001782029b6a0, 0x000001782029b778]
Event: 1.631 Thread 0x000001782a085910 nmethod 2378 0x000001782029b810 code [0x000001782029ba60, 0x000001782029cfc0]
Event: 1.631 Thread 0x000001782a085910 2370       4       java.lang.String::<init> (14 bytes)
Event: 1.633 Thread 0x000001782a085910 nmethod 2370 0x000001782029de10 code [0x000001782029dfa0, 0x000001782029e358]
Event: 1.733 Thread 0x000001782a0980c0 2412       1       java.util.concurrent.atomic.AtomicReference::set (6 bytes)
Event: 1.733 Thread 0x000001782a0980c0 nmethod 2412 0x000001782029e590 code [0x000001782029e720, 0x000001782029e7f8]
Event: 1.749 Thread 0x000001782a0980c0 2413       3       jdk.internal.reflect.ClassFileAssembler::setStack (25 bytes)
Event: 1.749 Thread 0x000001782a0980c0 nmethod 2413 0x0000017818b9ff90 code [0x0000017818ba0120, 0x0000017818ba0278]

GC Heap History (14 events):
Event: 0.563 GC heap before
{Heap before GC invocations=1 (full 0):
 PSYoungGen      total 29696K, used 25600K [0x00000000f5580000, 0x00000000f7680000, 0x0000000100000000)
  eden space 25600K, 100% used [0x00000000f5580000,0x00000000f6e80000,0x00000000f6e80000)
  from space 4096K, 0% used [0x00000000f7280000,0x00000000f7280000,0x00000000f7680000)
  to   space 4096K, 0% used [0x00000000f6e80000,0x00000000f6e80000,0x00000000f7280000)
 ParOldGen       total 68608K, used 0K [0x00000000e0000000, 0x00000000e4300000, 0x00000000f5580000)
  object space 68608K, 0% used [0x00000000e0000000,0x00000000e0000000,0x00000000e4300000)
 Metaspace       used 11142K, committed 11328K, reserved 1064960K
  class space    used 1109K, committed 1216K, reserved 1048576K
}
Event: 0.571 GC heap after
{Heap after GC invocations=1 (full 0):
 PSYoungGen      total 29696K, used 3240K [0x00000000f5580000, 0x00000000f7680000, 0x0000000100000000)
  eden space 25600K, 0% used [0x00000000f5580000,0x00000000f5580000,0x00000000f6e80000)
  from space 4096K, 79% used [0x00000000f6e80000,0x00000000f71aa208,0x00000000f7280000)
  to   space 4096K, 0% used [0x00000000f7280000,0x00000000f7280000,0x00000000f7680000)
 ParOldGen       total 68608K, used 16K [0x00000000e0000000, 0x00000000e4300000, 0x00000000f5580000)
  object space 68608K, 0% used [0x00000000e0000000,0x00000000e0004000,0x00000000e4300000)
 Metaspace       used 11142K, committed 11328K, reserved 1064960K
  class space    used 1109K, committed 1216K, reserved 1048576K
}
Event: 0.892 GC heap before
{Heap before GC invocations=2 (full 0):
 PSYoungGen      total 29696K, used 28840K [0x00000000f5580000, 0x00000000f7680000, 0x0000000100000000)
  eden space 25600K, 100% used [0x00000000f5580000,0x00000000f6e80000,0x00000000f6e80000)
  from space 4096K, 79% used [0x00000000f6e80000,0x00000000f71aa208,0x00000000f7280000)
  to   space 4096K, 0% used [0x00000000f7280000,0x00000000f7280000,0x00000000f7680000)
 ParOldGen       total 68608K, used 16K [0x00000000e0000000, 0x00000000e4300000, 0x00000000f5580000)
  object space 68608K, 0% used [0x00000000e0000000,0x00000000e0004000,0x00000000e4300000)
 Metaspace       used 15406K, committed 15744K, reserved 1064960K
  class space    used 1568K, committed 1728K, reserved 1048576K
}
Event: 0.895 GC heap after
{Heap after GC invocations=2 (full 0):
 PSYoungGen      total 29696K, used 4077K [0x00000000f5580000, 0x00000000f7680000, 0x0000000100000000)
  eden space 25600K, 0% used [0x00000000f5580000,0x00000000f5580000,0x00000000f6e80000)
  from space 4096K, 99% used [0x00000000f7280000,0x00000000f767b708,0x00000000f7680000)
  to   space 4096K, 0% used [0x00000000f6e80000,0x00000000f6e80000,0x00000000f7280000)
 ParOldGen       total 68608K, used 812K [0x00000000e0000000, 0x00000000e4300000, 0x00000000f5580000)
  object space 68608K, 1% used [0x00000000e0000000,0x00000000e00cb370,0x00000000e4300000)
 Metaspace       used 15406K, committed 15744K, reserved 1064960K
  class space    used 1568K, committed 1728K, reserved 1048576K
}
Event: 1.187 GC heap before
{Heap before GC invocations=3 (full 0):
 PSYoungGen      total 29696K, used 29677K [0x00000000f5580000, 0x00000000f7680000, 0x0000000100000000)
  eden space 25600K, 100% used [0x00000000f5580000,0x00000000f6e80000,0x00000000f6e80000)
  from space 4096K, 99% used [0x00000000f7280000,0x00000000f767b708,0x00000000f7680000)
  to   space 4096K, 0% used [0x00000000f6e80000,0x00000000f6e80000,0x00000000f7280000)
 ParOldGen       total 68608K, used 812K [0x00000000e0000000, 0x00000000e4300000, 0x00000000f5580000)
  object space 68608K, 1% used [0x00000000e0000000,0x00000000e00cb370,0x00000000e4300000)
 Metaspace       used 20468K, committed 20864K, reserved 1073152K
  class space    used 2077K, committed 2240K, reserved 1048576K
}
Event: 1.190 GC heap after
{Heap after GC invocations=3 (full 0):
 PSYoungGen      total 29696K, used 4084K [0x00000000f5580000, 0x00000000f7680000, 0x0000000100000000)
  eden space 25600K, 0% used [0x00000000f5580000,0x00000000f5580000,0x00000000f6e80000)
  from space 4096K, 99% used [0x00000000f6e80000,0x00000000f727d3a0,0x00000000f7280000)
  to   space 4096K, 0% used [0x00000000f7280000,0x00000000f7280000,0x00000000f7680000)
 ParOldGen       total 68608K, used 2809K [0x00000000e0000000, 0x00000000e4300000, 0x00000000f5580000)
  object space 68608K, 4% used [0x00000000e0000000,0x00000000e02be7b0,0x00000000e4300000)
 Metaspace       used 20468K, committed 20864K, reserved 1073152K
  class space    used 2077K, committed 2240K, reserved 1048576K
}
Event: 1.244 GC heap before
{Heap before GC invocations=4 (full 0):
 PSYoungGen      total 29696K, used 8400K [0x00000000f5580000, 0x00000000f7680000, 0x0000000100000000)
  eden space 25600K, 16% used [0x00000000f5580000,0x00000000f59b6fb8,0x00000000f6e80000)
  from space 4096K, 99% used [0x00000000f6e80000,0x00000000f727d3a0,0x00000000f7280000)
  to   space 4096K, 0% used [0x00000000f7280000,0x00000000f7280000,0x00000000f7680000)
 ParOldGen       total 68608K, used 2809K [0x00000000e0000000, 0x00000000e4300000, 0x00000000f5580000)
  object space 68608K, 4% used [0x00000000e0000000,0x00000000e02be7b0,0x00000000e4300000)
 Metaspace       used 21123K, committed 21504K, reserved 1073152K
  class space    used 2150K, committed 2304K, reserved 1048576K
}
Event: 1.246 GC heap after
{Heap after GC invocations=4 (full 0):
 PSYoungGen      total 29696K, used 4084K [0x00000000f5580000, 0x00000000f7680000, 0x0000000100000000)
  eden space 25600K, 0% used [0x00000000f5580000,0x00000000f5580000,0x00000000f6e80000)
  from space 4096K, 99% used [0x00000000f7280000,0x00000000f767d3c0,0x00000000f7680000)
  to   space 4096K, 0% used [0x00000000f6e80000,0x00000000f6e80000,0x00000000f7280000)
 ParOldGen       total 68608K, used 2961K [0x00000000e0000000, 0x00000000e4300000, 0x00000000f5580000)
  object space 68608K, 4% used [0x00000000e0000000,0x00000000e02e47b0,0x00000000e4300000)
 Metaspace       used 21123K, committed 21504K, reserved 1073152K
  class space    used 2150K, committed 2304K, reserved 1048576K
}
Event: 1.246 GC heap before
{Heap before GC invocations=5 (full 1):
 PSYoungGen      total 29696K, used 4084K [0x00000000f5580000, 0x00000000f7680000, 0x0000000100000000)
  eden space 25600K, 0% used [0x00000000f5580000,0x00000000f5580000,0x00000000f6e80000)
  from space 4096K, 99% used [0x00000000f7280000,0x00000000f767d3c0,0x00000000f7680000)
  to   space 4096K, 0% used [0x00000000f6e80000,0x00000000f6e80000,0x00000000f7280000)
 ParOldGen       total 68608K, used 2961K [0x00000000e0000000, 0x00000000e4300000, 0x00000000f5580000)
  object space 68608K, 4% used [0x00000000e0000000,0x00000000e02e47b0,0x00000000e4300000)
 Metaspace       used 21123K, committed 21504K, reserved 1073152K
  class space    used 2150K, committed 2304K, reserved 1048576K
}
Event: 1.259 GC heap after
{Heap after GC invocations=5 (full 1):
 PSYoungGen      total 29696K, used 0K [0x00000000f5580000, 0x00000000f7680000, 0x0000000100000000)
  eden space 25600K, 0% used [0x00000000f5580000,0x00000000f5580000,0x00000000f6e80000)
  from space 4096K, 0% used [0x00000000f7280000,0x00000000f7280000,0x00000000f7680000)
  to   space 4096K, 0% used [0x00000000f6e80000,0x00000000f6e80000,0x00000000f7280000)
 ParOldGen       total 68608K, used 6893K [0x00000000e0000000, 0x00000000e4300000, 0x00000000f5580000)
  object space 68608K, 10% used [0x00000000e0000000,0x00000000e06bb780,0x00000000e4300000)
 Metaspace       used 21110K, committed 21504K, reserved 1073152K
  class space    used 2147K, committed 2304K, reserved 1048576K
}
Event: 1.426 GC heap before
{Heap before GC invocations=6 (full 1):
 PSYoungGen      total 29696K, used 25600K [0x00000000f5580000, 0x00000000f7680000, 0x0000000100000000)
  eden space 25600K, 100% used [0x00000000f5580000,0x00000000f6e80000,0x00000000f6e80000)
  from space 4096K, 0% used [0x00000000f7280000,0x00000000f7280000,0x00000000f7680000)
  to   space 4096K, 0% used [0x00000000f6e80000,0x00000000f6e80000,0x00000000f7280000)
 ParOldGen       total 68608K, used 6893K [0x00000000e0000000, 0x00000000e4300000, 0x00000000f5580000)
  object space 68608K, 10% used [0x00000000e0000000,0x00000000e06bb780,0x00000000e4300000)
 Metaspace       used 24566K, committed 25024K, reserved 1073152K
  class space    used 2394K, committed 2560K, reserved 1048576K
}
Event: 1.427 GC heap after
{Heap after GC invocations=6 (full 1):
 PSYoungGen      total 26112K, used 778K [0x00000000f5580000, 0x00000000f7300000, 0x0000000100000000)
  eden space 25088K, 0% used [0x00000000f5580000,0x00000000f5580000,0x00000000f6e00000)
  from space 1024K, 75% used [0x00000000f6e80000,0x00000000f6f42898,0x00000000f6f80000)
  to   space 2560K, 0% used [0x00000000f7080000,0x00000000f7080000,0x00000000f7300000)
 ParOldGen       total 68608K, used 6901K [0x00000000e0000000, 0x00000000e4300000, 0x00000000f5580000)
  object space 68608K, 10% used [0x00000000e0000000,0x00000000e06bd780,0x00000000e4300000)
 Metaspace       used 24566K, committed 25024K, reserved 1073152K
  class space    used 2394K, committed 2560K, reserved 1048576K
}
Event: 1.627 GC heap before
{Heap before GC invocations=7 (full 1):
 PSYoungGen      total 26112K, used 25866K [0x00000000f5580000, 0x00000000f7300000, 0x0000000100000000)
  eden space 25088K, 100% used [0x00000000f5580000,0x00000000f6e00000,0x00000000f6e00000)
  from space 1024K, 75% used [0x00000000f6e80000,0x00000000f6f42898,0x00000000f6f80000)
  to   space 2560K, 0% used [0x00000000f7080000,0x00000000f7080000,0x00000000f7300000)
 ParOldGen       total 68608K, used 6901K [0x00000000e0000000, 0x00000000e4300000, 0x00000000f5580000)
  object space 68608K, 10% used [0x00000000e0000000,0x00000000e06bd780,0x00000000e4300000)
 Metaspace       used 27508K, committed 27968K, reserved 1081344K
  class space    used 2645K, committed 2816K, reserved 1048576K
}
Event: 1.628 GC heap after
{Heap after GC invocations=7 (full 1):
 PSYoungGen      total 26112K, used 1480K [0x00000000f5580000, 0x00000000f7200000, 0x0000000100000000)
  eden space 24576K, 0% used [0x00000000f5580000,0x00000000f5580000,0x00000000f6d80000)
  from space 1536K, 96% used [0x00000000f7080000,0x00000000f71f22d0,0x00000000f7200000)
  to   space 2048K, 0% used [0x00000000f6e00000,0x00000000f6e00000,0x00000000f7000000)
 ParOldGen       total 68608K, used 6909K [0x00000000e0000000, 0x00000000e4300000, 0x00000000f5580000)
  object space 68608K, 10% used [0x00000000e0000000,0x00000000e06bf780,0x00000000e4300000)
 Metaspace       used 27508K, committed 27968K, reserved 1081344K
  class space    used 2645K, committed 2816K, reserved 1048576K
}

Dll operation events (9 events):
Event: 0.005 Loaded shared library c:\Users\kirus\.vscode\extensions\redhat.java-1.15.0-win32-x64\jre\17.0.6-win32-x86_64\bin\java.dll
Event: 0.110 Loaded shared library c:\Users\kirus\.vscode\extensions\redhat.java-1.15.0-win32-x64\jre\17.0.6-win32-x86_64\bin\zip.dll
Event: 0.113 Loaded shared library C:\Users\kirus\.vscode\extensions\redhat.java-1.15.0-win32-x64\jre\17.0.6-win32-x86_64\bin\instrument.dll
Event: 0.125 Loaded shared library C:\Users\kirus\.vscode\extensions\redhat.java-1.15.0-win32-x64\jre\17.0.6-win32-x86_64\bin\net.dll
Event: 0.127 Loaded shared library C:\Users\kirus\.vscode\extensions\redhat.java-1.15.0-win32-x64\jre\17.0.6-win32-x86_64\bin\nio.dll
Event: 0.132 Loaded shared library C:\Users\kirus\.vscode\extensions\redhat.java-1.15.0-win32-x64\jre\17.0.6-win32-x86_64\bin\zip.dll
Event: 0.143 Loaded shared library C:\Users\kirus\.vscode\extensions\redhat.java-1.15.0-win32-x64\jre\17.0.6-win32-x86_64\bin\jimage.dll
Event: 0.183 Loaded shared library c:\Users\kirus\.vscode\extensions\redhat.java-1.15.0-win32-x64\jre\17.0.6-win32-x86_64\bin\verify.dll
Event: 0.821 Loaded shared library C:\Users\kirus\AppData\Roaming\Code\User\globalStorage\redhat.java\1.15.0\config_ss_win\org.eclipse.equinox.launcher\org.eclipse.equinox.launcher.win32.win32.x86_64_1.2.700.v20221108-1024\eclipse_11801.dll

Deoptimization events (20 events):
Event: 1.625 Thread 0x000001782bb677c0 Uncommon trap: trap_request=0xffffffc6 fr.pc=0x0000017820236754 relative=0x00000000000009b4
Event: 1.625 Thread 0x000001782bb677c0 Uncommon trap: reason=bimorphic_or_optimized_type_check action=maybe_recompile pc=0x0000017820236754 method=java.util.HashMap.putVal(ILjava/lang/Object;Ljava/lang/Object;ZZ)Ljava/lang/Object; @ 56 c2
Event: 1.625 Thread 0x000001782bb677c0 DEOPT PACKING pc=0x0000017820236754 sp=0x000000664cffde30
Event: 1.625 Thread 0x000001782bb677c0 DEOPT UNPACKING pc=0x000001781fc666a3 sp=0x000000664cffdd30 mode 2
Event: 1.625 Thread 0x000001782bb677c0 Uncommon trap: trap_request=0xffffffc6 fr.pc=0x0000017820236754 relative=0x00000000000009b4
Event: 1.625 Thread 0x000001782bb677c0 Uncommon trap: reason=bimorphic_or_optimized_type_check action=maybe_recompile pc=0x0000017820236754 method=java.util.HashMap.putVal(ILjava/lang/Object;Ljava/lang/Object;ZZ)Ljava/lang/Object; @ 56 c2
Event: 1.625 Thread 0x000001782bb677c0 DEOPT PACKING pc=0x0000017820236754 sp=0x000000664cffde30
Event: 1.625 Thread 0x000001782bb677c0 DEOPT UNPACKING pc=0x000001781fc666a3 sp=0x000000664cffdd30 mode 2
Event: 1.625 Thread 0x000001782bb677c0 Uncommon trap: trap_request=0xffffffc6 fr.pc=0x0000017820236754 relative=0x00000000000009b4
Event: 1.625 Thread 0x000001782bb677c0 Uncommon trap: reason=bimorphic_or_optimized_type_check action=maybe_recompile pc=0x0000017820236754 method=java.util.HashMap.putVal(ILjava/lang/Object;Ljava/lang/Object;ZZ)Ljava/lang/Object; @ 56 c2
Event: 1.625 Thread 0x000001782bb677c0 DEOPT PACKING pc=0x0000017820236754 sp=0x000000664cffde30
Event: 1.625 Thread 0x000001782bb677c0 DEOPT UNPACKING pc=0x000001781fc666a3 sp=0x000000664cffdd30 mode 2
Event: 1.625 Thread 0x000001782bb677c0 Uncommon trap: trap_request=0xffffffc6 fr.pc=0x0000017820236754 relative=0x00000000000009b4
Event: 1.625 Thread 0x000001782bb677c0 Uncommon trap: reason=bimorphic_or_optimized_type_check action=maybe_recompile pc=0x0000017820236754 method=java.util.HashMap.putVal(ILjava/lang/Object;Ljava/lang/Object;ZZ)Ljava/lang/Object; @ 56 c2
Event: 1.625 Thread 0x000001782bb677c0 DEOPT PACKING pc=0x0000017820236754 sp=0x000000664cffde30
Event: 1.625 Thread 0x000001782bb677c0 DEOPT UNPACKING pc=0x000001781fc666a3 sp=0x000000664cffdd30 mode 2
Event: 1.625 Thread 0x000001782bb677c0 Uncommon trap: trap_request=0xffffffc6 fr.pc=0x0000017820234a68 relative=0x0000000000000948
Event: 1.625 Thread 0x000001782bb677c0 Uncommon trap: reason=bimorphic_or_optimized_type_check action=maybe_recompile pc=0x0000017820234a68 method=java.util.HashMap.putVal(ILjava/lang/Object;Ljava/lang/Object;ZZ)Ljava/lang/Object; @ 56 c2
Event: 1.625 Thread 0x000001782bb677c0 DEOPT PACKING pc=0x0000017820234a68 sp=0x000000664cffdda0
Event: 1.625 Thread 0x000001782bb677c0 DEOPT UNPACKING pc=0x000001781fc666a3 sp=0x000000664cffdd28 mode 2

Classes unloaded (7 events):
Event: 1.248 Thread 0x0000017815797c20 Unloading class 0x0000000100212400 'java/lang/invoke/LambdaForm$MH+0x0000000100212400'
Event: 1.248 Thread 0x0000017815797c20 Unloading class 0x0000000100212000 'java/lang/invoke/LambdaForm$MH+0x0000000100212000'
Event: 1.248 Thread 0x0000017815797c20 Unloading class 0x0000000100211c00 'java/lang/invoke/LambdaForm$MH+0x0000000100211c00'
Event: 1.248 Thread 0x0000017815797c20 Unloading class 0x0000000100211400 'java/lang/invoke/LambdaForm$MH+0x0000000100211400'
Event: 1.248 Thread 0x0000017815797c20 Unloading class 0x0000000100211000 'java/lang/invoke/LambdaForm$BMH+0x0000000100211000'
Event: 1.248 Thread 0x0000017815797c20 Unloading class 0x0000000100210c00 'java/lang/invoke/LambdaForm$DMH+0x0000000100210c00'
Event: 1.248 Thread 0x0000017815797c20 Unloading class 0x000000010020e000 'java/lang/invoke/LambdaForm$DMH+0x000000010020e000'

Classes redefined (0 events):
No events

Internal exceptions (20 events):
Event: 1.094 Thread 0x000001782bb677c0 Exception <a 'java/lang/NoSuchMethodError'{0x00000000f6895f48}: 'java.lang.Object java.lang.invoke.DelegatingMethodHandle$Holder.reinvoke_L(java.lang.Object, java.lang.Object, java.lang.Object, java.lang.Object, int, int)'> (0x00000000f6895f48) 
thrown [s\src\hotspot\share\interpreter\linkResolver.cpp, line 759]
Event: 1.095 Thread 0x000001782bb677c0 Exception <a 'java/lang/NoSuchMethodError'{0x00000000f68add08}: 'java.lang.Object java.lang.invoke.Invokers$Holder.invokeExact_MT(java.lang.Object, java.lang.Object, java.lang.Object, java.lang.Object)'> (0x00000000f68add08) 
thrown [s\src\hotspot\share\interpreter\linkResolver.cpp, line 759]
Event: 1.162 Thread 0x000001782bb677c0 Exception <a 'java/lang/NoSuchMethodError'{0x00000000f6ceae70}: 'java.lang.Object java.lang.invoke.DirectMethodHandle$Holder.newInvokeSpecial(java.lang.Object, java.lang.Object, java.lang.Object, java.lang.Object, java.lang.Object)'> (0x00000000f6ceae70) 
thrown [s\src\hotspot\share\interpreter\linkResolver.cpp, line 759]
Event: 1.222 Thread 0x000001782bb677c0 Exception <a 'java/lang/NoSuchMethodError'{0x00000000f5773a48}: 'java.lang.Object java.lang.invoke.DirectMethodHandle$Holder.invokeSpecial(java.lang.Object, java.lang.Object, java.lang.Object, long, java.lang.Object)'> (0x00000000f5773a48) 
thrown [s\src\hotspot\share\interpreter\linkResolver.cpp, line 759]
Event: 1.222 Thread 0x000001782bb677c0 Exception <a 'java/lang/NoSuchMethodError'{0x00000000f577bc00}: 'java.lang.Object java.lang.invoke.DirectMethodHandle$Holder.newInvokeSpecial(java.lang.Object, java.lang.Object, java.lang.Object, long)'> (0x00000000f577bc00) 
thrown [s\src\hotspot\share\interpreter\linkResolver.cpp, line 759]
Event: 1.222 Thread 0x000001782bb677c0 Exception <a 'java/lang/NoSuchMethodError'{0x00000000f57801a0}: 'java.lang.Object java.lang.invoke.DirectMethodHandle$Holder.invokeSpecial(java.lang.Object, java.lang.Object, java.lang.Object, java.lang.Object, long)'> (0x00000000f57801a0) 
thrown [s\src\hotspot\share\interpreter\linkResolver.cpp, line 759]
Event: 1.227 Thread 0x000001782bb677c0 Exception <a 'java/lang/NoSuchMethodError'{0x00000000f57f2510}: 'int java.lang.invoke.DirectMethodHandle$Holder.invokeStaticInit(java.lang.Object, java.lang.Object, java.lang.Object)'> (0x00000000f57f2510) 
thrown [s\src\hotspot\share\interpreter\linkResolver.cpp, line 759]
Event: 1.232 Thread 0x000001782bb677c0 Exception <a 'java/lang/IncompatibleClassChangeError'{0x00000000f5859058}: Found class java.lang.Object, but interface was expected> (0x00000000f5859058) 
thrown [s\src\hotspot\share\interpreter\linkResolver.cpp, line 826]
Event: 1.234 Thread 0x000001782bb677c0 Exception <a 'java/lang/NoSuchMethodError'{0x00000000f586b2d8}: 'java.lang.Object java.lang.invoke.DirectMethodHandle$Holder.invokeSpecial(java.lang.Object, java.lang.Object, java.lang.Object, int, java.lang.Object, java.lang.Object)'> (0x00000000f586b2d8) 
thrown [s\src\hotspot\share\interpreter\linkResolver.cpp, line 759]
Event: 1.235 Thread 0x000001782bb677c0 Exception <a 'java/lang/NoSuchMethodError'{0x00000000f5873a60}: 'java.lang.Object java.lang.invoke.DirectMethodHandle$Holder.newInvokeSpecial(java.lang.Object, java.lang.Object, java.lang.Object, int, java.lang.Object)'> (0x00000000f5873a60) 
thrown [s\src\hotspot\share\interpreter\linkResolver.cpp, line 759]
Event: 1.235 Thread 0x000001782bb677c0 Exception <a 'java/lang/NoSuchMethodError'{0x00000000f5877eb8}: 'java.lang.Object java.lang.invoke.DirectMethodHandle$Holder.invokeSpecial(java.lang.Object, java.lang.Object, java.lang.Object, java.lang.Object, int, java.lang.Object)'> (0x00000000f5877eb8) 
thrown [s\src\hotspot\share\interpreter\linkResolver.cpp, line 759]
Event: 1.236 Thread 0x000001782c9c6230 Exception <a 'java/lang/NoSuchMethodError'{0x00000000f57abf28}: 'java.lang.Object java.lang.invoke.DirectMethodHandle$Holder.invokeSpecial(java.lang.Object, java.lang.Object, int, java.lang.Object, java.lang.Object)'> (0x00000000f57abf28) 
thrown [s\src\hotspot\share\interpreter\linkResolver.cpp, line 759]
Event: 1.236 Thread 0x000001782c9c6230 Exception <a 'java/lang/NoSuchMethodError'{0x00000000f57b35f8}: 'java.lang.Object java.lang.invoke.DirectMethodHandle$Holder.newInvokeSpecial(java.lang.Object, java.lang.Object, int, java.lang.Object)'> (0x00000000f57b35f8) 
thrown [s\src\hotspot\share\interpreter\linkResolver.cpp, line 759]
Event: 1.236 Thread 0x000001782c9c6230 Exception <a 'java/lang/NoSuchMethodError'{0x00000000f57b7108}: 'java.lang.Object java.lang.invoke.DirectMethodHandle$Holder.invokeSpecial(java.lang.Object, java.lang.Object, java.lang.Object, int, java.lang.Object)'> (0x00000000f57b7108) 
thrown [s\src\hotspot\share\interpreter\linkResolver.cpp, line 759]
Event: 1.262 Thread 0x000001782c9c6230 Exception <a 'java/io/FileNotFoundException'{0x00000000f563dcb8}> (0x00000000f563dcb8) 
thrown [s\src\hotspot\share\prims\jni.cpp, line 516]
Event: 1.590 Thread 0x000001782bb677c0 Exception <a 'java/lang/ClassNotFoundException'{0x00000000f6c3f408}: com/sun/org/apache/xerces/internal/impl/msg/spi/DOMMessagesProvider> (0x00000000f6c3f408) 
thrown [s\src\hotspot\share\classfile\systemDictionary.cpp, line 256]
Event: 1.592 Thread 0x000001782bb677c0 Implicit null exception at 0x000001782027318d to 0x0000017820273e84
Event: 1.593 Thread 0x000001782bb677c0 Exception <a 'java/lang/ClassNotFoundException'{0x00000000f6c65db8}: com/sun/org/apache/xerces/internal/impl/msg/spi/XMLSerializerMessagesProvider> (0x00000000f6c65db8) 
thrown [s\src\hotspot\share\classfile\systemDictionary.cpp, line 256]
Event: 1.594 Thread 0x000001782bb677c0 Exception <a 'java/lang/ClassNotFoundException'{0x00000000f6c73308}: com/sun/org/apache/xerces/internal/impl/msg/spi/XMLMessagesProvider> (0x00000000f6c73308) 
thrown [s\src\hotspot\share\classfile\systemDictionary.cpp, line 256]
Event: 1.616 Thread 0x000001782bb677c0 Exception <a 'java/lang/NoSuchMethodError'{0x00000000f6d38190}: 'void java.lang.invoke.DirectMethodHandle$Holder.invokeVirtual(java.lang.Object, java.lang.Object)'> (0x00000000f6d38190) 
thrown [s\src\hotspot\share\interpreter\linkResolver.cpp, line 759]

VM Operations (20 events):
Event: 1.008 Executing VM operation: HandshakeAllThreads
Event: 1.008 Executing VM operation: HandshakeAllThreads done
Event: 1.041 Executing VM operation: HandshakeAllThreads
Event: 1.041 Executing VM operation: HandshakeAllThreads done
Event: 1.042 Executing VM operation: HandshakeAllThreads
Event: 1.043 Executing VM operation: HandshakeAllThreads done
Event: 1.090 Executing VM operation: HandshakeAllThreads
Event: 1.090 Executing VM operation: HandshakeAllThreads done
Event: 1.187 Executing VM operation: ParallelGCFailedAllocation
Event: 1.190 Executing VM operation: ParallelGCFailedAllocation done
Event: 1.243 Executing VM operation: HandshakeAllThreads
Event: 1.243 Executing VM operation: HandshakeAllThreads done
Event: 1.244 Executing VM operation: CollectForMetadataAllocation
Event: 1.259 Executing VM operation: CollectForMetadataAllocation done
Event: 1.426 Executing VM operation: ParallelGCFailedAllocation
Event: 1.427 Executing VM operation: ParallelGCFailedAllocation done
Event: 1.624 Executing VM operation: HandshakeAllThreads
Event: 1.624 Executing VM operation: HandshakeAllThreads done
Event: 1.627 Executing VM operation: ParallelGCFailedAllocation
Event: 1.628 Executing VM operation: ParallelGCFailedAllocation done

Events (20 events):
Event: 1.602 loading class com/sun/org/apache/xerces/internal/impl/msg/XMLMessages_ru done
Event: 1.602 loading class com/sun/org/apache/xerces/internal/impl/msg/XMLMessages_ru
Event: 1.602 loading class com/sun/org/apache/xerces/internal/impl/msg/XMLMessages_ru done
Event: 1.602 loading class com/sun/org/apache/xerces/internal/impl/msg/XMLMessages_ru_RU
Event: 1.602 loading class com/sun/org/apache/xerces/internal/impl/msg/XMLMessages_ru_RU done
Event: 1.602 loading class com/sun/org/apache/xerces/internal/impl/msg/XMLMessages_ru_RU
Event: 1.602 loading class com/sun/org/apache/xerces/internal/impl/msg/XMLMessages_ru_RU done
Event: 1.617 Thread 0x000001782c9c1530 Thread added: 0x000001782c9c1530
Event: 1.624 loading class java/lang/ProcessEnvironment
Event: 1.624 loading class java/lang/ProcessEnvironment done
Event: 1.624 loading class java/lang/ProcessEnvironment$NameComparator
Event: 1.624 loading class java/lang/ProcessEnvironment$NameComparator done
Event: 1.624 loading class java/lang/ProcessEnvironment$EntryComparator
Event: 1.625 loading class java/lang/ProcessEnvironment$EntryComparator done
Event: 1.625 loading class java/lang/ProcessEnvironment$CheckedEntrySet
Event: 1.625 loading class java/lang/ProcessEnvironment$CheckedEntrySet done
Event: 1.625 loading class java/lang/ProcessEnvironment$CheckedEntrySet$1
Event: 1.626 loading class java/lang/ProcessEnvironment$CheckedEntrySet$1 done
Event: 1.626 loading class java/lang/ProcessEnvironment$CheckedEntry
Event: 1.626 loading class java/lang/ProcessEnvironment$CheckedEntry done


Dynamic libraries:
0x00007ff772f50000 - 0x00007ff772f5e000 	c:\Users\kirus\.vscode\extensions\redhat.java-1.15.0-win32-x64\jre\17.0.6-win32-x86_64\bin\java.exe
0x00007ff818310000 - 0x00007ff818508000 	C:\Windows\SYSTEM32\ntdll.dll
0x00007ff817590000 - 0x00007ff81764f000 	C:\Windows\System32\KERNEL32.DLL
0x00007ff815a00000 - 0x00007ff815cd2000 	C:\Windows\System32\KERNELBASE.dll
0x00007ff815e40000 - 0x00007ff815f40000 	C:\Windows\System32\ucrtbase.dll
0x00007ff811ec0000 - 0x00007ff811ed9000 	c:\Users\kirus\.vscode\extensions\redhat.java-1.15.0-win32-x64\jre\17.0.6-win32-x86_64\bin\VCRUNTIME140.dll
0x00007ff812a20000 - 0x00007ff812a37000 	c:\Users\kirus\.vscode\extensions\redhat.java-1.15.0-win32-x64\jre\17.0.6-win32-x86_64\bin\jli.dll
0x00007ff8169d0000 - 0x00007ff816b71000 	C:\Windows\System32\USER32.dll
0x00007ff801270000 - 0x00007ff80150a000 	C:\Windows\WinSxS\amd64_microsoft.windows.common-controls_6595b64144ccf1df_6.0.19041.1110_none_60b5254171f9507e\COMCTL32.dll
0x00007ff8160c0000 - 0x00007ff8160e2000 	C:\Windows\System32\win32u.dll
0x00007ff817730000 - 0x00007ff81775b000 	C:\Windows\System32\GDI32.dll
0x00007ff817900000 - 0x00007ff81799e000 	C:\Windows\System32\msvcrt.dll
0x00007ff8160f0000 - 0x00007ff8161ff000 	C:\Windows\System32\gdi32full.dll
0x00007ff816200000 - 0x00007ff81629d000 	C:\Windows\System32\msvcp_win.dll
0x00007ff817760000 - 0x00007ff817792000 	C:\Windows\System32\IMM32.DLL
0x00007ff8132b0000 - 0x00007ff8132bc000 	c:\Users\kirus\.vscode\extensions\redhat.java-1.15.0-win32-x64\jre\17.0.6-win32-x86_64\bin\vcruntime140_1.dll
0x00007fffd8140000 - 0x00007fffd81d1000 	c:\Users\kirus\.vscode\extensions\redhat.java-1.15.0-win32-x64\jre\17.0.6-win32-x86_64\bin\msvcp140.dll
0x00007fffcc690000 - 0x00007fffcd2d7000 	c:\Users\kirus\.vscode\extensions\redhat.java-1.15.0-win32-x64\jre\17.0.6-win32-x86_64\bin\server\jvm.dll
0x00007ff817330000 - 0x00007ff8173de000 	C:\Windows\System32\ADVAPI32.dll
0x00007ff816c90000 - 0x00007ff816d2c000 	C:\Windows\System32\sechost.dll
0x00007ff816d90000 - 0x00007ff816eb5000 	C:\Windows\System32\RPCRT4.dll
0x00007ff8071c0000 - 0x00007ff8071e7000 	C:\Windows\SYSTEM32\WINMM.dll
0x00007ff80ffc0000 - 0x00007ff80ffca000 	C:\Windows\SYSTEM32\VERSION.dll
0x00007ff8007b0000 - 0x00007ff8007b9000 	C:\Windows\SYSTEM32\WSOCK32.dll
0x00007ff816c00000 - 0x00007ff816c6b000 	C:\Windows\System32\WS2_32.dll
0x00007ff8138a0000 - 0x00007ff8138b2000 	C:\Windows\SYSTEM32\kernel.appcore.dll
0x00007ff8127a0000 - 0x00007ff8127aa000 	c:\Users\kirus\.vscode\extensions\redhat.java-1.15.0-win32-x64\jre\17.0.6-win32-x86_64\bin\jimage.dll
0x00007ff80f560000 - 0x00007ff80f744000 	C:\Windows\SYSTEM32\DBGHELP.DLL
0x00007ff80f500000 - 0x00007ff80f535000 	C:\Windows\SYSTEM32\dbgcore.DLL
0x00007ff815fc0000 - 0x00007ff816042000 	C:\Windows\System32\bcryptPrimitives.dll
0x00007ff8122e0000 - 0x00007ff8122ee000 	c:\Users\kirus\.vscode\extensions\redhat.java-1.15.0-win32-x64\jre\17.0.6-win32-x86_64\bin\instrument.dll
0x00007ff811140000 - 0x00007ff811165000 	c:\Users\kirus\.vscode\extensions\redhat.java-1.15.0-win32-x64\jre\17.0.6-win32-x86_64\bin\java.dll
0x00007ff811620000 - 0x00007ff811638000 	c:\Users\kirus\.vscode\extensions\redhat.java-1.15.0-win32-x64\jre\17.0.6-win32-x86_64\bin\zip.dll
0x00007ff817a50000 - 0x00007ff818195000 	C:\Windows\System32\SHELL32.dll
0x00007ff813aa0000 - 0x00007ff814232000 	C:\Windows\SYSTEM32\windows.storage.dll
0x00007ff816ec0000 - 0x00007ff817215000 	C:\Windows\System32\combase.dll
0x00007ff8152a0000 - 0x00007ff8152d0000 	C:\Windows\SYSTEM32\Wldp.dll
0x00007ff8179a0000 - 0x00007ff817a4d000 	C:\Windows\System32\SHCORE.dll
0x00007ff8172d0000 - 0x00007ff817325000 	C:\Windows\System32\shlwapi.dll
0x00007ff815940000 - 0x00007ff81595f000 	C:\Windows\SYSTEM32\profapi.dll
0x00007ff811560000 - 0x00007ff811579000 	C:\Users\kirus\.vscode\extensions\redhat.java-1.15.0-win32-x64\jre\17.0.6-win32-x86_64\bin\net.dll
0x00007ff8116b0000 - 0x00007ff8117bc000 	C:\Windows\SYSTEM32\WINHTTP.dll
0x00007ff815080000 - 0x00007ff8150ea000 	C:\Windows\system32\mswsock.dll
0x00007ff810b30000 - 0x00007ff810b45000 	C:\Users\kirus\.vscode\extensions\redhat.java-1.15.0-win32-x64\jre\17.0.6-win32-x86_64\bin\nio.dll
0x00007ff812290000 - 0x00007ff8122a0000 	c:\Users\kirus\.vscode\extensions\redhat.java-1.15.0-win32-x64\jre\17.0.6-win32-x86_64\bin\verify.dll
0x00007ff80b370000 - 0x00007ff80b3ae000 	C:\Users\kirus\AppData\Roaming\Code\User\globalStorage\redhat.java\1.15.0\config_ss_win\org.eclipse.equinox.launcher\org.eclipse.equinox.launcher.win32.win32.x86_64_1.2.700.v20221108-1024\eclipse_11801.dll
0x00007ff8181a0000 - 0x00007ff8182ca000 	C:\Windows\System32\ole32.dll

dbghelp: loaded successfully - version: 4.0.5 - missing functions: none
symbol engine: initialized successfully - sym options: 0x614 - pdb path: .;c:\Users\kirus\.vscode\extensions\redhat.java-1.15.0-win32-x64\jre\17.0.6-win32-x86_64\bin;C:\Windows\SYSTEM32;C:\Windows\WinSxS\amd64_microsoft.windows.common-controls_6595b64144ccf1df_6.0.19041.1110_none_60b5254171f9507e;c:\Users\kirus\.vscode\extensions\redhat.java-1.15.0-win32-x64\jre\17.0.6-win32-x86_64\bin\server;C:\Users\kirus\AppData\Roaming\Code\User\globalStorage\redhat.java\1.15.0\config_ss_win\org.eclipse.equinox.launcher\org.eclipse.equinox.launcher.win32.win32.x86_64_1.2.700.v20221108-1024

VM Arguments:
jvm_args: --add-modules=ALL-SYSTEM --add-opens=java.base/java.util=ALL-UNNAMED --add-opens=java.base/java.lang=ALL-UNNAMED --add-opens=java.base/sun.nio.fs=ALL-UNNAMED -Declipse.application=org.eclipse.jdt.ls.core.id1 -Dosgi.bundles.defaultStartLevel=4 -Declipse.product=org.eclipse.jdt.ls.core.product -Djava.import.generatesMetadataFilesAtProjectRoot=false -Dfile.encoding=utf8 -XX:+UseParallelGC -XX:GCTimeRatio=4 -XX:AdaptiveSizePolicyWeight=90 -Dsun.zip.disableMemoryMapping=true -Xmx4G -Xms100m -Xlog:disable -javaagent:c:\Users\kirus\.vscode\extensions\redhat.java-1.15.0-win32-x64\lombok\lombok-1.18.24.jar -Xmx512M 
java_command: c:\Users\kirus\.vscode\extensions\redhat.java-1.15.0-win32-x64\server\plugins\org.eclipse.equinox.launcher_1.6.400.v20210924-0641.jar -configuration c:\Users\kirus\AppData\Roaming\Code\User\globalStorage\redhat.java\1.15.0\config_ss_win -data c:\Users\kirus\AppData\Roaming\Code\User\workspaceStorage\22f2343e581199575215308d8e975055\redhat.java\ss_ws
java_class_path (initial): c:\Users\kirus\.vscode\extensions\redhat.java-1.15.0-win32-x64\server\plugins\org.eclipse.equinox.launcher_1.6.400.v20210924-0641.jar
Launcher Type: SUN_STANDARD

[Global flags]
    uintx AdaptiveSizePolicyWeight                 = 90                                        {product} {command line}
     intx CICompilerCount                          = 4                                         {product} {ergonomic}
    uintx GCTimeRatio                              = 4                                         {product} {command line}
   size_t InitialHeapSize                          = 104857600                                 {product} {command line}
   size_t MaxHeapSize                              = 536870912                                 {product} {command line}
   size_t MaxNewSize                               = 178782208                                 {product} {ergonomic}
   size_t MinHeapDeltaBytes                        = 524288                                    {product} {ergonomic}
   size_t MinHeapSize                              = 104857600                                 {product} {command line}
   size_t NewSize                                  = 34603008                                  {product} {ergonomic}
    uintx NonNMethodCodeHeapSize                   = 5839372                                {pd product} {ergonomic}
    uintx NonProfiledCodeHeapSize                  = 122909434                              {pd product} {ergonomic}
   size_t OldSize                                  = 70254592                                  {product} {ergonomic}
    uintx ProfiledCodeHeapSize                     = 122909434                              {pd product} {ergonomic}
    uintx ReservedCodeCacheSize                    = 251658240                              {pd product} {ergonomic}
     bool SegmentedCodeCache                       = true                                      {product} {ergonomic}
   size_t SoftMaxHeapSize                          = 536870912                              {manageable} {ergonomic}
     bool UseCompressedClassPointers               = true                           {product lp64_product} {ergonomic}
     bool UseCompressedOops                        = true                           {product lp64_product} {ergonomic}
     bool UseLargePagesIndividualAllocation        = false                                  {pd product} {ergonomic}
     bool UseParallelGC                            = true                                      {product} {command line}

Logging:
Log output configuration:
 #0: stdout all=off uptime,level,tags
 #1: stderr all=off uptime,level,tags

Environment Variables:
JAVA_HOME=C:\Program Files\Eclipse Adoptium\jdk-17.0.6.10-hotspot\
_JAVA_OPTIONS=-Xmx512M
PATH=C:\Program Files\Eclipse Adoptium\jdk-17.0.6.10-hotspot\bin;C:\Program Files (x86)\Common Files\Oracle\Java\javapath;c:\program files (x86)\common files\intel\shared libraries\redist\intel64\compiler;c:\programdata\oracle\java\javapath;c:\windows\system32;c:\windows;c:\windows\system32\wbem;c:\windows\system32\windowspowershell\v1.0\;c:\windows\system32\openssh\;c:\program files (x86)\ati technologies\ati.ace\core-static;c:\program files (x86)\amd\ati.ace\core-static;c:\program files\nvidia corporation\nvidia nvdlisr;C:\Program Files (x86)\NVIDIA Corporation\PhysX\Common;C:\Program Files\Microsoft SQL Server\150\Tools\Binn\;C:\Program Files\Microsoft SQL Server\Client SDK\ODBC\170\Tools\Binn\;C:\Program Files\Azure Data Studio\bin;C:\Program Files (x86)\Microsoft SQL Server\150\DTS\Binn\;C:\Program Files\Git\cmd;C:\Program Files\dotnet\;C:\Program Files\Docker\Docker\resources\bin;C:\Users\kirus\AppData\Local\Microsoft\WindowsApps;C:\Program Files\Azure Data Studio\bin;C:\Users\kirus\AppData\Local\Programs\Microsoft VS Code\bin;C:\Users\kirus\.dotnet\tools
USERNAME=kirus
OS=Windows_NT
PROCESSOR_IDENTIFIER=Intel64 Family 6 Model 165 Stepping 5, GenuineIntel
TMP=C:\Users\kirus\AppData\Local\Temp
TEMP=C:\Users\kirus\AppData\Local\Temp



---------------  S Y S T E M  ---------------

OS:
 Windows 10 , 64 bit Build 19041 (10.0.19041.2546)
OS uptime: 1 days 1:56 hours
Hyper-V role detected

CPU: total 12 (initial active 12) (6 cores per cpu, 2 threads per core) family 6 model 165 stepping 5 microcode 0xca, cx8, cmov, fxsr, ht, mmx, 3dnowpref, sse, sse2, sse3, ssse3, sse4.1, sse4.2, popcnt, lzcnt, tsc, tscinvbit, avx, avx2, aes, erms, clmul, bmi1, bmi2, adx, fma, vzeroupper, clflush, clflushopt, hv

Memory: 4k page, system-wide physical 16292M (4095M free)
TotalPageFile size 18340M (AvailPageFile size 5M)
current process WorkingSet (physical memory assigned to process): 131M, peak: 135M
current process commit charge ("private bytes"): 231M, peak: 234M

vm_info: OpenJDK 64-Bit Server VM (17.0.6+10) for windows-amd64 JRE (17.0.6+10), built on Jan 18 2023 10:08:59 by "temurin" with MS VC++ 16.7 (VS2019)

END.
