#
# There is insufficient memory for the Java Runtime Environment to continue.
# Native memory allocation (mmap) failed to map 88080384 bytes for G1 virtual space
# Possible reasons:
#   The system is out of physical RAM or swap space
#   The process is running with CompressedOops enabled, and the Java Heap may be blocking the growth of the native heap
# Possible solutions:
#   Reduce memory load on the system
#   Increase physical memory or swap space
#   Check if swap backing store is full
#   Decrease Java heap size (-Xmx/-Xms)
#   Decrease number of Java threads
#   Decrease Java thread stack sizes (-Xss)
#   Set larger code cache with -XX:ReservedCodeCacheSize=
#   JVM is running with Unscaled Compressed Oops mode in which the Java heap is
#     placed in the first 4GB address space. The Java Heap base address is the
#     maximum limit for the native heap growth. Please use -XX:HeapBaseMinAddress
#     to set the Java Heap base and to place the Java Heap above 4GB virtual address.
# This output file may be truncated or incomplete.
#
#  Out of Memory Error (os_windows.cpp:3557), pid=13400, tid=11992
#
# JRE version: OpenJDK Runtime Environment Temurin-17.0.6+10 (17.0.6+10) (build 17.0.6+10)
# Java VM: OpenJDK 64-Bit Server VM Temurin-17.0.6+10 (17.0.6+10, mixed mode, emulated-client, tiered, compressed oops, compressed class ptrs, g1 gc, windows-amd64)
# No core dump will be written. Minidumps are not enabled by default on client versions of Windows
#

---------------  S U M M A R Y ------------

Command Line: -XX:+HeapDumpOnOutOfMemoryError -Xmx1024m -Dsts.lsp.client=vscode -Dsts.log.file=/dev/null -XX:TieredStopAtLevel=1 -Xlog:jni+resolve=off -Dspring.config.location=file:c:\Users\kirus\.vscode\extensions\vmware.vscode-spring-boot-1.44.0\language-server\BOOT-INF\classes\application.properties -Xmx512M org.springframework.ide.vscode.boot.app.BootLanguageServerBootApp

Host: Intel(R) Core(TM) i5-10600KF CPU @ 4.10GHz, 12 cores, 15G,  Windows 10 , 64 bit Build 19041 (10.0.19041.2546)
Time: Sat Feb 25 22:27:17 2023 RTZ 2 (s 10 , 64 bit Build 19041 (10.0.19041.2546) elapsed time: 2.149167 seconds (0d 0h 0m 2s)

---------------  T H R E A D  ---------------

Current thread (0x000001e59d3468f0):  VMThread "VM Thread" [stack: 0x000000420eb00000,0x000000420ec00000] [id=11992]

Stack: [0x000000420eb00000,0x000000420ec00000]
Native frames: (J=compiled Java code, j=interpreted, Vv=VM code, C=native code)
V  [jvm.dll+0x67741a]
V  [jvm.dll+0x834434]
V  [jvm.dll+0x835bde]
V  [jvm.dll+0x836243]
V  [jvm.dll+0x2457b5]
V  [jvm.dll+0x674329]
V  [jvm.dll+0x6689da]
V  [jvm.dll+0x30489b]
V  [jvm.dll+0x30bd96]
V  [jvm.dll+0x35b57e]
V  [jvm.dll+0x35b7af]
V  [jvm.dll+0x2db778]
V  [jvm.dll+0x2d9a2c]
V  [jvm.dll+0x2d8ffc]
V  [jvm.dll+0x31cdcb]
V  [jvm.dll+0x83a6eb]
V  [jvm.dll+0x83b424]
V  [jvm.dll+0x83b93c]
V  [jvm.dll+0x83bd14]
V  [jvm.dll+0x83bde0]
V  [jvm.dll+0x7e483a]
V  [jvm.dll+0x6762c5]
C  [ucrtbase.dll+0x21bb2]
C  [KERNEL32.DLL+0x17614]
C  [ntdll.dll+0x526a1]

VM_Operation (0x00000042118fe290): G1CollectForAllocation, mode: safepoint, requested by thread 0x000001e59f59e2e0


---------------  P R O C E S S  ---------------

Threads class SMR info:
_java_thread_list=0x000001e59f5d86c0, length=42, elements={
0x000001e59dc13380, 0x000001e59dc141f0, 0x000001e59d354c20, 0x000001e59d357ca0,
0x000001e59d359660, 0x000001e59dc360f0, 0x000001e59dc39fa0, 0x000001e59dc429a0,
0x000001e59de3cc80, 0x000001e59de451c0, 0x000001e59de496e0, 0x000001e59de59db0,
0x000001e59eec9e70, 0x000001e59f422440, 0x000001e59f422910, 0x000001e59f423600,
0x000001e59f4b7020, 0x000001e5933d6c20, 0x000001e59f503ea0, 0x000001e59f55bd10,
0x000001e59f586ae0, 0x000001e59f592160, 0x000001e59f59e7b0, 0x000001e59f59ec80,
0x000001e59f59d470, 0x000001e59f5a0960, 0x000001e59f59d940, 0x000001e59f59f150,
0x000001e59f59f620, 0x000001e59f59faf0, 0x000001e59f59ffc0, 0x000001e59f5a0490,
0x000001e59f59cfa0, 0x000001e59f59e2e0, 0x000001e59f59de10, 0x000001e59f620590,
0x000001e59f61e8b0, 0x000001e59f61c230, 0x000001e59f61d0a0, 0x000001e59f61d570,
0x000001e59f621da0, 0x000001e59f61da40
}

Java Threads: ( => current thread )
  0x000001e59dc13380 JavaThread "Reference Handler" daemon [_thread_blocked, id=260, stack(0x000000420ec00000,0x000000420ed00000)]
  0x000001e59dc141f0 JavaThread "Finalizer" daemon [_thread_blocked, id=18676, stack(0x000000420ed00000,0x000000420ee00000)]
  0x000001e59d354c20 JavaThread "Signal Dispatcher" daemon [_thread_blocked, id=22112, stack(0x000000420ee00000,0x000000420ef00000)]
  0x000001e59d357ca0 JavaThread "Attach Listener" daemon [_thread_blocked, id=18856, stack(0x000000420ef00000,0x000000420f000000)]
  0x000001e59d359660 JavaThread "Service Thread" daemon [_thread_blocked, id=10768, stack(0x000000420f000000,0x000000420f100000)]
  0x000001e59dc360f0 JavaThread "Monitor Deflation Thread" daemon [_thread_blocked, id=21884, stack(0x000000420f100000,0x000000420f200000)]
  0x000001e59dc39fa0 JavaThread "C1 CompilerThread0" daemon [_thread_blocked, id=18336, stack(0x000000420f200000,0x000000420f300000)]
  0x000001e59dc429a0 JavaThread "Sweeper thread" daemon [_thread_blocked, id=7288, stack(0x000000420f300000,0x000000420f400000)]
  0x000001e59de3cc80 JavaThread "C1 CompilerThread1" daemon [_thread_blocked, id=4520, stack(0x000000420f400000,0x000000420f500000)]
  0x000001e59de451c0 JavaThread "C1 CompilerThread2" daemon [_thread_blocked, id=15020, stack(0x000000420f500000,0x000000420f600000)]
  0x000001e59de496e0 JavaThread "Notification Thread" daemon [_thread_blocked, id=19580, stack(0x000000420f600000,0x000000420f700000)]
  0x000001e59de59db0 JavaThread "Common-Cleaner" daemon [_thread_blocked, id=13852, stack(0x000000420f800000,0x000000420f900000)]
  0x000001e59eec9e70 JavaThread "C1 CompilerThread3" daemon [_thread_blocked, id=4152, stack(0x0000004210100000,0x0000004210200000)]
  0x000001e59f422440 JavaThread "boundedElastic-evictor-1" daemon [_thread_blocked, id=14236, stack(0x0000004210000000,0x0000004210100000)]
  0x000001e59f422910 JavaThread "boundedElastic-evictor-2" daemon [_thread_blocked, id=6640, stack(0x0000004210600000,0x0000004210700000)]
  0x000001e59f423600 JavaThread "pool-10-thread-1" [_thread_blocked, id=11704, stack(0x0000004210700000,0x0000004210800000)]
  0x000001e59f4b7020 JavaThread "LanguageServerApp-lifecycle" [_thread_blocked, id=9932, stack(0x0000004210800000,0x0000004210900000)]
  0x000001e5933d6c20 JavaThread "DestroyJavaVM" [_thread_blocked, id=15204, stack(0x000000420e500000,0x000000420e600000)]
  0x000001e59f503ea0 JavaThread "pool-11-thread-1" [_thread_in_native, id=4276, stack(0x0000004210900000,0x0000004210a00000)]
  0x000001e59f55bd10 JavaThread "Simple-Language-Server main thread" daemon [_thread_blocked, id=9476, stack(0x0000004210a00000,0x0000004210b00000)]
  0x000001e59f586ae0 JavaThread "pool-6-thread-1" [_thread_blocked, id=23500, stack(0x0000004210b00000,0x0000004210c00000)]
  0x000001e59f592160 JavaThread "ForkJoinPool.commonPool-worker-1" daemon [_thread_blocked, id=3464, stack(0x0000004210c00000,0x0000004210d00000)]
  0x000001e59f59e7b0 JavaThread "pool-3-thread-1" [_thread_blocked, id=15836, stack(0x0000004210d00000,0x0000004210e00000)]
  0x000001e59f59ec80 JavaThread "ClassGraph-worker-0" daemon [_thread_blocked, id=18132, stack(0x0000004210e00000,0x0000004210f00000)]
  0x000001e59f59d470 JavaThread "ClassGraph-worker-1" daemon [_thread_blocked, id=14604, stack(0x0000004210f00000,0x0000004211000000)]
  0x000001e59f5a0960 JavaThread "ClassGraph-worker-2" daemon [_thread_blocked, id=12664, stack(0x0000004211000000,0x0000004211100000)]
  0x000001e59f59d940 JavaThread "ClassGraph-worker-3" daemon [_thread_blocked, id=17252, stack(0x0000004211100000,0x0000004211200000)]
  0x000001e59f59f150 JavaThread "ClassGraph-worker-4" daemon [_thread_blocked, id=13404, stack(0x0000004211200000,0x0000004211300000)]
  0x000001e59f59f620 JavaThread "ClassGraph-worker-5" daemon [_thread_blocked, id=6676, stack(0x0000004211300000,0x0000004211400000)]
  0x000001e59f59faf0 JavaThread "ClassGraph-worker-6" daemon [_thread_blocked, id=4148, stack(0x0000004211400000,0x0000004211500000)]
  0x000001e59f59ffc0 JavaThread "ClassGraph-worker-7" daemon [_thread_blocked, id=18356, stack(0x0000004211500000,0x0000004211600000)]
  0x000001e59f5a0490 JavaThread "ClassGraph-worker-8" daemon [_thread_blocked, id=10004, stack(0x0000004211600000,0x0000004211700000)]
  0x000001e59f59cfa0 JavaThread "ClassGraph-worker-9" daemon [_thread_blocked, id=19060, stack(0x0000004211700000,0x0000004211800000)]
  0x000001e59f59e2e0 JavaThread "ClassGraph-worker-10" daemon [_thread_blocked, id=16636, stack(0x0000004211800000,0x0000004211900000)]
  0x000001e59f59de10 JavaThread "ClassGraph-worker-11" daemon [_thread_blocked, id=11252, stack(0x0000004211900000,0x0000004211a00000)]
  0x000001e59f620590 JavaThread "ClassGraph-worker-12" daemon [_thread_blocked, id=19452, stack(0x0000004211a00000,0x0000004211b00000)]
  0x000001e59f61e8b0 JavaThread "ClassGraph-worker-13" daemon [_thread_blocked, id=1696, stack(0x0000004211b00000,0x0000004211c00000)]
  0x000001e59f61c230 JavaThread "ClassGraph-worker-14" daemon [_thread_blocked, id=13988, stack(0x0000004211c00000,0x0000004211d00000)]
  0x000001e59f61d0a0 JavaThread "ClassGraph-worker-15" daemon [_thread_blocked, id=18280, stack(0x0000004211d00000,0x0000004211e00000)]
  0x000001e59f61d570 JavaThread "ClassGraph-worker-16" daemon [_thread_blocked, id=4700, stack(0x0000004211e00000,0x0000004211f00000)]
  0x000001e59f621da0 JavaThread "ClassGraph-worker-17" daemon [_thread_blocked, id=9560, stack(0x0000004211f00000,0x0000004212000000)]
  0x000001e59f61da40 JavaThread "ClassGraph-worker-18" daemon [_thread_blocked, id=9492, stack(0x0000004212000000,0x0000004212100000)]

Other Threads:
=>0x000001e59d3468f0 VMThread "VM Thread" [stack: 0x000000420eb00000,0x000000420ec00000] [id=11992]
  0x000001e59d2e5f00 WatcherThread [stack: 0x000000420f700000,0x000000420f800000] [id=17336]
  0x000001e593408410 GCTaskThread "GC Thread#0" [stack: 0x000000420e600000,0x000000420e700000] [id=20740]
  0x000001e59eab6f40 GCTaskThread "GC Thread#1" [stack: 0x000000420f900000,0x000000420fa00000] [id=12368]
  0x000001e59eaef030 GCTaskThread "GC Thread#2" [stack: 0x000000420fa00000,0x000000420fb00000] [id=7108]
  0x000001e59e74aa10 GCTaskThread "GC Thread#3" [stack: 0x000000420fb00000,0x000000420fc00000] [id=14788]
  0x000001e59e74acc0 GCTaskThread "GC Thread#4" [stack: 0x000000420fc00000,0x000000420fd00000] [id=15948]
  0x000001e59e74af70 GCTaskThread "GC Thread#5" [stack: 0x000000420fd00000,0x000000420fe00000] [id=18372]
  0x000001e59edc6760 GCTaskThread "GC Thread#6" [stack: 0x000000420fe00000,0x000000420ff00000] [id=6740]
  0x000001e59edc6e20 GCTaskThread "GC Thread#7" [stack: 0x000000420ff00000,0x0000004210000000] [id=15248]
  0x000001e59efa0050 GCTaskThread "GC Thread#8" [stack: 0x0000004210200000,0x0000004210300000] [id=4688]
  0x000001e59efc9470 GCTaskThread "GC Thread#9" [stack: 0x0000004210300000,0x0000004210400000] [id=15568]
  0x000001e59340d350 ConcurrentGCThread "G1 Main Marker" [stack: 0x000000420e700000,0x000000420e800000] [id=14876]
  0x000001e59340e500 ConcurrentGCThread "G1 Conc#0" [stack: 0x000000420e800000,0x000000420e900000] [id=22492]
  0x000001e59edbe6a0 ConcurrentGCThread "G1 Conc#1" [stack: 0x0000004210400000,0x0000004210500000] [id=19680]
  0x000001e59edbe950 ConcurrentGCThread "G1 Conc#2" [stack: 0x0000004210500000,0x0000004210600000] [id=20612]
  0x000001e59d1b64f0 ConcurrentGCThread "G1 Refine#0" [stack: 0x000000420e900000,0x000000420ea00000] [id=11464]
  0x000001e59f6c6e90 ConcurrentGCThread "G1 Refine#1" [stack: 0x0000004212100000,0x0000004212200000] [id=12452]
  0x000001e59f6c7730 ConcurrentGCThread "G1 Refine#2" [stack: 0x0000004212200000,0x0000004212300000] [id=19432]
  0x000001e59f6c5a70 ConcurrentGCThread "G1 Refine#3" [stack: 0x0000004212300000,0x0000004212400000] [id=14356]
  0x000001e59f6c5d50 ConcurrentGCThread "G1 Refine#4" [stack: 0x0000004212400000,0x0000004212500000] [id=21400]
  0x000001e59f6c6030 ConcurrentGCThread "G1 Refine#5" [stack: 0x0000004212500000,0x0000004212600000] [id=19224]
  0x000001e59d1b6f10 ConcurrentGCThread "G1 Service" [stack: 0x000000420ea00000,0x000000420eb00000] [id=22240]

Threads with active compile tasks:

VM state: at safepoint (normal execution)

VM Mutex/Monitor currently owned by a thread:  ([mutex/lock_event])
[0x000001e59111ae40] Threads_lock - owner thread: 0x000001e59d3468f0
[0x000001e5911dc300] Heap_lock - owner thread: 0x000001e59f59e2e0

Heap address: 0x00000000e0000000, size: 512 MB, Compressed Oops mode: 32-bit

CDS archive(s) not mapped
Compressed class space mapped at: 0x0000000100000000-0x0000000140000000, reserved size: 1073741824
Narrow klass base: 0x0000000000000000, Narrow klass shift: 3, Narrow klass range: 0x140000000

GC Precious Log:
 CPUs: 12 total, 12 available
 Memory: 16292M
 Large Page Support: Disabled
 NUMA Support: Disabled
 Compressed Oops: Enabled (32-bit)
 Heap Region Size: 1M
 Heap Min Capacity: 8M
 Heap Initial Capacity: 256M
 Heap Max Capacity: 512M
 Pre-touch: Disabled
 Parallel Workers: 10
 Concurrent Workers: 3
 Concurrent Refinement Workers: 10
 Periodic GC: Disabled

Heap:
 garbage-first heap   total 155648K, used 72096K [0x00000000e0000000, 0x0000000100000000)
  region size 1024K, 5 young (5120K), 5 survivors (5120K)
 Metaspace       used 35758K, committed 36224K, reserved 1081344K
  class space    used 4639K, committed 4864K, reserved 1048576K

Heap Regions: E=young(eden), S=young(survivor), O=old, HS=humongous(starts), HC=humongous(continues), CS=collection set, F=free, OA=open archive, CA=closed archive, TAMS=top-at-mark-start (previous, next)
|   0|0x00000000e0000000, 0x00000000e0100000, 0x00000000e0100000|100%| O|  |TAMS 0x00000000e0100000, 0x00000000e0100000| Untracked 
|   1|0x00000000e0100000, 0x00000000e0200000, 0x00000000e0200000|100%| O|  |TAMS 0x00000000e0200000, 0x00000000e0200000| Untracked 
|   2|0x00000000e0200000, 0x00000000e0300000, 0x00000000e0300000|100%| O|  |TAMS 0x00000000e0300000, 0x00000000e0300000| Untracked 
|   3|0x00000000e0300000, 0x00000000e0400000, 0x00000000e0400000|100%| O|  |TAMS 0x00000000e0400000, 0x00000000e0400000| Untracked 
|   4|0x00000000e0400000, 0x00000000e0500000, 0x00000000e0500000|100%| O|  |TAMS 0x00000000e0500000, 0x00000000e0500000| Untracked 
|   5|0x00000000e0500000, 0x00000000e0600000, 0x00000000e0600000|100%| O|  |TAMS 0x00000000e0600000, 0x00000000e0600000| Untracked 
|   6|0x00000000e0600000, 0x00000000e0700000, 0x00000000e0700000|100%| O|  |TAMS 0x00000000e0700000, 0x00000000e0700000| Untracked 
|   7|0x00000000e0700000, 0x00000000e07a8800, 0x00000000e0800000| 65%| O|  |TAMS 0x00000000e07a8608, 0x00000000e07a8800| Untracked 
|   8|0x00000000e0800000, 0x00000000e0900000, 0x00000000e0900000|100%| O|  |TAMS 0x00000000e0800000, 0x00000000e0900000| Untracked 
|   9|0x00000000e0900000, 0x00000000e0a00000, 0x00000000e0a00000|100%| O|  |TAMS 0x00000000e0900000, 0x00000000e0a00000| Untracked 
|  10|0x00000000e0a00000, 0x00000000e0b00000, 0x00000000e0b00000|100%| O|  |TAMS 0x00000000e0a00000, 0x00000000e0b00000| Untracked 
|  11|0x00000000e0b00000, 0x00000000e0c00000, 0x00000000e0c00000|100%| O|  |TAMS 0x00000000e0b00000, 0x00000000e0c00000| Untracked 
|  12|0x00000000e0c00000, 0x00000000e0d00000, 0x00000000e0d00000|100%| O|  |TAMS 0x00000000e0c00000, 0x00000000e0d00000| Untracked 
|  13|0x00000000e0d00000, 0x00000000e0e00000, 0x00000000e0e00000|100%| O|  |TAMS 0x00000000e0d00000, 0x00000000e0e00000| Untracked 
|  14|0x00000000e0e00000, 0x00000000e0f00000, 0x00000000e0f00000|100%| O|  |TAMS 0x00000000e0e00000, 0x00000000e0f00000| Untracked 
|  15|0x00000000e0f00000, 0x00000000e1000000, 0x00000000e1000000|100%| O|  |TAMS 0x00000000e0f00000, 0x00000000e1000000| Untracked 
|  16|0x00000000e1000000, 0x00000000e1100000, 0x00000000e1100000|100%| O|  |TAMS 0x00000000e1000000, 0x00000000e1100000| Untracked 
|  17|0x00000000e1100000, 0x00000000e1200000, 0x00000000e1200000|100%| O|  |TAMS 0x00000000e1100000, 0x00000000e1200000| Untracked 
|  18|0x00000000e1200000, 0x00000000e1300000, 0x00000000e1300000|100%| O|  |TAMS 0x00000000e1200000, 0x00000000e1300000| Untracked 
|  19|0x00000000e1300000, 0x00000000e1400000, 0x00000000e1400000|100%| O|  |TAMS 0x00000000e1300000, 0x00000000e1400000| Untracked 
|  20|0x00000000e1400000, 0x00000000e1500000, 0x00000000e1500000|100%| O|  |TAMS 0x00000000e1400000, 0x00000000e1500000| Untracked 
|  21|0x00000000e1500000, 0x00000000e1600000, 0x00000000e1600000|100%| O|  |TAMS 0x00000000e1500000, 0x00000000e1600000| Untracked 
|  22|0x00000000e1600000, 0x00000000e1700000, 0x00000000e1700000|100%| O|  |TAMS 0x00000000e1600000, 0x00000000e1700000| Untracked 
|  23|0x00000000e1700000, 0x00000000e1800000, 0x00000000e1800000|100%| O|  |TAMS 0x00000000e1700000, 0x00000000e1800000| Untracked 
|  24|0x00000000e1800000, 0x00000000e1900000, 0x00000000e1900000|100%|HS|  |TAMS 0x00000000e1800000, 0x00000000e1900000| Complete 
|  25|0x00000000e1900000, 0x00000000e1a00000, 0x00000000e1a00000|100%| O|  |TAMS 0x00000000e1900000, 0x00000000e1a00000| Untracked 
|  26|0x00000000e1a00000, 0x00000000e1b00000, 0x00000000e1b00000|100%| O|  |TAMS 0x00000000e1a00000, 0x00000000e1b00000| Untracked 
|  27|0x00000000e1b00000, 0x00000000e1c00000, 0x00000000e1c00000|100%| O|  |TAMS 0x00000000e1b00000, 0x00000000e1c00000| Untracked 
|  28|0x00000000e1c00000, 0x00000000e1d00000, 0x00000000e1d00000|100%| O|  |TAMS 0x00000000e1c00000, 0x00000000e1d00000| Untracked 
|  29|0x00000000e1d00000, 0x00000000e1e00000, 0x00000000e1e00000|100%| O|  |TAMS 0x00000000e1d00000, 0x00000000e1e00000| Untracked 
|  30|0x00000000e1e00000, 0x00000000e1f00000, 0x00000000e1f00000|100%| O|  |TAMS 0x00000000e1e00000, 0x00000000e1f00000| Untracked 
|  31|0x00000000e1f00000, 0x00000000e2000000, 0x00000000e2000000|100%| O|  |TAMS 0x00000000e1f00000, 0x00000000e2000000| Untracked 
|  32|0x00000000e2000000, 0x00000000e2100000, 0x00000000e2100000|100%| O|  |TAMS 0x00000000e2000000, 0x00000000e2100000| Untracked 
|  33|0x00000000e2100000, 0x00000000e2200000, 0x00000000e2200000|100%| O|  |TAMS 0x00000000e2100000, 0x00000000e2200000| Untracked 
|  34|0x00000000e2200000, 0x00000000e2300000, 0x00000000e2300000|100%| O|  |TAMS 0x00000000e2200000, 0x00000000e2300000| Untracked 
|  35|0x00000000e2300000, 0x00000000e2400000, 0x00000000e2400000|100%| O|  |TAMS 0x00000000e2300000, 0x00000000e2400000| Untracked 
|  36|0x00000000e2400000, 0x00000000e2500000, 0x00000000e2500000|100%| O|  |TAMS 0x00000000e2400000, 0x00000000e2500000| Untracked 
|  37|0x00000000e2500000, 0x00000000e2600000, 0x00000000e2600000|100%| O|  |TAMS 0x00000000e2500000, 0x00000000e2600000| Untracked 
|  38|0x00000000e2600000, 0x00000000e2700000, 0x00000000e2700000|100%| O|  |TAMS 0x00000000e2600000, 0x00000000e2700000| Untracked 
|  39|0x00000000e2700000, 0x00000000e2800000, 0x00000000e2800000|100%| O|  |TAMS 0x00000000e2700000, 0x00000000e2800000| Untracked 
|  40|0x00000000e2800000, 0x00000000e2900000, 0x00000000e2900000|100%| O|  |TAMS 0x00000000e2800000, 0x00000000e2900000| Untracked 
|  41|0x00000000e2900000, 0x00000000e2a00000, 0x00000000e2a00000|100%| O|  |TAMS 0x00000000e2900000, 0x00000000e2a00000| Untracked 
|  42|0x00000000e2a00000, 0x00000000e2b00000, 0x00000000e2b00000|100%| O|  |TAMS 0x00000000e2a00000, 0x00000000e2b00000| Untracked 
|  43|0x00000000e2b00000, 0x00000000e2c00000, 0x00000000e2c00000|100%| O|  |TAMS 0x00000000e2b00000, 0x00000000e2c00000| Untracked 
|  44|0x00000000e2c00000, 0x00000000e2d00000, 0x00000000e2d00000|100%|HS|  |TAMS 0x00000000e2c00000, 0x00000000e2d00000| Complete 
|  45|0x00000000e2d00000, 0x00000000e2e00000, 0x00000000e2e00000|100%| O|  |TAMS 0x00000000e2d00000, 0x00000000e2e00000| Untracked 
|  46|0x00000000e2e00000, 0x00000000e2f00000, 0x00000000e2f00000|100%| O|  |TAMS 0x00000000e2e00000, 0x00000000e2f00000| Untracked 
|  47|0x00000000e2f00000, 0x00000000e3000000, 0x00000000e3000000|100%| O|  |TAMS 0x00000000e2f00000, 0x00000000e3000000| Untracked 
|  48|0x00000000e3000000, 0x00000000e3100000, 0x00000000e3100000|100%| O|  |TAMS 0x00000000e3000000, 0x00000000e3100000| Untracked 
|  49|0x00000000e3100000, 0x00000000e3200000, 0x00000000e3200000|100%| O|  |TAMS 0x00000000e3100000, 0x00000000e3200000| Untracked 
|  50|0x00000000e3200000, 0x00000000e3300000, 0x00000000e3300000|100%| O|  |TAMS 0x00000000e3200000, 0x00000000e3300000| Untracked 
|  51|0x00000000e3300000, 0x00000000e3400000, 0x00000000e3400000|100%| O|  |TAMS 0x00000000e3300000, 0x00000000e3400000| Untracked 
|  52|0x00000000e3400000, 0x00000000e3500000, 0x00000000e3500000|100%| O|  |TAMS 0x00000000e3400000, 0x00000000e3500000| Untracked 
|  53|0x00000000e3500000, 0x00000000e3600000, 0x00000000e3600000|100%| O|  |TAMS 0x00000000e3500000, 0x00000000e3600000| Untracked 
|  54|0x00000000e3600000, 0x00000000e3700000, 0x00000000e3700000|100%| O|  |TAMS 0x00000000e3600000, 0x00000000e3700000| Untracked 
|  55|0x00000000e3700000, 0x00000000e3800000, 0x00000000e3800000|100%| O|  |TAMS 0x00000000e3700000, 0x00000000e3800000| Untracked 
|  56|0x00000000e3800000, 0x00000000e3900000, 0x00000000e3900000|100%| O|  |TAMS 0x00000000e3800000, 0x00000000e3900000| Untracked 
|  57|0x00000000e3900000, 0x00000000e3a00000, 0x00000000e3a00000|100%| O|  |TAMS 0x00000000e3900000, 0x00000000e3a00000| Untracked 
|  58|0x00000000e3a00000, 0x00000000e3b00000, 0x00000000e3b00000|100%| O|  |TAMS 0x00000000e3a00000, 0x00000000e3b00000| Untracked 
|  59|0x00000000e3b00000, 0x00000000e3c00000, 0x00000000e3c00000|100%| O|  |TAMS 0x00000000e3b00000, 0x00000000e3c00000| Untracked 
|  60|0x00000000e3c00000, 0x00000000e3d00000, 0x00000000e3d00000|100%| O|  |TAMS 0x00000000e3c00000, 0x00000000e3d00000| Untracked 
|  61|0x00000000e3d00000, 0x00000000e3e00000, 0x00000000e3e00000|100%| O|  |TAMS 0x00000000e3d00000, 0x00000000e3e00000| Untracked 
|  62|0x00000000e3e00000, 0x00000000e3f00000, 0x00000000e3f00000|100%| O|  |TAMS 0x00000000e3e00000, 0x00000000e3f00000| Untracked 
|  63|0x00000000e3f00000, 0x00000000e4000000, 0x00000000e4000000|100%| O|  |TAMS 0x00000000e3f00000, 0x00000000e4000000| Untracked 
|  64|0x00000000e4000000, 0x00000000e4100000, 0x00000000e4100000|100%| O|  |TAMS 0x00000000e4000000, 0x00000000e4100000| Untracked 
|  65|0x00000000e4100000, 0x00000000e4200000, 0x00000000e4200000|100%| O|  |TAMS 0x00000000e4100000, 0x00000000e4200000| Untracked 
|  66|0x00000000e4200000, 0x00000000e423ee00, 0x00000000e4300000| 24%| O|  |TAMS 0x00000000e4200000, 0x00000000e423ee00| Untracked 
|  67|0x00000000e4300000, 0x00000000e4300000, 0x00000000e4400000|  0%| F|  |TAMS 0x00000000e4300000, 0x00000000e4300000| Untracked 
|  68|0x00000000e4400000, 0x00000000e4400000, 0x00000000e4500000|  0%| F|  |TAMS 0x00000000e4400000, 0x00000000e4400000| Untracked 
|  69|0x00000000e4500000, 0x00000000e4500000, 0x00000000e4600000|  0%| F|  |TAMS 0x00000000e4500000, 0x00000000e4500000| Untracked 
|  70|0x00000000e4600000, 0x00000000e4600000, 0x00000000e4700000|  0%| F|  |TAMS 0x00000000e4600000, 0x00000000e4600000| Untracked 
|  71|0x00000000e4700000, 0x00000000e4700000, 0x00000000e4800000|  0%| F|  |TAMS 0x00000000e4700000, 0x00000000e4700000| Untracked 
|  72|0x00000000e4800000, 0x00000000e4800000, 0x00000000e4900000|  0%| F|  |TAMS 0x00000000e4800000, 0x00000000e4800000| Untracked 
|  73|0x00000000e4900000, 0x00000000e4900000, 0x00000000e4a00000|  0%| F|  |TAMS 0x00000000e4900000, 0x00000000e4900000| Untracked 
|  74|0x00000000e4a00000, 0x00000000e4a00000, 0x00000000e4b00000|  0%| F|  |TAMS 0x00000000e4a00000, 0x00000000e4a00000| Untracked 
|  75|0x00000000e4b00000, 0x00000000e4b00000, 0x00000000e4c00000|  0%| F|  |TAMS 0x00000000e4b00000, 0x00000000e4b00000| Untracked 
|  76|0x00000000e4c00000, 0x00000000e4c00000, 0x00000000e4d00000|  0%| F|  |TAMS 0x00000000e4c00000, 0x00000000e4c00000| Untracked 
|  77|0x00000000e4d00000, 0x00000000e4d00000, 0x00000000e4e00000|  0%| F|  |TAMS 0x00000000e4d00000, 0x00000000e4d00000| Untracked 
|  78|0x00000000e4e00000, 0x00000000e4e00000, 0x00000000e4f00000|  0%| F|  |TAMS 0x00000000e4e00000, 0x00000000e4e00000| Untracked 
|  79|0x00000000e4f00000, 0x00000000e4f00000, 0x00000000e5000000|  0%| F|  |TAMS 0x00000000e4f00000, 0x00000000e4f00000| Untracked 
|  80|0x00000000e5000000, 0x00000000e5000000, 0x00000000e5100000|  0%| F|  |TAMS 0x00000000e5000000, 0x00000000e5000000| Untracked 
|  81|0x00000000e5100000, 0x00000000e5100000, 0x00000000e5200000|  0%| F|  |TAMS 0x00000000e5100000, 0x00000000e5100000| Untracked 
|  82|0x00000000e5200000, 0x00000000e5200000, 0x00000000e5300000|  0%| F|  |TAMS 0x00000000e5200000, 0x00000000e5200000| Untracked 
|  83|0x00000000e5300000, 0x00000000e5300000, 0x00000000e5400000|  0%| F|  |TAMS 0x00000000e5300000, 0x00000000e5300000| Untracked 
|  84|0x00000000e5400000, 0x00000000e5400000, 0x00000000e5500000|  0%| F|  |TAMS 0x00000000e5400000, 0x00000000e5400000| Untracked 
|  85|0x00000000e5500000, 0x00000000e5500000, 0x00000000e5600000|  0%| F|  |TAMS 0x00000000e5500000, 0x00000000e5500000| Untracked 
|  86|0x00000000e5600000, 0x00000000e5600000, 0x00000000e5700000|  0%| F|  |TAMS 0x00000000e5600000, 0x00000000e5600000| Untracked 
|  87|0x00000000e5700000, 0x00000000e5700000, 0x00000000e5800000|  0%| F|  |TAMS 0x00000000e5700000, 0x00000000e5700000| Untracked 
|  88|0x00000000e5800000, 0x00000000e5800000, 0x00000000e5900000|  0%| F|  |TAMS 0x00000000e5800000, 0x00000000e5800000| Untracked 
|  89|0x00000000e5900000, 0x00000000e5900000, 0x00000000e5a00000|  0%| F|  |TAMS 0x00000000e5900000, 0x00000000e5900000| Untracked 
|  90|0x00000000e5a00000, 0x00000000e5a00000, 0x00000000e5b00000|  0%| F|  |TAMS 0x00000000e5a00000, 0x00000000e5a00000| Untracked 
|  91|0x00000000e5b00000, 0x00000000e5b00000, 0x00000000e5c00000|  0%| F|  |TAMS 0x00000000e5b00000, 0x00000000e5b00000| Untracked 
|  92|0x00000000e5c00000, 0x00000000e5c00000, 0x00000000e5d00000|  0%| F|  |TAMS 0x00000000e5c00000, 0x00000000e5c00000| Untracked 
|  93|0x00000000e5d00000, 0x00000000e5d00000, 0x00000000e5e00000|  0%| F|  |TAMS 0x00000000e5d00000, 0x00000000e5d00000| Untracked 
|  94|0x00000000e5e00000, 0x00000000e5e00000, 0x00000000e5f00000|  0%| F|  |TAMS 0x00000000e5e00000, 0x00000000e5e00000| Untracked 
|  95|0x00000000e5f00000, 0x00000000e5f00000, 0x00000000e6000000|  0%| F|  |TAMS 0x00000000e5f00000, 0x00000000e5f00000| Untracked 
|  96|0x00000000e6000000, 0x00000000e6000000, 0x00000000e6100000|  0%| F|  |TAMS 0x00000000e6000000, 0x00000000e6000000| Untracked 
|  97|0x00000000e6100000, 0x00000000e6180ac0, 0x00000000e6200000| 50%| S|CS|TAMS 0x00000000e6100000, 0x00000000e6100000| Complete 
|  98|0x00000000e6200000, 0x00000000e6300000, 0x00000000e6300000|100%| S|CS|TAMS 0x00000000e6200000, 0x00000000e6200000| Complete 
|  99|0x00000000e6300000, 0x00000000e6400000, 0x00000000e6400000|100%| S|CS|TAMS 0x00000000e6300000, 0x00000000e6300000| Complete 
| 100|0x00000000e6400000, 0x00000000e6500000, 0x00000000e6500000|100%| S|CS|TAMS 0x00000000e6400000, 0x00000000e6400000| Complete 
| 101|0x00000000e6500000, 0x00000000e6600000, 0x00000000e6600000|100%| S|CS|TAMS 0x00000000e6500000, 0x00000000e6500000| Complete 
| 102|0x00000000e6600000, 0x00000000e6600000, 0x00000000e6700000|  0%| F|  |TAMS 0x00000000e6600000, 0x00000000e6600000| Untracked 
| 103|0x00000000e6700000, 0x00000000e6700000, 0x00000000e6800000|  0%| F|  |TAMS 0x00000000e6700000, 0x00000000e6700000| Untracked 
| 104|0x00000000e6800000, 0x00000000e6800000, 0x00000000e6900000|  0%| F|  |TAMS 0x00000000e6800000, 0x00000000e6800000| Untracked 
| 105|0x00000000e6900000, 0x00000000e6900000, 0x00000000e6a00000|  0%| F|  |TAMS 0x00000000e6900000, 0x00000000e6900000| Untracked 
| 106|0x00000000e6a00000, 0x00000000e6a00000, 0x00000000e6b00000|  0%| F|  |TAMS 0x00000000e6a00000, 0x00000000e6a00000| Untracked 
| 107|0x00000000e6b00000, 0x00000000e6b00000, 0x00000000e6c00000|  0%| F|  |TAMS 0x00000000e6b00000, 0x00000000e6b00000| Untracked 
| 108|0x00000000e6c00000, 0x00000000e6c00000, 0x00000000e6d00000|  0%| F|  |TAMS 0x00000000e6c00000, 0x00000000e6c00000| Untracked 
| 109|0x00000000e6d00000, 0x00000000e6d00000, 0x00000000e6e00000|  0%| F|  |TAMS 0x00000000e6d00000, 0x00000000e6d00000| Untracked 
| 110|0x00000000e6e00000, 0x00000000e6e00000, 0x00000000e6f00000|  0%| F|  |TAMS 0x00000000e6e00000, 0x00000000e6e00000| Untracked 
| 111|0x00000000e6f00000, 0x00000000e6f00000, 0x00000000e7000000|  0%| F|  |TAMS 0x00000000e6f00000, 0x00000000e6f00000| Untracked 
| 112|0x00000000e7000000, 0x00000000e7000000, 0x00000000e7100000|  0%| F|  |TAMS 0x00000000e7000000, 0x00000000e7000000| Untracked 
| 113|0x00000000e7100000, 0x00000000e7100000, 0x00000000e7200000|  0%| F|  |TAMS 0x00000000e7100000, 0x00000000e7100000| Untracked 
| 114|0x00000000e7200000, 0x00000000e7200000, 0x00000000e7300000|  0%| F|  |TAMS 0x00000000e7200000, 0x00000000e7200000| Untracked 
| 115|0x00000000e7300000, 0x00000000e7300000, 0x00000000e7400000|  0%| F|  |TAMS 0x00000000e7300000, 0x00000000e7300000| Untracked 
| 116|0x00000000e7400000, 0x00000000e7400000, 0x00000000e7500000|  0%| F|  |TAMS 0x00000000e7400000, 0x00000000e7400000| Untracked 
| 117|0x00000000e7500000, 0x00000000e7500000, 0x00000000e7600000|  0%| F|  |TAMS 0x00000000e7500000, 0x00000000e7500000| Untracked 
| 118|0x00000000e7600000, 0x00000000e7600000, 0x00000000e7700000|  0%| F|  |TAMS 0x00000000e7600000, 0x00000000e7600000| Untracked 
| 119|0x00000000e7700000, 0x00000000e7700000, 0x00000000e7800000|  0%| F|  |TAMS 0x00000000e7700000, 0x00000000e7700000| Untracked 
| 120|0x00000000e7800000, 0x00000000e7800000, 0x00000000e7900000|  0%| F|  |TAMS 0x00000000e7800000, 0x00000000e7800000| Untracked 
| 121|0x00000000e7900000, 0x00000000e7900000, 0x00000000e7a00000|  0%| F|  |TAMS 0x00000000e7900000, 0x00000000e7900000| Untracked 
| 122|0x00000000e7a00000, 0x00000000e7a00000, 0x00000000e7b00000|  0%| F|  |TAMS 0x00000000e7a00000, 0x00000000e7a00000| Untracked 
| 123|0x00000000e7b00000, 0x00000000e7b00000, 0x00000000e7c00000|  0%| F|  |TAMS 0x00000000e7b00000, 0x00000000e7b00000| Untracked 
| 124|0x00000000e7c00000, 0x00000000e7c00000, 0x00000000e7d00000|  0%| F|  |TAMS 0x00000000e7c00000, 0x00000000e7c00000| Untracked 
| 125|0x00000000e7d00000, 0x00000000e7d00000, 0x00000000e7e00000|  0%| F|  |TAMS 0x00000000e7d00000, 0x00000000e7d00000| Untracked 
| 126|0x00000000e7e00000, 0x00000000e7e00000, 0x00000000e7f00000|  0%| F|  |TAMS 0x00000000e7e00000, 0x00000000e7e00000| Untracked 
| 127|0x00000000e7f00000, 0x00000000e7f00000, 0x00000000e8000000|  0%| F|  |TAMS 0x00000000e7f00000, 0x00000000e7f00000| Untracked 
| 128|0x00000000e8000000, 0x00000000e8000000, 0x00000000e8100000|  0%| F|  |TAMS 0x00000000e8000000, 0x00000000e8000000| Untracked 
| 129|0x00000000e8100000, 0x00000000e8100000, 0x00000000e8200000|  0%| F|  |TAMS 0x00000000e8100000, 0x00000000e8100000| Untracked 
| 130|0x00000000e8200000, 0x00000000e8200000, 0x00000000e8300000|  0%| F|  |TAMS 0x00000000e8200000, 0x00000000e8200000| Untracked 
| 131|0x00000000e8300000, 0x00000000e8300000, 0x00000000e8400000|  0%| F|  |TAMS 0x00000000e8300000, 0x00000000e8300000| Untracked 
| 132|0x00000000e8400000, 0x00000000e8400000, 0x00000000e8500000|  0%| F|  |TAMS 0x00000000e8400000, 0x00000000e8400000| Untracked 
| 133|0x00000000e8500000, 0x00000000e8500000, 0x00000000e8600000|  0%| F|  |TAMS 0x00000000e8500000, 0x00000000e8500000| Untracked 
| 134|0x00000000e8600000, 0x00000000e8600000, 0x00000000e8700000|  0%| F|  |TAMS 0x00000000e8600000, 0x00000000e8600000| Untracked 
| 135|0x00000000e8700000, 0x00000000e8700000, 0x00000000e8800000|  0%| F|  |TAMS 0x00000000e8700000, 0x00000000e8700000| Untracked 
| 136|0x00000000e8800000, 0x00000000e8800000, 0x00000000e8900000|  0%| F|  |TAMS 0x00000000e8800000, 0x00000000e8800000| Untracked 
| 137|0x00000000e8900000, 0x00000000e8900000, 0x00000000e8a00000|  0%| F|  |TAMS 0x00000000e8900000, 0x00000000e8900000| Untracked 
| 138|0x00000000e8a00000, 0x00000000e8a00000, 0x00000000e8b00000|  0%| F|  |TAMS 0x00000000e8a00000, 0x00000000e8a00000| Untracked 
| 139|0x00000000e8b00000, 0x00000000e8b00000, 0x00000000e8c00000|  0%| F|  |TAMS 0x00000000e8b00000, 0x00000000e8b00000| Untracked 
| 140|0x00000000e8c00000, 0x00000000e8c00000, 0x00000000e8d00000|  0%| F|  |TAMS 0x00000000e8c00000, 0x00000000e8c00000| Untracked 
| 141|0x00000000e8d00000, 0x00000000e8d00000, 0x00000000e8e00000|  0%| F|  |TAMS 0x00000000e8d00000, 0x00000000e8d00000| Untracked 
| 142|0x00000000e8e00000, 0x00000000e8e00000, 0x00000000e8f00000|  0%| F|  |TAMS 0x00000000e8e00000, 0x00000000e8e00000| Untracked 
| 143|0x00000000e8f00000, 0x00000000e8f00000, 0x00000000e9000000|  0%| F|  |TAMS 0x00000000e8f00000, 0x00000000e8f00000| Untracked 
| 144|0x00000000e9000000, 0x00000000e9000000, 0x00000000e9100000|  0%| F|  |TAMS 0x00000000e9000000, 0x00000000e9000000| Untracked 
| 145|0x00000000e9100000, 0x00000000e9100000, 0x00000000e9200000|  0%| F|  |TAMS 0x00000000e9100000, 0x00000000e9100000| Untracked 
| 230|0x00000000ee600000, 0x00000000ee600000, 0x00000000ee700000|  0%| F|  |TAMS 0x00000000ee600000, 0x00000000ee600000| Untracked 
| 231|0x00000000ee700000, 0x00000000ee700000, 0x00000000ee800000|  0%| F|  |TAMS 0x00000000ee700000, 0x00000000ee700000| Untracked 
| 232|0x00000000ee800000, 0x00000000ee800000, 0x00000000ee900000|  0%| F|  |TAMS 0x00000000ee800000, 0x00000000ee800000| Untracked 
| 233|0x00000000ee900000, 0x00000000ee900000, 0x00000000eea00000|  0%| F|  |TAMS 0x00000000ee900000, 0x00000000ee900000| Untracked 
| 234|0x00000000eea00000, 0x00000000eea00000, 0x00000000eeb00000|  0%| F|  |TAMS 0x00000000eea00000, 0x00000000eea00000| Untracked 
| 255|0x00000000eff00000, 0x00000000eff00000, 0x00000000f0000000|  0%| F|  |TAMS 0x00000000eff00000, 0x00000000eff00000| Untracked 

Card table byte_map: [0x000001e599490000,0x000001e599590000] _byte_map_base: 0x000001e598d90000

Marking Bits (Prev, Next): (CMBitMap*) 0x000001e593408a60, (CMBitMap*) 0x000001e593408a20
 Prev Bits: [0x000001e599e90000, 0x000001e59a690000)
 Next Bits: [0x000001e599690000, 0x000001e599e90000)

Polling page: 0x000001e591320000

Metaspace:

Usage:
  Non-class:     30.39 MB used.
      Class:      4.53 MB used.
       Both:     34.92 MB used.

Virtual space:
  Non-class space:       32.00 MB reserved,      30.62 MB ( 96%) committed,  4 nodes.
      Class space:        1.00 GB reserved,       4.75 MB ( <1%) committed,  1 nodes.
             Both:        1.03 GB reserved,      35.38 MB (  3%) committed. 

Chunk freelists:
   Non-Class:  992.00 KB
       Class:  3.17 MB
        Both:  4.14 MB

MaxMetaspaceSize: unlimited
CompressedClassSpaceSize: 1.00 GB
Initial GC threshold: 21.00 MB
Current GC threshold: 35.56 MB
CDS: off
MetaspaceReclaimPolicy: balanced
 - commit_granule_bytes: 65536.
 - commit_granule_words: 8192.
 - virtual_space_node_default_size: 1048576.
 - enlarge_chunks_in_place: 1.
 - new_chunks_are_fully_committed: 0.
 - uncommit_free_chunks: 1.
 - use_allocation_guard: 0.
 - handle_deallocations: 1.


Internal statistics:

num_allocs_failed_limit: 10.
num_arena_births: 470.
num_arena_deaths: 0.
num_vsnodes_births: 5.
num_vsnodes_deaths: 0.
num_space_committed: 566.
num_space_uncommitted: 0.
num_chunks_returned_to_freelist: 10.
num_chunks_taken_from_freelist: 1526.
num_chunk_merges: 10.
num_chunk_splits: 1037.
num_chunks_enlarged: 762.
num_purges: 0.
num_inconsistent_stats: 0.

CodeCache: size=49152Kb used=9142Kb max_used=9142Kb free=40009Kb
 bounds [0x000001e596060000, 0x000001e596950000, 0x000001e599060000]
 total_blobs=4338 nmethods=3797 adapters=465
 compilation: enabled
              stopped_count=0, restarted_count=0
 full_count=0

Compilation events (20 events):
Event: 2.137 Thread 0x000001e59de3cc80 nmethod 3770 0x000001e596944610 code [0x000001e596944800, 0x000001e596944c38]
Event: 2.137 Thread 0x000001e59de3cc80 3784       1       jdk.internal.jimage.ImageReader::releaseByteBuffer (5 bytes)
Event: 2.137 Thread 0x000001e59dc39fa0 nmethod 3783 0x000001e596946890 code [0x000001e596946a20, 0x000001e596946b68]
Event: 2.137 Thread 0x000001e59de451c0 nmethod 3779 0x000001e596944f10 code [0x000001e596945280, 0x000001e5969460a8]
Event: 2.138 Thread 0x000001e59dc39fa0 3793       1       nonapi.io.github.classgraph.fileslice.reader.ClassfileReader::<init> (29 bytes)
Event: 2.138 Thread 0x000001e59eec9e70 nmethod 3773 0x000001e596946c10 code [0x000001e596947440, 0x000001e596949f88]
Event: 2.138 Thread 0x000001e59de451c0 3794       1       nonapi.io.github.classgraph.utils.ProxyingInputStream::<init> (10 bytes)
Event: 2.138 Thread 0x000001e59eec9e70 3742       1       io.github.classgraph.Classfile$ClassContainment::<init> (20 bytes)
Event: 2.138 Thread 0x000001e59de451c0 nmethod 3794 0x000001e59694ba10 code [0x000001e59694bba0, 0x000001e59694bcb8]
Event: 2.138 Thread 0x000001e59eec9e70 nmethod 3742 0x000001e59694bd10 code [0x000001e59694bea0, 0x000001e59694bff8]
Event: 2.138 Thread 0x000001e59de451c0 3782       1       jdk.internal.jimage.decompressor.ZipDecompressor::decompress (10 bytes)
Event: 2.138 Thread 0x000001e59eec9e70 3740       1       java.io.ByteArrayOutputStream::close (1 bytes)
Event: 2.138 Thread 0x000001e59dc39fa0 nmethod 3793 0x000001e59694c090 code [0x000001e59694c220, 0x000001e59694c498]
Event: 2.138 Thread 0x000001e59eec9e70 nmethod 3740 0x000001e59694c510 code [0x000001e59694c6a0, 0x000001e59694c758]
Event: 2.138 Thread 0x000001e59de451c0 nmethod 3782 0x000001e59694c810 code [0x000001e59694c9a0, 0x000001e59694ca88]
Event: 2.139 Thread 0x000001e59de451c0 3796       1       java.util.concurrent.ConcurrentHashMap::resizeStamp (9 bytes)
Event: 2.139 Thread 0x000001e59de3cc80 nmethod 3784 0x000001e59694cb10 code [0x000001e59694cca0, 0x000001e59694cde8]
Event: 2.139 Thread 0x000001e59de451c0 nmethod 3796 0x000001e59694ce90 code [0x000001e59694d020, 0x000001e59694d0e8]
Event: 2.139 Thread 0x000001e59de451c0 3797       1       java.util.concurrent.ConcurrentHashMap::helpTransfer (123 bytes)
Event: 2.139 Thread 0x000001e59de451c0 nmethod 3797 0x000001e59694d190 code [0x000001e59694d340, 0x000001e59694d5b8]

GC Heap History (20 events):
Event: 0.912 GC heap after
{Heap after GC invocations=3 (full 0):
 garbage-first heap   total 262144K, used 12476K [0x00000000e0000000, 0x0000000100000000)
  region size 1024K, 5 young (5120K), 5 survivors (5120K)
 Metaspace       used 21373K, committed 21504K, reserved 1073152K
  class space    used 2624K, committed 2688K, reserved 1048576K
}
Event: 1.055 GC heap before
{Heap before GC invocations=4 (full 0):
 garbage-first heap   total 48128K, used 33980K [0x00000000e0000000, 0x0000000100000000)
  region size 1024K, 28 young (28672K), 5 survivors (5120K)
 Metaspace       used 24965K, committed 25216K, reserved 1073152K
  class space    used 3102K, committed 3200K, reserved 1048576K
}
Event: 1.058 GC heap after
{Heap after GC invocations=5 (full 0):
 garbage-first heap   total 48128K, used 14175K [0x00000000e0000000, 0x0000000100000000)
  region size 1024K, 7 young (7168K), 7 survivors (7168K)
 Metaspace       used 24965K, committed 25216K, reserved 1073152K
  class space    used 3102K, committed 3200K, reserved 1048576K
}
Event: 1.303 GC heap before
{Heap before GC invocations=5 (full 0):
 garbage-first heap   total 48128K, used 30559K [0x00000000e0000000, 0x0000000100000000)
  region size 1024K, 24 young (24576K), 7 survivors (7168K)
 Metaspace       used 28267K, committed 28608K, reserved 1081344K
  class space    used 3574K, committed 3712K, reserved 1048576K
}
Event: 1.308 GC heap after
{Heap after GC invocations=6 (full 0):
 garbage-first heap   total 48128K, used 15184K [0x00000000e0000000, 0x0000000100000000)
  region size 1024K, 2 young (2048K), 2 survivors (2048K)
 Metaspace       used 28267K, committed 28608K, reserved 1081344K
  class space    used 3574K, committed 3712K, reserved 1048576K
}
Event: 1.464 GC heap before
{Heap before GC invocations=6 (full 0):
 garbage-first heap   total 48128K, used 31568K [0x00000000e0000000, 0x0000000100000000)
  region size 1024K, 19 young (19456K), 2 survivors (2048K)
 Metaspace       used 30507K, committed 30848K, reserved 1081344K
  class space    used 3882K, committed 4032K, reserved 1048576K
}
Event: 1.468 GC heap after
{Heap after GC invocations=7 (full 0):
 garbage-first heap   total 48128K, used 17058K [0x00000000e0000000, 0x0000000100000000)
  region size 1024K, 3 young (3072K), 3 survivors (3072K)
 Metaspace       used 30507K, committed 30848K, reserved 1081344K
  class space    used 3882K, committed 4032K, reserved 1048576K
}
Event: 1.701 GC heap before
{Heap before GC invocations=7 (full 0):
 garbage-first heap   total 48128K, used 33442K [0x00000000e0000000, 0x0000000100000000)
  region size 1024K, 20 young (20480K), 3 survivors (3072K)
 Metaspace       used 33906K, committed 34240K, reserved 1081344K
  class space    used 4392K, committed 4544K, reserved 1048576K
}
Event: 1.704 GC heap after
{Heap after GC invocations=8 (full 0):
 garbage-first heap   total 155648K, used 18888K [0x00000000e0000000, 0x0000000100000000)
  region size 1024K, 2 young (2048K), 2 survivors (2048K)
 Metaspace       used 33906K, committed 34240K, reserved 1081344K
  class space    used 4392K, committed 4544K, reserved 1048576K
}
Event: 1.922 GC heap before
{Heap before GC invocations=8 (full 0):
 garbage-first heap   total 155648K, used 110024K [0x00000000e0000000, 0x0000000100000000)
  region size 1024K, 91 young (93184K), 2 survivors (2048K)
 Metaspace       used 35551K, committed 35968K, reserved 1081344K
  class space    used 4615K, committed 4800K, reserved 1048576K
}
Event: 1.928 GC heap after
{Heap after GC invocations=9 (full 0):
 garbage-first heap   total 155648K, used 35831K [0x00000000e0000000, 0x0000000100000000)
  region size 1024K, 12 young (12288K), 12 survivors (12288K)
 Metaspace       used 35551K, committed 35968K, reserved 1081344K
  class space    used 4615K, committed 4800K, reserved 1048576K
}
Event: 2.053 GC heap before
{Heap before GC invocations=9 (full 0):
 garbage-first heap   total 155648K, used 97271K [0x00000000e0000000, 0x0000000100000000)
  region size 1024K, 71 young (72704K), 12 survivors (12288K)
 Metaspace       used 35557K, committed 35968K, reserved 1081344K
  class space    used 4616K, committed 4800K, reserved 1048576K
}
Event: 2.062 GC heap after
{Heap after GC invocations=10 (full 0):
 garbage-first heap   total 155648K, used 53001K [0x00000000e0000000, 0x0000000100000000)
  region size 1024K, 9 young (9216K), 9 survivors (9216K)
 Metaspace       used 35557K, committed 35968K, reserved 1081344K
  class space    used 4616K, committed 4800K, reserved 1048576K
}
Event: 2.107 GC heap before
{Heap before GC invocations=10 (full 0):
 garbage-first heap   total 155648K, used 104201K [0x00000000e0000000, 0x0000000100000000)
  region size 1024K, 59 young (60416K), 9 survivors (9216K)
 Metaspace       used 35661K, committed 36096K, reserved 1081344K
  class space    used 4626K, committed 4800K, reserved 1048576K
}
Event: 2.123 GC heap after
{Heap after GC invocations=11 (full 0):
 garbage-first heap   total 155648K, used 66210K [0x00000000e0000000, 0x0000000100000000)
  region size 1024K, 8 young (8192K), 8 survivors (8192K)
 Metaspace       used 35661K, committed 36096K, reserved 1081344K
  class space    used 4626K, committed 4800K, reserved 1048576K
}
Event: 2.130 GC heap before
{Heap before GC invocations=11 (full 0):
 garbage-first heap   total 155648K, used 109218K [0x00000000e0000000, 0x0000000100000000)
  region size 1024K, 51 young (52224K), 8 survivors (8192K)
 Metaspace       used 35673K, committed 36096K, reserved 1081344K
  class space    used 4632K, committed 4800K, reserved 1048576K
}
Event: 2.133 GC heap after
{Heap after GC invocations=12 (full 0):
 garbage-first heap   total 155648K, used 70722K [0x00000000e0000000, 0x0000000100000000)
  region size 1024K, 4 young (4096K), 4 survivors (4096K)
 Metaspace       used 35673K, committed 36096K, reserved 1081344K
  class space    used 4632K, committed 4800K, reserved 1048576K
}
Event: 2.137 GC heap before
{Heap before GC invocations=12 (full 0):
 garbage-first heap   total 155648K, used 80962K [0x00000000e0000000, 0x0000000100000000)
  region size 1024K, 16 young (16384K), 4 survivors (4096K)
 Metaspace       used 35705K, committed 36160K, reserved 1081344K
  class space    used 4635K, committed 4864K, reserved 1048576K
}
Event: 2.138 GC heap after
{Heap after GC invocations=13 (full 0):
 garbage-first heap   total 155648K, used 70157K [0x00000000e0000000, 0x0000000100000000)
  region size 1024K, 3 young (3072K), 3 survivors (3072K)
 Metaspace       used 35705K, committed 36160K, reserved 1081344K
  class space    used 4635K, committed 4864K, reserved 1048576K
}
Event: 2.147 GC heap before
{Heap before GC invocations=13 (full 0):
 garbage-first heap   total 155648K, used 117261K [0x00000000e0000000, 0x0000000100000000)
  region size 1024K, 50 young (51200K), 3 survivors (3072K)
 Metaspace       used 35758K, committed 36224K, reserved 1081344K
  class space    used 4639K, committed 4864K, reserved 1048576K
}

Dll operation events (8 events):
Event: 0.004 Loaded shared library c:\Users\kirus\.vscode\extensions\redhat.java-1.15.0-win32-x64\jre\17.0.6-win32-x86_64\bin\java.dll
Event: 0.134 Loaded shared library C:\Users\kirus\.vscode\extensions\redhat.java-1.15.0-win32-x64\jre\17.0.6-win32-x86_64\bin\net.dll
Event: 0.135 Loaded shared library C:\Users\kirus\.vscode\extensions\redhat.java-1.15.0-win32-x64\jre\17.0.6-win32-x86_64\bin\nio.dll
Event: 0.142 Loaded shared library C:\Users\kirus\.vscode\extensions\redhat.java-1.15.0-win32-x64\jre\17.0.6-win32-x86_64\bin\zip.dll
Event: 0.251 Loaded shared library C:\Users\kirus\.vscode\extensions\redhat.java-1.15.0-win32-x64\jre\17.0.6-win32-x86_64\bin\jimage.dll
Event: 0.312 Loaded shared library c:\Users\kirus\.vscode\extensions\redhat.java-1.15.0-win32-x64\jre\17.0.6-win32-x86_64\bin\verify.dll
Event: 1.600 Loaded shared library C:\Users\kirus\.vscode\extensions\redhat.java-1.15.0-win32-x64\jre\17.0.6-win32-x86_64\bin\management.dll
Event: 1.601 Loaded shared library C:\Users\kirus\.vscode\extensions\redhat.java-1.15.0-win32-x64\jre\17.0.6-win32-x86_64\bin\management_ext.dll

Deoptimization events (10 events):
Event: 0.899 Thread 0x000001e5933d6c20 DEOPT PACKING pc=0x000001e5965f0399 sp=0x000000420e5fd780
Event: 0.899 Thread 0x000001e5933d6c20 DEOPT UNPACKING pc=0x000001e5960b7143 sp=0x000000420e5fcc60 mode 3
Event: 1.732 Thread 0x000001e59f55bd10 DEOPT PACKING pc=0x000001e5967f8435 sp=0x0000004210afd650
Event: 1.732 Thread 0x000001e59f55bd10 DEOPT UNPACKING pc=0x000001e5960b7143 sp=0x0000004210afcb78 mode 3
Event: 1.743 Thread 0x000001e59f503ea0 DEOPT PACKING pc=0x000001e5965eea81 sp=0x00000042109fdaf0
Event: 1.743 Thread 0x000001e59f503ea0 DEOPT UNPACKING pc=0x000001e5960b7143 sp=0x00000042109fcf80 mode 3
Event: 1.744 Thread 0x000001e59f55bd10 DEOPT PACKING pc=0x000001e5965ed917 sp=0x0000004210aff2f0
Event: 1.744 Thread 0x000001e59f55bd10 DEOPT UNPACKING pc=0x000001e5960b7143 sp=0x0000004210afe748 mode 3
Event: 1.785 Thread 0x000001e59f592160 DEOPT PACKING pc=0x000001e5968146ab sp=0x0000004210cfe710
Event: 1.785 Thread 0x000001e59f592160 DEOPT UNPACKING pc=0x000001e5960b7143 sp=0x0000004210cfdc58 mode 3

Classes unloaded (0 events):
No events

Classes redefined (0 events):
No events

Internal exceptions (20 events):
Event: 1.802 Thread 0x000001e59f59d470 Exception <a 'sun/nio/fs/WindowsException'{0x00000000e8e4bab0}> (0x00000000e8e4bab0) 
thrown [s\src\hotspot\share\prims\jni.cpp, line 516]
Event: 1.802 Thread 0x000001e59f59d470 Exception <a 'sun/nio/fs/WindowsException'{0x00000000e8e4be80}> (0x00000000e8e4be80) 
thrown [s\src\hotspot\share\prims\jni.cpp, line 516]
Event: 1.802 Thread 0x000001e59f59d470 Exception <a 'sun/nio/fs/WindowsException'{0x00000000e8e4c8b8}> (0x00000000e8e4c8b8) 
thrown [s\src\hotspot\share\prims\jni.cpp, line 516]
Event: 1.802 Thread 0x000001e59f59d470 Exception <a 'sun/nio/fs/WindowsException'{0x00000000e8e4ccc0}> (0x00000000e8e4ccc0) 
thrown [s\src\hotspot\share\prims\jni.cpp, line 516]
Event: 1.802 Thread 0x000001e59f59d470 Exception <a 'sun/nio/fs/WindowsException'{0x00000000e8e4d6d0}> (0x00000000e8e4d6d0) 
thrown [s\src\hotspot\share\prims\jni.cpp, line 516]
Event: 1.802 Thread 0x000001e59f59d470 Exception <a 'sun/nio/fs/WindowsException'{0x00000000e8e4daa8}> (0x00000000e8e4daa8) 
thrown [s\src\hotspot\share\prims\jni.cpp, line 516]
Event: 1.802 Thread 0x000001e59f59d470 Exception <a 'sun/nio/fs/WindowsException'{0x00000000e8e4e490}> (0x00000000e8e4e490) 
thrown [s\src\hotspot\share\prims\jni.cpp, line 516]
Event: 1.802 Thread 0x000001e59f59d470 Exception <a 'sun/nio/fs/WindowsException'{0x00000000e8e4e830}> (0x00000000e8e4e830) 
thrown [s\src\hotspot\share\prims\jni.cpp, line 516]
Event: 1.803 Thread 0x000001e59f59d470 Exception <a 'sun/nio/fs/WindowsException'{0x00000000e8e4f228}> (0x00000000e8e4f228) 
thrown [s\src\hotspot\share\prims\jni.cpp, line 516]
Event: 1.803 Thread 0x000001e59f59d470 Exception <a 'sun/nio/fs/WindowsException'{0x00000000e8e4f5e0}> (0x00000000e8e4f5e0) 
thrown [s\src\hotspot\share\prims\jni.cpp, line 516]
Event: 1.803 Thread 0x000001e59f59d470 Exception <a 'sun/nio/fs/WindowsException'{0x00000000e8e4ffc8}> (0x00000000e8e4ffc8) 
thrown [s\src\hotspot\share\prims\jni.cpp, line 516]
Event: 1.803 Thread 0x000001e59f59d470 Exception <a 'sun/nio/fs/WindowsException'{0x00000000e8e50370}> (0x00000000e8e50370) 
thrown [s\src\hotspot\share\prims\jni.cpp, line 516]
Event: 1.803 Thread 0x000001e59f59d470 Exception <a 'sun/nio/fs/WindowsException'{0x00000000e8e50d68}> (0x00000000e8e50d68) 
thrown [s\src\hotspot\share\prims\jni.cpp, line 516]
Event: 1.803 Thread 0x000001e59f59d470 Exception <a 'sun/nio/fs/WindowsException'{0x00000000e8e51120}> (0x00000000e8e51120) 
thrown [s\src\hotspot\share\prims\jni.cpp, line 516]
Event: 1.803 Thread 0x000001e59f59d470 Exception <a 'sun/nio/fs/WindowsException'{0x00000000e8e51b30}> (0x00000000e8e51b30) 
thrown [s\src\hotspot\share\prims\jni.cpp, line 516]
Event: 1.803 Thread 0x000001e59f59d470 Exception <a 'sun/nio/fs/WindowsException'{0x00000000e8e51f08}> (0x00000000e8e51f08) 
thrown [s\src\hotspot\share\prims\jni.cpp, line 516]
Event: 1.803 Thread 0x000001e59f59d470 Exception <a 'sun/nio/fs/WindowsException'{0x00000000e8e52930}> (0x00000000e8e52930) 
thrown [s\src\hotspot\share\prims\jni.cpp, line 516]
Event: 1.803 Thread 0x000001e59f59d470 Exception <a 'sun/nio/fs/WindowsException'{0x00000000e8e52d20}> (0x00000000e8e52d20) 
thrown [s\src\hotspot\share\prims\jni.cpp, line 516]
Event: 1.803 Thread 0x000001e59f59d470 Exception <a 'sun/nio/fs/WindowsException'{0x00000000e8e53740}> (0x00000000e8e53740) 
thrown [s\src\hotspot\share\prims\jni.cpp, line 516]
Event: 1.803 Thread 0x000001e59f59d470 Exception <a 'sun/nio/fs/WindowsException'{0x00000000e8e53b28}> (0x00000000e8e53b28) 
thrown [s\src\hotspot\share\prims\jni.cpp, line 516]

VM Operations (20 events):
Event: 1.928 Executing VM operation: G1CollectForAllocation done
Event: 2.052 Executing VM operation: G1CollectForAllocation
Event: 2.062 Executing VM operation: G1CollectForAllocation done
Event: 2.106 Executing VM operation: G1CollectForAllocation
Event: 2.106 Executing VM operation: G1CollectForAllocation done
Event: 2.107 Executing VM operation: G1CollectForAllocation
Event: 2.123 Executing VM operation: G1CollectForAllocation done
Event: 2.128 Executing VM operation: HandshakeAllThreads
Event: 2.130 Executing VM operation: HandshakeAllThreads done
Event: 2.130 Executing VM operation: G1CollectForAllocation
Event: 2.133 Executing VM operation: G1CollectForAllocation done
Event: 2.137 Executing VM operation: CollectForMetadataAllocation
Event: 2.137 Executing VM operation: CollectForMetadataAllocation done
Event: 2.137 Executing VM operation: CollectForMetadataAllocation
Event: 2.137 Executing VM operation: CollectForMetadataAllocation done
Event: 2.137 Executing VM operation: G1CollectForAllocation
Event: 2.138 Executing VM operation: G1CollectForAllocation done
Event: 2.146 Executing VM operation: G1CollectForAllocation
Event: 2.146 Executing VM operation: G1CollectForAllocation done
Event: 2.147 Executing VM operation: G1CollectForAllocation

Events (20 events):
Event: 1.857 loading class java/util/stream/Collectors$1PairBox
Event: 1.857 loading class java/util/stream/Collectors$1PairBox done
Event: 1.858 loading class java/util/concurrent/locks/AbstractQueuedSynchronizer$SharedNode
Event: 1.858 loading class java/util/concurrent/locks/AbstractQueuedSynchronizer$SharedNode done
Event: 1.858 loading class jdk/internal/module/SystemModuleFinders$ModuleContentSpliterator
Event: 1.858 loading class jdk/internal/module/SystemModuleFinders$ModuleContentSpliterator done
Event: 1.858 loading class jdk/internal/jimage/ImageReader$Directory
Event: 1.858 loading class jdk/internal/jimage/ImageReader$Node
Event: 1.858 loading class jdk/internal/jimage/ImageReader$Node done
Event: 1.858 loading class jdk/internal/jimage/ImageReader$Directory done
Event: 1.858 loading class jdk/internal/jimage/ImageReader$SharedImageReader$LocationVisitor
Event: 1.858 loading class jdk/internal/jimage/ImageReader$SharedImageReader$LocationVisitor done
Event: 1.858 loading class java/nio/ByteBufferAsIntBufferL
Event: 1.858 loading class java/nio/ByteBufferAsIntBufferL done
Event: 1.859 loading class jdk/internal/jimage/ImageReader$Resource
Event: 1.859 loading class jdk/internal/jimage/ImageReader$Resource done
Event: 1.859 loading class java/util/stream/LongStream
Event: 1.859 loading class java/util/stream/LongStream done
Event: 1.859 loading class java/util/stream/DoubleStream
Event: 1.859 loading class java/util/stream/DoubleStream done


Dynamic libraries:
0x00007ff772f50000 - 0x00007ff772f5e000 	c:\Users\kirus\.vscode\extensions\redhat.java-1.15.0-win32-x64\jre\17.0.6-win32-x86_64\bin\java.exe
0x00007ff818310000 - 0x00007ff818508000 	C:\Windows\SYSTEM32\ntdll.dll
0x00007ff817590000 - 0x00007ff81764f000 	C:\Windows\System32\KERNEL32.DLL
0x00007ff815a00000 - 0x00007ff815cd2000 	C:\Windows\System32\KERNELBASE.dll
0x00007ff815e40000 - 0x00007ff815f40000 	C:\Windows\System32\ucrtbase.dll
0x00007fffd5510000 - 0x00007fffd5527000 	c:\Users\kirus\.vscode\extensions\redhat.java-1.15.0-win32-x64\jre\17.0.6-win32-x86_64\bin\jli.dll
0x00007fffd5530000 - 0x00007fffd5549000 	c:\Users\kirus\.vscode\extensions\redhat.java-1.15.0-win32-x64\jre\17.0.6-win32-x86_64\bin\VCRUNTIME140.dll
0x00007ff8169d0000 - 0x00007ff816b71000 	C:\Windows\System32\USER32.dll
0x00007ff8160c0000 - 0x00007ff8160e2000 	C:\Windows\System32\win32u.dll
0x00007ff801270000 - 0x00007ff80150a000 	C:\Windows\WinSxS\amd64_microsoft.windows.common-controls_6595b64144ccf1df_6.0.19041.1110_none_60b5254171f9507e\COMCTL32.dll
0x00007ff817730000 - 0x00007ff81775b000 	C:\Windows\System32\GDI32.dll
0x00007ff817900000 - 0x00007ff81799e000 	C:\Windows\System32\msvcrt.dll
0x00007ff8160f0000 - 0x00007ff8161ff000 	C:\Windows\System32\gdi32full.dll
0x00007ff816200000 - 0x00007ff81629d000 	C:\Windows\System32\msvcp_win.dll
0x00007ff817760000 - 0x00007ff817792000 	C:\Windows\System32\IMM32.DLL
0x00007ffff9420000 - 0x00007ffff942c000 	c:\Users\kirus\.vscode\extensions\redhat.java-1.15.0-win32-x64\jre\17.0.6-win32-x86_64\bin\vcruntime140_1.dll
0x00007fffb5670000 - 0x00007fffb5701000 	c:\Users\kirus\.vscode\extensions\redhat.java-1.15.0-win32-x64\jre\17.0.6-win32-x86_64\bin\msvcp140.dll
0x00007fff91be0000 - 0x00007fff92827000 	c:\Users\kirus\.vscode\extensions\redhat.java-1.15.0-win32-x64\jre\17.0.6-win32-x86_64\bin\server\jvm.dll
0x00007ff817330000 - 0x00007ff8173de000 	C:\Windows\System32\ADVAPI32.dll
0x00007ff816c90000 - 0x00007ff816d2c000 	C:\Windows\System32\sechost.dll
0x00007ff816d90000 - 0x00007ff816eb5000 	C:\Windows\System32\RPCRT4.dll
0x00007ff8007b0000 - 0x00007ff8007b9000 	C:\Windows\SYSTEM32\WSOCK32.dll
0x00007ff8071c0000 - 0x00007ff8071e7000 	C:\Windows\SYSTEM32\WINMM.dll
0x00007ff80ffc0000 - 0x00007ff80ffca000 	C:\Windows\SYSTEM32\VERSION.dll
0x00007ff816c00000 - 0x00007ff816c6b000 	C:\Windows\System32\WS2_32.dll
0x00007ff8138a0000 - 0x00007ff8138b2000 	C:\Windows\SYSTEM32\kernel.appcore.dll
0x00007ffff8f90000 - 0x00007ffff8f9a000 	c:\Users\kirus\.vscode\extensions\redhat.java-1.15.0-win32-x64\jre\17.0.6-win32-x86_64\bin\jimage.dll
0x00007ff80f560000 - 0x00007ff80f744000 	C:\Windows\SYSTEM32\DBGHELP.DLL
0x00007ff80f500000 - 0x00007ff80f535000 	C:\Windows\SYSTEM32\dbgcore.DLL
0x00007ff815fc0000 - 0x00007ff816042000 	C:\Windows\System32\bcryptPrimitives.dll
0x00007fffd1ea0000 - 0x00007fffd1ec5000 	c:\Users\kirus\.vscode\extensions\redhat.java-1.15.0-win32-x64\jre\17.0.6-win32-x86_64\bin\java.dll
0x00007fffd1e00000 - 0x00007fffd1e18000 	c:\Users\kirus\.vscode\extensions\redhat.java-1.15.0-win32-x64\jre\17.0.6-win32-x86_64\bin\zip.dll
0x00007ff817a50000 - 0x00007ff818195000 	C:\Windows\System32\SHELL32.dll
0x00007ff813aa0000 - 0x00007ff814232000 	C:\Windows\SYSTEM32\windows.storage.dll
0x00007ff816ec0000 - 0x00007ff817215000 	C:\Windows\System32\combase.dll
0x00007ff8152a0000 - 0x00007ff8152d0000 	C:\Windows\SYSTEM32\Wldp.dll
0x00007ff8179a0000 - 0x00007ff817a4d000 	C:\Windows\System32\SHCORE.dll
0x00007ff8172d0000 - 0x00007ff817325000 	C:\Windows\System32\shlwapi.dll
0x00007ff815940000 - 0x00007ff81595f000 	C:\Windows\SYSTEM32\profapi.dll
0x00007fffd1de0000 - 0x00007fffd1df9000 	C:\Users\kirus\.vscode\extensions\redhat.java-1.15.0-win32-x64\jre\17.0.6-win32-x86_64\bin\net.dll
0x00007ff8116b0000 - 0x00007ff8117bc000 	C:\Windows\SYSTEM32\WINHTTP.dll
0x00007ff815080000 - 0x00007ff8150ea000 	C:\Windows\system32\mswsock.dll
0x00007fffc6590000 - 0x00007fffc65a5000 	C:\Users\kirus\.vscode\extensions\redhat.java-1.15.0-win32-x64\jre\17.0.6-win32-x86_64\bin\nio.dll
0x00007fffeb1c0000 - 0x00007fffeb1d0000 	c:\Users\kirus\.vscode\extensions\redhat.java-1.15.0-win32-x64\jre\17.0.6-win32-x86_64\bin\verify.dll
0x00007ff815650000 - 0x00007ff815668000 	C:\Windows\SYSTEM32\CRYPTSP.dll
0x00007ff8149c0000 - 0x00007ff8149f4000 	C:\Windows\system32\rsaenh.dll
0x00007ff815f90000 - 0x00007ff815fb7000 	C:\Windows\System32\bcrypt.dll
0x00007ff8158c0000 - 0x00007ff8158ee000 	C:\Windows\SYSTEM32\USERENV.dll
0x00007ff815210000 - 0x00007ff81521c000 	C:\Windows\SYSTEM32\CRYPTBASE.dll
0x00007ff814d90000 - 0x00007ff814dcb000 	C:\Windows\SYSTEM32\IPHLPAPI.DLL
0x00007ff816c80000 - 0x00007ff816c88000 	C:\Windows\System32\NSI.dll
0x00007ff811f20000 - 0x00007ff811f37000 	C:\Windows\SYSTEM32\dhcpcsvc6.DLL
0x00007ff811db0000 - 0x00007ff811dcd000 	C:\Windows\SYSTEM32\dhcpcsvc.DLL
0x00007ff814dd0000 - 0x00007ff814e9b000 	C:\Windows\SYSTEM32\DNSAPI.dll
0x00007ff810bb0000 - 0x00007ff810bb9000 	C:\Users\kirus\.vscode\extensions\redhat.java-1.15.0-win32-x64\jre\17.0.6-win32-x86_64\bin\management.dll
0x00007ff810ba0000 - 0x00007ff810bab000 	C:\Users\kirus\.vscode\extensions\redhat.java-1.15.0-win32-x64\jre\17.0.6-win32-x86_64\bin\management_ext.dll
0x00007ff8169c0000 - 0x00007ff8169c8000 	C:\Windows\System32\PSAPI.DLL

dbghelp: loaded successfully - version: 4.0.5 - missing functions: none
symbol engine: initialized successfully - sym options: 0x614 - pdb path: .;c:\Users\kirus\.vscode\extensions\redhat.java-1.15.0-win32-x64\jre\17.0.6-win32-x86_64\bin;C:\Windows\SYSTEM32;C:\Windows\WinSxS\amd64_microsoft.windows.common-controls_6595b64144ccf1df_6.0.19041.1110_none_60b5254171f9507e;c:\Users\kirus\.vscode\extensions\redhat.java-1.15.0-win32-x64\jre\17.0.6-win32-x86_64\bin\server

VM Arguments:
jvm_args: -XX:+HeapDumpOnOutOfMemoryError -Xmx1024m -Dsts.lsp.client=vscode -Dsts.log.file=/dev/null -XX:TieredStopAtLevel=1 -Xlog:jni+resolve=off -Dspring.config.location=file:c:\Users\kirus\.vscode\extensions\vmware.vscode-spring-boot-1.44.0\language-server\BOOT-INF\classes\application.properties -Xmx512M 
java_command: org.springframework.ide.vscode.boot.app.BootLanguageServerBootApp
java_class_path (initial): c:\Users\kirus\.vscode\extensions\vmware.vscode-spring-boot-1.44.0\language-server\BOOT-INF\classes;c:\Users\kirus\.vscode\extensions\vmware.vscode-spring-boot-1.44.0\language-server\BOOT-INF\lib\annotations-24.0.0.jar;c:\Users\kirus\.vscode\extensions\vmware.vscode-spring-boot-1.44.0\language-server\BOOT-INF\lib\ant-1.10.13.jar;c:\Users\kirus\.vscode\extensions\vmware.vscode-spring-boot-1.44.0\language-server\BOOT-INF\lib\ant-launcher-1.10.13.jar;c:\Users\kirus\.vscode\extensions\vmware.vscode-spring-boot-1.44.0\language-server\BOOT-INF\lib\antlr-runtime-3.5.2.jar;c:\Users\kirus\.vscode\extensions\vmware.vscode-spring-boot-1.44.0\language-server\BOOT-INF\lib\antlr4-4.9.3.jar;c:\Users\kirus\.vscode\extensions\vmware.vscode-spring-boot-1.44.0\language-server\BOOT-INF\lib\antlr4-runtime-4.9.3.jar;c:\Users\kirus\.vscode\extensions\vmware.vscode-spring-boot-1.44.0\language-server\BOOT-INF\lib\apiguardian-api-1.1.2.jar;c:\Users\kirus\.vscode\extensions\vmware.vscode-spring-boot-1.44.0\language-server\BOOT-INF\lib\asm-9.4.jar;c:\Users\kirus\.vscode\extensions\vmware.vscode-spring-boot-1.44.0\language-server\BOOT-INF\lib\asm-analysis-9.4.jar;c:\Users\kirus\.vscode\extensions\vmware.vscode-spring-boot-1.44.0\language-server\BOOT-INF\lib\asm-tree-9.4.jar;c:\Users\kirus\.vscode\extensions\vmware.vscode-spring-boot-1.44.0\language-server\BOOT-INF\lib\asm-util-9.4.jar;c:\Users\kirus\.vscode\extensions\vmware.vscode-spring-boot-1.44.0\language-server\BOOT-INF\lib\caffeine-3.1.2.jar;c:\Users\kirus\.vscode\extensions\vmware.vscode-spring-boot-1.44.0\language-server\BOOT-INF\lib\checker-qual-3.12.0.jar;c:\Users\kirus\.vscode\extensions\vmware.vscode-spring-boot-1.44.0\language-server\BOOT-INF\lib\ci-environment-9.1.0.jar;c:\Users\kirus\.vscode\extensions\vmware.vscode-spring-boot-1.44.0\language-server\BOOT-INF\lib\classgraph-4.8.149.jar;c:\Users\kirus\.vscode\extensions\vmware.vscode-spring-boot-1.44.0\language-server\BOOT-INF\lib\commons-codec-1.15.ja
Launcher Type: SUN_STANDARD

[Global flags]
     intx CICompilerCount                          = 4                                         {product} {ergonomic}
     uint ConcGCThreads                            = 3                                         {product} {ergonomic}
     uint G1ConcRefinementThreads                  = 10                                        {product} {ergonomic}
   size_t G1HeapRegionSize                         = 1048576                                   {product} {ergonomic}
    uintx GCDrainStackTargetSize                   = 64                                        {product} {ergonomic}
     bool HeapDumpOnOutOfMemoryError               = true                                   {manageable} {command line}
   size_t InitialHeapSize                          = 268435456                                 {product} {ergonomic}
   size_t MarkStackSize                            = 4194304                                   {product} {ergonomic}
   size_t MaxHeapSize                              = 536870912                                 {product} {command line}
   size_t MaxNewSize                               = 321912832                                 {product} {ergonomic}
   size_t MinHeapDeltaBytes                        = 1048576                                   {product} {ergonomic}
   size_t MinHeapSize                              = 8388608                                   {product} {ergonomic}
    uintx NonProfiledCodeHeapSize                  = 0                                      {pd product} {ergonomic}
     bool ProfileInterpreter                       = false                                  {pd product} {command line}
    uintx ProfiledCodeHeapSize                     = 0                                      {pd product} {ergonomic}
   size_t SoftMaxHeapSize                          = 536870912                              {manageable} {ergonomic}
     intx TieredStopAtLevel                        = 1                                         {product} {command line}
     bool UseCompressedClassPointers               = true                           {product lp64_product} {ergonomic}
     bool UseCompressedOops                        = true                           {product lp64_product} {ergonomic}
     bool UseG1GC                                  = true                                      {product} {ergonomic}
     bool UseLargePagesIndividualAllocation        = false                                  {pd product} {ergonomic}

Logging:
Log output configuration:
 #0: stdout all=warning,jni+resolve=off uptime,level,tags
 #1: stderr all=off uptime,level,tags

Environment Variables:
JAVA_HOME=C:\Program Files\Eclipse Adoptium\jdk-17.0.6.10-hotspot\
_JAVA_OPTIONS=-Xmx512M
PATH=C:\Program Files\Eclipse Adoptium\jdk-17.0.6.10-hotspot\bin;C:\Program Files (x86)\Common Files\Oracle\Java\javapath;c:\program files (x86)\common files\intel\shared libraries\redist\intel64\compiler;c:\programdata\oracle\java\javapath;c:\windows\system32;c:\windows;c:\windows\system32\wbem;c:\windows\system32\windowspowershell\v1.0\;c:\windows\system32\openssh\;c:\program files (x86)\ati technologies\ati.ace\core-static;c:\program files (x86)\amd\ati.ace\core-static;c:\program files\nvidia corporation\nvidia nvdlisr;C:\Program Files (x86)\NVIDIA Corporation\PhysX\Common;C:\Program Files\Microsoft SQL Server\150\Tools\Binn\;C:\Program Files\Microsoft SQL Server\Client SDK\ODBC\170\Tools\Binn\;C:\Program Files\Azure Data Studio\bin;C:\Program Files (x86)\Microsoft SQL Server\150\DTS\Binn\;C:\Program Files\Git\cmd;C:\Program Files\dotnet\;C:\Program Files\Docker\Docker\resources\bin;C:\Users\kirus\AppData\Local\Microsoft\WindowsApps;C:\Program Files\Azure Data Studio\bin;C:\Users\kirus\AppData\Local\Programs\Microsoft VS Code\bin;C:\Users\kirus\.dotnet\tools
USERNAME=kirus
OS=Windows_NT
PROCESSOR_IDENTIFIER=Intel64 Family 6 Model 165 Stepping 5, GenuineIntel
TMP=C:\Users\kirus\AppData\Local\Temp
TEMP=C:\Users\kirus\AppData\Local\Temp



---------------  S Y S T E M  ---------------

OS:
 Windows 10 , 64 bit Build 19041 (10.0.19041.2546)
OS uptime: 1 days 1:13 hours
Hyper-V role detected

CPU: total 12 (initial active 12) (6 cores per cpu, 2 threads per core) family 6 model 165 stepping 5 microcode 0xca, cx8, cmov, fxsr, ht, mmx, 3dnowpref, sse, sse2, sse3, ssse3, sse4.1, sse4.2, popcnt, lzcnt, tsc, tscinvbit, avx, avx2, aes, erms, clmul, bmi1, bmi2, adx, fma, vzeroupper, clflush, clflushopt, hv

Memory: 4k page, system-wide physical 16292M (2169M free)
TotalPageFile size 18340M (AvailPageFile size 56M)
current process WorkingSet (physical memory assigned to process): 250M, peak: 250M
current process commit charge ("private bytes"): 298M, peak: 382M

vm_info: OpenJDK 64-Bit Server VM (17.0.6+10) for windows-amd64 JRE (17.0.6+10), built on Jan 18 2023 10:08:59 by "temurin" with MS VC++ 16.7 (VS2019)

END.
