#
# There is insufficient memory for the Java Runtime Environment to continue.
# Native memory allocation (malloc) failed to allocate 2099216 bytes for Chunk::new
# Possible reasons:
#   The system is out of physical RAM or swap space
#   The process is running with CompressedOops enabled, and the Java Heap may be blocking the growth of the native heap
# Possible solutions:
#   Reduce memory load on the system
#   Increase physical memory or swap space
#   Check if swap backing store is full
#   Decrease Java heap size (-Xmx/-Xms)
#   Decrease number of Java threads
#   Decrease Java thread stack sizes (-Xss)
#   Set larger code cache with -XX:ReservedCodeCacheSize=
#   JVM is running with Unscaled Compressed Oops mode in which the Java heap is
#     placed in the first 4GB address space. The Java Heap base address is the
#     maximum limit for the native heap growth. Please use -XX:HeapBaseMinAddress
#     to set the Java Heap base and to place the Java Heap above 4GB virtual address.
# This output file may be truncated or incomplete.
#
#  Out of Memory Error (arena.cpp:189), pid=16464, tid=20084
#
# JRE version: OpenJDK Runtime Environment Temurin-17.0.6+10 (17.0.6+10) (build 17.0.6+10)
# Java VM: OpenJDK 64-Bit Server VM Temurin-17.0.6+10 (17.0.6+10, mixed mode, tiered, compressed oops, compressed class ptrs, parallel gc, windows-amd64)
# No core dump will be written. Minidumps are not enabled by default on client versions of Windows
#

---------------  S U M M A R Y ------------

Command Line: --add-modules=ALL-SYSTEM --add-opens=java.base/java.util=ALL-UNNAMED --add-opens=java.base/java.lang=ALL-UNNAMED --add-opens=java.base/sun.nio.fs=ALL-UNNAMED -Declipse.application=org.eclipse.jdt.ls.core.id1 -Dosgi.bundles.defaultStartLevel=4 -Declipse.product=org.eclipse.jdt.ls.core.product -Djava.import.generatesMetadataFilesAtProjectRoot=false -Dfile.encoding=utf8 -XX:+UseParallelGC -XX:GCTimeRatio=4 -XX:AdaptiveSizePolicyWeight=90 -Dsun.zip.disableMemoryMapping=true -Xmx4G -Xms100m -Xlog:disable -javaagent:c:\Users\kirus\.vscode\extensions\redhat.java-1.15.0-win32-x64\lombok\lombok-1.18.24.jar -XX:+HeapDumpOnOutOfMemoryError -XX:HeapDumpPath=c:\Users\kirus\AppData\Roaming\Code\User\workspaceStorage\22f2343e581199575215308d8e975055\redhat.java -Xmx512M c:\Users\kirus\.vscode\extensions\redhat.java-1.15.0-win32-x64\server\plugins\org.eclipse.equinox.launcher_1.6.400.v20210924-0641.jar -configuration c:\Users\kirus\AppData\Roaming\Code\User\globalStorage\redhat.java\1.15.0\config_win -data c:\Users\kirus\AppData\Roaming\Code\User\workspaceStorage\22f2343e581199575215308d8e975055\redhat.java\jdt_ws

Host: Intel(R) Core(TM) i5-10600KF CPU @ 4.10GHz, 12 cores, 15G,  Windows 10 , 64 bit Build 19041 (10.0.19041.2546)
Time: Sat Feb 25 23:38:16 2023 RTZ 2 (s 10 , 64 bit Build 19041 (10.0.19041.2546) elapsed time: 7.776811 seconds (0d 0h 0m 7s)

---------------  T H R E A D  ---------------

Current thread (0x0000023d17895ef0):  JavaThread "C2 CompilerThread0" daemon [_thread_in_native, id=20084, stack(0x0000005966a00000,0x0000005966b00000)]


Current CompileTask:
C2:   7776 7909 %     4       org.objectweb.asm.SymbolTable::<init> @ 98 (536 bytes)

Stack: [0x0000005966a00000,0x0000005966b00000]
Native frames: (J=compiled Java code, j=interpreted, Vv=VM code, C=native code)
V  [jvm.dll+0x67741a]
V  [jvm.dll+0x834434]
V  [jvm.dll+0x835bde]
V  [jvm.dll+0x836243]
V  [jvm.dll+0x2457b5]
V  [jvm.dll+0xabafc]
V  [jvm.dll+0xac0cc]
V  [jvm.dll+0x363492]
V  [jvm.dll+0x32dda1]
V  [jvm.dll+0x32d24a]
V  [jvm.dll+0x2185f1]
V  [jvm.dll+0x217a11]
V  [jvm.dll+0x1a3d0d]
V  [jvm.dll+0x22742a]
V  [jvm.dll+0x225565]
V  [jvm.dll+0x7ea2cb]
V  [jvm.dll+0x7e483a]
V  [jvm.dll+0x6762c5]
C  [ucrtbase.dll+0x21bb2]
C  [KERNEL32.DLL+0x17614]
C  [ntdll.dll+0x526a1]


---------------  P R O C E S S  ---------------

Threads class SMR info:
_java_thread_list=0x0000023d1fcec060, length=41, elements={
0x0000023d03261440, 0x0000023d030c5610, 0x0000023d030c6610, 0x0000023d1786adc0,
0x0000023d1786dd50, 0x0000023d17889140, 0x0000023d178936d0, 0x0000023d17895ef0,
0x0000023d17896400, 0x0000023d17896910, 0x0000023d179af010, 0x0000023d17bf86d0,
0x0000023d1a1f95d0, 0x0000023d19105ec0, 0x0000023d1a617060, 0x0000023d1a79e010,
0x0000023d1a1be8d0, 0x0000023d1a4ff440, 0x0000023d1a820460, 0x0000023d1a821c70,
0x0000023d1a820e00, 0x0000023d1a81f5f0, 0x0000023d1a822fb0, 0x0000023d1a822610,
0x0000023d1a81fac0, 0x0000023d1a822140, 0x0000023d1fec2b20, 0x0000023d193612b0,
0x0000023d1c7621b0, 0x0000023d1c760e70, 0x0000023d1c766510, 0x0000023d1c764830,
0x0000023d1c766040, 0x0000023d1c762680, 0x0000023d1c762b50, 0x0000023d1c761ce0,
0x0000023d1c7604d0, 0x0000023d1c763020, 0x0000023d1c761340, 0x0000023d1c767380,
0x0000023d1c767850
}

Java Threads: ( => current thread )
  0x0000023d03261440 JavaThread "main" [_thread_blocked, id=6892, stack(0x0000005966100000,0x0000005966200000)]
  0x0000023d030c5610 JavaThread "Reference Handler" daemon [_thread_blocked, id=20240, stack(0x0000005966400000,0x0000005966500000)]
  0x0000023d030c6610 JavaThread "Finalizer" daemon [_thread_blocked, id=10568, stack(0x0000005966500000,0x0000005966600000)]
  0x0000023d1786adc0 JavaThread "Signal Dispatcher" daemon [_thread_blocked, id=17876, stack(0x0000005966600000,0x0000005966700000)]
  0x0000023d1786dd50 JavaThread "Attach Listener" daemon [_thread_blocked, id=20464, stack(0x0000005966700000,0x0000005966800000)]
  0x0000023d17889140 JavaThread "Service Thread" daemon [_thread_blocked, id=22312, stack(0x0000005966800000,0x0000005966900000)]
  0x0000023d178936d0 JavaThread "Monitor Deflation Thread" daemon [_thread_blocked, id=14896, stack(0x0000005966900000,0x0000005966a00000)]
=>0x0000023d17895ef0 JavaThread "C2 CompilerThread0" daemon [_thread_in_native, id=20084, stack(0x0000005966a00000,0x0000005966b00000)]
  0x0000023d17896400 JavaThread "C1 CompilerThread0" daemon [_thread_blocked, id=16628, stack(0x0000005966b00000,0x0000005966c00000)]
  0x0000023d17896910 JavaThread "Sweeper thread" daemon [_thread_blocked, id=22020, stack(0x0000005966c00000,0x0000005966d00000)]
  0x0000023d179af010 JavaThread "Common-Cleaner" daemon [_thread_blocked, id=7604, stack(0x0000005966d00000,0x0000005966e00000)]
  0x0000023d17bf86d0 JavaThread "Notification Thread" daemon [_thread_blocked, id=21840, stack(0x0000005966f00000,0x0000005967000000)]
  0x0000023d1a1f95d0 JavaThread "Active Thread: Equinox Container: 4d40b2f9-202f-4438-88e8-9e7c24e3af53" [_thread_blocked, id=19144, stack(0x0000005967800000,0x0000005967900000)]
  0x0000023d19105ec0 JavaThread "Framework Event Dispatcher: Equinox Container: 4d40b2f9-202f-4438-88e8-9e7c24e3af53" daemon [_thread_blocked, id=16524, stack(0x0000005967900000,0x0000005967a00000)]
  0x0000023d1a617060 JavaThread "Start Level: Equinox Container: 4d40b2f9-202f-4438-88e8-9e7c24e3af53" daemon [_thread_blocked, id=17272, stack(0x0000005967a00000,0x0000005967b00000)]
  0x0000023d1a79e010 JavaThread "SCR Component Actor" daemon [_thread_blocked, id=12596, stack(0x0000005967b00000,0x0000005967c00000)]
  0x0000023d1a1be8d0 JavaThread "Worker-JM" [_thread_blocked, id=19532, stack(0x0000005967e00000,0x0000005967f00000)]
  0x0000023d1a4ff440 JavaThread "Worker-0" [_thread_blocked, id=1336, stack(0x0000005968100000,0x0000005968200000)]
  0x0000023d1a820460 JavaThread "Worker-1" [_thread_blocked, id=12740, stack(0x0000005968200000,0x0000005968300000)]
  0x0000023d1a821c70 JavaThread "Java indexing" daemon [_thread_blocked, id=15348, stack(0x0000005968300000,0x0000005968400000)]
  0x0000023d1a820e00 JavaThread "JNA Cleaner" daemon [_thread_blocked, id=2560, stack(0x0000005968400000,0x0000005968500000)]
  0x0000023d1a81f5f0 JavaThread "pool-2-thread-1" [_thread_blocked, id=15436, stack(0x0000005968700000,0x0000005968800000)]
  0x0000023d1a822fb0 JavaThread "pool-1-thread-1" [_thread_in_native, id=7488, stack(0x0000005968800000,0x0000005968900000)]
  0x0000023d1a822610 JavaThread "Worker-2" [_thread_blocked, id=18824, stack(0x0000005968900000,0x0000005968a00000)]
  0x0000023d1a81fac0 JavaThread "Keep-Alive-Timer" daemon [_thread_blocked, id=18188, stack(0x0000005968b00000,0x0000005968c00000)]
  0x0000023d1a822140 JavaThread "Timer-0" [_thread_blocked, id=1056, stack(0x0000005966e00000,0x0000005966f00000)]
  0x0000023d1fec2b20 JavaThread "C2 CompilerThread1" daemon [_thread_in_native, id=12312, stack(0x0000005968c00000,0x0000005968d00000)]
  0x0000023d193612b0 JavaThread "C2 CompilerThread2" daemon [_thread_in_native, id=10528, stack(0x0000005968d00000,0x0000005968e00000)]
  0x0000023d1c7621b0 JavaThread "Exec process" [_thread_blocked, id=10012, stack(0x0000005968e00000,0x0000005968f00000)]
  0x0000023d1c760e70 JavaThread "Exec process Thread 2" [_thread_blocked, id=16472, stack(0x0000005968f00000,0x0000005969000000)]
  0x0000023d1c766510 JavaThread "Exec process Thread 3" [_thread_blocked, id=20584, stack(0x0000005969000000,0x0000005969100000)]
  0x0000023d1c764830 JavaThread "Timer-1" [_thread_blocked, id=21936, stack(0x0000005967100000,0x0000005967200000)]
  0x0000023d1c766040 JavaThread "Timer-2" [_thread_blocked, id=20380, stack(0x0000005969100000,0x0000005969200000)]
  0x0000023d1c762680 JavaThread "Worker-3" [_thread_blocked, id=19504, stack(0x0000005969200000,0x0000005969300000)]
  0x0000023d1c762b50 JavaThread "ForkJoinPool.commonPool-worker-1" daemon [_thread_blocked, id=12920, stack(0x0000005969300000,0x0000005969400000)]
  0x0000023d1c761ce0 JavaThread "ForkJoinPool.commonPool-worker-2" daemon [_thread_blocked, id=19016, stack(0x0000005967d00000,0x0000005967e00000)]
  0x0000023d1c7604d0 JavaThread "ForkJoinPool.commonPool-worker-3" daemon [_thread_blocked, id=7916, stack(0x0000005969400000,0x0000005969500000)]
  0x0000023d1c763020 JavaThread "ForkJoinPool.commonPool-worker-4" daemon [_thread_blocked, id=17712, stack(0x0000005969500000,0x0000005969600000)]
  0x0000023d1c761340 JavaThread "ForkJoinPool.commonPool-worker-5" daemon [_thread_in_vm, id=21352, stack(0x0000005969600000,0x0000005969700000)]
  0x0000023d1c767380 JavaThread "ForkJoinPool.commonPool-worker-6" daemon [_thread_in_native, id=17204, stack(0x0000005969700000,0x0000005969800000)]
  0x0000023d1c767850 JavaThread "Bundle File Closer" daemon [_thread_blocked, id=9400, stack(0x0000005969800000,0x0000005969900000)]

Other Threads:
  0x0000023d178620a0 VMThread "VM Thread" [stack: 0x0000005966300000,0x0000005966400000] [id=21056]
  0x0000023d17bd5fc0 WatcherThread [stack: 0x0000005967000000,0x0000005967100000] [id=19944]
  0x0000023d03278600 GCTaskThread "GC Thread#0" [stack: 0x0000005966200000,0x0000005966300000] [id=14104]
  0x0000023d192e42d0 GCTaskThread "GC Thread#1" [stack: 0x0000005967200000,0x0000005967300000] [id=940]
  0x0000023d192e4580 GCTaskThread "GC Thread#2" [stack: 0x0000005967300000,0x0000005967400000] [id=3044]
  0x0000023d19259940 GCTaskThread "GC Thread#3" [stack: 0x0000005967400000,0x0000005967500000] [id=12104]
  0x0000023d19259bf0 GCTaskThread "GC Thread#4" [stack: 0x0000005967500000,0x0000005967600000] [id=14288]
  0x0000023d19259ea0 GCTaskThread "GC Thread#5" [stack: 0x0000005967600000,0x0000005967700000] [id=19176]
  0x0000023d1925a150 GCTaskThread "GC Thread#6" [stack: 0x0000005967700000,0x0000005967800000] [id=14280]
  0x0000023d1947cc60 GCTaskThread "GC Thread#7" [stack: 0x0000005967c00000,0x0000005967d00000] [id=15664]
  0x0000023d1a570e50 GCTaskThread "GC Thread#8" [stack: 0x0000005967f00000,0x0000005968000000] [id=18780]
  0x0000023d1a500590 GCTaskThread "GC Thread#9" [stack: 0x0000005968000000,0x0000005968100000] [id=14992]

Threads with active compile tasks:
C2 CompilerThread0     7792 7909 %     4       org.objectweb.asm.SymbolTable::<init> @ 98 (536 bytes)
C2 CompilerThread1     7792 7914       4       org.objectweb.asm.ClassReader::readMethod (1066 bytes)
C2 CompilerThread2     7792 7847       4       org.eclipse.jdt.internal.compiler.lookup.BinaryTypeBinding::createMethod (1719 bytes)

VM state: not at safepoint (normal execution)

VM Mutex/Monitor currently owned by a thread: None

Heap address: 0x00000000e0000000, size: 512 MB, Compressed Oops mode: 32-bit

CDS archive(s) not mapped
Compressed class space mapped at: 0x0000000100000000-0x0000000140000000, reserved size: 1073741824
Narrow klass base: 0x0000000000000000, Narrow klass shift: 3, Narrow klass range: 0x140000000

GC Precious Log:
 CPUs: 12 total, 12 available
 Memory: 16292M
 Large Page Support: Disabled
 NUMA Support: Disabled
 Compressed Oops: Enabled (32-bit)
 Alignments: Space 512K, Generation 512K, Heap 2M
 Heap Min Capacity: 100M
 Heap Initial Capacity: 100M
 Heap Max Capacity: 512M
 Pre-touch: Disabled
 Parallel Workers: 10

Heap:
 PSYoungGen      total 14336K, used 8613K [0x00000000f5580000, 0x00000000f6500000, 0x0000000100000000)
  eden space 12800K, 55% used [0x00000000f5580000,0x00000000f5c6a460,0x00000000f6200000)
  from space 1536K, 99% used [0x00000000f6380000,0x00000000f64ff1c8,0x00000000f6500000)
  to   space 1024K, 0% used [0x00000000f6280000,0x00000000f6280000,0x00000000f6380000)
 ParOldGen       total 87552K, used 67500K [0x00000000e0000000, 0x00000000e5580000, 0x00000000f5580000)
  object space 87552K, 77% used [0x00000000e0000000,0x00000000e41eb3c8,0x00000000e5580000)
 Metaspace       used 76072K, committed 77248K, reserved 1122304K
  class space    used 8599K, committed 9152K, reserved 1048576K

Card table byte_map: [0x0000023d02c10000,0x0000023d02d20000] _byte_map_base: 0x0000023d02510000

Marking Bits: (ParMarkBitMap*) 0x00007fffce253e70
 Begin Bits: [0x0000023d14ef0000, 0x0000023d156f0000)
 End Bits:   [0x0000023d156f0000, 0x0000023d15ef0000)

Polling page: 0x0000023d00ff0000

Metaspace:

Usage:
  Non-class:     65.89 MB used.
      Class:      8.40 MB used.
       Both:     74.29 MB used.

Virtual space:
  Non-class space:       72.00 MB reserved,      66.50 MB ( 92%) committed,  9 nodes.
      Class space:        1.00 GB reserved,       8.94 MB ( <1%) committed,  1 nodes.
             Both:        1.07 GB reserved,      75.44 MB (  7%) committed. 

Chunk freelists:
   Non-Class:  896.00 KB
       Class:  3.11 MB
        Both:  3.98 MB

MaxMetaspaceSize: unlimited
CompressedClassSpaceSize: 1.00 GB
Initial GC threshold: 21.00 MB
Current GC threshold: 114.69 MB
CDS: off
MetaspaceReclaimPolicy: balanced
 - commit_granule_bytes: 65536.
 - commit_granule_words: 8192.
 - virtual_space_node_default_size: 1048576.
 - enlarge_chunks_in_place: 1.
 - new_chunks_are_fully_committed: 0.
 - uncommit_free_chunks: 1.
 - use_allocation_guard: 0.
 - handle_deallocations: 1.


Internal statistics:

num_allocs_failed_limit: 9.
num_arena_births: 512.
num_arena_deaths: 14.
num_vsnodes_births: 10.
num_vsnodes_deaths: 0.
num_space_committed: 1207.
num_space_uncommitted: 0.
num_chunks_returned_to_freelist: 23.
num_chunks_taken_from_freelist: 3263.
num_chunk_merges: 10.
num_chunk_splits: 2176.
num_chunks_enlarged: 1485.
num_purges: 2.
num_inconsistent_stats: 0.

CodeHeap 'non-profiled nmethods': size=120000Kb used=4464Kb max_used=4856Kb free=115535Kb
 bounds [0x0000023d0d9c0000, 0x0000023d0dea0000, 0x0000023d14ef0000]
CodeHeap 'profiled nmethods': size=120000Kb used=13850Kb max_used=15468Kb free=106149Kb
 bounds [0x0000023d05ef0000, 0x0000023d06e10000, 0x0000023d0d420000]
CodeHeap 'non-nmethods': size=5760Kb used=1398Kb max_used=1473Kb free=4361Kb
 bounds [0x0000023d0d420000, 0x0000023d0d690000, 0x0000023d0d9c0000]
 total_blobs=7583 nmethods=6836 adapters=658
 compilation: enabled
              stopped_count=0, restarted_count=0
 full_count=0

Compilation events (20 events):
Event: 7.754 Thread 0x0000023d17896400 8313       2       org.objectweb.asm.Handler::getExceptionTableSize (10 bytes)
Event: 7.754 Thread 0x0000023d17896400 nmethod 8313 0x0000023d06293210 code [0x0000023d062933a0, 0x0000023d062934f8]
Event: 7.759 Thread 0x0000023d17896400 8314       1       org.eclipse.jdt.core.dom.ASTVisitor::visit (2 bytes)
Event: 7.759 Thread 0x0000023d17896400 nmethod 8314 0x0000023d0daaba10 code [0x0000023d0daabba0, 0x0000023d0daabc78]
Event: 7.760 Thread 0x0000023d17896400 8315 %     3       org.eclipse.jdt.internal.compiler.classfmt.ModuleInfo::readModuleAttribute @ 357 (1166 bytes)
Event: 7.764 Thread 0x0000023d17896400 nmethod 8315% 0x0000023d0673a410 code [0x0000023d0673aae0, 0x0000023d06741178]
Event: 7.764 Thread 0x0000023d17896400 8318       2       org.eclipse.jdt.internal.core.search.matching.JavaSearchNameEnvironment::addPackageNameToIndex (45 bytes)
Event: 7.764 Thread 0x0000023d17896400 nmethod 8318 0x0000023d068b8490 code [0x0000023d068b8680, 0x0000023d068b88f8]
Event: 7.764 Thread 0x0000023d17896400 8319       2       org.eclipse.jdt.internal.core.builder.ClasspathJar::hashCode (22 bytes)
Event: 7.764 Thread 0x0000023d17896400 nmethod 8319 0x0000023d06ce4c90 code [0x0000023d06ce4e40, 0x0000023d06ce4fb8]
Event: 7.764 Thread 0x0000023d17896400 8317       2       org.eclipse.jdt.internal.core.PackageFragmentRoot::getKind (11 bytes)
Event: 7.764 Thread 0x0000023d17896400 nmethod 8317 0x0000023d063bc490 code [0x0000023d063bc640, 0x0000023d063bc7a8]
Event: 7.764 Thread 0x0000023d17896400 8320       2       org.eclipse.jdt.core.compiler.CharOperation::charToString (15 bytes)
Event: 7.765 Thread 0x0000023d17896400 nmethod 8320 0x0000023d063bc090 code [0x0000023d063bc240, 0x0000023d063bc3e8]
Event: 7.768 Thread 0x0000023d17896400 8321       2       java.lang.invoke.MethodHandleNatives$CallSiteContext::run (5 bytes)
Event: 7.768 Thread 0x0000023d17896400 nmethod 8321 0x0000023d064ab310 code [0x0000023d064ab4a0, 0x0000023d064ab5c8]
Event: 7.774 Thread 0x0000023d17896400 8323       3       org.eclipse.jdt.internal.core.search.matching.JavaSearchNameEnvironment::addPackageNameToIndex (45 bytes)
Event: 7.775 Thread 0x0000023d17896400 nmethod 8323 0x0000023d0655b090 code [0x0000023d0655b2c0, 0x0000023d0655b9b8]
Event: 7.775 Thread 0x0000023d17896400 8324       2       org.eclipse.jdt.core.dom.ASTNode::hashCode (5 bytes)
Event: 7.775 Thread 0x0000023d17896400 nmethod 8324 0x0000023d064aaf90 code [0x0000023d064ab120, 0x0000023d064ab248]

GC Heap History (20 events):
Event: 7.063 GC heap before
{Heap before GC invocations=50 (full 4):
 PSYoungGen      total 17920K, used 14336K [0x00000000f5580000, 0x00000000f6a80000, 0x0000000100000000)
  eden space 14336K, 100% used [0x00000000f5580000,0x00000000f6380000,0x00000000f6380000)
  from space 3584K, 0% used [0x00000000f6700000,0x00000000f6700000,0x00000000f6a80000)
  to   space 3584K, 0% used [0x00000000f6380000,0x00000000f6380000,0x00000000f6700000)
 ParOldGen       total 87552K, used 59880K [0x00000000e0000000, 0x00000000e5580000, 0x00000000f5580000)
  object space 87552K, 68% used [0x00000000e0000000,0x00000000e3a7a328,0x00000000e5580000)
 Metaspace       used 69370K, committed 70464K, reserved 1114112K
  class space    used 7951K, committed 8448K, reserved 1048576K
}
Event: 7.064 GC heap after
{Heap after GC invocations=50 (full 4):
 PSYoungGen      total 15872K, used 1312K [0x00000000f5580000, 0x00000000f6780000, 0x0000000100000000)
  eden space 14336K, 0% used [0x00000000f5580000,0x00000000f5580000,0x00000000f6380000)
  from space 1536K, 85% used [0x00000000f6380000,0x00000000f64c8000,0x00000000f6500000)
  to   space 2048K, 0% used [0x00000000f6580000,0x00000000f6580000,0x00000000f6780000)
 ParOldGen       total 87552K, used 59880K [0x00000000e0000000, 0x00000000e5580000, 0x00000000f5580000)
  object space 87552K, 68% used [0x00000000e0000000,0x00000000e3a7a328,0x00000000e5580000)
 Metaspace       used 69370K, committed 70464K, reserved 1114112K
  class space    used 7951K, committed 8448K, reserved 1048576K
}
Event: 7.102 GC heap before
{Heap before GC invocations=51 (full 4):
 PSYoungGen      total 15872K, used 15648K [0x00000000f5580000, 0x00000000f6780000, 0x0000000100000000)
  eden space 14336K, 100% used [0x00000000f5580000,0x00000000f6380000,0x00000000f6380000)
  from space 1536K, 85% used [0x00000000f6380000,0x00000000f64c8000,0x00000000f6500000)
  to   space 2048K, 0% used [0x00000000f6580000,0x00000000f6580000,0x00000000f6780000)
 ParOldGen       total 87552K, used 59880K [0x00000000e0000000, 0x00000000e5580000, 0x00000000f5580000)
  object space 87552K, 68% used [0x00000000e0000000,0x00000000e3a7a328,0x00000000e5580000)
 Metaspace       used 69372K, committed 70464K, reserved 1114112K
  class space    used 7951K, committed 8448K, reserved 1048576K
}
Event: 7.103 GC heap after
{Heap after GC invocations=51 (full 4):
 PSYoungGen      total 15872K, used 1398K [0x00000000f5580000, 0x00000000f6700000, 0x0000000100000000)
  eden space 14336K, 0% used [0x00000000f5580000,0x00000000f5580000,0x00000000f6380000)
  from space 1536K, 91% used [0x00000000f6580000,0x00000000f66dda70,0x00000000f6700000)
  to   space 1536K, 0% used [0x00000000f6380000,0x00000000f6380000,0x00000000f6500000)
 ParOldGen       total 87552K, used 61096K [0x00000000e0000000, 0x00000000e5580000, 0x00000000f5580000)
  object space 87552K, 69% used [0x00000000e0000000,0x00000000e3baa328,0x00000000e5580000)
 Metaspace       used 69372K, committed 70464K, reserved 1114112K
  class space    used 7951K, committed 8448K, reserved 1048576K
}
Event: 7.185 GC heap before
{Heap before GC invocations=52 (full 4):
 PSYoungGen      total 15872K, used 15734K [0x00000000f5580000, 0x00000000f6700000, 0x0000000100000000)
  eden space 14336K, 100% used [0x00000000f5580000,0x00000000f6380000,0x00000000f6380000)
  from space 1536K, 91% used [0x00000000f6580000,0x00000000f66dda70,0x00000000f6700000)
  to   space 1536K, 0% used [0x00000000f6380000,0x00000000f6380000,0x00000000f6500000)
 ParOldGen       total 87552K, used 61096K [0x00000000e0000000, 0x00000000e5580000, 0x00000000f5580000)
  object space 87552K, 69% used [0x00000000e0000000,0x00000000e3baa328,0x00000000e5580000)
 Metaspace       used 69885K, committed 70976K, reserved 1114112K
  class space    used 8003K, committed 8512K, reserved 1048576K
}
Event: 7.186 GC heap after
{Heap after GC invocations=52 (full 4):
 PSYoungGen      total 15872K, used 1344K [0x00000000f5580000, 0x00000000f6680000, 0x0000000100000000)
  eden space 14336K, 0% used [0x00000000f5580000,0x00000000f5580000,0x00000000f6380000)
  from space 1536K, 87% used [0x00000000f6380000,0x00000000f64d0000,0x00000000f6500000)
  to   space 1536K, 0% used [0x00000000f6500000,0x00000000f6500000,0x00000000f6680000)
 ParOldGen       total 87552K, used 62264K [0x00000000e0000000, 0x00000000e5580000, 0x00000000f5580000)
  object space 87552K, 71% used [0x00000000e0000000,0x00000000e3cce328,0x00000000e5580000)
 Metaspace       used 69885K, committed 70976K, reserved 1114112K
  class space    used 8003K, committed 8512K, reserved 1048576K
}
Event: 7.213 GC heap before
{Heap before GC invocations=53 (full 4):
 PSYoungGen      total 15872K, used 15680K [0x00000000f5580000, 0x00000000f6680000, 0x0000000100000000)
  eden space 14336K, 100% used [0x00000000f5580000,0x00000000f6380000,0x00000000f6380000)
  from space 1536K, 87% used [0x00000000f6380000,0x00000000f64d0000,0x00000000f6500000)
  to   space 1536K, 0% used [0x00000000f6500000,0x00000000f6500000,0x00000000f6680000)
 ParOldGen       total 87552K, used 62264K [0x00000000e0000000, 0x00000000e5580000, 0x00000000f5580000)
  object space 87552K, 71% used [0x00000000e0000000,0x00000000e3cce328,0x00000000e5580000)
 Metaspace       used 69933K, committed 71040K, reserved 1114112K
  class space    used 8004K, committed 8512K, reserved 1048576K
}
Event: 7.214 GC heap after
{Heap after GC invocations=53 (full 4):
 PSYoungGen      total 14336K, used 1525K [0x00000000f5580000, 0x00000000f6980000, 0x0000000100000000)
  eden space 12800K, 0% used [0x00000000f5580000,0x00000000f5580000,0x00000000f6200000)
  from space 1536K, 99% used [0x00000000f6500000,0x00000000f667d408,0x00000000f6680000)
  to   space 3072K, 0% used [0x00000000f6200000,0x00000000f6200000,0x00000000f6500000)
 ParOldGen       total 87552K, used 63364K [0x00000000e0000000, 0x00000000e5580000, 0x00000000f5580000)
  object space 87552K, 72% used [0x00000000e0000000,0x00000000e3de10a0,0x00000000e5580000)
 Metaspace       used 69933K, committed 71040K, reserved 1114112K
  class space    used 8004K, committed 8512K, reserved 1048576K
}
Event: 7.234 GC heap before
{Heap before GC invocations=54 (full 4):
 PSYoungGen      total 14336K, used 14325K [0x00000000f5580000, 0x00000000f6980000, 0x0000000100000000)
  eden space 12800K, 100% used [0x00000000f5580000,0x00000000f6200000,0x00000000f6200000)
  from space 1536K, 99% used [0x00000000f6500000,0x00000000f667d408,0x00000000f6680000)
  to   space 3072K, 0% used [0x00000000f6200000,0x00000000f6200000,0x00000000f6500000)
 ParOldGen       total 87552K, used 63364K [0x00000000e0000000, 0x00000000e5580000, 0x00000000f5580000)
  object space 87552K, 72% used [0x00000000e0000000,0x00000000e3de10a0,0x00000000e5580000)
 Metaspace       used 69937K, committed 71040K, reserved 1114112K
  class space    used 8004K, committed 8512K, reserved 1048576K
}
Event: 7.235 GC heap after
{Heap after GC invocations=54 (full 4):
 PSYoungGen      total 13824K, used 941K [0x00000000f5580000, 0x00000000f6600000, 0x0000000100000000)
  eden space 12800K, 0% used [0x00000000f5580000,0x00000000f5580000,0x00000000f6200000)
  from space 1024K, 91% used [0x00000000f6200000,0x00000000f62eb6e8,0x00000000f6300000)
  to   space 2048K, 0% used [0x00000000f6400000,0x00000000f6400000,0x00000000f6600000)
 ParOldGen       total 87552K, used 64447K [0x00000000e0000000, 0x00000000e5580000, 0x00000000f5580000)
  object space 87552K, 73% used [0x00000000e0000000,0x00000000e3eeffd0,0x00000000e5580000)
 Metaspace       used 69937K, committed 71040K, reserved 1114112K
  class space    used 8004K, committed 8512K, reserved 1048576K
}
Event: 7.291 GC heap before
{Heap before GC invocations=55 (full 4):
 PSYoungGen      total 13824K, used 13741K [0x00000000f5580000, 0x00000000f6600000, 0x0000000100000000)
  eden space 12800K, 100% used [0x00000000f5580000,0x00000000f6200000,0x00000000f6200000)
  from space 1024K, 91% used [0x00000000f6200000,0x00000000f62eb6e8,0x00000000f6300000)
  to   space 2048K, 0% used [0x00000000f6400000,0x00000000f6400000,0x00000000f6600000)
 ParOldGen       total 87552K, used 64447K [0x00000000e0000000, 0x00000000e5580000, 0x00000000f5580000)
  object space 87552K, 73% used [0x00000000e0000000,0x00000000e3eeffd0,0x00000000e5580000)
 Metaspace       used 71165K, committed 72256K, reserved 1114112K
  class space    used 8114K, committed 8640K, reserved 1048576K
}
Event: 7.292 GC heap after
{Heap after GC invocations=55 (full 4):
 PSYoungGen      total 13312K, used 352K [0x00000000f5580000, 0x00000000f6480000, 0x0000000100000000)
  eden space 12800K, 0% used [0x00000000f5580000,0x00000000f5580000,0x00000000f6200000)
  from space 512K, 68% used [0x00000000f6400000,0x00000000f6458010,0x00000000f6480000)
  to   space 1024K, 0% used [0x00000000f6280000,0x00000000f6280000,0x00000000f6380000)
 ParOldGen       total 87552K, used 64471K [0x00000000e0000000, 0x00000000e5580000, 0x00000000f5580000)
  object space 87552K, 73% used [0x00000000e0000000,0x00000000e3ef5fd0,0x00000000e5580000)
 Metaspace       used 71165K, committed 72256K, reserved 1114112K
  class space    used 8114K, committed 8640K, reserved 1048576K
}
Event: 7.383 GC heap before
{Heap before GC invocations=56 (full 4):
 PSYoungGen      total 13312K, used 13152K [0x00000000f5580000, 0x00000000f6480000, 0x0000000100000000)
  eden space 12800K, 99% used [0x00000000f5580000,0x00000000f61ffff0,0x00000000f6200000)
  from space 512K, 68% used [0x00000000f6400000,0x00000000f6458010,0x00000000f6480000)
  to   space 1024K, 0% used [0x00000000f6280000,0x00000000f6280000,0x00000000f6380000)
 ParOldGen       total 87552K, used 64471K [0x00000000e0000000, 0x00000000e5580000, 0x00000000f5580000)
  object space 87552K, 73% used [0x00000000e0000000,0x00000000e3ef5fd0,0x00000000e5580000)
 Metaspace       used 72089K, committed 73280K, reserved 1114112K
  class space    used 8188K, committed 8704K, reserved 1048576K
}
Event: 7.385 GC heap after
{Heap after GC invocations=56 (full 4):
 PSYoungGen      total 13824K, used 993K [0x00000000f5580000, 0x00000000f6500000, 0x0000000100000000)
  eden space 12800K, 0% used [0x00000000f5580000,0x00000000f5580000,0x00000000f6200000)
  from space 1024K, 97% used [0x00000000f6280000,0x00000000f63785a0,0x00000000f6380000)
  to   space 1536K, 0% used [0x00000000f6380000,0x00000000f6380000,0x00000000f6500000)
 ParOldGen       total 87552K, used 64815K [0x00000000e0000000, 0x00000000e5580000, 0x00000000f5580000)
  object space 87552K, 74% used [0x00000000e0000000,0x00000000e3f4bfd0,0x00000000e5580000)
 Metaspace       used 72089K, committed 73280K, reserved 1114112K
  class space    used 8188K, committed 8704K, reserved 1048576K
}
Event: 7.487 GC heap before
{Heap before GC invocations=57 (full 4):
 PSYoungGen      total 13824K, used 13793K [0x00000000f5580000, 0x00000000f6500000, 0x0000000100000000)
  eden space 12800K, 100% used [0x00000000f5580000,0x00000000f6200000,0x00000000f6200000)
  from space 1024K, 97% used [0x00000000f6280000,0x00000000f63785a0,0x00000000f6380000)
  to   space 1536K, 0% used [0x00000000f6380000,0x00000000f6380000,0x00000000f6500000)
 ParOldGen       total 87552K, used 64815K [0x00000000e0000000, 0x00000000e5580000, 0x00000000f5580000)
  object space 87552K, 74% used [0x00000000e0000000,0x00000000e3f4bfd0,0x00000000e5580000)
 Metaspace       used 73264K, committed 74432K, reserved 1122304K
  class space    used 8301K, committed 8832K, reserved 1048576K
}
Event: 7.488 GC heap after
{Heap after GC invocations=57 (full 4):
 PSYoungGen      total 13824K, used 519K [0x00000000f5580000, 0x00000000f6480000, 0x0000000100000000)
  eden space 12800K, 0% used [0x00000000f5580000,0x00000000f5580000,0x00000000f6200000)
  from space 1024K, 50% used [0x00000000f6380000,0x00000000f6401f60,0x00000000f6480000)
  to   space 1024K, 0% used [0x00000000f6280000,0x00000000f6280000,0x00000000f6380000)
 ParOldGen       total 87552K, used 65797K [0x00000000e0000000, 0x00000000e5580000, 0x00000000f5580000)
  object space 87552K, 75% used [0x00000000e0000000,0x00000000e4041790,0x00000000e5580000)
 Metaspace       used 73264K, committed 74432K, reserved 1122304K
  class space    used 8301K, committed 8832K, reserved 1048576K
}
Event: 7.710 GC heap before
{Heap before GC invocations=58 (full 4):
 PSYoungGen      total 13824K, used 13319K [0x00000000f5580000, 0x00000000f6480000, 0x0000000100000000)
  eden space 12800K, 100% used [0x00000000f5580000,0x00000000f6200000,0x00000000f6200000)
  from space 1024K, 50% used [0x00000000f6380000,0x00000000f6401f60,0x00000000f6480000)
  to   space 1024K, 0% used [0x00000000f6280000,0x00000000f6280000,0x00000000f6380000)
 ParOldGen       total 87552K, used 65797K [0x00000000e0000000, 0x00000000e5580000, 0x00000000f5580000)
  object space 87552K, 75% used [0x00000000e0000000,0x00000000e4041790,0x00000000e5580000)
 Metaspace       used 74584K, committed 75776K, reserved 1122304K
  class space    used 8394K, committed 8960K, reserved 1048576K
}
Event: 7.711 GC heap after
{Heap after GC invocations=58 (full 4):
 PSYoungGen      total 13824K, used 1004K [0x00000000f5580000, 0x00000000f6500000, 0x0000000100000000)
  eden space 12800K, 0% used [0x00000000f5580000,0x00000000f5580000,0x00000000f6200000)
  from space 1024K, 98% used [0x00000000f6280000,0x00000000f637b3f8,0x00000000f6380000)
  to   space 1536K, 0% used [0x00000000f6380000,0x00000000f6380000,0x00000000f6500000)
 ParOldGen       total 87552K, used 65909K [0x00000000e0000000, 0x00000000e5580000, 0x00000000f5580000)
  object space 87552K, 75% used [0x00000000e0000000,0x00000000e405d790,0x00000000e5580000)
 Metaspace       used 74584K, committed 75776K, reserved 1122304K
  class space    used 8394K, committed 8960K, reserved 1048576K
}
Event: 7.766 GC heap before
{Heap before GC invocations=59 (full 4):
 PSYoungGen      total 13824K, used 13749K [0x00000000f5580000, 0x00000000f6500000, 0x0000000100000000)
  eden space 12800K, 99% used [0x00000000f5580000,0x00000000f61f2318,0x00000000f6200000)
  from space 1024K, 98% used [0x00000000f6280000,0x00000000f637b3f8,0x00000000f6380000)
  to   space 1536K, 0% used [0x00000000f6380000,0x00000000f6380000,0x00000000f6500000)
 ParOldGen       total 87552K, used 65909K [0x00000000e0000000, 0x00000000e5580000, 0x00000000f5580000)
  object space 87552K, 75% used [0x00000000e0000000,0x00000000e405d790,0x00000000e5580000)
 Metaspace       used 75512K, committed 76672K, reserved 1122304K
  class space    used 8502K, committed 9024K, reserved 1048576K
}
Event: 7.767 GC heap after
{Heap after GC invocations=59 (full 4):
 PSYoungGen      total 14336K, used 1532K [0x00000000f5580000, 0x00000000f6500000, 0x0000000100000000)
  eden space 12800K, 0% used [0x00000000f5580000,0x00000000f5580000,0x00000000f6200000)
  from space 1536K, 99% used [0x00000000f6380000,0x00000000f64ff1c8,0x00000000f6500000)
  to   space 1024K, 0% used [0x00000000f6280000,0x00000000f6280000,0x00000000f6380000)
 ParOldGen       total 87552K, used 67500K [0x00000000e0000000, 0x00000000e5580000, 0x00000000f5580000)
  object space 87552K, 77% used [0x00000000e0000000,0x00000000e41eb3c8,0x00000000e5580000)
 Metaspace       used 75512K, committed 76672K, reserved 1122304K
  class space    used 8502K, committed 9024K, reserved 1048576K
}

Dll operation events (14 events):
Event: 0.005 Loaded shared library c:\Users\kirus\.vscode\extensions\redhat.java-1.15.0-win32-x64\jre\17.0.6-win32-x86_64\bin\java.dll
Event: 0.112 Loaded shared library c:\Users\kirus\.vscode\extensions\redhat.java-1.15.0-win32-x64\jre\17.0.6-win32-x86_64\bin\zip.dll
Event: 0.114 Loaded shared library C:\Users\kirus\.vscode\extensions\redhat.java-1.15.0-win32-x64\jre\17.0.6-win32-x86_64\bin\instrument.dll
Event: 0.124 Loaded shared library C:\Users\kirus\.vscode\extensions\redhat.java-1.15.0-win32-x64\jre\17.0.6-win32-x86_64\bin\net.dll
Event: 0.126 Loaded shared library C:\Users\kirus\.vscode\extensions\redhat.java-1.15.0-win32-x64\jre\17.0.6-win32-x86_64\bin\nio.dll
Event: 0.132 Loaded shared library C:\Users\kirus\.vscode\extensions\redhat.java-1.15.0-win32-x64\jre\17.0.6-win32-x86_64\bin\zip.dll
Event: 0.142 Loaded shared library C:\Users\kirus\.vscode\extensions\redhat.java-1.15.0-win32-x64\jre\17.0.6-win32-x86_64\bin\jimage.dll
Event: 0.174 Loaded shared library c:\Users\kirus\.vscode\extensions\redhat.java-1.15.0-win32-x64\jre\17.0.6-win32-x86_64\bin\verify.dll
Event: 0.897 Loaded shared library C:\Users\kirus\AppData\Roaming\Code\User\globalStorage\redhat.java\1.15.0\config_win\org.eclipse.equinox.launcher\org.eclipse.equinox.launcher.win32.win32.x86_64_1.2.700.v20221108-1024\eclipse_11801.dll
Event: 2.205 Loaded shared library C:\Users\kirus\AppData\Local\Temp\jna-102058098\jna8783812314665404992.dll
Event: 3.868 Loaded shared library C:\Users\kirus\.vscode\extensions\redhat.java-1.15.0-win32-x64\jre\17.0.6-win32-x86_64\bin\sunmscapi.dll
Event: 4.899 Loaded shared library C:\Users\kirus\.gradle\native\68d5fa5c4cc2d200863cafc0d521ce42e7d3e7ee720ec0a83991735586a16f82\windows-amd64\native-platform.dll
Event: 5.303 Loaded shared library C:\Users\kirus\.vscode\extensions\redhat.java-1.15.0-win32-x64\jre\17.0.6-win32-x86_64\bin\management.dll
Event: 5.306 Loaded shared library C:\Users\kirus\.vscode\extensions\redhat.java-1.15.0-win32-x64\jre\17.0.6-win32-x86_64\bin\management_ext.dll

Deoptimization events (20 events):
Event: 7.603 Thread 0x0000023d1c761340 Uncommon trap: trap_request=0xffffffde fr.pc=0x0000023d0db002a8 relative=0x0000000000000c08
Event: 7.603 Thread 0x0000023d1c761340 Uncommon trap: reason=class_check action=maybe_recompile pc=0x0000023d0db002a8 method=java.util.concurrent.ConcurrentHashMap.putVal(Ljava/lang/Object;Ljava/lang/Object;Z)Ljava/lang/Object; @ 242 c2
Event: 7.603 Thread 0x0000023d1c761340 DEOPT PACKING pc=0x0000023d0db002a8 sp=0x00000059696fe100
Event: 7.603 Thread 0x0000023d1c761340 DEOPT UNPACKING pc=0x0000023d0d4766a3 sp=0x00000059696fe070 mode 2
Event: 7.605 Thread 0x0000023d1a4ff440 Uncommon trap: trap_request=0xffffff45 fr.pc=0x0000023d0de56100 relative=0x00000000000002e0
Event: 7.605 Thread 0x0000023d1a4ff440 Uncommon trap: reason=unstable_if action=reinterpret pc=0x0000023d0de56100 method=org.eclipse.core.internal.watson.ElementTree.getElementData(Lorg/eclipse/core/runtime/IPath;)Ljava/lang/Object; @ 25 c2
Event: 7.605 Thread 0x0000023d1a4ff440 DEOPT PACKING pc=0x0000023d0de56100 sp=0x00000059681fece0
Event: 7.605 Thread 0x0000023d1a4ff440 DEOPT UNPACKING pc=0x0000023d0d4766a3 sp=0x00000059681fec90 mode 2
Event: 7.605 Thread 0x0000023d1c761340 Uncommon trap: trap_request=0xffffff45 fr.pc=0x0000023d0de56100 relative=0x00000000000002e0
Event: 7.605 Thread 0x0000023d1c761340 Uncommon trap: reason=unstable_if action=reinterpret pc=0x0000023d0de56100 method=org.eclipse.core.internal.watson.ElementTree.getElementData(Lorg/eclipse/core/runtime/IPath;)Ljava/lang/Object; @ 25 c2
Event: 7.605 Thread 0x0000023d1c761340 DEOPT PACKING pc=0x0000023d0de56100 sp=0x00000059696fe500
Event: 7.605 Thread 0x0000023d1c761340 DEOPT UNPACKING pc=0x0000023d0d4766a3 sp=0x00000059696fe4b0 mode 2
Event: 7.609 Thread 0x0000023d1a822fb0 Uncommon trap: trap_request=0xffffff45 fr.pc=0x0000023d0dcf60fc relative=0x00000000000003dc
Event: 7.609 Thread 0x0000023d1a822fb0 Uncommon trap: reason=unstable_if action=reinterpret pc=0x0000023d0dcf60fc method=com.google.gson.stream.JsonReader.isLiteral(C)Z @ 1 c2
Event: 7.609 Thread 0x0000023d1a822fb0 DEOPT PACKING pc=0x0000023d0dcf60fc sp=0x00000059688feba0
Event: 7.609 Thread 0x0000023d1a822fb0 DEOPT UNPACKING pc=0x0000023d0d4766a3 sp=0x00000059688fea68 mode 2
Event: 7.671 Thread 0x0000023d1c761340 DEOPT PACKING pc=0x0000023d06ddf8c0 sp=0x00000059696fbf00
Event: 7.671 Thread 0x0000023d1c761340 DEOPT UNPACKING pc=0x0000023d0d476e43 sp=0x00000059696fb610 mode 0
Event: 7.728 Thread 0x0000023d1c767380 DEOPT PACKING pc=0x0000023d068a27c6 sp=0x00000059697fc640
Event: 7.728 Thread 0x0000023d1c767380 DEOPT UNPACKING pc=0x0000023d0d476e43 sp=0x00000059697fbb50 mode 0

Classes unloaded (7 events):
Event: 1.390 Thread 0x0000023d178620a0 Unloading class 0x0000000100216400 'java/lang/invoke/LambdaForm$MH+0x0000000100216400'
Event: 1.390 Thread 0x0000023d178620a0 Unloading class 0x0000000100216000 'java/lang/invoke/LambdaForm$MH+0x0000000100216000'
Event: 1.390 Thread 0x0000023d178620a0 Unloading class 0x0000000100215c00 'java/lang/invoke/LambdaForm$MH+0x0000000100215c00'
Event: 1.390 Thread 0x0000023d178620a0 Unloading class 0x0000000100215400 'java/lang/invoke/LambdaForm$MH+0x0000000100215400'
Event: 1.390 Thread 0x0000023d178620a0 Unloading class 0x0000000100215000 'java/lang/invoke/LambdaForm$BMH+0x0000000100215000'
Event: 1.390 Thread 0x0000023d178620a0 Unloading class 0x0000000100214c00 'java/lang/invoke/LambdaForm$DMH+0x0000000100214c00'
Event: 1.390 Thread 0x0000023d178620a0 Unloading class 0x0000000100212000 'java/lang/invoke/LambdaForm$DMH+0x0000000100212000'

Classes redefined (0 events):
No events

Internal exceptions (20 events):
Event: 7.324 Thread 0x0000023d1c762b50 Exception <a 'java/lang/NullPointerException'{0x00000000f59edfe8}> (0x00000000f59edfe8) 
thrown [s\src\hotspot\share\interpreter\linkResolver.cpp, line 1350]
Event: 7.324 Thread 0x0000023d1c762b50 Exception <a 'java/lang/NullPointerException'{0x00000000f59ee708}> (0x00000000f59ee708) 
thrown [s\src\hotspot\share\interpreter\linkResolver.cpp, line 1350]
Event: 7.324 Thread 0x0000023d1c762b50 Exception <a 'java/lang/NullPointerException'{0x00000000f59f0628}> (0x00000000f59f0628) 
thrown [s\src\hotspot\share\interpreter\linkResolver.cpp, line 1350]
Event: 7.325 Thread 0x0000023d1c762b50 Exception <a 'java/lang/NullPointerException'{0x00000000f59f0e10}> (0x00000000f59f0e10) 
thrown [s\src\hotspot\share\interpreter\linkResolver.cpp, line 1350]
Event: 7.325 Thread 0x0000023d1c762b50 Exception <a 'java/lang/NullPointerException'{0x00000000f59f1658}> (0x00000000f59f1658) 
thrown [s\src\hotspot\share\interpreter\linkResolver.cpp, line 1350]
Event: 7.325 Thread 0x0000023d1c762b50 Exception <a 'java/lang/NullPointerException'{0x00000000f59f2008}> (0x00000000f59f2008) 
thrown [s\src\hotspot\share\interpreter\linkResolver.cpp, line 1350]
Event: 7.325 Thread 0x0000023d1c762b50 Exception <a 'java/lang/NullPointerException'{0x00000000f59f28d0}> (0x00000000f59f28d0) 
thrown [s\src\hotspot\share\interpreter\linkResolver.cpp, line 1350]
Event: 7.325 Thread 0x0000023d1c762b50 Exception <a 'java/lang/NullPointerException'{0x00000000f59f2f88}> (0x00000000f59f2f88) 
thrown [s\src\hotspot\share\interpreter\linkResolver.cpp, line 1350]
Event: 7.325 Thread 0x0000023d1c762b50 Exception <a 'java/lang/NullPointerException'{0x00000000f59f3650}> (0x00000000f59f3650) 
thrown [s\src\hotspot\share\interpreter\linkResolver.cpp, line 1350]
Event: 7.326 Thread 0x0000023d1c762b50 Exception <a 'java/lang/NullPointerException'{0x00000000f59f3d10}> (0x00000000f59f3d10) 
thrown [s\src\hotspot\share\interpreter\linkResolver.cpp, line 1350]
Event: 7.326 Thread 0x0000023d1c762b50 Exception <a 'java/lang/NullPointerException'{0x00000000f59f4a70}> (0x00000000f59f4a70) 
thrown [s\src\hotspot\share\interpreter\linkResolver.cpp, line 1350]
Event: 7.326 Thread 0x0000023d1c762b50 Exception <a 'java/lang/NullPointerException'{0x00000000f59f5130}> (0x00000000f59f5130) 
thrown [s\src\hotspot\share\interpreter\linkResolver.cpp, line 1350]
Event: 7.326 Thread 0x0000023d1c762b50 Exception <a 'java/lang/NullPointerException'{0x00000000f59f6080}> (0x00000000f59f6080) 
thrown [s\src\hotspot\share\interpreter\linkResolver.cpp, line 1350]
Event: 7.326 Thread 0x0000023d1c762b50 Exception <a 'java/lang/NullPointerException'{0x00000000f59f6910}> (0x00000000f59f6910) 
thrown [s\src\hotspot\share\interpreter\linkResolver.cpp, line 1350]
Event: 7.327 Thread 0x0000023d1c762b50 Exception <a 'java/lang/NullPointerException'{0x00000000f5a20308}> (0x00000000f5a20308) 
thrown [s\src\hotspot\share\interpreter\linkResolver.cpp, line 1350]
Event: 7.327 Thread 0x0000023d1c762b50 Exception <a 'java/lang/NullPointerException'{0x00000000f5a20f30}> (0x00000000f5a20f30) 
thrown [s\src\hotspot\share\interpreter\linkResolver.cpp, line 1350]
Event: 7.327 Thread 0x0000023d1c762b50 Exception <a 'java/lang/NullPointerException'{0x00000000f5a216e0}> (0x00000000f5a216e0) 
thrown [s\src\hotspot\share\interpreter\linkResolver.cpp, line 1350]
Event: 7.479 Thread 0x0000023d1c762680 Exception <a 'java/io/FileNotFoundException'{0x00000000f5fac4b8}> (0x00000000f5fac4b8) 
thrown [s\src\hotspot\share\prims\jni.cpp, line 516]
Event: 7.720 Thread 0x0000023d1c761340 Exception <a 'java/lang/NoSuchMethodError'{0x00000000f5677738}: 'java.lang.Object java.lang.invoke.DirectMethodHandle$Holder.invokeStatic(java.lang.Object, int, java.lang.Object, java.lang.Object, java.lang.Object, java.lang.Object)'> (0x00000000f5677738) 
thrown [s\src\hotspot\share\interpreter\linkResolver.cpp, line 759]
Event: 7.734 Thread 0x0000023d1c767380 Exception <a 'java/lang/ClassNotFoundException'{0x00000000f5836020}: sun/util/logging/resources/spi/loggingProvider> (0x00000000f5836020) 
thrown [s\src\hotspot\share\classfile\systemDictionary.cpp, line 256]

VM Operations (20 events):
Event: 7.338 Executing VM operation: HandshakeAllThreads
Event: 7.338 Executing VM operation: HandshakeAllThreads done
Event: 7.383 Executing VM operation: ParallelGCFailedAllocation
Event: 7.385 Executing VM operation: ParallelGCFailedAllocation done
Event: 7.441 Executing VM operation: HandshakeAllThreads
Event: 7.441 Executing VM operation: HandshakeAllThreads done
Event: 7.442 Executing VM operation: HandshakeAllThreads
Event: 7.442 Executing VM operation: HandshakeAllThreads done
Event: 7.487 Executing VM operation: ParallelGCFailedAllocation
Event: 7.488 Executing VM operation: ParallelGCFailedAllocation done
Event: 7.599 Executing VM operation: HandshakeAllThreads
Event: 7.599 Executing VM operation: HandshakeAllThreads done
Event: 7.674 Executing VM operation: HandshakeAllThreads
Event: 7.674 Executing VM operation: HandshakeAllThreads done
Event: 7.710 Executing VM operation: ParallelGCFailedAllocation
Event: 7.711 Executing VM operation: ParallelGCFailedAllocation done
Event: 7.766 Executing VM operation: ParallelGCFailedAllocation
Event: 7.767 Executing VM operation: ParallelGCFailedAllocation done
Event: 7.770 Executing VM operation: HandshakeAllThreads
Event: 7.770 Executing VM operation: HandshakeAllThreads done

Events (20 events):
Event: 7.733 loading class java/util/logging/Level$RbAccess
Event: 7.734 loading class java/util/logging/Level$RbAccess done
Event: 7.734 loading class sun/util/logging/resources/logging
Event: 7.734 loading class sun/util/logging/resources/logging done
Event: 7.734 loading class sun/util/logging/resources/logging_ru
Event: 7.734 loading class sun/util/logging/resources/logging_ru done
Event: 7.734 loading class sun/util/logging/resources/logging_ru
Event: 7.734 loading class sun/util/logging/resources/logging_ru done
Event: 7.734 loading class sun/util/logging/resources/logging_ru_RU
Event: 7.734 loading class sun/util/logging/resources/logging_ru_RU done
Event: 7.734 loading class sun/util/logging/resources/logging_ru_RU
Event: 7.734 loading class sun/util/logging/resources/logging_ru_RU done
Event: 7.734 loading class java/util/Formatter$DateTime
Event: 7.734 loading class java/util/Formatter$DateTime done
Event: 7.734 loading class java/time/ZonedDateTime$1
Event: 7.735 loading class java/time/ZonedDateTime$1 done
Event: 7.735 loading class java/time/LocalDate$1
Event: 7.735 loading class java/time/LocalDate$1 done
Event: 7.735 loading class java/time/LocalTime$1
Event: 7.735 loading class java/time/LocalTime$1 done


Dynamic libraries:
0x00007ff772f50000 - 0x00007ff772f5e000 	c:\Users\kirus\.vscode\extensions\redhat.java-1.15.0-win32-x64\jre\17.0.6-win32-x86_64\bin\java.exe
0x00007ff818310000 - 0x00007ff818508000 	C:\Windows\SYSTEM32\ntdll.dll
0x00007ff817590000 - 0x00007ff81764f000 	C:\Windows\System32\KERNEL32.DLL
0x00007ff815a00000 - 0x00007ff815cd2000 	C:\Windows\System32\KERNELBASE.dll
0x00007ff815e40000 - 0x00007ff815f40000 	C:\Windows\System32\ucrtbase.dll
0x00007ff8059d0000 - 0x00007ff8059e7000 	c:\Users\kirus\.vscode\extensions\redhat.java-1.15.0-win32-x64\jre\17.0.6-win32-x86_64\bin\jli.dll
0x00007ff811620000 - 0x00007ff811639000 	c:\Users\kirus\.vscode\extensions\redhat.java-1.15.0-win32-x64\jre\17.0.6-win32-x86_64\bin\VCRUNTIME140.dll
0x00007ff8169d0000 - 0x00007ff816b71000 	C:\Windows\System32\USER32.dll
0x00007ff801270000 - 0x00007ff80150a000 	C:\Windows\WinSxS\amd64_microsoft.windows.common-controls_6595b64144ccf1df_6.0.19041.1110_none_60b5254171f9507e\COMCTL32.dll
0x00007ff8160c0000 - 0x00007ff8160e2000 	C:\Windows\System32\win32u.dll
0x00007ff817900000 - 0x00007ff81799e000 	C:\Windows\System32\msvcrt.dll
0x00007ff817730000 - 0x00007ff81775b000 	C:\Windows\System32\GDI32.dll
0x00007ff8160f0000 - 0x00007ff8161ff000 	C:\Windows\System32\gdi32full.dll
0x00007ff816200000 - 0x00007ff81629d000 	C:\Windows\System32\msvcp_win.dll
0x00007ff817760000 - 0x00007ff817792000 	C:\Windows\System32\IMM32.DLL
0x00007ff8132b0000 - 0x00007ff8132bc000 	c:\Users\kirus\.vscode\extensions\redhat.java-1.15.0-win32-x64\jre\17.0.6-win32-x86_64\bin\vcruntime140_1.dll
0x00007fffdb300000 - 0x00007fffdb391000 	c:\Users\kirus\.vscode\extensions\redhat.java-1.15.0-win32-x64\jre\17.0.6-win32-x86_64\bin\msvcp140.dll
0x00007fffcd6d0000 - 0x00007fffce317000 	c:\Users\kirus\.vscode\extensions\redhat.java-1.15.0-win32-x64\jre\17.0.6-win32-x86_64\bin\server\jvm.dll
0x00007ff817330000 - 0x00007ff8173de000 	C:\Windows\System32\ADVAPI32.dll
0x00007ff816c90000 - 0x00007ff816d2c000 	C:\Windows\System32\sechost.dll
0x00007ff816d90000 - 0x00007ff816eb5000 	C:\Windows\System32\RPCRT4.dll
0x00007ff80ffc0000 - 0x00007ff80ffca000 	C:\Windows\SYSTEM32\VERSION.dll
0x00007ff8071c0000 - 0x00007ff8071e7000 	C:\Windows\SYSTEM32\WINMM.dll
0x00007ff8007b0000 - 0x00007ff8007b9000 	C:\Windows\SYSTEM32\WSOCK32.dll
0x00007ff816c00000 - 0x00007ff816c6b000 	C:\Windows\System32\WS2_32.dll
0x00007ff8138a0000 - 0x00007ff8138b2000 	C:\Windows\SYSTEM32\kernel.appcore.dll
0x00007ff812290000 - 0x00007ff81229a000 	c:\Users\kirus\.vscode\extensions\redhat.java-1.15.0-win32-x64\jre\17.0.6-win32-x86_64\bin\jimage.dll
0x00007ff80f560000 - 0x00007ff80f744000 	C:\Windows\SYSTEM32\DBGHELP.DLL
0x00007ff80f500000 - 0x00007ff80f535000 	C:\Windows\SYSTEM32\dbgcore.DLL
0x00007ff815fc0000 - 0x00007ff816042000 	C:\Windows\System32\bcryptPrimitives.dll
0x00007ff811eb0000 - 0x00007ff811ebe000 	c:\Users\kirus\.vscode\extensions\redhat.java-1.15.0-win32-x64\jre\17.0.6-win32-x86_64\bin\instrument.dll
0x00007ff800c50000 - 0x00007ff800c75000 	c:\Users\kirus\.vscode\extensions\redhat.java-1.15.0-win32-x64\jre\17.0.6-win32-x86_64\bin\java.dll
0x00007ff800a90000 - 0x00007ff800aa8000 	c:\Users\kirus\.vscode\extensions\redhat.java-1.15.0-win32-x64\jre\17.0.6-win32-x86_64\bin\zip.dll
0x00007ff817a50000 - 0x00007ff818195000 	C:\Windows\System32\SHELL32.dll
0x00007ff813aa0000 - 0x00007ff814232000 	C:\Windows\SYSTEM32\windows.storage.dll
0x00007ff816ec0000 - 0x00007ff817215000 	C:\Windows\System32\combase.dll
0x00007ff8152a0000 - 0x00007ff8152d0000 	C:\Windows\SYSTEM32\Wldp.dll
0x00007ff8179a0000 - 0x00007ff817a4d000 	C:\Windows\System32\SHCORE.dll
0x00007ff8172d0000 - 0x00007ff817325000 	C:\Windows\System32\shlwapi.dll
0x00007ff815940000 - 0x00007ff81595f000 	C:\Windows\SYSTEM32\profapi.dll
0x00007ff800a70000 - 0x00007ff800a89000 	C:\Users\kirus\.vscode\extensions\redhat.java-1.15.0-win32-x64\jre\17.0.6-win32-x86_64\bin\net.dll
0x00007ff8116b0000 - 0x00007ff8117bc000 	C:\Windows\SYSTEM32\WINHTTP.dll
0x00007ff815080000 - 0x00007ff8150ea000 	C:\Windows\system32\mswsock.dll
0x00007ff800870000 - 0x00007ff800885000 	C:\Users\kirus\.vscode\extensions\redhat.java-1.15.0-win32-x64\jre\17.0.6-win32-x86_64\bin\nio.dll
0x00007ff811e50000 - 0x00007ff811e60000 	c:\Users\kirus\.vscode\extensions\redhat.java-1.15.0-win32-x64\jre\17.0.6-win32-x86_64\bin\verify.dll
0x00007ffffe5e0000 - 0x00007ffffe61e000 	C:\Users\kirus\AppData\Roaming\Code\User\globalStorage\redhat.java\1.15.0\config_win\org.eclipse.equinox.launcher\org.eclipse.equinox.launcher.win32.win32.x86_64_1.2.700.v20221108-1024\eclipse_11801.dll
0x00007ff8181a0000 - 0x00007ff8182ca000 	C:\Windows\System32\ole32.dll
0x00007ff815650000 - 0x00007ff815668000 	C:\Windows\SYSTEM32\CRYPTSP.dll
0x00007ff8149c0000 - 0x00007ff8149f4000 	C:\Windows\system32\rsaenh.dll
0x00007ff815f90000 - 0x00007ff815fb7000 	C:\Windows\System32\bcrypt.dll
0x00007ff8158c0000 - 0x00007ff8158ee000 	C:\Windows\SYSTEM32\USERENV.dll
0x00007ff815210000 - 0x00007ff81521c000 	C:\Windows\SYSTEM32\CRYPTBASE.dll
0x00007ff814d90000 - 0x00007ff814dcb000 	C:\Windows\SYSTEM32\IPHLPAPI.DLL
0x00007ff816c80000 - 0x00007ff816c88000 	C:\Windows\System32\NSI.dll
0x00007ff811f20000 - 0x00007ff811f37000 	C:\Windows\SYSTEM32\dhcpcsvc6.DLL
0x00007ff811db0000 - 0x00007ff811dcd000 	C:\Windows\SYSTEM32\dhcpcsvc.DLL
0x00007ff814dd0000 - 0x00007ff814e9b000 	C:\Windows\SYSTEM32\DNSAPI.dll
0x00007fffebaf0000 - 0x00007fffebb35000 	C:\Users\kirus\AppData\Local\Temp\jna-102058098\jna8783812314665404992.dll
0x00007ff8169c0000 - 0x00007ff8169c8000 	C:\Windows\System32\PSAPI.DLL
0x00007ff811110000 - 0x00007ff81111e000 	C:\Users\kirus\.vscode\extensions\redhat.java-1.15.0-win32-x64\jre\17.0.6-win32-x86_64\bin\sunmscapi.dll
0x00007ff815ce0000 - 0x00007ff815e36000 	C:\Windows\System32\CRYPT32.dll
0x00007ff815310000 - 0x00007ff815337000 	C:\Windows\SYSTEM32\ncrypt.dll
0x00007ff8152d0000 - 0x00007ff81530b000 	C:\Windows\SYSTEM32\NTASN1.dll
0x00007ff811430000 - 0x00007ff81143a000 	C:\Windows\System32\rasadhlp.dll
0x00007ff810ef0000 - 0x00007ff810f70000 	C:\Windows\System32\fwpuclnt.dll
0x00007ffff3250000 - 0x00007ffff3277000 	C:\Users\kirus\.gradle\native\68d5fa5c4cc2d200863cafc0d521ce42e7d3e7ee720ec0a83991735586a16f82\windows-amd64\native-platform.dll
0x00007ff810860000 - 0x00007ff810869000 	C:\Users\kirus\.vscode\extensions\redhat.java-1.15.0-win32-x64\jre\17.0.6-win32-x86_64\bin\management.dll
0x00007ff80ecc0000 - 0x00007ff80eccb000 	C:\Users\kirus\.vscode\extensions\redhat.java-1.15.0-win32-x64\jre\17.0.6-win32-x86_64\bin\management_ext.dll

dbghelp: loaded successfully - version: 4.0.5 - missing functions: none
symbol engine: initialized successfully - sym options: 0x614 - pdb path: .;c:\Users\kirus\.vscode\extensions\redhat.java-1.15.0-win32-x64\jre\17.0.6-win32-x86_64\bin;C:\Windows\SYSTEM32;C:\Windows\WinSxS\amd64_microsoft.windows.common-controls_6595b64144ccf1df_6.0.19041.1110_none_60b5254171f9507e;c:\Users\kirus\.vscode\extensions\redhat.java-1.15.0-win32-x64\jre\17.0.6-win32-x86_64\bin\server;C:\Users\kirus\AppData\Roaming\Code\User\globalStorage\redhat.java\1.15.0\config_win\org.eclipse.equinox.launcher\org.eclipse.equinox.launcher.win32.win32.x86_64_1.2.700.v20221108-1024;C:\Users\kirus\AppData\Local\Temp\jna-102058098;C:\Users\kirus\.gradle\native\68d5fa5c4cc2d200863cafc0d521ce42e7d3e7ee720ec0a83991735586a16f82\windows-amd64

VM Arguments:
jvm_args: --add-modules=ALL-SYSTEM --add-opens=java.base/java.util=ALL-UNNAMED --add-opens=java.base/java.lang=ALL-UNNAMED --add-opens=java.base/sun.nio.fs=ALL-UNNAMED -Declipse.application=org.eclipse.jdt.ls.core.id1 -Dosgi.bundles.defaultStartLevel=4 -Declipse.product=org.eclipse.jdt.ls.core.product -Djava.import.generatesMetadataFilesAtProjectRoot=false -Dfile.encoding=utf8 -XX:+UseParallelGC -XX:GCTimeRatio=4 -XX:AdaptiveSizePolicyWeight=90 -Dsun.zip.disableMemoryMapping=true -Xmx4G -Xms100m -Xlog:disable -javaagent:c:\Users\kirus\.vscode\extensions\redhat.java-1.15.0-win32-x64\lombok\lombok-1.18.24.jar -XX:+HeapDumpOnOutOfMemoryError -XX:HeapDumpPath=c:\Users\kirus\AppData\Roaming\Code\User\workspaceStorage\22f2343e581199575215308d8e975055\redhat.java -Xmx512M 
java_command: c:\Users\kirus\.vscode\extensions\redhat.java-1.15.0-win32-x64\server\plugins\org.eclipse.equinox.launcher_1.6.400.v20210924-0641.jar -configuration c:\Users\kirus\AppData\Roaming\Code\User\globalStorage\redhat.java\1.15.0\config_win -data c:\Users\kirus\AppData\Roaming\Code\User\workspaceStorage\22f2343e581199575215308d8e975055\redhat.java\jdt_ws
java_class_path (initial): c:\Users\kirus\.vscode\extensions\redhat.java-1.15.0-win32-x64\server\plugins\org.eclipse.equinox.launcher_1.6.400.v20210924-0641.jar
Launcher Type: SUN_STANDARD

[Global flags]
    uintx AdaptiveSizePolicyWeight                 = 90                                        {product} {command line}
     intx CICompilerCount                          = 4                                         {product} {ergonomic}
    uintx GCTimeRatio                              = 4                                         {product} {command line}
     bool HeapDumpOnOutOfMemoryError               = true                                   {manageable} {command line}
    ccstr HeapDumpPath                             = c:\Users\kirus\AppData\Roaming\Code\User\workspaceStorage\22f2343e581199575215308d8e975055\redhat.java         {manageable} {command line}
   size_t InitialHeapSize                          = 104857600                                 {product} {command line}
   size_t MaxHeapSize                              = 536870912                                 {product} {command line}
   size_t MaxNewSize                               = 178782208                                 {product} {ergonomic}
   size_t MinHeapDeltaBytes                        = 524288                                    {product} {ergonomic}
   size_t MinHeapSize                              = 104857600                                 {product} {command line}
   size_t NewSize                                  = 34603008                                  {product} {ergonomic}
    uintx NonNMethodCodeHeapSize                   = 5839372                                {pd product} {ergonomic}
    uintx NonProfiledCodeHeapSize                  = 122909434                              {pd product} {ergonomic}
   size_t OldSize                                  = 70254592                                  {product} {ergonomic}
    uintx ProfiledCodeHeapSize                     = 122909434                              {pd product} {ergonomic}
    uintx ReservedCodeCacheSize                    = 251658240                              {pd product} {ergonomic}
     bool SegmentedCodeCache                       = true                                      {product} {ergonomic}
   size_t SoftMaxHeapSize                          = 536870912                              {manageable} {ergonomic}
     bool UseCompressedClassPointers               = true                           {product lp64_product} {ergonomic}
     bool UseCompressedOops                        = true                           {product lp64_product} {ergonomic}
     bool UseLargePagesIndividualAllocation        = false                                  {pd product} {ergonomic}
     bool UseParallelGC                            = true                                      {product} {command line}

Logging:
Log output configuration:
 #0: stdout all=off uptime,level,tags
 #1: stderr all=off uptime,level,tags

Environment Variables:
JAVA_HOME=C:\Program Files\Eclipse Adoptium\jdk-17.0.6.10-hotspot\
_JAVA_OPTIONS=-Xmx512M
PATH=C:\Program Files\Eclipse Adoptium\jdk-17.0.6.10-hotspot\bin;C:\Program Files (x86)\Common Files\Oracle\Java\javapath;c:\program files (x86)\common files\intel\shared libraries\redist\intel64\compiler;c:\programdata\oracle\java\javapath;c:\windows\system32;c:\windows;c:\windows\system32\wbem;c:\windows\system32\windowspowershell\v1.0\;c:\windows\system32\openssh\;c:\program files (x86)\ati technologies\ati.ace\core-static;c:\program files (x86)\amd\ati.ace\core-static;c:\program files\nvidia corporation\nvidia nvdlisr;C:\Program Files (x86)\NVIDIA Corporation\PhysX\Common;C:\Program Files\Microsoft SQL Server\150\Tools\Binn\;C:\Program Files\Microsoft SQL Server\Client SDK\ODBC\170\Tools\Binn\;C:\Program Files\Azure Data Studio\bin;C:\Program Files (x86)\Microsoft SQL Server\150\DTS\Binn\;C:\Program Files\Git\cmd;C:\Program Files\dotnet\;C:\Program Files\Docker\Docker\resources\bin;C:\Users\kirus\AppData\Local\Microsoft\WindowsApps;C:\Program Files\Azure Data Studio\bin;C:\Users\kirus\AppData\Local\Programs\Microsoft VS Code\bin;C:\Users\kirus\.dotnet\tools
USERNAME=kirus
OS=Windows_NT
PROCESSOR_IDENTIFIER=Intel64 Family 6 Model 165 Stepping 5, GenuineIntel
TMP=C:\Users\kirus\AppData\Local\Temp
TEMP=C:\Users\kirus\AppData\Local\Temp



---------------  S Y S T E M  ---------------

OS:
 Windows 10 , 64 bit Build 19041 (10.0.19041.2546)
OS uptime: 1 days 2:24 hours
Hyper-V role detected

CPU: total 12 (initial active 12) (6 cores per cpu, 2 threads per core) family 6 model 165 stepping 5 microcode 0xca, cx8, cmov, fxsr, ht, mmx, 3dnowpref, sse, sse2, sse3, ssse3, sse4.1, sse4.2, popcnt, lzcnt, tsc, tscinvbit, avx, avx2, aes, erms, clmul, bmi1, bmi2, adx, fma, vzeroupper, clflush, clflushopt, hv

Memory: 4k page, system-wide physical 16292M (3202M free)
TotalPageFile size 18340M (AvailPageFile size 101M)
current process WorkingSet (physical memory assigned to process): 365M, peak: 365M
current process commit charge ("private bytes"): 414M, peak: 417M

vm_info: OpenJDK 64-Bit Server VM (17.0.6+10) for windows-amd64 JRE (17.0.6+10), built on Jan 18 2023 10:08:59 by "temurin" with MS VC++ 16.7 (VS2019)

END.
