#
# There is insufficient memory for the Java Runtime Environment to continue.
# Native memory allocation (malloc) failed to allocate 2097152 bytes for AllocateHeap
# Possible reasons:
#   The system is out of physical RAM or swap space
#   The process is running with CompressedOops enabled, and the Java Heap may be blocking the growth of the native heap
# Possible solutions:
#   Reduce memory load on the system
#   Increase physical memory or swap space
#   Check if swap backing store is full
#   Decrease Java heap size (-Xmx/-Xms)
#   Decrease number of Java threads
#   Decrease Java thread stack sizes (-Xss)
#   Set larger code cache with -XX:ReservedCodeCacheSize=
#   JVM is running with Unscaled Compressed Oops mode in which the Java heap is
#     placed in the first 4GB address space. The Java Heap base address is the
#     maximum limit for the native heap growth. Please use -XX:HeapBaseMinAddress
#     to set the Java Heap base and to place the Java Heap above 4GB virtual address.
# This output file may be truncated or incomplete.
#
#  Out of Memory Error (allocation.cpp:44), pid=14204, tid=3396
#
# JRE version: OpenJDK Runtime Environment Temurin-17.0.6+10 (17.0.6+10) (build 17.0.6+10)
# Java VM: OpenJDK 64-Bit Server VM Temurin-17.0.6+10 (17.0.6+10, mixed mode, emulated-client, tiered, compressed oops, compressed class ptrs, g1 gc, windows-amd64)
# No core dump will be written. Minidumps are not enabled by default on client versions of Windows
#

---------------  S U M M A R Y ------------

Command Line: -XX:+HeapDumpOnOutOfMemoryError -Xmx1024m -Dsts.lsp.client=vscode -Dsts.log.file=/dev/null -XX:TieredStopAtLevel=1 -Xlog:jni+resolve=off -Dspring.config.location=file:c:\Users\kirus\.vscode\extensions\vmware.vscode-spring-boot-1.44.0\language-server\BOOT-INF\classes\application.properties -Xmx512M org.springframework.ide.vscode.boot.app.BootLanguageServerBootApp

Host: Intel(R) Core(TM) i5-10600KF CPU @ 4.10GHz, 12 cores, 15G,  Windows 10 , 64 bit Build 19041 (10.0.19041.2546)
Time: Sat Feb 25 22:27:12 2023 RTZ 2 (s 10 , 64 bit Build 19041 (10.0.19041.2546) elapsed time: 288.092874 seconds (0d 0h 4m 48s)

---------------  T H R E A D  ---------------

Current thread (0x000001ff43cf0e20):  VMThread "VM Thread" [stack: 0x0000001df6b00000,0x0000001df6c00000] [id=3396]

Stack: [0x0000001df6b00000,0x0000001df6c00000]
Native frames: (J=compiled Java code, j=interpreted, Vv=VM code, C=native code)
V  [jvm.dll+0x67741a]
V  [jvm.dll+0x834434]
V  [jvm.dll+0x835bde]
V  [jvm.dll+0x836243]
V  [jvm.dll+0x2457b5]
V  [jvm.dll+0xa626f]
V  [jvm.dll+0x2f5b61]
V  [jvm.dll+0x2f17e0]
V  [jvm.dll+0x2d9ee7]
V  [jvm.dll+0x31ce67]
V  [jvm.dll+0x83a6eb]
V  [jvm.dll+0x83b424]
V  [jvm.dll+0x83b93c]
V  [jvm.dll+0x83bd14]
V  [jvm.dll+0x83bde0]
V  [jvm.dll+0x7e483a]
V  [jvm.dll+0x6762c5]
C  [ucrtbase.dll+0x21bb2]
C  [KERNEL32.DLL+0x17614]
C  [ntdll.dll+0x526a1]

VM_Operation (0x0000001df87fef30): G1CollectFull, mode: safepoint, requested by thread 0x000001ff45c6fef0


---------------  P R O C E S S  ---------------

Threads class SMR info:
_java_thread_list=0x000001ff55c856b0, length=46, elements={
0x000001ff448163a0, 0x000001ff44816f50, 0x000001ff43d3e770, 0x000001ff44839190,
0x000001ff44839a50, 0x000001ff4483a310, 0x000001ff4483acc0, 0x000001ff44846bc0,
0x000001ff44a61eb0, 0x000001ff44a671c0, 0x000001ff45cb5660, 0x000001ff45c6f610,
0x000001ff45c6fef0, 0x000001ff44912440, 0x000001ff39de7a90, 0x000001ff4495be40,
0x000001ff45db29d0, 0x000001ff4616f530, 0x000001ff46174bd0, 0x000001ff46173890,
0x000001ff46174230, 0x000001ff46170d40, 0x000001ff46175f10, 0x000001ff46175570,
0x000001ff46173d60, 0x000001ff461750a0, 0x000001ff461763e0, 0x000001ff4616fa00,
0x000001ff46170870, 0x000001ff461716e0, 0x000001ff4616fed0, 0x000001ff46174700,
0x000001ff46172ef0, 0x000001ff461733c0, 0x000001ff4865c510, 0x000001ff4865b6a0,
0x000001ff4865bb70, 0x000001ff4865c040, 0x000001ff4865c9e0, 0x000001ff48659020,
0x000001ff4865a830, 0x000001ff486594f0, 0x000001ff4865ad00, 0x000001ff486599c0,
0x000001ff4865b1d0, 0x000001ff48659e90
}

Java Threads: ( => current thread )
  0x000001ff448163a0 JavaThread "Reference Handler" daemon [_thread_blocked, id=3140, stack(0x0000001df6c00000,0x0000001df6d00000)]
  0x000001ff44816f50 JavaThread "Finalizer" daemon [_thread_blocked, id=13164, stack(0x0000001df6d00000,0x0000001df6e00000)]
  0x000001ff43d3e770 JavaThread "Signal Dispatcher" daemon [_thread_blocked, id=23372, stack(0x0000001df6e00000,0x0000001df6f00000)]
  0x000001ff44839190 JavaThread "Attach Listener" daemon [_thread_blocked, id=16976, stack(0x0000001df6f00000,0x0000001df7000000)]
  0x000001ff44839a50 JavaThread "Service Thread" daemon [_thread_blocked, id=12720, stack(0x0000001df7000000,0x0000001df7100000)]
  0x000001ff4483a310 JavaThread "Monitor Deflation Thread" daemon [_thread_blocked, id=14540, stack(0x0000001df7100000,0x0000001df7200000)]
  0x000001ff4483acc0 JavaThread "C1 CompilerThread0" daemon [_thread_blocked, id=16660, stack(0x0000001df7200000,0x0000001df7300000)]
  0x000001ff44846bc0 JavaThread "Sweeper thread" daemon [_thread_blocked, id=13048, stack(0x0000001df7300000,0x0000001df7400000)]
  0x000001ff44a61eb0 JavaThread "Notification Thread" daemon [_thread_blocked, id=14392, stack(0x0000001df7500000,0x0000001df7600000)]
  0x000001ff44a671c0 JavaThread "Common-Cleaner" daemon [_thread_blocked, id=14836, stack(0x0000001df7700000,0x0000001df7800000)]
  0x000001ff45cb5660 JavaThread "boundedElastic-evictor-1" daemon [_thread_blocked, id=2940, stack(0x0000001df8000000,0x0000001df8100000)]
  0x000001ff45c6f610 JavaThread "boundedElastic-evictor-2" daemon [_thread_blocked, id=9040, stack(0x0000001df8600000,0x0000001df8700000)]
  0x000001ff45c6fef0 JavaThread "pool-10-thread-1" [_thread_blocked, id=13652, stack(0x0000001df8700000,0x0000001df8800000)]
  0x000001ff44912440 JavaThread "LanguageServerApp-lifecycle" [_thread_blocked, id=16656, stack(0x0000001df8800000,0x0000001df8900000)]
  0x000001ff39de7a90 JavaThread "DestroyJavaVM" [_thread_blocked, id=21244, stack(0x0000001df6500000,0x0000001df6600000)]
  0x000001ff4495be40 JavaThread "pool-11-thread-1" [_thread_in_native, id=15744, stack(0x0000001df8900000,0x0000001df8a00000)]
  0x000001ff45db29d0 JavaThread "Simple-Language-Server main thread" daemon [_thread_blocked, id=15696, stack(0x0000001df8a00000,0x0000001df8b00000)]
  0x000001ff4616f530 JavaThread "parallel-1" daemon [_thread_blocked, id=2924, stack(0x0000001df9f00000,0x0000001dfa000000)]
  0x000001ff46174bd0 JavaThread "pool-4-thread-1" [_thread_blocked, id=10156, stack(0x0000001dfa800000,0x0000001dfa900000)]
  0x000001ff46173890 JavaThread "parallel-2" daemon [_thread_blocked, id=4312, stack(0x0000001dfa900000,0x0000001dfaa00000)]
  0x000001ff46174230 JavaThread "parallel-3" daemon [_thread_blocked, id=22292, stack(0x0000001dfaa00000,0x0000001dfab00000)]
  0x000001ff46170d40 JavaThread "parallel-4" daemon [_thread_blocked, id=13440, stack(0x0000001df8c00000,0x0000001df8d00000)]
  0x000001ff46175f10 JavaThread "parallel-5" daemon [_thread_blocked, id=15692, stack(0x0000001df8d00000,0x0000001df8e00000)]
  0x000001ff46175570 JavaThread "parallel-6" daemon [_thread_blocked, id=5324, stack(0x0000001df8e00000,0x0000001df8f00000)]
  0x000001ff46173d60 JavaThread "Reconciler-1" daemon [_thread_blocked, id=22784, stack(0x0000001df8f00000,0x0000001df9000000)]
  0x000001ff461750a0 JavaThread "pool-6-thread-1" [_thread_blocked, id=16396, stack(0x0000001df6200000,0x0000001df6300000)]
  0x000001ff461763e0 JavaThread "parallel-7" daemon [_thread_blocked, id=9860, stack(0x0000001df6300000,0x0000001df6400000)]
  0x000001ff4616fa00 JavaThread "pool-3-thread-2" [_thread_blocked, id=11504, stack(0x0000001df6400000,0x0000001df6500000)]
  0x000001ff46170870 JavaThread "ForkJoinPool.commonPool-worker-3" daemon [_thread_blocked, id=22920, stack(0x0000001df7400000,0x0000001df7500000)]
  0x000001ff461716e0 JavaThread "ForkJoinPool-1-worker-2" daemon [_thread_blocked, id=12652, stack(0x0000001df7d00000,0x0000001df7e00000)]
  0x000001ff4616fed0 JavaThread "ForkJoinPool.commonPool-worker-4" daemon [_thread_blocked, id=19964, stack(0x0000001df8100000,0x0000001df8200000)]
  0x000001ff46174700 JavaThread "parallel-8" daemon [_thread_blocked, id=17600, stack(0x0000001df8b00000,0x0000001df8c00000)]
  0x000001ff46172ef0 JavaThread "parallel-9" daemon [_thread_blocked, id=1904, stack(0x0000001df9300000,0x0000001df9400000)]
  0x000001ff461733c0 JavaThread "pool-3-thread-3" [_thread_blocked, id=5736, stack(0x0000001df9400000,0x0000001df9500000)]
  0x000001ff4865c510 JavaThread "ForkJoinPool.commonPool-worker-5" daemon [_thread_blocked, id=21408, stack(0x0000001df9500000,0x0000001df9600000)]
  0x000001ff4865b6a0 JavaThread "parallel-10" daemon [_thread_blocked, id=16488, stack(0x0000001df9600000,0x0000001df9700000)]
  0x000001ff4865bb70 JavaThread "ForkJoinPool.commonPool-worker-6" daemon [_thread_blocked, id=23364, stack(0x0000001df9700000,0x0000001df9800000)]
  0x000001ff4865c040 JavaThread "parallel-11" daemon [_thread_blocked, id=6760, stack(0x0000001df9800000,0x0000001df9900000)]
  0x000001ff4865c9e0 JavaThread "parallel-12" daemon [_thread_blocked, id=9264, stack(0x0000001df9900000,0x0000001df9a00000)]
  0x000001ff48659020 JavaThread "ForkJoinPool.commonPool-worker-7" daemon [_thread_blocked, id=21248, stack(0x0000001df9a00000,0x0000001df9b00000)]
  0x000001ff4865a830 JavaThread "ForkJoinPool.commonPool-worker-8" daemon [_thread_blocked, id=20340, stack(0x0000001df9b00000,0x0000001df9c00000)]
  0x000001ff486594f0 JavaThread "ForkJoinPool.commonPool-worker-9" daemon [_thread_blocked, id=16952, stack(0x0000001df9c00000,0x0000001df9d00000)]
  0x000001ff4865ad00 JavaThread "ForkJoinPool.commonPool-worker-10" daemon [_thread_blocked, id=12488, stack(0x0000001df9d00000,0x0000001df9e00000)]
  0x000001ff486599c0 JavaThread "ForkJoinPool.commonPool-worker-11" daemon [_thread_blocked, id=18320, stack(0x0000001df9200000,0x0000001df9300000)]
  0x000001ff4865b1d0 JavaThread "ForkJoinPool.commonPool-worker-12" daemon [_thread_blocked, id=9196, stack(0x0000001df9e00000,0x0000001df9f00000)]
  0x000001ff48659e90 JavaThread "ForkJoinPool.commonPool-worker-13" daemon [_thread_blocked, id=20388, stack(0x0000001dfa000000,0x0000001dfa100000)]

Other Threads:
=>0x000001ff43cf0e20 VMThread "VM Thread" [stack: 0x0000001df6b00000,0x0000001df6c00000] [id=3396]
  0x000001ff39e2d030 WatcherThread [stack: 0x0000001df7600000,0x0000001df7700000] [id=23312]
  0x000001ff39e19000 GCTaskThread "GC Thread#0" [stack: 0x0000001df6600000,0x0000001df6700000] [id=11292]
  0x000001ff45445040 GCTaskThread "GC Thread#1" [stack: 0x0000001df7800000,0x0000001df7900000] [id=23044]
  0x000001ff4542cbe0 GCTaskThread "GC Thread#2" [stack: 0x0000001df7900000,0x0000001df7a00000] [id=19636]
  0x000001ff453e3540 GCTaskThread "GC Thread#3" [stack: 0x0000001df7a00000,0x0000001df7b00000] [id=11020]
  0x000001ff453e37f0 GCTaskThread "GC Thread#4" [stack: 0x0000001df7b00000,0x0000001df7c00000] [id=22216]
  0x000001ff4547c450 GCTaskThread "GC Thread#5" [stack: 0x0000001df7c00000,0x0000001df7d00000] [id=18540]
  0x000001ff4569d300 GCTaskThread "GC Thread#6" [stack: 0x0000001df7e00000,0x0000001df7f00000] [id=13088]
  0x000001ff456ed900 GCTaskThread "GC Thread#7" [stack: 0x0000001df7f00000,0x0000001df8000000] [id=2128]
  0x000001ff4590d050 GCTaskThread "GC Thread#8" [stack: 0x0000001df8200000,0x0000001df8300000] [id=20408]
  0x000001ff4590d300 GCTaskThread "GC Thread#9" [stack: 0x0000001df8300000,0x0000001df8400000] [id=4032]
  0x000001ff39e1edf0 ConcurrentGCThread "G1 Main Marker" [stack: 0x0000001df6700000,0x0000001df6800000] [id=9032]
  0x000001ff39e1fe40 ConcurrentGCThread "G1 Conc#0" [stack: 0x0000001df6800000,0x0000001df6900000] [id=5404]
  0x000001ff458317f0 ConcurrentGCThread "G1 Conc#1" [stack: 0x0000001df8400000,0x0000001df8500000] [id=11116]
  0x000001ff4590ec10 ConcurrentGCThread "G1 Conc#2" [stack: 0x0000001df8500000,0x0000001df8600000] [id=16768]
  0x000001ff39ead530 ConcurrentGCThread "G1 Refine#0" [stack: 0x0000001df6900000,0x0000001df6a00000] [id=7528]
  0x000001ff489b6b80 ConcurrentGCThread "G1 Refine#1" [stack: 0x0000001dfa200000,0x0000001dfa300000] [id=4012]
  0x000001ff485b4e80 ConcurrentGCThread "G1 Refine#2" [stack: 0x0000001dfa300000,0x0000001dfa400000] [id=21200]
  0x000001ff489e89c0 ConcurrentGCThread "G1 Refine#3" [stack: 0x0000001dfa400000,0x0000001dfa500000] [id=15332]
  0x000001ff489e8120 ConcurrentGCThread "G1 Refine#4" [stack: 0x0000001dfa500000,0x0000001dfa600000] [id=1912]
  0x000001ff489e8400 ConcurrentGCThread "G1 Refine#5" [stack: 0x0000001dfa600000,0x0000001dfa700000] [id=16532]
  0x000001ff489e7b60 ConcurrentGCThread "G1 Refine#6" [stack: 0x0000001dfa700000,0x0000001dfa800000] [id=9724]
  0x000001ff489e86e0 ConcurrentGCThread "G1 Refine#7" [stack: 0x0000001dfad00000,0x0000001dfae00000] [id=22208]
  0x000001ff489e9540 ConcurrentGCThread "G1 Refine#8" [stack: 0x0000001dfae00000,0x0000001dfaf00000] [id=13936]
  0x000001ff489e7880 ConcurrentGCThread "G1 Refine#9" [stack: 0x0000001dfaf00000,0x0000001dfb000000] [id=21004]
  0x000001ff39eaddf0 ConcurrentGCThread "G1 Service" [stack: 0x0000001df6a00000,0x0000001df6b00000] [id=2872]

Threads with active compile tasks:

VM state: at safepoint (normal execution)

VM Mutex/Monitor currently owned by a thread:  ([mutex/lock_event])
[0x000001ff37b2b4f0] Threads_lock - owner thread: 0x000001ff43cf0e20
[0x000001ff39de5ff0] Heap_lock - owner thread: 0x000001ff45c6fef0

Heap address: 0x00000000e0000000, size: 512 MB, Compressed Oops mode: 32-bit

CDS archive(s) not mapped
Compressed class space mapped at: 0x0000000100000000-0x0000000140000000, reserved size: 1073741824
Narrow klass base: 0x0000000000000000, Narrow klass shift: 3, Narrow klass range: 0x140000000

GC Precious Log:
 CPUs: 12 total, 12 available
 Memory: 16292M
 Large Page Support: Disabled
 NUMA Support: Disabled
 Compressed Oops: Enabled (32-bit)
 Heap Region Size: 1M
 Heap Min Capacity: 8M
 Heap Initial Capacity: 256M
 Heap Max Capacity: 512M
 Pre-touch: Disabled
 Parallel Workers: 10
 Concurrent Workers: 3
 Concurrent Refinement Workers: 10
 Periodic GC: Disabled

Heap:
 garbage-first heap   total 227328K, used 147586K [0x00000000e0000000, 0x0000000100000000)
  region size 1024K, 52 young (53248K), 6 survivors (6144K)
 Metaspace       used 69861K, committed 70400K, reserved 1114112K
  class space    used 9466K, committed 9728K, reserved 1048576K

Heap Regions: E=young(eden), S=young(survivor), O=old, HS=humongous(starts), HC=humongous(continues), CS=collection set, F=free, OA=open archive, CA=closed archive, TAMS=top-at-mark-start (previous, next)
|   0|0x00000000e0000000, 0x00000000e0100000, 0x00000000e0100000|100%| O|  |TAMS 0x00000000e0100000, 0x00000000e0000000| Untracked 
|   1|0x00000000e0100000, 0x00000000e0200000, 0x00000000e0200000|100%| O|  |TAMS 0x00000000e0200000, 0x00000000e0100000| Untracked 
|   2|0x00000000e0200000, 0x00000000e02ffff8, 0x00000000e0300000| 99%| O|  |TAMS 0x00000000e02ffff8, 0x00000000e0200000| Untracked 
|   3|0x00000000e0300000, 0x00000000e0400000, 0x00000000e0400000|100%| O|  |TAMS 0x00000000e0400000, 0x00000000e0300000| Untracked 
|   4|0x00000000e0400000, 0x00000000e04fffd0, 0x00000000e0500000| 99%| O|  |TAMS 0x00000000e04fffd0, 0x00000000e0400000| Untracked 
|   5|0x00000000e0500000, 0x00000000e05ffff0, 0x00000000e0600000| 99%| O|  |TAMS 0x00000000e05ffff0, 0x00000000e0500000| Untracked 
|   6|0x00000000e0600000, 0x00000000e0700000, 0x00000000e0700000|100%| O|  |TAMS 0x00000000e0700000, 0x00000000e0600000| Untracked 
|   7|0x00000000e0700000, 0x00000000e07ffff8, 0x00000000e0800000| 99%| O|  |TAMS 0x00000000e07ffff8, 0x00000000e0700000| Untracked 
|   8|0x00000000e0800000, 0x00000000e0900000, 0x00000000e0900000|100%| O|  |TAMS 0x00000000e0900000, 0x00000000e0800000| Untracked 
|   9|0x00000000e0900000, 0x00000000e09fffe8, 0x00000000e0a00000| 99%| O|  |TAMS 0x00000000e09fffe8, 0x00000000e0900000| Untracked 
|  10|0x00000000e0a00000, 0x00000000e0b00000, 0x00000000e0b00000|100%| O|  |TAMS 0x00000000e0b00000, 0x00000000e0a00000| Untracked 
|  11|0x00000000e0b00000, 0x00000000e0bffff8, 0x00000000e0c00000| 99%| O|  |TAMS 0x00000000e0bffff8, 0x00000000e0b00000| Untracked 
|  12|0x00000000e0c00000, 0x00000000e0cffff0, 0x00000000e0d00000| 99%| O|  |TAMS 0x00000000e0cffff0, 0x00000000e0c00000| Untracked 
|  13|0x00000000e0d00000, 0x00000000e0df8fd8, 0x00000000e0e00000| 97%| O|  |TAMS 0x00000000e0df8fd8, 0x00000000e0d00000| Untracked 
|  14|0x00000000e0e00000, 0x00000000e0effff8, 0x00000000e0f00000| 99%| O|  |TAMS 0x00000000e0effff8, 0x00000000e0e00000| Untracked 
|  15|0x00000000e0f00000, 0x00000000e0ffffa8, 0x00000000e1000000| 99%| O|  |TAMS 0x00000000e0ffffa8, 0x00000000e0f00000| Untracked 
|  16|0x00000000e1000000, 0x00000000e10fffc0, 0x00000000e1100000| 99%| O|  |TAMS 0x00000000e10fffc0, 0x00000000e1000000| Untracked 
|  17|0x00000000e1100000, 0x00000000e11ffb18, 0x00000000e1200000| 99%| O|  |TAMS 0x00000000e11ffb18, 0x00000000e1100000| Untracked 
|  18|0x00000000e1200000, 0x00000000e12ffff8, 0x00000000e1300000| 99%| O|  |TAMS 0x00000000e12ffff8, 0x00000000e1200000| Untracked 
|  19|0x00000000e1300000, 0x00000000e13fffe0, 0x00000000e1400000| 99%| O|  |TAMS 0x00000000e13fffe0, 0x00000000e1300000| Untracked 
|  20|0x00000000e1400000, 0x00000000e1500000, 0x00000000e1500000|100%| O|  |TAMS 0x00000000e1500000, 0x00000000e1400000| Untracked 
|  21|0x00000000e1500000, 0x00000000e15fff00, 0x00000000e1600000| 99%| O|  |TAMS 0x00000000e15fff00, 0x00000000e1500000| Untracked 
|  22|0x00000000e1600000, 0x00000000e1700000, 0x00000000e1700000|100%| O|  |TAMS 0x00000000e1700000, 0x00000000e1600000| Untracked 
|  23|0x00000000e1700000, 0x00000000e17fffd8, 0x00000000e1800000| 99%| O|  |TAMS 0x00000000e17fffd8, 0x00000000e1700000| Untracked 
|  24|0x00000000e1800000, 0x00000000e1900000, 0x00000000e1900000|100%| O|  |TAMS 0x00000000e1900000, 0x00000000e1800000| Untracked 
|  25|0x00000000e1900000, 0x00000000e1a00000, 0x00000000e1a00000|100%|HS|  |TAMS 0x00000000e1a00000, 0x00000000e1900000| Complete 
|  26|0x00000000e1a00000, 0x00000000e1affff0, 0x00000000e1b00000| 99%| O|  |TAMS 0x00000000e1affff0, 0x00000000e1a00000| Untracked 
|  27|0x00000000e1b00000, 0x00000000e1bfffe8, 0x00000000e1c00000| 99%| O|  |TAMS 0x00000000e1bfffe8, 0x00000000e1b00000| Untracked 
|  28|0x00000000e1c00000, 0x00000000e1d00000, 0x00000000e1d00000|100%| O|  |TAMS 0x00000000e1d00000, 0x00000000e1c00000| Untracked 
|  29|0x00000000e1d00000, 0x00000000e1e00000, 0x00000000e1e00000|100%| O|  |TAMS 0x00000000e1e00000, 0x00000000e1d00000| Untracked 
|  30|0x00000000e1e00000, 0x00000000e1f00000, 0x00000000e1f00000|100%| O|  |TAMS 0x00000000e1f00000, 0x00000000e1e00000| Untracked 
|  31|0x00000000e1f00000, 0x00000000e1fffff0, 0x00000000e2000000| 99%| O|  |TAMS 0x00000000e1fffff0, 0x00000000e1f00000| Untracked 
|  32|0x00000000e2000000, 0x00000000e2100000, 0x00000000e2100000|100%| O|  |TAMS 0x00000000e2100000, 0x00000000e2000000| Untracked 
|  33|0x00000000e2100000, 0x00000000e21fef70, 0x00000000e2200000| 99%| O|  |TAMS 0x00000000e21fef70, 0x00000000e2100000| Untracked 
|  34|0x00000000e2200000, 0x00000000e22aedd0, 0x00000000e2300000| 68%| O|  |TAMS 0x00000000e22aedd0, 0x00000000e2200000| Untracked 
|  35|0x00000000e2300000, 0x00000000e23ffff8, 0x00000000e2400000| 99%| O|  |TAMS 0x00000000e23ffff8, 0x00000000e2300000| Untracked 
|  36|0x00000000e2400000, 0x00000000e2500000, 0x00000000e2500000|100%| O|  |TAMS 0x00000000e2500000, 0x00000000e2400000| Untracked 
|  37|0x00000000e2500000, 0x00000000e2600000, 0x00000000e2600000|100%| O|  |TAMS 0x00000000e2600000, 0x00000000e2500000| Untracked 
|  38|0x00000000e2600000, 0x00000000e2700000, 0x00000000e2700000|100%|HS|  |TAMS 0x00000000e2700000, 0x00000000e2600000| Complete 
|  39|0x00000000e2700000, 0x00000000e2800000, 0x00000000e2800000|100%| O|  |TAMS 0x00000000e2800000, 0x00000000e2700000| Untracked 
|  40|0x00000000e2800000, 0x00000000e2900000, 0x00000000e2900000|100%| O|  |TAMS 0x00000000e2900000, 0x00000000e2800000| Untracked 
|  41|0x00000000e2900000, 0x00000000e2a00000, 0x00000000e2a00000|100%| O|  |TAMS 0x00000000e2a00000, 0x00000000e2900000| Untracked 
|  42|0x00000000e2a00000, 0x00000000e2b00000, 0x00000000e2b00000|100%| O|  |TAMS 0x00000000e2b00000, 0x00000000e2a00000| Untracked 
|  43|0x00000000e2b00000, 0x00000000e2c00000, 0x00000000e2c00000|100%| O|  |TAMS 0x00000000e2c00000, 0x00000000e2b00000| Untracked 
|  44|0x00000000e2c00000, 0x00000000e2d00000, 0x00000000e2d00000|100%| O|  |TAMS 0x00000000e2d00000, 0x00000000e2c00000| Untracked 
|  45|0x00000000e2d00000, 0x00000000e2e00000, 0x00000000e2e00000|100%| O|  |TAMS 0x00000000e2e00000, 0x00000000e2d00000| Untracked 
|  46|0x00000000e2e00000, 0x00000000e2f00000, 0x00000000e2f00000|100%| O|  |TAMS 0x00000000e2f00000, 0x00000000e2e00000| Untracked 
|  47|0x00000000e2f00000, 0x00000000e2ff5e80, 0x00000000e3000000| 96%| O|  |TAMS 0x00000000e2ff5e80, 0x00000000e2f00000| Untracked 
|  48|0x00000000e3000000, 0x00000000e3100000, 0x00000000e3100000|100%| O|  |TAMS 0x00000000e3100000, 0x00000000e3000000| Untracked 
|  49|0x00000000e3100000, 0x00000000e3200000, 0x00000000e3200000|100%| O|  |TAMS 0x00000000e3200000, 0x00000000e3100000| Untracked 
|  50|0x00000000e3200000, 0x00000000e3300000, 0x00000000e3300000|100%| O|  |TAMS 0x00000000e3300000, 0x00000000e3200000| Untracked 
|  51|0x00000000e3300000, 0x00000000e3400000, 0x00000000e3400000|100%| O|  |TAMS 0x00000000e3400000, 0x00000000e3300000| Untracked 
|  52|0x00000000e3400000, 0x00000000e3500000, 0x00000000e3500000|100%| O|  |TAMS 0x00000000e3500000, 0x00000000e3400000| Untracked 
|  53|0x00000000e3500000, 0x00000000e3600000, 0x00000000e3600000|100%| O|  |TAMS 0x00000000e3600000, 0x00000000e3500000| Untracked 
|  54|0x00000000e3600000, 0x00000000e3700000, 0x00000000e3700000|100%| O|  |TAMS 0x00000000e3700000, 0x00000000e3600000| Untracked 
|  55|0x00000000e3700000, 0x00000000e3800000, 0x00000000e3800000|100%| O|  |TAMS 0x00000000e3800000, 0x00000000e3700000| Untracked 
|  56|0x00000000e3800000, 0x00000000e3900000, 0x00000000e3900000|100%| O|  |TAMS 0x00000000e3900000, 0x00000000e3800000| Untracked 
|  57|0x00000000e3900000, 0x00000000e3a00000, 0x00000000e3a00000|100%| O|  |TAMS 0x00000000e3a00000, 0x00000000e3900000| Untracked 
|  58|0x00000000e3a00000, 0x00000000e3b00000, 0x00000000e3b00000|100%| O|  |TAMS 0x00000000e3b00000, 0x00000000e3a00000| Untracked 
|  59|0x00000000e3b00000, 0x00000000e3c00000, 0x00000000e3c00000|100%| O|  |TAMS 0x00000000e3c00000, 0x00000000e3b00000| Untracked 
|  60|0x00000000e3c00000, 0x00000000e3d00000, 0x00000000e3d00000|100%| O|  |TAMS 0x00000000e3d00000, 0x00000000e3c00000| Untracked 
|  61|0x00000000e3d00000, 0x00000000e3e00000, 0x00000000e3e00000|100%| O|  |TAMS 0x00000000e3e00000, 0x00000000e3d00000| Untracked 
|  62|0x00000000e3e00000, 0x00000000e3f00000, 0x00000000e3f00000|100%| O|  |TAMS 0x00000000e3f00000, 0x00000000e3e00000| Untracked 
|  63|0x00000000e3f00000, 0x00000000e4000000, 0x00000000e4000000|100%| O|  |TAMS 0x00000000e4000000, 0x00000000e3f00000| Untracked 
|  64|0x00000000e4000000, 0x00000000e4100000, 0x00000000e4100000|100%| O|  |TAMS 0x00000000e4100000, 0x00000000e4000000| Complete 
|  65|0x00000000e4100000, 0x00000000e4200000, 0x00000000e4200000|100%|HS|  |TAMS 0x00000000e4200000, 0x00000000e4100000| Complete 
|  66|0x00000000e4200000, 0x00000000e4300000, 0x00000000e4300000|100%|HC|  |TAMS 0x00000000e4300000, 0x00000000e4200000| Complete 
|  67|0x00000000e4300000, 0x00000000e4400000, 0x00000000e4400000|100%| O|  |TAMS 0x00000000e4400000, 0x00000000e4300000| Complete 
|  68|0x00000000e4400000, 0x00000000e4500000, 0x00000000e4500000|100%| O|  |TAMS 0x00000000e4500000, 0x00000000e4400000| Untracked 
|  69|0x00000000e4500000, 0x00000000e4600000, 0x00000000e4600000|100%| O|  |TAMS 0x00000000e4600000, 0x00000000e4500000| Untracked 
|  70|0x00000000e4600000, 0x00000000e4700000, 0x00000000e4700000|100%| O|  |TAMS 0x00000000e4700000, 0x00000000e4600000| Untracked 
|  71|0x00000000e4700000, 0x00000000e4800000, 0x00000000e4800000|100%| O|  |TAMS 0x00000000e4800000, 0x00000000e4700000| Untracked 
|  72|0x00000000e4800000, 0x00000000e4900000, 0x00000000e4900000|100%| O|  |TAMS 0x00000000e4900000, 0x00000000e4800000| Untracked 
|  73|0x00000000e4900000, 0x00000000e4a00000, 0x00000000e4a00000|100%| O|  |TAMS 0x00000000e4a00000, 0x00000000e4900000| Complete 
|  74|0x00000000e4a00000, 0x00000000e4b00000, 0x00000000e4b00000|100%| O|  |TAMS 0x00000000e4a00000, 0x00000000e4a00000| Untracked 
|  75|0x00000000e4b00000, 0x00000000e4c00000, 0x00000000e4c00000|100%| O|  |TAMS 0x00000000e4b00000, 0x00000000e4b00000| Untracked 
|  76|0x00000000e4c00000, 0x00000000e4d00000, 0x00000000e4d00000|100%| O|  |TAMS 0x00000000e4d00000, 0x00000000e4c00000| Untracked 
|  77|0x00000000e4d00000, 0x00000000e4e00000, 0x00000000e4e00000|100%| O|  |TAMS 0x00000000e4e00000, 0x00000000e4d00000| Untracked 
|  78|0x00000000e4e00000, 0x00000000e4e00000, 0x00000000e4f00000|  0%| F|  |TAMS 0x00000000e4e00000, 0x00000000e4e00000| Untracked 
|  79|0x00000000e4f00000, 0x00000000e5000000, 0x00000000e5000000|100%| O|  |TAMS 0x00000000e5000000, 0x00000000e4f00000| Complete 
|  80|0x00000000e5000000, 0x00000000e5100000, 0x00000000e5100000|100%| O|  |TAMS 0x00000000e5000000, 0x00000000e5000000| Untracked 
|  81|0x00000000e5100000, 0x00000000e5200000, 0x00000000e5200000|100%| O|  |TAMS 0x00000000e5100000, 0x00000000e5100000| Untracked 
|  82|0x00000000e5200000, 0x00000000e5300000, 0x00000000e5300000|100%| O|  |TAMS 0x00000000e5300000, 0x00000000e5200000| Complete 
|  83|0x00000000e5300000, 0x00000000e5400000, 0x00000000e5400000|100%| O|  |TAMS 0x00000000e5400000, 0x00000000e5300000| Untracked 
|  84|0x00000000e5400000, 0x00000000e5500000, 0x00000000e5500000|100%| O|  |TAMS 0x00000000e5500000, 0x00000000e5400000| Untracked 
|  85|0x00000000e5500000, 0x00000000e5600000, 0x00000000e5600000|100%| O|  |TAMS 0x00000000e5600000, 0x00000000e5500000| Untracked 
|  86|0x00000000e5600000, 0x00000000e5700000, 0x00000000e5700000|100%| O|  |TAMS 0x00000000e5700000, 0x00000000e5600000| Complete 
|  87|0x00000000e5700000, 0x00000000e5800000, 0x00000000e5800000|100%| O|  |TAMS 0x00000000e57bc000, 0x00000000e5700000| Untracked 
|  88|0x00000000e5800000, 0x00000000e5900000, 0x00000000e5900000|100%| O|  |TAMS 0x00000000e5800000, 0x00000000e5800000| Untracked 
|  89|0x00000000e5900000, 0x00000000e5a00000, 0x00000000e5a00000|100%| O|  |TAMS 0x00000000e5900000, 0x00000000e5900000| Untracked 
|  90|0x00000000e5a00000, 0x00000000e5b00000, 0x00000000e5b00000|100%| O|  |TAMS 0x00000000e5a00000, 0x00000000e5a00000| Untracked 
|  91|0x00000000e5b00000, 0x00000000e5bb4e00, 0x00000000e5c00000| 70%| O|  |TAMS 0x00000000e5b00000, 0x00000000e5b00000| Untracked 
|  92|0x00000000e5c00000, 0x00000000e5d00000, 0x00000000e5d00000|100%|HS|  |TAMS 0x00000000e5c00000, 0x00000000e5c00000| Complete 
|  93|0x00000000e5d00000, 0x00000000e5e00000, 0x00000000e5e00000|100%|HC|  |TAMS 0x00000000e5d00000, 0x00000000e5d00000| Complete 
|  94|0x00000000e5e00000, 0x00000000e5f00000, 0x00000000e5f00000|100%|HC|  |TAMS 0x00000000e5e00000, 0x00000000e5e00000| Complete 
|  95|0x00000000e5f00000, 0x00000000e5f00000, 0x00000000e6000000|  0%| F|  |TAMS 0x00000000e5f00000, 0x00000000e5f00000| Untracked 
|  96|0x00000000e6000000, 0x00000000e6000000, 0x00000000e6100000|  0%| F|  |TAMS 0x00000000e6000000, 0x00000000e6000000| Untracked 
|  97|0x00000000e6100000, 0x00000000e6100000, 0x00000000e6200000|  0%| F|  |TAMS 0x00000000e6100000, 0x00000000e6100000| Untracked 
|  98|0x00000000e6200000, 0x00000000e6200000, 0x00000000e6300000|  0%| F|  |TAMS 0x00000000e6200000, 0x00000000e6200000| Untracked 
|  99|0x00000000e6300000, 0x00000000e6300000, 0x00000000e6400000|  0%| F|  |TAMS 0x00000000e6300000, 0x00000000e6300000| Untracked 
| 100|0x00000000e6400000, 0x00000000e6400000, 0x00000000e6500000|  0%| F|  |TAMS 0x00000000e6400000, 0x00000000e6400000| Untracked 
| 101|0x00000000e6500000, 0x00000000e6500000, 0x00000000e6600000|  0%| F|  |TAMS 0x00000000e6500000, 0x00000000e6500000| Untracked 
| 102|0x00000000e6600000, 0x00000000e6600000, 0x00000000e6700000|  0%| F|  |TAMS 0x00000000e6600000, 0x00000000e6600000| Untracked 
| 103|0x00000000e6700000, 0x00000000e6700000, 0x00000000e6800000|  0%| F|  |TAMS 0x00000000e6700000, 0x00000000e6700000| Untracked 
| 104|0x00000000e6800000, 0x00000000e6800000, 0x00000000e6900000|  0%| F|  |TAMS 0x00000000e6800000, 0x00000000e6800000| Untracked 
| 105|0x00000000e6900000, 0x00000000e6900000, 0x00000000e6a00000|  0%| F|  |TAMS 0x00000000e6900000, 0x00000000e6900000| Untracked 
| 106|0x00000000e6a00000, 0x00000000e6a00000, 0x00000000e6b00000|  0%| F|  |TAMS 0x00000000e6a00000, 0x00000000e6a00000| Untracked 
| 107|0x00000000e6b00000, 0x00000000e6b00000, 0x00000000e6c00000|  0%| F|  |TAMS 0x00000000e6b00000, 0x00000000e6b00000| Untracked 
| 108|0x00000000e6c00000, 0x00000000e6c00000, 0x00000000e6d00000|  0%| F|  |TAMS 0x00000000e6c00000, 0x00000000e6c00000| Untracked 
| 109|0x00000000e6d00000, 0x00000000e6d00000, 0x00000000e6e00000|  0%| F|  |TAMS 0x00000000e6d00000, 0x00000000e6d00000| Untracked 
| 110|0x00000000e6e00000, 0x00000000e6e00000, 0x00000000e6f00000|  0%| F|  |TAMS 0x00000000e6e00000, 0x00000000e6e00000| Untracked 
| 111|0x00000000e6f00000, 0x00000000e6f00000, 0x00000000e7000000|  0%| F|  |TAMS 0x00000000e6f00000, 0x00000000e6f00000| Untracked 
| 112|0x00000000e7000000, 0x00000000e7000000, 0x00000000e7100000|  0%| F|  |TAMS 0x00000000e7000000, 0x00000000e7000000| Untracked 
| 113|0x00000000e7100000, 0x00000000e7100000, 0x00000000e7200000|  0%| F|  |TAMS 0x00000000e7100000, 0x00000000e7100000| Untracked 
| 114|0x00000000e7200000, 0x00000000e7200000, 0x00000000e7300000|  0%| F|  |TAMS 0x00000000e7200000, 0x00000000e7200000| Untracked 
| 115|0x00000000e7300000, 0x00000000e7300000, 0x00000000e7400000|  0%| F|  |TAMS 0x00000000e7300000, 0x00000000e7300000| Untracked 
| 116|0x00000000e7400000, 0x00000000e7400000, 0x00000000e7500000|  0%| F|  |TAMS 0x00000000e7400000, 0x00000000e7400000| Untracked 
| 117|0x00000000e7500000, 0x00000000e7500000, 0x00000000e7600000|  0%| F|  |TAMS 0x00000000e7500000, 0x00000000e7500000| Untracked 
| 118|0x00000000e7600000, 0x00000000e7600000, 0x00000000e7700000|  0%| F|  |TAMS 0x00000000e7600000, 0x00000000e7600000| Untracked 
| 119|0x00000000e7700000, 0x00000000e7700000, 0x00000000e7800000|  0%| F|  |TAMS 0x00000000e7700000, 0x00000000e7700000| Untracked 
| 120|0x00000000e7800000, 0x00000000e7800000, 0x00000000e7900000|  0%| F|  |TAMS 0x00000000e7800000, 0x00000000e7800000| Untracked 
| 121|0x00000000e7900000, 0x00000000e7900000, 0x00000000e7a00000|  0%| F|  |TAMS 0x00000000e7900000, 0x00000000e7900000| Untracked 
| 122|0x00000000e7a00000, 0x00000000e7a00000, 0x00000000e7b00000|  0%| F|  |TAMS 0x00000000e7a00000, 0x00000000e7a00000| Untracked 
| 123|0x00000000e7b00000, 0x00000000e7b00000, 0x00000000e7c00000|  0%| F|  |TAMS 0x00000000e7b00000, 0x00000000e7b00000| Untracked 
| 124|0x00000000e7c00000, 0x00000000e7c00000, 0x00000000e7d00000|  0%| F|  |TAMS 0x00000000e7c00000, 0x00000000e7c00000| Untracked 
| 125|0x00000000e7d00000, 0x00000000e7d00000, 0x00000000e7e00000|  0%| F|  |TAMS 0x00000000e7d00000, 0x00000000e7d00000| Untracked 
| 126|0x00000000e7e00000, 0x00000000e7e00000, 0x00000000e7f00000|  0%| F|  |TAMS 0x00000000e7e00000, 0x00000000e7e00000| Untracked 
| 127|0x00000000e7f00000, 0x00000000e7f00000, 0x00000000e8000000|  0%| F|  |TAMS 0x00000000e7f00000, 0x00000000e7f00000| Untracked 
| 128|0x00000000e8000000, 0x00000000e8000000, 0x00000000e8100000|  0%| F|  |TAMS 0x00000000e8000000, 0x00000000e8000000| Untracked 
| 129|0x00000000e8100000, 0x00000000e8100000, 0x00000000e8200000|  0%| F|  |TAMS 0x00000000e8100000, 0x00000000e8100000| Untracked 
| 130|0x00000000e8200000, 0x00000000e8200000, 0x00000000e8300000|  0%| F|  |TAMS 0x00000000e8200000, 0x00000000e8200000| Untracked 
| 131|0x00000000e8300000, 0x00000000e8300000, 0x00000000e8400000|  0%| F|  |TAMS 0x00000000e8300000, 0x00000000e8300000| Untracked 
| 132|0x00000000e8400000, 0x00000000e8400000, 0x00000000e8500000|  0%| F|  |TAMS 0x00000000e8400000, 0x00000000e8400000| Untracked 
| 133|0x00000000e8500000, 0x00000000e8500000, 0x00000000e8600000|  0%| F|  |TAMS 0x00000000e8500000, 0x00000000e8500000| Untracked 
| 134|0x00000000e8600000, 0x00000000e8600000, 0x00000000e8700000|  0%| F|  |TAMS 0x00000000e8600000, 0x00000000e8600000| Untracked 
| 135|0x00000000e8700000, 0x00000000e8700000, 0x00000000e8800000|  0%| F|  |TAMS 0x00000000e8700000, 0x00000000e8700000| Untracked 
| 136|0x00000000e8800000, 0x00000000e8800000, 0x00000000e8900000|  0%| F|  |TAMS 0x00000000e8800000, 0x00000000e8800000| Untracked 
| 137|0x00000000e8900000, 0x00000000e8900000, 0x00000000e8a00000|  0%| F|  |TAMS 0x00000000e8900000, 0x00000000e8900000| Untracked 
| 138|0x00000000e8a00000, 0x00000000e8a00000, 0x00000000e8b00000|  0%| F|  |TAMS 0x00000000e8a00000, 0x00000000e8a00000| Untracked 
| 139|0x00000000e8b00000, 0x00000000e8b00000, 0x00000000e8c00000|  0%| F|  |TAMS 0x00000000e8b00000, 0x00000000e8b00000| Untracked 
| 140|0x00000000e8c00000, 0x00000000e8c00000, 0x00000000e8d00000|  0%| F|  |TAMS 0x00000000e8c00000, 0x00000000e8c00000| Untracked 
| 141|0x00000000e8d00000, 0x00000000e8d00000, 0x00000000e8e00000|  0%| F|  |TAMS 0x00000000e8d00000, 0x00000000e8d00000| Untracked 
| 142|0x00000000e8e00000, 0x00000000e8e00000, 0x00000000e8f00000|  0%| F|  |TAMS 0x00000000e8e00000, 0x00000000e8e00000| Untracked 
| 143|0x00000000e8f00000, 0x00000000e8f00000, 0x00000000e9000000|  0%| F|  |TAMS 0x00000000e8f00000, 0x00000000e8f00000| Untracked 
| 144|0x00000000e9000000, 0x00000000e9000000, 0x00000000e9100000|  0%| F|  |TAMS 0x00000000e9000000, 0x00000000e9000000| Untracked 
| 145|0x00000000e9100000, 0x00000000e9100000, 0x00000000e9200000|  0%| F|  |TAMS 0x00000000e9100000, 0x00000000e9100000| Untracked 
| 146|0x00000000e9200000, 0x00000000e9200000, 0x00000000e9300000|  0%| F|  |TAMS 0x00000000e9200000, 0x00000000e9200000| Untracked 
| 147|0x00000000e9300000, 0x00000000e9300000, 0x00000000e9400000|  0%| F|  |TAMS 0x00000000e9300000, 0x00000000e9300000| Untracked 
| 148|0x00000000e9400000, 0x00000000e9400000, 0x00000000e9500000|  0%| F|  |TAMS 0x00000000e9400000, 0x00000000e9400000| Untracked 
| 149|0x00000000e9500000, 0x00000000e9500000, 0x00000000e9600000|  0%| F|  |TAMS 0x00000000e9500000, 0x00000000e9500000| Untracked 
| 150|0x00000000e9600000, 0x00000000e9600000, 0x00000000e9700000|  0%| F|  |TAMS 0x00000000e9600000, 0x00000000e9600000| Untracked 
| 151|0x00000000e9700000, 0x00000000e9700000, 0x00000000e9800000|  0%| F|  |TAMS 0x00000000e9700000, 0x00000000e9700000| Untracked 
| 152|0x00000000e9800000, 0x00000000e9800000, 0x00000000e9900000|  0%| F|  |TAMS 0x00000000e9800000, 0x00000000e9800000| Untracked 
| 153|0x00000000e9900000, 0x00000000e9900000, 0x00000000e9a00000|  0%| F|  |TAMS 0x00000000e9900000, 0x00000000e9900000| Untracked 
| 154|0x00000000e9a00000, 0x00000000e9a00000, 0x00000000e9b00000|  0%| F|  |TAMS 0x00000000e9a00000, 0x00000000e9a00000| Untracked 
| 155|0x00000000e9b00000, 0x00000000e9b00000, 0x00000000e9c00000|  0%| F|  |TAMS 0x00000000e9b00000, 0x00000000e9b00000| Untracked 
| 156|0x00000000e9c00000, 0x00000000e9c00000, 0x00000000e9d00000|  0%| F|  |TAMS 0x00000000e9c00000, 0x00000000e9c00000| Untracked 
| 157|0x00000000e9d00000, 0x00000000e9d00000, 0x00000000e9e00000|  0%| F|  |TAMS 0x00000000e9d00000, 0x00000000e9d00000| Untracked 
| 158|0x00000000e9e00000, 0x00000000e9e00000, 0x00000000e9f00000|  0%| F|  |TAMS 0x00000000e9e00000, 0x00000000e9e00000| Untracked 
| 159|0x00000000e9f00000, 0x00000000e9f00000, 0x00000000ea000000|  0%| F|  |TAMS 0x00000000e9f00000, 0x00000000e9f00000| Untracked 
| 160|0x00000000ea000000, 0x00000000ea000000, 0x00000000ea100000|  0%| F|  |TAMS 0x00000000ea000000, 0x00000000ea000000| Untracked 
| 161|0x00000000ea100000, 0x00000000ea100000, 0x00000000ea200000|  0%| F|  |TAMS 0x00000000ea100000, 0x00000000ea100000| Untracked 
| 162|0x00000000ea200000, 0x00000000ea200000, 0x00000000ea300000|  0%| F|  |TAMS 0x00000000ea200000, 0x00000000ea200000| Untracked 
| 163|0x00000000ea300000, 0x00000000ea300000, 0x00000000ea400000|  0%| F|  |TAMS 0x00000000ea300000, 0x00000000ea300000| Untracked 
| 164|0x00000000ea400000, 0x00000000ea400000, 0x00000000ea500000|  0%| F|  |TAMS 0x00000000ea400000, 0x00000000ea400000| Untracked 
| 165|0x00000000ea500000, 0x00000000ea500000, 0x00000000ea600000|  0%| F|  |TAMS 0x00000000ea500000, 0x00000000ea500000| Untracked 
| 166|0x00000000ea600000, 0x00000000ea600000, 0x00000000ea700000|  0%| F|  |TAMS 0x00000000ea600000, 0x00000000ea600000| Untracked 
| 167|0x00000000ea700000, 0x00000000ea700000, 0x00000000ea800000|  0%| F|  |TAMS 0x00000000ea700000, 0x00000000ea700000| Untracked 
| 168|0x00000000ea800000, 0x00000000ea800000, 0x00000000ea900000|  0%| F|  |TAMS 0x00000000ea800000, 0x00000000ea800000| Untracked 
| 169|0x00000000ea900000, 0x00000000ea900000, 0x00000000eaa00000|  0%| F|  |TAMS 0x00000000ea900000, 0x00000000ea900000| Untracked 
| 170|0x00000000eaa00000, 0x00000000eaaac090, 0x00000000eab00000| 67%| E|  |TAMS 0x00000000eaa00000, 0x00000000eaa00000| Complete 
| 171|0x00000000eab00000, 0x00000000eac00000, 0x00000000eac00000|100%| E|CS|TAMS 0x00000000eab00000, 0x00000000eab00000| Complete 
| 172|0x00000000eac00000, 0x00000000ead00000, 0x00000000ead00000|100%| E|CS|TAMS 0x00000000eac00000, 0x00000000eac00000| Complete 
| 173|0x00000000ead00000, 0x00000000eae00000, 0x00000000eae00000|100%| E|CS|TAMS 0x00000000ead00000, 0x00000000ead00000| Complete 
| 174|0x00000000eae00000, 0x00000000eaf00000, 0x00000000eaf00000|100%| E|CS|TAMS 0x00000000eae00000, 0x00000000eae00000| Complete 
| 175|0x00000000eaf00000, 0x00000000eb000000, 0x00000000eb000000|100%| E|CS|TAMS 0x00000000eaf00000, 0x00000000eaf00000| Complete 
| 176|0x00000000eb000000, 0x00000000eb0cf6c0, 0x00000000eb100000| 81%| S|CS|TAMS 0x00000000eb000000, 0x00000000eb000000| Complete 
| 177|0x00000000eb100000, 0x00000000eb200000, 0x00000000eb200000|100%| S|CS|TAMS 0x00000000eb100000, 0x00000000eb100000| Complete 
| 178|0x00000000eb200000, 0x00000000eb300000, 0x00000000eb300000|100%| S|CS|TAMS 0x00000000eb200000, 0x00000000eb200000| Complete 
| 179|0x00000000eb300000, 0x00000000eb400000, 0x00000000eb400000|100%| S|CS|TAMS 0x00000000eb300000, 0x00000000eb300000| Complete 
| 180|0x00000000eb400000, 0x00000000eb500000, 0x00000000eb500000|100%| S|CS|TAMS 0x00000000eb400000, 0x00000000eb400000| Complete 
| 181|0x00000000eb500000, 0x00000000eb600000, 0x00000000eb600000|100%| S|CS|TAMS 0x00000000eb500000, 0x00000000eb500000| Complete 
| 182|0x00000000eb600000, 0x00000000eb700000, 0x00000000eb700000|100%| E|CS|TAMS 0x00000000eb600000, 0x00000000eb600000| Complete 
| 183|0x00000000eb700000, 0x00000000eb800000, 0x00000000eb800000|100%| E|CS|TAMS 0x00000000eb700000, 0x00000000eb700000| Complete 
| 184|0x00000000eb800000, 0x00000000eb900000, 0x00000000eb900000|100%| E|CS|TAMS 0x00000000eb800000, 0x00000000eb800000| Complete 
| 185|0x00000000eb900000, 0x00000000eba00000, 0x00000000eba00000|100%| E|CS|TAMS 0x00000000eb900000, 0x00000000eb900000| Complete 
| 186|0x00000000eba00000, 0x00000000ebb00000, 0x00000000ebb00000|100%| E|CS|TAMS 0x00000000eba00000, 0x00000000eba00000| Complete 
| 187|0x00000000ebb00000, 0x00000000ebc00000, 0x00000000ebc00000|100%| E|CS|TAMS 0x00000000ebb00000, 0x00000000ebb00000| Complete 
| 188|0x00000000ebc00000, 0x00000000ebd00000, 0x00000000ebd00000|100%| E|CS|TAMS 0x00000000ebc00000, 0x00000000ebc00000| Complete 
| 189|0x00000000ebd00000, 0x00000000ebe00000, 0x00000000ebe00000|100%| E|CS|TAMS 0x00000000ebd00000, 0x00000000ebd00000| Complete 
| 190|0x00000000ebe00000, 0x00000000ebf00000, 0x00000000ebf00000|100%| E|CS|TAMS 0x00000000ebe00000, 0x00000000ebe00000| Complete 
| 191|0x00000000ebf00000, 0x00000000ec000000, 0x00000000ec000000|100%| E|CS|TAMS 0x00000000ebf00000, 0x00000000ebf00000| Complete 
| 192|0x00000000ec000000, 0x00000000ec100000, 0x00000000ec100000|100%| E|CS|TAMS 0x00000000ec000000, 0x00000000ec000000| Complete 
| 193|0x00000000ec100000, 0x00000000ec200000, 0x00000000ec200000|100%| E|CS|TAMS 0x00000000ec100000, 0x00000000ec100000| Complete 
| 194|0x00000000ec200000, 0x00000000ec300000, 0x00000000ec300000|100%| E|CS|TAMS 0x00000000ec200000, 0x00000000ec200000| Complete 
| 195|0x00000000ec300000, 0x00000000ec400000, 0x00000000ec400000|100%| E|CS|TAMS 0x00000000ec300000, 0x00000000ec300000| Complete 
| 196|0x00000000ec400000, 0x00000000ec500000, 0x00000000ec500000|100%| E|CS|TAMS 0x00000000ec400000, 0x00000000ec400000| Complete 
| 197|0x00000000ec500000, 0x00000000ec600000, 0x00000000ec600000|100%| E|CS|TAMS 0x00000000ec500000, 0x00000000ec500000| Complete 
| 198|0x00000000ec600000, 0x00000000ec700000, 0x00000000ec700000|100%| E|CS|TAMS 0x00000000ec600000, 0x00000000ec600000| Complete 
| 199|0x00000000ec700000, 0x00000000ec800000, 0x00000000ec800000|100%| E|CS|TAMS 0x00000000ec700000, 0x00000000ec700000| Complete 
| 200|0x00000000ec800000, 0x00000000ec900000, 0x00000000ec900000|100%| E|CS|TAMS 0x00000000ec800000, 0x00000000ec800000| Complete 
| 201|0x00000000ec900000, 0x00000000eca00000, 0x00000000eca00000|100%| E|CS|TAMS 0x00000000ec900000, 0x00000000ec900000| Complete 
| 202|0x00000000eca00000, 0x00000000ecb00000, 0x00000000ecb00000|100%| E|CS|TAMS 0x00000000eca00000, 0x00000000eca00000| Complete 
| 203|0x00000000ecb00000, 0x00000000ecc00000, 0x00000000ecc00000|100%| E|CS|TAMS 0x00000000ecb00000, 0x00000000ecb00000| Complete 
| 204|0x00000000ecc00000, 0x00000000ecd00000, 0x00000000ecd00000|100%| E|CS|TAMS 0x00000000ecc00000, 0x00000000ecc00000| Complete 
| 205|0x00000000ecd00000, 0x00000000ece00000, 0x00000000ece00000|100%| E|CS|TAMS 0x00000000ecd00000, 0x00000000ecd00000| Complete 
| 206|0x00000000ece00000, 0x00000000ecf00000, 0x00000000ecf00000|100%| E|CS|TAMS 0x00000000ece00000, 0x00000000ece00000| Complete 
| 207|0x00000000ecf00000, 0x00000000ed000000, 0x00000000ed000000|100%| E|CS|TAMS 0x00000000ecf00000, 0x00000000ecf00000| Complete 
| 208|0x00000000ed000000, 0x00000000ed100000, 0x00000000ed100000|100%| E|CS|TAMS 0x00000000ed000000, 0x00000000ed000000| Complete 
| 209|0x00000000ed100000, 0x00000000ed200000, 0x00000000ed200000|100%| E|CS|TAMS 0x00000000ed100000, 0x00000000ed100000| Complete 
| 210|0x00000000ed200000, 0x00000000ed300000, 0x00000000ed300000|100%| E|CS|TAMS 0x00000000ed200000, 0x00000000ed200000| Complete 
| 211|0x00000000ed300000, 0x00000000ed400000, 0x00000000ed400000|100%| E|CS|TAMS 0x00000000ed300000, 0x00000000ed300000| Complete 
| 212|0x00000000ed400000, 0x00000000ed500000, 0x00000000ed500000|100%| E|CS|TAMS 0x00000000ed400000, 0x00000000ed400000| Complete 
| 213|0x00000000ed500000, 0x00000000ed600000, 0x00000000ed600000|100%| E|CS|TAMS 0x00000000ed500000, 0x00000000ed500000| Complete 
| 214|0x00000000ed600000, 0x00000000ed700000, 0x00000000ed700000|100%| E|CS|TAMS 0x00000000ed600000, 0x00000000ed600000| Complete 
| 215|0x00000000ed700000, 0x00000000ed800000, 0x00000000ed800000|100%| E|CS|TAMS 0x00000000ed700000, 0x00000000ed700000| Complete 
| 216|0x00000000ed800000, 0x00000000ed900000, 0x00000000ed900000|100%| E|CS|TAMS 0x00000000ed800000, 0x00000000ed800000| Complete 
| 217|0x00000000ed900000, 0x00000000eda00000, 0x00000000eda00000|100%| E|CS|TAMS 0x00000000ed900000, 0x00000000ed900000| Complete 
| 218|0x00000000eda00000, 0x00000000edb00000, 0x00000000edb00000|100%| E|CS|TAMS 0x00000000eda00000, 0x00000000eda00000| Complete 
| 219|0x00000000edb00000, 0x00000000edc00000, 0x00000000edc00000|100%| E|CS|TAMS 0x00000000edb00000, 0x00000000edb00000| Complete 
| 220|0x00000000edc00000, 0x00000000edd00000, 0x00000000edd00000|100%| E|CS|TAMS 0x00000000edc00000, 0x00000000edc00000| Complete 
| 221|0x00000000edd00000, 0x00000000ede00000, 0x00000000ede00000|100%| E|CS|TAMS 0x00000000edd00000, 0x00000000edd00000| Complete 

Card table byte_map: [0x000001ff3fea0000,0x000001ff3ffa0000] _byte_map_base: 0x000001ff3f7a0000

Marking Bits (Prev, Next): (CMBitMap*) 0x000001ff39e1a4c0, (CMBitMap*) 0x000001ff39e1a500
 Prev Bits: [0x000001ff400a0000, 0x000001ff408a0000)
 Next Bits: [0x000001ff408a0000, 0x000001ff410a0000)

Polling page: 0x000001ff37ae0000

Metaspace:

Usage:
  Non-class:     58.98 MB used.
      Class:      9.24 MB used.
       Both:     68.22 MB used.

Virtual space:
  Non-class space:       64.00 MB reserved,      59.25 MB ( 93%) committed,  8 nodes.
      Class space:        1.00 GB reserved,       9.50 MB ( <1%) committed,  1 nodes.
             Both:        1.06 GB reserved,      68.75 MB (  6%) committed. 

Chunk freelists:
   Non-Class:  3.91 MB
       Class:  2.36 MB
        Both:  6.27 MB

MaxMetaspaceSize: unlimited
CompressedClassSpaceSize: 1.00 GB
Initial GC threshold: 21.00 MB
Current GC threshold: 114.50 MB
CDS: off
MetaspaceReclaimPolicy: balanced
 - commit_granule_bytes: 65536.
 - commit_granule_words: 8192.
 - virtual_space_node_default_size: 1048576.
 - enlarge_chunks_in_place: 1.
 - new_chunks_are_fully_committed: 0.
 - uncommit_free_chunks: 1.
 - use_allocation_guard: 0.
 - handle_deallocations: 1.


Internal statistics:

num_allocs_failed_limit: 8.
num_arena_births: 800.
num_arena_deaths: 194.
num_vsnodes_births: 9.
num_vsnodes_deaths: 0.
num_space_committed: 1100.
num_space_uncommitted: 0.
num_chunks_returned_to_freelist: 230.
num_chunks_taken_from_freelist: 3197.
num_chunk_merges: 79.
num_chunk_splits: 2180.
num_chunks_enlarged: 1625.
num_purges: 8.
num_inconsistent_stats: 0.

CodeCache: size=49152Kb used=17205Kb max_used=17766Kb free=31946Kb
 bounds [0x000001ff3ca70000, 0x000001ff3dbd0000, 0x000001ff3fa70000]
 total_blobs=10364 nmethods=9672 adapters=619
 compilation: enabled
              stopped_count=0, restarted_count=0
 full_count=0

Compilation events (20 events):
Event: 244.213 Thread 0x000001ff4483acc0 nmethod 9817 0x000001ff3dbc7110 code [0x000001ff3dbc72e0, 0x000001ff3dbc7898]
Event: 244.213 Thread 0x000001ff4483acc0 9819       1       io.micrometer.core.instrument.MeterRegistry$Config::pauseDetector (8 bytes)
Event: 244.213 Thread 0x000001ff4483acc0 nmethod 9819 0x000001ff3dbc7a10 code [0x000001ff3dbc7ba0, 0x000001ff3dbc7c78]
Event: 244.213 Thread 0x000001ff4483acc0 9820       1       io.micrometer.core.instrument.MeterRegistry::timer (24 bytes)
Event: 244.213 Thread 0x000001ff4483acc0 nmethod 9820 0x000001ff3dbc7d10 code [0x000001ff3dbc7ec0, 0x000001ff3dbc8138]
Event: 244.213 Thread 0x000001ff48658870 nmethod 9818 0x000001ff3dbc8310 code [0x000001ff3dbc84e0, 0x000001ff3dbc8868]
Event: 244.213 Thread 0x000001ff4483acc0 9821       1       io.micrometer.core.instrument.MeterRegistry$$Lambda$799/0x000000010064f708::<init> (15 bytes)
Event: 244.213 Thread 0x000001ff48658870 9824       1       java.util.stream.ReferencePipeline::findFirst (12 bytes)
Event: 244.213 Thread 0x000001ff4483acc0 nmethod 9821 0x000001ff3dbc8b90 code [0x000001ff3dbc8d20, 0x000001ff3dbc8e78]
Event: 244.213 Thread 0x000001ff48658870 nmethod 9824 0x000001ff3dbc8f10 code [0x000001ff3dbc90a0, 0x000001ff3dbc91a8]
Event: 244.213 Thread 0x000001ff4483acc0 9822       1       org.openrewrite.marker.Range::getStart (5 bytes)
Event: 244.213 Thread 0x000001ff48658870 9823       1       org.openrewrite.java.tree.J$Package::getExpression (5 bytes)
Event: 244.213 Thread 0x000001ff4483acc0 nmethod 9822 0x000001ff3dbc9290 code [0x000001ff3dbc9420, 0x000001ff3dbc94f8]
Event: 244.213 Thread 0x000001ff48658870 nmethod 9823 0x000001ff3dbc9590 code [0x000001ff3dbc9720, 0x000001ff3dbc97f8]
Event: 244.213 Thread 0x000001ff4483acc0 9825       1       org.openrewrite.java.tree.J$Package::getAnnotations (5 bytes)
Event: 244.213 Thread 0x000001ff4483acc0 nmethod 9825 0x000001ff3dbc9890 code [0x000001ff3dbc9a20, 0x000001ff3dbc9af8]
Event: 266.027 Thread 0x000001ff4483acc0 9826       1       java.util.concurrent.ThreadPoolExecutor::getQueue (5 bytes)
Event: 266.027 Thread 0x000001ff4483acc0 nmethod 9826 0x000001ff3db65a10 code [0x000001ff3db65ba0, 0x000001ff3db65c78]
Event: 268.032 Thread 0x000001ff4483acc0 9827       1       java.util.concurrent.ScheduledThreadPoolExecutor$DelayedWorkQueue::setIndex (16 bytes)
Event: 268.032 Thread 0x000001ff4483acc0 nmethod 9827 0x000001ff3db65690 code [0x000001ff3db65820, 0x000001ff3db65938]

GC Heap History (20 events):
Event: 204.381 GC heap before
{Heap before GC invocations=86 (full 11):
 garbage-first heap   total 152576K, used 118459K [0x00000000e0000000, 0x0000000100000000)
  region size 1024K, 39 young (39936K), 1 survivors (1024K)
 Metaspace       used 68988K, committed 69440K, reserved 1114112K
  class space    used 9336K, committed 9536K, reserved 1048576K
}
Event: 204.383 GC heap after
{Heap after GC invocations=87 (full 11):
 garbage-first heap   total 227328K, used 82256K [0x00000000e0000000, 0x0000000100000000)
  region size 1024K, 4 young (4096K), 4 survivors (4096K)
 Metaspace       used 68988K, committed 69440K, reserved 1114112K
  class space    used 9336K, committed 9536K, reserved 1048576K
}
Event: 205.078 GC heap before
{Heap before GC invocations=88 (full 11):
 garbage-first heap   total 227328K, used 164989K [0x00000000e0000000, 0x0000000100000000)
  region size 1024K, 85 young (87040K), 4 survivors (4096K)
 Metaspace       used 69003K, committed 69504K, reserved 1114112K
  class space    used 9340K, committed 9536K, reserved 1048576K
}
Event: 205.081 GC heap after
{Heap after GC invocations=89 (full 11):
 garbage-first heap   total 227328K, used 84577K [0x00000000e0000000, 0x0000000100000000)
  region size 1024K, 6 young (6144K), 6 survivors (6144K)
 Metaspace       used 69003K, committed 69504K, reserved 1114112K
  class space    used 9340K, committed 9536K, reserved 1048576K
}
Event: 205.087 GC heap before
{Heap before GC invocations=89 (full 11):
 garbage-first heap   total 227328K, used 89697K [0x00000000e0000000, 0x0000000100000000)
  region size 1024K, 11 young (11264K), 6 survivors (6144K)
 Metaspace       used 69003K, committed 69504K, reserved 1114112K
  class space    used 9340K, committed 9536K, reserved 1048576K
}
Event: 205.089 GC heap after
{Heap after GC invocations=90 (full 11):
 garbage-first heap   total 227328K, used 82570K [0x00000000e0000000, 0x0000000100000000)
  region size 1024K, 2 young (2048K), 2 survivors (2048K)
 Metaspace       used 69003K, committed 69504K, reserved 1114112K
  class space    used 9340K, committed 9536K, reserved 1048576K
}
Event: 206.115 GC heap before
{Heap before GC invocations=90 (full 11):
 garbage-first heap   total 227328K, used 168586K [0x00000000e0000000, 0x0000000100000000)
  region size 1024K, 86 young (88064K), 2 survivors (2048K)
 Metaspace       used 69003K, committed 69504K, reserved 1114112K
  class space    used 9340K, committed 9536K, reserved 1048576K
}
Event: 206.117 GC heap after
{Heap after GC invocations=91 (full 11):
 garbage-first heap   total 227328K, used 85224K [0x00000000e0000000, 0x0000000100000000)
  region size 1024K, 4 young (4096K), 4 survivors (4096K)
 Metaspace       used 69003K, committed 69504K, reserved 1114112K
  class space    used 9340K, committed 9536K, reserved 1048576K
}
Event: 216.453 GC heap before
{Heap before GC invocations=91 (full 11):
 garbage-first heap   total 227328K, used 173288K [0x00000000e0000000, 0x0000000100000000)
  region size 1024K, 90 young (92160K), 4 survivors (4096K)
 Metaspace       used 69012K, committed 69568K, reserved 1114112K
  class space    used 9341K, committed 9600K, reserved 1048576K
}
Event: 216.456 GC heap after
{Heap after GC invocations=92 (full 11):
 garbage-first heap   total 227328K, used 88333K [0x00000000e0000000, 0x0000000100000000)
  region size 1024K, 7 young (7168K), 7 survivors (7168K)
 Metaspace       used 69012K, committed 69568K, reserved 1114112K
  class space    used 9341K, committed 9600K, reserved 1048576K
}
Event: 218.651 GC heap before
{Heap before GC invocations=92 (full 11):
 garbage-first heap   total 227328K, used 177421K [0x00000000e0000000, 0x0000000100000000)
  region size 1024K, 94 young (96256K), 7 survivors (7168K)
 Metaspace       used 69202K, committed 69696K, reserved 1114112K
  class space    used 9369K, committed 9600K, reserved 1048576K
}
Event: 218.653 GC heap after
{Heap after GC invocations=93 (full 11):
 garbage-first heap   total 227328K, used 85785K [0x00000000e0000000, 0x0000000100000000)
  region size 1024K, 3 young (3072K), 3 survivors (3072K)
 Metaspace       used 69202K, committed 69696K, reserved 1114112K
  class space    used 9369K, committed 9600K, reserved 1048576K
}
Event: 221.390 GC heap before
{Heap before GC invocations=94 (full 11):
 garbage-first heap   total 227328K, used 179993K [0x00000000e0000000, 0x0000000100000000)
  region size 1024K, 95 young (97280K), 3 survivors (3072K)
 Metaspace       used 69212K, committed 69696K, reserved 1114112K
  class space    used 9371K, committed 9600K, reserved 1048576K
}
Event: 221.393 GC heap after
{Heap after GC invocations=95 (full 11):
 garbage-first heap   total 227328K, used 89195K [0x00000000e0000000, 0x0000000100000000)
  region size 1024K, 6 young (6144K), 6 survivors (6144K)
 Metaspace       used 69212K, committed 69696K, reserved 1114112K
  class space    used 9371K, committed 9600K, reserved 1048576K
}
Event: 221.402 GC heap before
{Heap before GC invocations=95 (full 11):
 garbage-first heap   total 227328K, used 94315K [0x00000000e0000000, 0x0000000100000000)
  region size 1024K, 11 young (11264K), 6 survivors (6144K)
 Metaspace       used 69212K, committed 69696K, reserved 1114112K
  class space    used 9371K, committed 9600K, reserved 1048576K
}
Event: 221.404 GC heap after
{Heap after GC invocations=96 (full 11):
 garbage-first heap   total 227328K, used 86568K [0x00000000e0000000, 0x0000000100000000)
  region size 1024K, 2 young (2048K), 2 survivors (2048K)
 Metaspace       used 69212K, committed 69696K, reserved 1114112K
  class space    used 9371K, committed 9600K, reserved 1048576K
}
Event: 242.072 GC heap before
{Heap before GC invocations=96 (full 11):
 garbage-first heap   total 227328K, used 180776K [0x00000000e0000000, 0x0000000100000000)
  region size 1024K, 94 young (96256K), 2 survivors (2048K)
 Metaspace       used 69315K, committed 69760K, reserved 1114112K
  class space    used 9390K, committed 9600K, reserved 1048576K
}
Event: 242.076 GC heap after
{Heap after GC invocations=97 (full 11):
 garbage-first heap   total 227328K, used 94198K [0x00000000e0000000, 0x0000000100000000)
  region size 1024K, 9 young (9216K), 9 survivors (9216K)
 Metaspace       used 69315K, committed 69760K, reserved 1114112K
  class space    used 9390K, committed 9600K, reserved 1048576K
}
Event: 242.205 GC heap before
{Heap before GC invocations=97 (full 11):
 garbage-first heap   total 227328K, used 134134K [0x00000000e0000000, 0x0000000100000000)
  region size 1024K, 49 young (50176K), 9 survivors (9216K)
 Metaspace       used 69844K, committed 70336K, reserved 1114112K
  class space    used 9461K, committed 9664K, reserved 1048576K
}
Event: 242.209 GC heap after
{Heap after GC invocations=98 (full 11):
 garbage-first heap   total 227328K, used 99458K [0x00000000e0000000, 0x0000000100000000)
  region size 1024K, 6 young (6144K), 6 survivors (6144K)
 Metaspace       used 69844K, committed 70336K, reserved 1114112K
  class space    used 9461K, committed 9664K, reserved 1048576K
}

Dll operation events (10 events):
Event: 0.004 Loaded shared library c:\Users\kirus\.vscode\extensions\redhat.java-1.15.0-win32-x64\jre\17.0.6-win32-x86_64\bin\java.dll
Event: 0.136 Loaded shared library C:\Users\kirus\.vscode\extensions\redhat.java-1.15.0-win32-x64\jre\17.0.6-win32-x86_64\bin\net.dll
Event: 0.137 Loaded shared library C:\Users\kirus\.vscode\extensions\redhat.java-1.15.0-win32-x64\jre\17.0.6-win32-x86_64\bin\nio.dll
Event: 0.319 Loaded shared library C:\Users\kirus\.vscode\extensions\redhat.java-1.15.0-win32-x64\jre\17.0.6-win32-x86_64\bin\zip.dll
Event: 3.358 Loaded shared library C:\Users\kirus\.vscode\extensions\redhat.java-1.15.0-win32-x64\jre\17.0.6-win32-x86_64\bin\jimage.dll
Event: 3.807 Loaded shared library c:\Users\kirus\.vscode\extensions\redhat.java-1.15.0-win32-x64\jre\17.0.6-win32-x86_64\bin\verify.dll
Event: 6.061 Loaded shared library C:\Users\kirus\.vscode\extensions\redhat.java-1.15.0-win32-x64\jre\17.0.6-win32-x86_64\bin\management.dll
Event: 6.062 Loaded shared library C:\Users\kirus\.vscode\extensions\redhat.java-1.15.0-win32-x64\jre\17.0.6-win32-x86_64\bin\management_ext.dll
Event: 7.300 Loaded shared library C:\Users\kirus\.vscode\extensions\redhat.java-1.15.0-win32-x64\jre\17.0.6-win32-x86_64\bin\sunmscapi.dll
Event: 11.073 Loaded shared library C:\Users\kirus\AppData\Local\Temp\snappy-1.1.8-82206b83-5e99-4bdc-b2b2-636003e711e6-snappyjava.dll

Deoptimization events (20 events):
Event: 9.685 Thread 0x000001ff45dfd6f0 DEOPT PACKING pc=0x000001ff3d82442c sp=0x0000001df8bfe950
Event: 9.685 Thread 0x000001ff45dfd6f0 DEOPT UNPACKING pc=0x000001ff3cac7143 sp=0x0000001df8bfdde0 mode 0
Event: 10.396 Thread 0x000001ff46173d60 DEOPT PACKING pc=0x000001ff3ceb487d sp=0x0000001df8ffd5d0
Event: 10.396 Thread 0x000001ff46173d60 DEOPT UNPACKING pc=0x000001ff3cac7143 sp=0x0000001df8ffcb38 mode 3
Event: 59.422 Thread 0x000001ff4495be40 DEOPT PACKING pc=0x000001ff3d0886d4 sp=0x0000001df89febf0
Event: 59.422 Thread 0x000001ff4495be40 DEOPT UNPACKING pc=0x000001ff3cac7143 sp=0x0000001df89fe078 mode 0
Event: 192.547 Thread 0x000001ff46174bd0 DEOPT PACKING pc=0x000001ff3cca5544 sp=0x0000001dfa8fe600
Event: 192.547 Thread 0x000001ff46174bd0 DEOPT UNPACKING pc=0x000001ff3cac7143 sp=0x0000001dfa8fdae0 mode 0
Event: 192.547 Thread 0x000001ff46174bd0 DEOPT PACKING pc=0x000001ff3d8da9cc sp=0x0000001dfa8fe6a0
Event: 192.547 Thread 0x000001ff46174bd0 DEOPT UNPACKING pc=0x000001ff3cac7143 sp=0x0000001dfa8fdb80 mode 0
Event: 192.547 Thread 0x000001ff46174bd0 DEOPT PACKING pc=0x000001ff3cca5544 sp=0x0000001dfa8fe7c0
Event: 192.547 Thread 0x000001ff46174bd0 DEOPT UNPACKING pc=0x000001ff3cac7143 sp=0x0000001dfa8fdca0 mode 0
Event: 192.547 Thread 0x000001ff46174bd0 DEOPT PACKING pc=0x000001ff3d8da9cc sp=0x0000001dfa8fe860
Event: 192.547 Thread 0x000001ff46174bd0 DEOPT UNPACKING pc=0x000001ff3cac7143 sp=0x0000001dfa8fdd40 mode 0
Event: 192.547 Thread 0x000001ff46174bd0 DEOPT PACKING pc=0x000001ff3cca5544 sp=0x0000001dfa8feb10
Event: 192.547 Thread 0x000001ff46174bd0 DEOPT UNPACKING pc=0x000001ff3cac7143 sp=0x0000001dfa8fdff0 mode 0
Event: 192.547 Thread 0x000001ff46174bd0 DEOPT PACKING pc=0x000001ff3d8da9cc sp=0x0000001dfa8febb0
Event: 192.547 Thread 0x000001ff46174bd0 DEOPT UNPACKING pc=0x000001ff3cac7143 sp=0x0000001dfa8fe0a8 mode 0
Event: 205.796 Thread 0x000001ff46170870 DEOPT PACKING pc=0x000001ff3da97fee sp=0x0000001df74fcfc0
Event: 205.796 Thread 0x000001ff46170870 DEOPT UNPACKING pc=0x000001ff3cac7143 sp=0x0000001df74fc4b8 mode 3

Classes unloaded (20 events):
Event: 137.170 Thread 0x000001ff43cf0e20 Unloading class 0x00000001000d1400 'java/lang/invoke/LambdaForm$MH+0x00000001000d1400'
Event: 137.170 Thread 0x000001ff43cf0e20 Unloading class 0x00000001000d1000 'java/lang/invoke/LambdaForm$MH+0x00000001000d1000'
Event: 137.170 Thread 0x000001ff43cf0e20 Unloading class 0x00000001000d0c00 'java/lang/invoke/LambdaForm$MH+0x00000001000d0c00'
Event: 137.170 Thread 0x000001ff43cf0e20 Unloading class 0x00000001000d0800 'java/lang/invoke/LambdaForm$MH+0x00000001000d0800'
Event: 137.170 Thread 0x000001ff43cf0e20 Unloading class 0x00000001000d0400 'java/lang/invoke/LambdaForm$MH+0x00000001000d0400'
Event: 137.170 Thread 0x000001ff43cf0e20 Unloading class 0x00000001000d0000 'java/lang/invoke/LambdaForm$MH+0x00000001000d0000'
Event: 137.170 Thread 0x000001ff43cf0e20 Unloading class 0x00000001000cb800 'java/lang/invoke/LambdaForm$MH+0x00000001000cb800'
Event: 137.170 Thread 0x000001ff43cf0e20 Unloading class 0x00000001000cb400 'java/lang/invoke/LambdaForm$MH+0x00000001000cb400'
Event: 137.170 Thread 0x000001ff43cf0e20 Unloading class 0x00000001000cb000 'java/lang/invoke/LambdaForm$MH+0x00000001000cb000'
Event: 137.170 Thread 0x000001ff43cf0e20 Unloading class 0x00000001000cac00 'java/lang/invoke/LambdaForm$MH+0x00000001000cac00'
Event: 137.170 Thread 0x000001ff43cf0e20 Unloading class 0x00000001000ca800 'java/lang/invoke/LambdaForm$MH+0x00000001000ca800'
Event: 137.170 Thread 0x000001ff43cf0e20 Unloading class 0x00000001000ca400 'java/lang/invoke/LambdaForm$MH+0x00000001000ca400'
Event: 137.170 Thread 0x000001ff43cf0e20 Unloading class 0x00000001000c9c00 'java/lang/invoke/LambdaForm$MH+0x00000001000c9c00'
Event: 137.170 Thread 0x000001ff43cf0e20 Unloading class 0x00000001000c9400 'java/lang/invoke/LambdaForm$MH+0x00000001000c9400'
Event: 137.170 Thread 0x000001ff43cf0e20 Unloading class 0x00000001000c8c00 'java/lang/invoke/LambdaForm$MH+0x00000001000c8c00'
Event: 167.704 Thread 0x000001ff43cf0e20 Unloading class 0x00000001008e2400 'java/lang/invoke/LambdaForm$MH+0x00000001008e2400'
Event: 167.704 Thread 0x000001ff43cf0e20 Unloading class 0x00000001008e2000 'java/lang/invoke/LambdaForm$MH+0x00000001008e2000'
Event: 167.704 Thread 0x000001ff43cf0e20 Unloading class 0x00000001008e1c00 'java/lang/invoke/LambdaForm$MH+0x00000001008e1c00'
Event: 167.704 Thread 0x000001ff43cf0e20 Unloading class 0x0000000100360c00 'java/lang/invoke/LambdaForm$MH+0x0000000100360c00'
Event: 167.704 Thread 0x000001ff43cf0e20 Unloading class 0x00000001000c8400 'java/lang/invoke/LambdaForm$MH+0x00000001000c8400'

Classes redefined (0 events):
No events

Internal exceptions (20 events):
Event: 242.293 Thread 0x000001ff46170870 Exception <a 'sun/nio/fs/WindowsException'{0x00000000eb841280}> (0x00000000eb841280) 
thrown [s\src\hotspot\share\prims\jni.cpp, line 516]
Event: 242.293 Thread 0x000001ff46170870 Exception <a 'sun/nio/fs/WindowsException'{0x00000000eb8415a0}> (0x00000000eb8415a0) 
thrown [s\src\hotspot\share\prims\jni.cpp, line 516]
Event: 242.297 Thread 0x000001ff46170870 Exception <a 'sun/nio/fs/WindowsException'{0x00000000eb63d588}> (0x00000000eb63d588) 
thrown [s\src\hotspot\share\prims\jni.cpp, line 516]
Event: 242.297 Thread 0x000001ff46170870 Exception <a 'sun/nio/fs/WindowsException'{0x00000000eb63d888}> (0x00000000eb63d888) 
thrown [s\src\hotspot\share\prims\jni.cpp, line 516]
Event: 242.297 Thread 0x000001ff46170870 Exception <a 'sun/nio/fs/WindowsException'{0x00000000eb63ecb0}> (0x00000000eb63ecb0) 
thrown [s\src\hotspot\share\prims\jni.cpp, line 516]
Event: 242.297 Thread 0x000001ff46170870 Exception <a 'sun/nio/fs/WindowsException'{0x00000000eb63efb0}> (0x00000000eb63efb0) 
thrown [s\src\hotspot\share\prims\jni.cpp, line 516]
Event: 242.297 Thread 0x000001ff46170870 Exception <a 'sun/nio/fs/WindowsException'{0x00000000eb647130}> (0x00000000eb647130) 
thrown [s\src\hotspot\share\prims\jni.cpp, line 516]
Event: 242.297 Thread 0x000001ff46170870 Exception <a 'sun/nio/fs/WindowsException'{0x00000000eb647440}> (0x00000000eb647440) 
thrown [s\src\hotspot\share\prims\jni.cpp, line 516]
Event: 242.298 Thread 0x000001ff46170870 Exception <a 'sun/nio/fs/WindowsException'{0x00000000eb6c57f8}> (0x00000000eb6c57f8) 
thrown [s\src\hotspot\share\prims\jni.cpp, line 516]
Event: 242.298 Thread 0x000001ff46170870 Exception <a 'sun/nio/fs/WindowsException'{0x00000000eb6c5ae8}> (0x00000000eb6c5ae8) 
thrown [s\src\hotspot\share\prims\jni.cpp, line 516]
Event: 242.299 Thread 0x000001ff46170870 Exception <a 'sun/nio/fs/WindowsException'{0x00000000eb6c6ef8}> (0x00000000eb6c6ef8) 
thrown [s\src\hotspot\share\prims\jni.cpp, line 516]
Event: 242.299 Thread 0x000001ff46170870 Exception <a 'sun/nio/fs/WindowsException'{0x00000000eb6c71e8}> (0x00000000eb6c71e8) 
thrown [s\src\hotspot\share\prims\jni.cpp, line 516]
Event: 242.299 Thread 0x000001ff46170870 Exception <a 'sun/nio/fs/WindowsException'{0x00000000eb6c9f48}> (0x00000000eb6c9f48) 
thrown [s\src\hotspot\share\prims\jni.cpp, line 516]
Event: 242.299 Thread 0x000001ff46170870 Exception <a 'sun/nio/fs/WindowsException'{0x00000000eb6ca248}> (0x00000000eb6ca248) 
thrown [s\src\hotspot\share\prims\jni.cpp, line 516]
Event: 242.300 Thread 0x000001ff46170870 Exception <a 'sun/nio/fs/WindowsException'{0x00000000eaf20ee0}> (0x00000000eaf20ee0) 
thrown [s\src\hotspot\share\prims\jni.cpp, line 516]
Event: 242.300 Thread 0x000001ff46170870 Exception <a 'sun/nio/fs/WindowsException'{0x00000000eaf211c0}> (0x00000000eaf211c0) 
thrown [s\src\hotspot\share\prims\jni.cpp, line 516]
Event: 242.300 Thread 0x000001ff46170870 Exception <a 'sun/nio/fs/WindowsException'{0x00000000eaf225c0}> (0x00000000eaf225c0) 
thrown [s\src\hotspot\share\prims\jni.cpp, line 516]
Event: 242.300 Thread 0x000001ff46170870 Exception <a 'sun/nio/fs/WindowsException'{0x00000000eaf228a0}> (0x00000000eaf228a0) 
thrown [s\src\hotspot\share\prims\jni.cpp, line 516]
Event: 242.300 Thread 0x000001ff46170870 Exception <a 'sun/nio/fs/WindowsException'{0x00000000eaf2bb38}> (0x00000000eaf2bb38) 
thrown [s\src\hotspot\share\prims\jni.cpp, line 516]
Event: 242.300 Thread 0x000001ff46170870 Exception <a 'sun/nio/fs/WindowsException'{0x00000000eaf2be28}> (0x00000000eaf2be28) 
thrown [s\src\hotspot\share\prims\jni.cpp, line 516]

VM Operations (20 events):
Event: 224.809 Executing VM operation: Cleanup done
Event: 225.813 Executing VM operation: Cleanup
Event: 225.813 Executing VM operation: Cleanup done
Event: 239.936 Executing VM operation: Cleanup
Event: 239.936 Executing VM operation: Cleanup done
Event: 240.950 Executing VM operation: Cleanup
Event: 240.950 Executing VM operation: Cleanup done
Event: 242.072 Executing VM operation: G1CollectForAllocation
Event: 242.076 Executing VM operation: G1CollectForAllocation done
Event: 242.114 Executing VM operation: HandshakeAllThreads
Event: 242.114 Executing VM operation: HandshakeAllThreads done
Event: 242.205 Executing VM operation: G1TryInitiateConcMark
Event: 242.209 Executing VM operation: G1TryInitiateConcMark done
Event: 242.239 Executing VM operation: G1Concurrent
Event: 242.241 Executing VM operation: G1Concurrent done
Event: 242.256 Executing VM operation: G1Concurrent
Event: 242.256 Executing VM operation: G1Concurrent done
Event: 243.269 Executing VM operation: Cleanup
Event: 243.269 Executing VM operation: Cleanup done
Event: 288.092 Executing VM operation: G1CollectFull

Events (20 events):
Event: 217.288 loading class java/util/stream/ReferencePipeline$4
Event: 217.289 loading class java/util/stream/ReferencePipeline$4 done
Event: 217.289 loading class java/util/stream/Nodes$IntFixedNodeBuilder
Event: 217.289 loading class java/util/stream/Node$Builder$OfInt
Event: 217.289 loading class java/util/stream/Node$Builder$OfInt done
Event: 217.289 loading class java/util/stream/Nodes$IntArrayNode
Event: 217.289 loading class java/util/stream/Nodes$IntArrayNode done
Event: 217.289 loading class java/util/stream/Nodes$IntFixedNodeBuilder done
Event: 217.289 loading class java/util/stream/ReferencePipeline$4$1
Event: 217.290 loading class java/util/stream/ReferencePipeline$4$1 done
Event: 217.886 Thread 0x000001ff4865b1d0 Thread added: 0x000001ff4865b1d0
Event: 218.699 Thread 0x000001ff48659e90 Thread added: 0x000001ff48659e90
Event: 239.367 Thread 0x000001ff48658870 Thread added: 0x000001ff48658870
Event: 242.142 loading class java/util/stream/SortedOps$SizedRefSortingSink
Event: 242.142 loading class java/util/stream/SortedOps$SizedRefSortingSink done
Event: 242.280 loading class java/util/concurrent/CompletionException
Event: 242.280 loading class java/util/concurrent/CompletionException done
Event: 249.215 Thread 0x000001ff48658870 Thread exited: 0x000001ff48658870
Event: 252.513 Thread 0x000001ff46172a20 Thread exited: 0x000001ff46172a20
Event: 252.513 Thread 0x000001ff46172550 Thread exited: 0x000001ff46172550


Dynamic libraries:
0x00007ff772f50000 - 0x00007ff772f5e000 	c:\Users\kirus\.vscode\extensions\redhat.java-1.15.0-win32-x64\jre\17.0.6-win32-x86_64\bin\java.exe
0x00007ff818310000 - 0x00007ff818508000 	C:\Windows\SYSTEM32\ntdll.dll
0x00007ff817590000 - 0x00007ff81764f000 	C:\Windows\System32\KERNEL32.DLL
0x00007ff815a00000 - 0x00007ff815cd2000 	C:\Windows\System32\KERNELBASE.dll
0x00007ff815e40000 - 0x00007ff815f40000 	C:\Windows\System32\ucrtbase.dll
0x00007fffd5510000 - 0x00007fffd5527000 	c:\Users\kirus\.vscode\extensions\redhat.java-1.15.0-win32-x64\jre\17.0.6-win32-x86_64\bin\jli.dll
0x00007fffd5530000 - 0x00007fffd5549000 	c:\Users\kirus\.vscode\extensions\redhat.java-1.15.0-win32-x64\jre\17.0.6-win32-x86_64\bin\VCRUNTIME140.dll
0x00007ff8169d0000 - 0x00007ff816b71000 	C:\Windows\System32\USER32.dll
0x00007ff801270000 - 0x00007ff80150a000 	C:\Windows\WinSxS\amd64_microsoft.windows.common-controls_6595b64144ccf1df_6.0.19041.1110_none_60b5254171f9507e\COMCTL32.dll
0x00007ff8160c0000 - 0x00007ff8160e2000 	C:\Windows\System32\win32u.dll
0x00007ff817900000 - 0x00007ff81799e000 	C:\Windows\System32\msvcrt.dll
0x00007ff817730000 - 0x00007ff81775b000 	C:\Windows\System32\GDI32.dll
0x00007ff8160f0000 - 0x00007ff8161ff000 	C:\Windows\System32\gdi32full.dll
0x00007ff816200000 - 0x00007ff81629d000 	C:\Windows\System32\msvcp_win.dll
0x00007ff817760000 - 0x00007ff817792000 	C:\Windows\System32\IMM32.DLL
0x00007ffff9420000 - 0x00007ffff942c000 	c:\Users\kirus\.vscode\extensions\redhat.java-1.15.0-win32-x64\jre\17.0.6-win32-x86_64\bin\vcruntime140_1.dll
0x00007fffb5670000 - 0x00007fffb5701000 	c:\Users\kirus\.vscode\extensions\redhat.java-1.15.0-win32-x64\jre\17.0.6-win32-x86_64\bin\msvcp140.dll
0x00007fff91be0000 - 0x00007fff92827000 	c:\Users\kirus\.vscode\extensions\redhat.java-1.15.0-win32-x64\jre\17.0.6-win32-x86_64\bin\server\jvm.dll
0x00007ff817330000 - 0x00007ff8173de000 	C:\Windows\System32\ADVAPI32.dll
0x00007ff816c90000 - 0x00007ff816d2c000 	C:\Windows\System32\sechost.dll
0x00007ff816d90000 - 0x00007ff816eb5000 	C:\Windows\System32\RPCRT4.dll
0x00007ff8071c0000 - 0x00007ff8071e7000 	C:\Windows\SYSTEM32\WINMM.dll
0x00007ff8007b0000 - 0x00007ff8007b9000 	C:\Windows\SYSTEM32\WSOCK32.dll
0x00007ff80ffc0000 - 0x00007ff80ffca000 	C:\Windows\SYSTEM32\VERSION.dll
0x00007ff816c00000 - 0x00007ff816c6b000 	C:\Windows\System32\WS2_32.dll
0x00007ff8138a0000 - 0x00007ff8138b2000 	C:\Windows\SYSTEM32\kernel.appcore.dll
0x00007ffff8f90000 - 0x00007ffff8f9a000 	c:\Users\kirus\.vscode\extensions\redhat.java-1.15.0-win32-x64\jre\17.0.6-win32-x86_64\bin\jimage.dll
0x00007ff80f560000 - 0x00007ff80f744000 	C:\Windows\SYSTEM32\DBGHELP.DLL
0x00007ff80f500000 - 0x00007ff80f535000 	C:\Windows\SYSTEM32\dbgcore.DLL
0x00007ff815fc0000 - 0x00007ff816042000 	C:\Windows\System32\bcryptPrimitives.dll
0x00007fffd1ea0000 - 0x00007fffd1ec5000 	c:\Users\kirus\.vscode\extensions\redhat.java-1.15.0-win32-x64\jre\17.0.6-win32-x86_64\bin\java.dll
0x00007fffd1e00000 - 0x00007fffd1e18000 	c:\Users\kirus\.vscode\extensions\redhat.java-1.15.0-win32-x64\jre\17.0.6-win32-x86_64\bin\zip.dll
0x00007ff817a50000 - 0x00007ff818195000 	C:\Windows\System32\SHELL32.dll
0x00007ff813aa0000 - 0x00007ff814232000 	C:\Windows\SYSTEM32\windows.storage.dll
0x00007ff816ec0000 - 0x00007ff817215000 	C:\Windows\System32\combase.dll
0x00007ff8152a0000 - 0x00007ff8152d0000 	C:\Windows\SYSTEM32\Wldp.dll
0x00007ff8179a0000 - 0x00007ff817a4d000 	C:\Windows\System32\SHCORE.dll
0x00007ff8172d0000 - 0x00007ff817325000 	C:\Windows\System32\shlwapi.dll
0x00007ff815940000 - 0x00007ff81595f000 	C:\Windows\SYSTEM32\profapi.dll
0x00007fffd1de0000 - 0x00007fffd1df9000 	C:\Users\kirus\.vscode\extensions\redhat.java-1.15.0-win32-x64\jre\17.0.6-win32-x86_64\bin\net.dll
0x00007ff8116b0000 - 0x00007ff8117bc000 	C:\Windows\SYSTEM32\WINHTTP.dll
0x00007ff815080000 - 0x00007ff8150ea000 	C:\Windows\system32\mswsock.dll
0x00007fffc6590000 - 0x00007fffc65a5000 	C:\Users\kirus\.vscode\extensions\redhat.java-1.15.0-win32-x64\jre\17.0.6-win32-x86_64\bin\nio.dll
0x00007fffeb1c0000 - 0x00007fffeb1d0000 	c:\Users\kirus\.vscode\extensions\redhat.java-1.15.0-win32-x64\jre\17.0.6-win32-x86_64\bin\verify.dll
0x00007ff815650000 - 0x00007ff815668000 	C:\Windows\SYSTEM32\CRYPTSP.dll
0x00007ff8149c0000 - 0x00007ff8149f4000 	C:\Windows\system32\rsaenh.dll
0x00007ff815f90000 - 0x00007ff815fb7000 	C:\Windows\System32\bcrypt.dll
0x00007ff8158c0000 - 0x00007ff8158ee000 	C:\Windows\SYSTEM32\USERENV.dll
0x00007ff815210000 - 0x00007ff81521c000 	C:\Windows\SYSTEM32\CRYPTBASE.dll
0x00007ff814d90000 - 0x00007ff814dcb000 	C:\Windows\SYSTEM32\IPHLPAPI.DLL
0x00007ff816c80000 - 0x00007ff816c88000 	C:\Windows\System32\NSI.dll
0x00007ff811f20000 - 0x00007ff811f37000 	C:\Windows\SYSTEM32\dhcpcsvc6.DLL
0x00007ff811db0000 - 0x00007ff811dcd000 	C:\Windows\SYSTEM32\dhcpcsvc.DLL
0x00007ff814dd0000 - 0x00007ff814e9b000 	C:\Windows\SYSTEM32\DNSAPI.dll
0x00007ff810bb0000 - 0x00007ff810bb9000 	C:\Users\kirus\.vscode\extensions\redhat.java-1.15.0-win32-x64\jre\17.0.6-win32-x86_64\bin\management.dll
0x00007ff810ba0000 - 0x00007ff810bab000 	C:\Users\kirus\.vscode\extensions\redhat.java-1.15.0-win32-x64\jre\17.0.6-win32-x86_64\bin\management_ext.dll
0x00007ff8169c0000 - 0x00007ff8169c8000 	C:\Windows\System32\PSAPI.DLL
0x00007ff810bc0000 - 0x00007ff810bce000 	C:\Users\kirus\.vscode\extensions\redhat.java-1.15.0-win32-x64\jre\17.0.6-win32-x86_64\bin\sunmscapi.dll
0x00007ff815ce0000 - 0x00007ff815e36000 	C:\Windows\System32\CRYPT32.dll
0x00007ff815310000 - 0x00007ff815337000 	C:\Windows\SYSTEM32\ncrypt.dll
0x00007ff8152d0000 - 0x00007ff81530b000 	C:\Windows\SYSTEM32\NTASN1.dll
0x00007ff811430000 - 0x00007ff81143a000 	C:\Windows\System32\rasadhlp.dll
0x00007ff810ef0000 - 0x00007ff810f70000 	C:\Windows\System32\fwpuclnt.dll
0x000000006c500000 - 0x000000006c5c7000 	C:\Users\kirus\AppData\Local\Temp\snappy-1.1.8-82206b83-5e99-4bdc-b2b2-636003e711e6-snappyjava.dll

dbghelp: loaded successfully - version: 4.0.5 - missing functions: none
symbol engine: initialized successfully - sym options: 0x614 - pdb path: .;c:\Users\kirus\.vscode\extensions\redhat.java-1.15.0-win32-x64\jre\17.0.6-win32-x86_64\bin;C:\Windows\SYSTEM32;C:\Windows\WinSxS\amd64_microsoft.windows.common-controls_6595b64144ccf1df_6.0.19041.1110_none_60b5254171f9507e;c:\Users\kirus\.vscode\extensions\redhat.java-1.15.0-win32-x64\jre\17.0.6-win32-x86_64\bin\server;C:\Users\kirus\AppData\Local\Temp

VM Arguments:
jvm_args: -XX:+HeapDumpOnOutOfMemoryError -Xmx1024m -Dsts.lsp.client=vscode -Dsts.log.file=/dev/null -XX:TieredStopAtLevel=1 -Xlog:jni+resolve=off -Dspring.config.location=file:c:\Users\kirus\.vscode\extensions\vmware.vscode-spring-boot-1.44.0\language-server\BOOT-INF\classes\application.properties -Xmx512M 
java_command: org.springframework.ide.vscode.boot.app.BootLanguageServerBootApp
java_class_path (initial): c:\Users\kirus\.vscode\extensions\vmware.vscode-spring-boot-1.44.0\language-server\BOOT-INF\classes;c:\Users\kirus\.vscode\extensions\vmware.vscode-spring-boot-1.44.0\language-server\BOOT-INF\lib\annotations-24.0.0.jar;c:\Users\kirus\.vscode\extensions\vmware.vscode-spring-boot-1.44.0\language-server\BOOT-INF\lib\ant-1.10.13.jar;c:\Users\kirus\.vscode\extensions\vmware.vscode-spring-boot-1.44.0\language-server\BOOT-INF\lib\ant-launcher-1.10.13.jar;c:\Users\kirus\.vscode\extensions\vmware.vscode-spring-boot-1.44.0\language-server\BOOT-INF\lib\antlr-runtime-3.5.2.jar;c:\Users\kirus\.vscode\extensions\vmware.vscode-spring-boot-1.44.0\language-server\BOOT-INF\lib\antlr4-4.9.3.jar;c:\Users\kirus\.vscode\extensions\vmware.vscode-spring-boot-1.44.0\language-server\BOOT-INF\lib\antlr4-runtime-4.9.3.jar;c:\Users\kirus\.vscode\extensions\vmware.vscode-spring-boot-1.44.0\language-server\BOOT-INF\lib\apiguardian-api-1.1.2.jar;c:\Users\kirus\.vscode\extensions\vmware.vscode-spring-boot-1.44.0\language-server\BOOT-INF\lib\asm-9.4.jar;c:\Users\kirus\.vscode\extensions\vmware.vscode-spring-boot-1.44.0\language-server\BOOT-INF\lib\asm-analysis-9.4.jar;c:\Users\kirus\.vscode\extensions\vmware.vscode-spring-boot-1.44.0\language-server\BOOT-INF\lib\asm-tree-9.4.jar;c:\Users\kirus\.vscode\extensions\vmware.vscode-spring-boot-1.44.0\language-server\BOOT-INF\lib\asm-util-9.4.jar;c:\Users\kirus\.vscode\extensions\vmware.vscode-spring-boot-1.44.0\language-server\BOOT-INF\lib\caffeine-3.1.2.jar;c:\Users\kirus\.vscode\extensions\vmware.vscode-spring-boot-1.44.0\language-server\BOOT-INF\lib\checker-qual-3.12.0.jar;c:\Users\kirus\.vscode\extensions\vmware.vscode-spring-boot-1.44.0\language-server\BOOT-INF\lib\ci-environment-9.1.0.jar;c:\Users\kirus\.vscode\extensions\vmware.vscode-spring-boot-1.44.0\language-server\BOOT-INF\lib\classgraph-4.8.149.jar;c:\Users\kirus\.vscode\extensions\vmware.vscode-spring-boot-1.44.0\language-server\BOOT-INF\lib\commons-codec-1.15.ja
Launcher Type: SUN_STANDARD

[Global flags]
     intx CICompilerCount                          = 4                                         {product} {ergonomic}
     uint ConcGCThreads                            = 3                                         {product} {ergonomic}
     uint G1ConcRefinementThreads                  = 10                                        {product} {ergonomic}
   size_t G1HeapRegionSize                         = 1048576                                   {product} {ergonomic}
    uintx GCDrainStackTargetSize                   = 64                                        {product} {ergonomic}
     bool HeapDumpOnOutOfMemoryError               = true                                   {manageable} {command line}
   size_t InitialHeapSize                          = 268435456                                 {product} {ergonomic}
   size_t MarkStackSize                            = 4194304                                   {product} {ergonomic}
   size_t MaxHeapSize                              = 536870912                                 {product} {command line}
   size_t MaxNewSize                               = 321912832                                 {product} {ergonomic}
   size_t MinHeapDeltaBytes                        = 1048576                                   {product} {ergonomic}
   size_t MinHeapSize                              = 8388608                                   {product} {ergonomic}
    uintx NonProfiledCodeHeapSize                  = 0                                      {pd product} {ergonomic}
     bool ProfileInterpreter                       = false                                  {pd product} {command line}
    uintx ProfiledCodeHeapSize                     = 0                                      {pd product} {ergonomic}
   size_t SoftMaxHeapSize                          = 536870912                              {manageable} {ergonomic}
     intx TieredStopAtLevel                        = 1                                         {product} {command line}
     bool UseCompressedClassPointers               = true                           {product lp64_product} {ergonomic}
     bool UseCompressedOops                        = true                           {product lp64_product} {ergonomic}
     bool UseG1GC                                  = true                                      {product} {ergonomic}
     bool UseLargePagesIndividualAllocation        = false                                  {pd product} {ergonomic}

Logging:
Log output configuration:
 #0: stdout all=warning,jni+resolve=off uptime,level,tags
 #1: stderr all=off uptime,level,tags

Environment Variables:
JAVA_HOME=C:\Program Files\Eclipse Adoptium\jdk-17.0.6.10-hotspot\
_JAVA_OPTIONS=-Xmx512M
PATH=C:\Program Files\Eclipse Adoptium\jdk-17.0.6.10-hotspot\bin;C:\Program Files (x86)\Common Files\Oracle\Java\javapath;c:\program files (x86)\common files\intel\shared libraries\redist\intel64\compiler;c:\programdata\oracle\java\javapath;c:\windows\system32;c:\windows;c:\windows\system32\wbem;c:\windows\system32\windowspowershell\v1.0\;c:\windows\system32\openssh\;c:\program files (x86)\ati technologies\ati.ace\core-static;c:\program files (x86)\amd\ati.ace\core-static;c:\program files\nvidia corporation\nvidia nvdlisr;C:\Program Files (x86)\NVIDIA Corporation\PhysX\Common;C:\Program Files\Microsoft SQL Server\150\Tools\Binn\;C:\Program Files\Microsoft SQL Server\Client SDK\ODBC\170\Tools\Binn\;C:\Program Files\Azure Data Studio\bin;C:\Program Files (x86)\Microsoft SQL Server\150\DTS\Binn\;C:\Program Files\Git\cmd;C:\Program Files\dotnet\;C:\Program Files\Docker\Docker\resources\bin;C:\Users\kirus\AppData\Local\Microsoft\WindowsApps;C:\Program Files\Azure Data Studio\bin;C:\Users\kirus\AppData\Local\Programs\Microsoft VS Code\bin;C:\Users\kirus\.dotnet\tools
USERNAME=kirus
OS=Windows_NT
PROCESSOR_IDENTIFIER=Intel64 Family 6 Model 165 Stepping 5, GenuineIntel
TMP=C:\Users\kirus\AppData\Local\Temp
TEMP=C:\Users\kirus\AppData\Local\Temp



---------------  S Y S T E M  ---------------

OS:
 Windows 10 , 64 bit Build 19041 (10.0.19041.2546)
OS uptime: 1 days 1:13 hours
Hyper-V role detected

CPU: total 12 (initial active 12) (6 cores per cpu, 2 threads per core) family 6 model 165 stepping 5 microcode 0xca, cx8, cmov, fxsr, ht, mmx, 3dnowpref, sse, sse2, sse3, ssse3, sse4.1, sse4.2, popcnt, lzcnt, tsc, tscinvbit, avx, avx2, aes, erms, clmul, bmi1, bmi2, adx, fma, vzeroupper, clflush, clflushopt, hv

Memory: 4k page, system-wide physical 16292M (2087M free)
TotalPageFile size 18340M (AvailPageFile size 11M)
current process WorkingSet (physical memory assigned to process): 429M, peak: 677M
current process commit charge ("private bytes"): 428M, peak: 706M

vm_info: OpenJDK 64-Bit Server VM (17.0.6+10) for windows-amd64 JRE (17.0.6+10), built on Jan 18 2023 10:08:59 by "temurin" with MS VC++ 16.7 (VS2019)

END.
