#
# There is insufficient memory for the Java Runtime Environment to continue.
# Native memory allocation (mmap) failed to map 1392640 bytes for G1 virtual space
# Possible reasons:
#   The system is out of physical RAM or swap space
#   The process is running with CompressedOops enabled, and the Java Heap may be blocking the growth of the native heap
# Possible solutions:
#   Reduce memory load on the system
#   Increase physical memory or swap space
#   Check if swap backing store is full
#   Decrease Java heap size (-Xmx/-Xms)
#   Decrease number of Java threads
#   Decrease Java thread stack sizes (-Xss)
#   Set larger code cache with -XX:ReservedCodeCacheSize=
#   JVM is running with Unscaled Compressed Oops mode in which the Java heap is
#     placed in the first 4GB address space. The Java Heap base address is the
#     maximum limit for the native heap growth. Please use -XX:HeapBaseMinAddress
#     to set the Java Heap base and to place the Java Heap above 4GB virtual address.
# This output file may be truncated or incomplete.
#
#  Out of Memory Error (os_windows.cpp:3557), pid=14716, tid=11816
#
# JRE version: OpenJDK Runtime Environment Temurin-17.0.6+10 (17.0.6+10) (build 17.0.6+10)
# Java VM: OpenJDK 64-Bit Server VM Temurin-17.0.6+10 (17.0.6+10, mixed mode, emulated-client, tiered, compressed oops, compressed class ptrs, g1 gc, windows-amd64)
# No core dump will be written. Minidumps are not enabled by default on client versions of Windows
#

---------------  S U M M A R Y ------------

Command Line: -XX:+HeapDumpOnOutOfMemoryError -Xmx1024m -Dsts.lsp.client=vscode -Dsts.log.file=/dev/null -XX:TieredStopAtLevel=1 -Xlog:jni+resolve=off -Dspring.config.location=file:c:\Users\kirus\.vscode\extensions\vmware.vscode-spring-boot-1.44.0\language-server\BOOT-INF\classes\application.properties -Xmx512M org.springframework.ide.vscode.boot.app.BootLanguageServerBootApp

Host: Intel(R) Core(TM) i5-10600KF CPU @ 4.10GHz, 12 cores, 15G,  Windows 10 , 64 bit Build 19041 (10.0.19041.2546)
Time: Sat Feb 25 22:27:21 2023 RTZ 2 (s 10 , 64 bit Build 19041 (10.0.19041.2546) elapsed time: 2.055100 seconds (0d 0h 0m 2s)

---------------  T H R E A D  ---------------

Current thread (0x000001cbdbbc3910):  VMThread "VM Thread" [stack: 0x000000b7c7d00000,0x000000b7c7e00000] [id=11816]

Stack: [0x000000b7c7d00000,0x000000b7c7e00000]
Native frames: (J=compiled Java code, j=interpreted, Vv=VM code, C=native code)
V  [jvm.dll+0x67741a]
V  [jvm.dll+0x834434]
V  [jvm.dll+0x835bde]
V  [jvm.dll+0x836243]
V  [jvm.dll+0x2457b5]
V  [jvm.dll+0x674329]
V  [jvm.dll+0x6689da]
V  [jvm.dll+0x30489b]
V  [jvm.dll+0x30bd96]
V  [jvm.dll+0x35b5a8]
V  [jvm.dll+0x35b7af]
V  [jvm.dll+0x2db778]
V  [jvm.dll+0x2d9a2c]
V  [jvm.dll+0x2d8ffc]
V  [jvm.dll+0x31cdcb]
V  [jvm.dll+0x83a6eb]
V  [jvm.dll+0x83b424]
V  [jvm.dll+0x83b93c]
V  [jvm.dll+0x83bd14]
V  [jvm.dll+0x83bde0]
V  [jvm.dll+0x7e483a]
V  [jvm.dll+0x6762c5]
C  [ucrtbase.dll+0x21bb2]
C  [KERNEL32.DLL+0x17614]
C  [ntdll.dll+0x526a1]

VM_Operation (0x000000b7cb0fe070): G1CollectForAllocation, mode: safepoint, requested by thread 0x000001cbddea33d0


---------------  P R O C E S S  ---------------

Threads class SMR info:
_java_thread_list=0x000001cbddd7ca20, length=42, elements={
0x000001cbdc413740, 0x000001cbdbbcaf60, 0x000001cbdbbdc9f0, 0x000001cbdbbde910,
0x000001cbdc4312d0, 0x000001cbdc431b90, 0x000001cbdc435a40, 0x000001cbdc436430,
0x000001cbdc63a1f0, 0x000001cbdc640970, 0x000001cbdc651a00, 0x000001cbdd59c690,
0x000001cbdd63c980, 0x000001cbddc48450, 0x000001cbddc49700, 0x000001cbddca40b0,
0x000001cbddca4d90, 0x000001cbd1c73b90, 0x000001cbddd3b5d0, 0x000001cbddd53120,
0x000001cbddd4abd0, 0x000001cbddda65d0, 0x000001cbddca18e0, 0x000001cbddca1db0,
0x000001cbddca2c20, 0x000001cbddca30f0, 0x000001cbddca2280, 0x000001cbddca2750,
0x000001cbddea50b0, 0x000001cbddea03b0, 0x000001cbddea1bc0, 0x000001cbddea16f0,
0x000001cbddea4710, 0x000001cbddea38a0, 0x000001cbddea2090, 0x000001cbddea2560,
0x000001cbddea2a30, 0x000001cbddea0880, 0x000001cbddea2f00, 0x000001cbddea33d0,
0x000001cbddea68c0, 0x000001cbddea5580
}

Java Threads: ( => current thread )
  0x000001cbdc413740 JavaThread "Reference Handler" daemon [_thread_blocked, id=13296, stack(0x000000b7c7e00000,0x000000b7c7f00000)]
  0x000001cbdbbcaf60 JavaThread "Finalizer" daemon [_thread_blocked, id=12472, stack(0x000000b7c7f00000,0x000000b7c8000000)]
  0x000001cbdbbdc9f0 JavaThread "Signal Dispatcher" daemon [_thread_blocked, id=14928, stack(0x000000b7c8000000,0x000000b7c8100000)]
  0x000001cbdbbde910 JavaThread "Attach Listener" daemon [_thread_blocked, id=15140, stack(0x000000b7c8100000,0x000000b7c8200000)]
  0x000001cbdc4312d0 JavaThread "Service Thread" daemon [_thread_blocked, id=21496, stack(0x000000b7c8200000,0x000000b7c8300000)]
  0x000001cbdc431b90 JavaThread "Monitor Deflation Thread" daemon [_thread_blocked, id=17236, stack(0x000000b7c8300000,0x000000b7c8400000)]
  0x000001cbdc435a40 JavaThread "C1 CompilerThread0" daemon [_thread_blocked, id=18460, stack(0x000000b7c8400000,0x000000b7c8500000)]
  0x000001cbdc436430 JavaThread "Sweeper thread" daemon [_thread_blocked, id=13924, stack(0x000000b7c8500000,0x000000b7c8600000)]
  0x000001cbdc63a1f0 JavaThread "C1 CompilerThread1" daemon [_thread_blocked, id=9092, stack(0x000000b7c8600000,0x000000b7c8700000)]
  0x000001cbdc640970 JavaThread "Notification Thread" daemon [_thread_blocked, id=17000, stack(0x000000b7c8700000,0x000000b7c8800000)]
  0x000001cbdc651a00 JavaThread "Common-Cleaner" daemon [_thread_blocked, id=22720, stack(0x000000b7c8900000,0x000000b7c8a00000)]
  0x000001cbdd59c690 JavaThread "C1 CompilerThread2" daemon [_thread_blocked, id=23356, stack(0x000000b7c9300000,0x000000b7c9400000)]
  0x000001cbdd63c980 JavaThread "C1 CompilerThread3" daemon [_thread_blocked, id=22804, stack(0x000000b7c9400000,0x000000b7c9500000)]
  0x000001cbddc48450 JavaThread "boundedElastic-evictor-1" daemon [_thread_blocked, id=14460, stack(0x000000b7c9200000,0x000000b7c9300000)]
  0x000001cbddc49700 JavaThread "boundedElastic-evictor-2" daemon [_thread_blocked, id=19880, stack(0x000000b7c9800000,0x000000b7c9900000)]
  0x000001cbddca40b0 JavaThread "pool-10-thread-1" [_thread_blocked, id=20928, stack(0x000000b7c9900000,0x000000b7c9a00000)]
  0x000001cbddca4d90 JavaThread "LanguageServerApp-lifecycle" [_thread_blocked, id=3468, stack(0x000000b7c9a00000,0x000000b7c9b00000)]
  0x000001cbd1c73b90 JavaThread "DestroyJavaVM" [_thread_blocked, id=3048, stack(0x000000b7c7700000,0x000000b7c7800000)]
  0x000001cbddd3b5d0 JavaThread "pool-11-thread-1" [_thread_in_native, id=20784, stack(0x000000b7c9b00000,0x000000b7c9c00000)]
  0x000001cbddd53120 JavaThread "Simple-Language-Server main thread" daemon [_thread_blocked, id=13824, stack(0x000000b7c9c00000,0x000000b7c9d00000)]
  0x000001cbddd4abd0 JavaThread "pool-6-thread-1" [_thread_blocked, id=11168, stack(0x000000b7c9d00000,0x000000b7c9e00000)]
  0x000001cbddda65d0 JavaThread "ForkJoinPool.commonPool-worker-1" daemon [_thread_blocked, id=11936, stack(0x000000b7c9e00000,0x000000b7c9f00000)]
  0x000001cbddca18e0 JavaThread "pool-3-thread-1" [_thread_blocked, id=21572, stack(0x000000b7c9f00000,0x000000b7ca000000)]
  0x000001cbddca1db0 JavaThread "ClassGraph-worker-0" daemon [_thread_blocked, id=13832, stack(0x000000b7ca000000,0x000000b7ca100000)]
  0x000001cbddca2c20 JavaThread "ClassGraph-worker-1" daemon [_thread_blocked, id=15120, stack(0x000000b7ca100000,0x000000b7ca200000)]
  0x000001cbddca30f0 JavaThread "ClassGraph-worker-2" daemon [_thread_blocked, id=21736, stack(0x000000b7ca200000,0x000000b7ca300000)]
  0x000001cbddca2280 JavaThread "ClassGraph-worker-3" daemon [_thread_blocked, id=12748, stack(0x000000b7ca300000,0x000000b7ca400000)]
  0x000001cbddca2750 JavaThread "ClassGraph-worker-4" daemon [_thread_blocked, id=18880, stack(0x000000b7ca400000,0x000000b7ca500000)]
  0x000001cbddea50b0 JavaThread "ClassGraph-worker-5" daemon [_thread_blocked, id=2712, stack(0x000000b7ca500000,0x000000b7ca600000)]
  0x000001cbddea03b0 JavaThread "ClassGraph-worker-6" daemon [_thread_blocked, id=2300, stack(0x000000b7ca600000,0x000000b7ca700000)]
  0x000001cbddea1bc0 JavaThread "ClassGraph-worker-7" daemon [_thread_blocked, id=3056, stack(0x000000b7ca700000,0x000000b7ca800000)]
  0x000001cbddea16f0 JavaThread "ClassGraph-worker-8" daemon [_thread_blocked, id=19644, stack(0x000000b7ca800000,0x000000b7ca900000)]
  0x000001cbddea4710 JavaThread "ClassGraph-worker-9" daemon [_thread_blocked, id=17400, stack(0x000000b7ca900000,0x000000b7caa00000)]
  0x000001cbddea38a0 JavaThread "ClassGraph-worker-10" daemon [_thread_blocked, id=10720, stack(0x000000b7caa00000,0x000000b7cab00000)]
  0x000001cbddea2090 JavaThread "ClassGraph-worker-11" daemon [_thread_blocked, id=19352, stack(0x000000b7cab00000,0x000000b7cac00000)]
  0x000001cbddea2560 JavaThread "ClassGraph-worker-12" daemon [_thread_blocked, id=1728, stack(0x000000b7cac00000,0x000000b7cad00000)]
  0x000001cbddea2a30 JavaThread "ClassGraph-worker-13" daemon [_thread_blocked, id=6616, stack(0x000000b7cad00000,0x000000b7cae00000)]
  0x000001cbddea0880 JavaThread "ClassGraph-worker-14" daemon [_thread_blocked, id=10680, stack(0x000000b7cae00000,0x000000b7caf00000)]
  0x000001cbddea2f00 JavaThread "ClassGraph-worker-15" daemon [_thread_blocked, id=18864, stack(0x000000b7caf00000,0x000000b7cb000000)]
  0x000001cbddea33d0 JavaThread "ClassGraph-worker-16" daemon [_thread_blocked, id=15516, stack(0x000000b7cb000000,0x000000b7cb100000)]
  0x000001cbddea68c0 JavaThread "ClassGraph-worker-17" daemon [_thread_blocked, id=7016, stack(0x000000b7cb100000,0x000000b7cb200000)]
  0x000001cbddea5580 JavaThread "ClassGraph-worker-18" daemon [_thread_blocked, id=6792, stack(0x000000b7cb200000,0x000000b7cb300000)]

Other Threads:
=>0x000001cbdbbc3910 VMThread "VM Thread" [stack: 0x000000b7c7d00000,0x000000b7c7e00000] [id=11816]
  0x000001cbd1cb48a0 WatcherThread [stack: 0x000000b7c8800000,0x000000b7c8900000] [id=11520]
  0x000001cbd1ca6600 GCTaskThread "GC Thread#0" [stack: 0x000000b7c7800000,0x000000b7c7900000] [id=12688]
  0x000001cbdd2d0ed0 GCTaskThread "GC Thread#1" [stack: 0x000000b7c8a00000,0x000000b7c8b00000] [id=8316]
  0x000001cbdd332840 GCTaskThread "GC Thread#2" [stack: 0x000000b7c8b00000,0x000000b7c8c00000] [id=9988]
  0x000001cbdd33f8e0 GCTaskThread "GC Thread#3" [stack: 0x000000b7c8c00000,0x000000b7c8d00000] [id=14748]
  0x000001cbdd3407c0 GCTaskThread "GC Thread#4" [stack: 0x000000b7c8d00000,0x000000b7c8e00000] [id=14320]
  0x000001cbdd340e80 GCTaskThread "GC Thread#5" [stack: 0x000000b7c8e00000,0x000000b7c8f00000] [id=1292]
  0x000001cbdd5b05b0 GCTaskThread "GC Thread#6" [stack: 0x000000b7c8f00000,0x000000b7c9000000] [id=21724]
  0x000001cbdd5b0860 GCTaskThread "GC Thread#7" [stack: 0x000000b7c9000000,0x000000b7c9100000] [id=20900]
  0x000001cbdd5b1530 GCTaskThread "GC Thread#8" [stack: 0x000000b7c9100000,0x000000b7c9200000] [id=1732]
  0x000001cbdd5e8f60 GCTaskThread "GC Thread#9" [stack: 0x000000b7c9500000,0x000000b7c9600000] [id=6516]
  0x000001cbd1cacd60 ConcurrentGCThread "G1 Main Marker" [stack: 0x000000b7c7900000,0x000000b7c7a00000] [id=17200]
  0x000001cbd1cae720 ConcurrentGCThread "G1 Conc#0" [stack: 0x000000b7c7a00000,0x000000b7c7b00000] [id=6672]
  0x000001cbdd6b9910 ConcurrentGCThread "G1 Conc#1" [stack: 0x000000b7c9600000,0x000000b7c9700000] [id=15292]
  0x000001cbdd771830 ConcurrentGCThread "G1 Conc#2" [stack: 0x000000b7c9700000,0x000000b7c9800000] [id=12856]
  0x000001cbd1d3e9c0 ConcurrentGCThread "G1 Refine#0" [stack: 0x000000b7c7b00000,0x000000b7c7c00000] [id=21932]
  0x000001cbdde9a110 ConcurrentGCThread "G1 Refine#1" [stack: 0x000000b7cb300000,0x000000b7cb400000] [id=7012]
  0x000001cbddf32580 ConcurrentGCThread "G1 Refine#2" [stack: 0x000000b7cb400000,0x000000b7cb500000] [id=19272]
  0x000001cbddf21c00 ConcurrentGCThread "G1 Refine#3" [stack: 0x000000b7cb500000,0x000000b7cb600000] [id=11572]
  0x000001cbde22ebf0 ConcurrentGCThread "G1 Refine#4" [stack: 0x000000b7cb600000,0x000000b7cb700000] [id=11144]
  0x000001cbde0274a0 ConcurrentGCThread "G1 Refine#5" [stack: 0x000000b7cb700000,0x000000b7cb800000] [id=18244]
  0x000001cbddf71230 ConcurrentGCThread "G1 Refine#6" [stack: 0x000000b7cb800000,0x000000b7cb900000] [id=9852]
  0x000001cbdba36a40 ConcurrentGCThread "G1 Service" [stack: 0x000000b7c7c00000,0x000000b7c7d00000] [id=17072]

Threads with active compile tasks:

VM state: at safepoint (normal execution)

VM Mutex/Monitor currently owned by a thread:  ([mutex/lock_event])
[0x000001cbcfb68f80] Threads_lock - owner thread: 0x000001cbdbbc3910
[0x000001cbd1c73190] Heap_lock - owner thread: 0x000001cbddea33d0

Heap address: 0x00000000e0000000, size: 512 MB, Compressed Oops mode: 32-bit

CDS archive(s) not mapped
Compressed class space mapped at: 0x0000000100000000-0x0000000140000000, reserved size: 1073741824
Narrow klass base: 0x0000000000000000, Narrow klass shift: 3, Narrow klass range: 0x140000000

GC Precious Log:
 CPUs: 12 total, 12 available
 Memory: 16292M
 Large Page Support: Disabled
 NUMA Support: Disabled
 Compressed Oops: Enabled (32-bit)
 Heap Region Size: 1M
 Heap Min Capacity: 8M
 Heap Initial Capacity: 256M
 Heap Max Capacity: 512M
 Pre-touch: Disabled
 Parallel Workers: 10
 Concurrent Workers: 3
 Concurrent Refinement Workers: 10
 Periodic GC: Disabled

Heap:
 garbage-first heap   total 155648K, used 70721K [0x00000000e0000000, 0x0000000100000000)
  region size 1024K, 3 young (3072K), 3 survivors (3072K)
 Metaspace       used 35725K, committed 36160K, reserved 1081344K
  class space    used 4632K, committed 4800K, reserved 1048576K

Heap Regions: E=young(eden), S=young(survivor), O=old, HS=humongous(starts), HC=humongous(continues), CS=collection set, F=free, OA=open archive, CA=closed archive, TAMS=top-at-mark-start (previous, next)
|   0|0x00000000e0000000, 0x00000000e0100000, 0x00000000e0100000|100%| O|  |TAMS 0x00000000e0100000, 0x00000000e0100000| Untracked 
|   1|0x00000000e0100000, 0x00000000e0200000, 0x00000000e0200000|100%| O|  |TAMS 0x00000000e0200000, 0x00000000e0200000| Untracked 
|   2|0x00000000e0200000, 0x00000000e0300000, 0x00000000e0300000|100%| O|  |TAMS 0x00000000e0300000, 0x00000000e0300000| Untracked 
|   3|0x00000000e0300000, 0x00000000e0400000, 0x00000000e0400000|100%| O|  |TAMS 0x00000000e0400000, 0x00000000e0400000| Untracked 
|   4|0x00000000e0400000, 0x00000000e0500000, 0x00000000e0500000|100%| O|  |TAMS 0x00000000e0500000, 0x00000000e0500000| Untracked 
|   5|0x00000000e0500000, 0x00000000e0600000, 0x00000000e0600000|100%| O|  |TAMS 0x00000000e0600000, 0x00000000e0600000| Untracked 
|   6|0x00000000e0600000, 0x00000000e0700000, 0x00000000e0700000|100%| O|  |TAMS 0x00000000e0700000, 0x00000000e0700000| Untracked 
|   7|0x00000000e0700000, 0x00000000e0800000, 0x00000000e0800000|100%| O|  |TAMS 0x00000000e0700000, 0x00000000e0800000| Untracked 
|   8|0x00000000e0800000, 0x00000000e0900000, 0x00000000e0900000|100%| O|  |TAMS 0x00000000e0800000, 0x00000000e0900000| Untracked 
|   9|0x00000000e0900000, 0x00000000e0a00000, 0x00000000e0a00000|100%| O|  |TAMS 0x00000000e0900000, 0x00000000e0a00000| Untracked 
|  10|0x00000000e0a00000, 0x00000000e0b00000, 0x00000000e0b00000|100%| O|  |TAMS 0x00000000e0a00000, 0x00000000e0b00000| Untracked 
|  11|0x00000000e0b00000, 0x00000000e0c00000, 0x00000000e0c00000|100%| O|  |TAMS 0x00000000e0b00000, 0x00000000e0c00000| Untracked 
|  12|0x00000000e0c00000, 0x00000000e0d00000, 0x00000000e0d00000|100%| O|  |TAMS 0x00000000e0c00000, 0x00000000e0d00000| Untracked 
|  13|0x00000000e0d00000, 0x00000000e0e00000, 0x00000000e0e00000|100%| O|  |TAMS 0x00000000e0d00000, 0x00000000e0e00000| Untracked 
|  14|0x00000000e0e00000, 0x00000000e0f00000, 0x00000000e0f00000|100%| O|  |TAMS 0x00000000e0e00000, 0x00000000e0f00000| Untracked 
|  15|0x00000000e0f00000, 0x00000000e1000000, 0x00000000e1000000|100%| O|  |TAMS 0x00000000e0f00000, 0x00000000e1000000| Untracked 
|  16|0x00000000e1000000, 0x00000000e1100000, 0x00000000e1100000|100%| O|  |TAMS 0x00000000e1000000, 0x00000000e1100000| Untracked 
|  17|0x00000000e1100000, 0x00000000e1200000, 0x00000000e1200000|100%| O|  |TAMS 0x00000000e1100000, 0x00000000e1200000| Untracked 
|  18|0x00000000e1200000, 0x00000000e1300000, 0x00000000e1300000|100%| O|  |TAMS 0x00000000e1200000, 0x00000000e1300000| Untracked 
|  19|0x00000000e1300000, 0x00000000e1400000, 0x00000000e1400000|100%| O|  |TAMS 0x00000000e1300000, 0x00000000e1400000| Untracked 
|  20|0x00000000e1400000, 0x00000000e1500000, 0x00000000e1500000|100%| O|  |TAMS 0x00000000e1400000, 0x00000000e1500000| Untracked 
|  21|0x00000000e1500000, 0x00000000e1600000, 0x00000000e1600000|100%| O|  |TAMS 0x00000000e1500000, 0x00000000e1600000| Untracked 
|  22|0x00000000e1600000, 0x00000000e1700000, 0x00000000e1700000|100%|HS|  |TAMS 0x00000000e1600000, 0x00000000e1700000| Complete 
|  23|0x00000000e1700000, 0x00000000e1800000, 0x00000000e1800000|100%| O|  |TAMS 0x00000000e1700000, 0x00000000e1800000| Untracked 
|  24|0x00000000e1800000, 0x00000000e1900000, 0x00000000e1900000|100%| O|  |TAMS 0x00000000e1800000, 0x00000000e1900000| Untracked 
|  25|0x00000000e1900000, 0x00000000e1a00000, 0x00000000e1a00000|100%| O|  |TAMS 0x00000000e1900000, 0x00000000e1a00000| Untracked 
|  26|0x00000000e1a00000, 0x00000000e1b00000, 0x00000000e1b00000|100%| O|  |TAMS 0x00000000e1a00000, 0x00000000e1b00000| Untracked 
|  27|0x00000000e1b00000, 0x00000000e1c00000, 0x00000000e1c00000|100%| O|  |TAMS 0x00000000e1b00000, 0x00000000e1c00000| Untracked 
|  28|0x00000000e1c00000, 0x00000000e1d00000, 0x00000000e1d00000|100%| O|  |TAMS 0x00000000e1c00000, 0x00000000e1d00000| Untracked 
|  29|0x00000000e1d00000, 0x00000000e1e00000, 0x00000000e1e00000|100%| O|  |TAMS 0x00000000e1d00000, 0x00000000e1e00000| Untracked 
|  30|0x00000000e1e00000, 0x00000000e1f00000, 0x00000000e1f00000|100%| O|  |TAMS 0x00000000e1e00000, 0x00000000e1f00000| Untracked 
|  31|0x00000000e1f00000, 0x00000000e2000000, 0x00000000e2000000|100%| O|  |TAMS 0x00000000e1f00000, 0x00000000e2000000| Untracked 
|  32|0x00000000e2000000, 0x00000000e2100000, 0x00000000e2100000|100%| O|  |TAMS 0x00000000e2000000, 0x00000000e2100000| Untracked 
|  33|0x00000000e2100000, 0x00000000e2200000, 0x00000000e2200000|100%| O|  |TAMS 0x00000000e2100000, 0x00000000e2200000| Untracked 
|  34|0x00000000e2200000, 0x00000000e2300000, 0x00000000e2300000|100%| O|  |TAMS 0x00000000e2200000, 0x00000000e2300000| Untracked 
|  35|0x00000000e2300000, 0x00000000e2400000, 0x00000000e2400000|100%| O|  |TAMS 0x00000000e2300000, 0x00000000e2400000| Untracked 
|  36|0x00000000e2400000, 0x00000000e2500000, 0x00000000e2500000|100%| O|  |TAMS 0x00000000e2400000, 0x00000000e2500000| Untracked 
|  37|0x00000000e2500000, 0x00000000e2600000, 0x00000000e2600000|100%| O|  |TAMS 0x00000000e2500000, 0x00000000e2600000| Untracked 
|  38|0x00000000e2600000, 0x00000000e2700000, 0x00000000e2700000|100%| O|  |TAMS 0x00000000e2600000, 0x00000000e2700000| Untracked 
|  39|0x00000000e2700000, 0x00000000e2800000, 0x00000000e2800000|100%| O|  |TAMS 0x00000000e2700000, 0x00000000e2800000| Untracked 
|  40|0x00000000e2800000, 0x00000000e2900000, 0x00000000e2900000|100%| O|  |TAMS 0x00000000e2800000, 0x00000000e2900000| Untracked 
|  41|0x00000000e2900000, 0x00000000e2a00000, 0x00000000e2a00000|100%| O|  |TAMS 0x00000000e2900000, 0x00000000e2a00000| Untracked 
|  42|0x00000000e2a00000, 0x00000000e2b00000, 0x00000000e2b00000|100%|HS|  |TAMS 0x00000000e2a00000, 0x00000000e2b00000| Complete 
|  43|0x00000000e2b00000, 0x00000000e2c00000, 0x00000000e2c00000|100%| O|  |TAMS 0x00000000e2b00000, 0x00000000e2c00000| Untracked 
|  44|0x00000000e2c00000, 0x00000000e2d00000, 0x00000000e2d00000|100%| O|  |TAMS 0x00000000e2c00000, 0x00000000e2d00000| Untracked 
|  45|0x00000000e2d00000, 0x00000000e2e00000, 0x00000000e2e00000|100%| O|  |TAMS 0x00000000e2d00000, 0x00000000e2e00000| Untracked 
|  46|0x00000000e2e00000, 0x00000000e2f00000, 0x00000000e2f00000|100%| O|  |TAMS 0x00000000e2e00000, 0x00000000e2f00000| Untracked 
|  47|0x00000000e2f00000, 0x00000000e3000000, 0x00000000e3000000|100%| O|  |TAMS 0x00000000e2f00000, 0x00000000e3000000| Untracked 
|  48|0x00000000e3000000, 0x00000000e3100000, 0x00000000e3100000|100%| O|  |TAMS 0x00000000e3000000, 0x00000000e3100000| Untracked 
|  49|0x00000000e3100000, 0x00000000e3200000, 0x00000000e3200000|100%| O|  |TAMS 0x00000000e3100000, 0x00000000e3200000| Untracked 
|  50|0x00000000e3200000, 0x00000000e3300000, 0x00000000e3300000|100%| O|  |TAMS 0x00000000e3200000, 0x00000000e3300000| Untracked 
|  51|0x00000000e3300000, 0x00000000e3400000, 0x00000000e3400000|100%| O|  |TAMS 0x00000000e3300000, 0x00000000e3400000| Untracked 
|  52|0x00000000e3400000, 0x00000000e3500000, 0x00000000e3500000|100%| O|  |TAMS 0x00000000e3400000, 0x00000000e3500000| Untracked 
|  53|0x00000000e3500000, 0x00000000e3600000, 0x00000000e3600000|100%| O|  |TAMS 0x00000000e3500000, 0x00000000e3600000| Untracked 
|  54|0x00000000e3600000, 0x00000000e3700000, 0x00000000e3700000|100%| O|  |TAMS 0x00000000e3600000, 0x00000000e3700000| Untracked 
|  55|0x00000000e3700000, 0x00000000e3800000, 0x00000000e3800000|100%| O|  |TAMS 0x00000000e3700000, 0x00000000e3800000| Untracked 
|  56|0x00000000e3800000, 0x00000000e3900000, 0x00000000e3900000|100%| O|  |TAMS 0x00000000e3800000, 0x00000000e3900000| Untracked 
|  57|0x00000000e3900000, 0x00000000e3a00000, 0x00000000e3a00000|100%| O|  |TAMS 0x00000000e3900000, 0x00000000e3a00000| Untracked 
|  58|0x00000000e3a00000, 0x00000000e3b00000, 0x00000000e3b00000|100%| O|  |TAMS 0x00000000e3a00000, 0x00000000e3b00000| Untracked 
|  59|0x00000000e3b00000, 0x00000000e3c00000, 0x00000000e3c00000|100%| O|  |TAMS 0x00000000e3b00000, 0x00000000e3c00000| Untracked 
|  60|0x00000000e3c00000, 0x00000000e3d00000, 0x00000000e3d00000|100%| O|  |TAMS 0x00000000e3c00000, 0x00000000e3d00000| Untracked 
|  61|0x00000000e3d00000, 0x00000000e3e00000, 0x00000000e3e00000|100%| O|  |TAMS 0x00000000e3d00000, 0x00000000e3e00000| Untracked 
|  62|0x00000000e3e00000, 0x00000000e3f00000, 0x00000000e3f00000|100%| O|  |TAMS 0x00000000e3e00000, 0x00000000e3f00000| Untracked 
|  63|0x00000000e3f00000, 0x00000000e4000000, 0x00000000e4000000|100%| O|  |TAMS 0x00000000e3f00000, 0x00000000e4000000| Untracked 
|  64|0x00000000e4000000, 0x00000000e4100000, 0x00000000e4100000|100%| O|  |TAMS 0x00000000e4000000, 0x00000000e407c000| Untracked 
|  65|0x00000000e4100000, 0x00000000e4200000, 0x00000000e4200000|100%| O|  |TAMS 0x00000000e4100000, 0x00000000e4100000| Untracked 
|  66|0x00000000e4200000, 0x00000000e427ac00, 0x00000000e4300000| 47%| O|  |TAMS 0x00000000e4200000, 0x00000000e4200000| Untracked 
|  67|0x00000000e4300000, 0x00000000e4300000, 0x00000000e4400000|  0%| F|  |TAMS 0x00000000e4300000, 0x00000000e4300000| Untracked 
|  68|0x00000000e4400000, 0x00000000e4400000, 0x00000000e4500000|  0%| F|  |TAMS 0x00000000e4400000, 0x00000000e4400000| Untracked 
|  69|0x00000000e4500000, 0x00000000e4500000, 0x00000000e4600000|  0%| F|  |TAMS 0x00000000e4500000, 0x00000000e4500000| Untracked 
|  70|0x00000000e4600000, 0x00000000e4600000, 0x00000000e4700000|  0%| F|  |TAMS 0x00000000e4600000, 0x00000000e4600000| Untracked 
|  71|0x00000000e4700000, 0x00000000e4700000, 0x00000000e4800000|  0%| F|  |TAMS 0x00000000e4700000, 0x00000000e4700000| Untracked 
|  72|0x00000000e4800000, 0x00000000e4800000, 0x00000000e4900000|  0%| F|  |TAMS 0x00000000e4800000, 0x00000000e4800000| Untracked 
|  73|0x00000000e4900000, 0x00000000e4900000, 0x00000000e4a00000|  0%| F|  |TAMS 0x00000000e4900000, 0x00000000e4900000| Untracked 
|  74|0x00000000e4a00000, 0x00000000e4a00000, 0x00000000e4b00000|  0%| F|  |TAMS 0x00000000e4a00000, 0x00000000e4a00000| Untracked 
|  75|0x00000000e4b00000, 0x00000000e4b00000, 0x00000000e4c00000|  0%| F|  |TAMS 0x00000000e4b00000, 0x00000000e4b00000| Untracked 
|  76|0x00000000e4c00000, 0x00000000e4c00000, 0x00000000e4d00000|  0%| F|  |TAMS 0x00000000e4c00000, 0x00000000e4c00000| Untracked 
|  77|0x00000000e4d00000, 0x00000000e4d00000, 0x00000000e4e00000|  0%| F|  |TAMS 0x00000000e4d00000, 0x00000000e4d00000| Untracked 
|  78|0x00000000e4e00000, 0x00000000e4e00000, 0x00000000e4f00000|  0%| F|  |TAMS 0x00000000e4e00000, 0x00000000e4e00000| Untracked 
|  79|0x00000000e4f00000, 0x00000000e4f00000, 0x00000000e5000000|  0%| F|  |TAMS 0x00000000e4f00000, 0x00000000e4f00000| Untracked 
|  80|0x00000000e5000000, 0x00000000e5000000, 0x00000000e5100000|  0%| F|  |TAMS 0x00000000e5000000, 0x00000000e5000000| Untracked 
|  81|0x00000000e5100000, 0x00000000e5100000, 0x00000000e5200000|  0%| F|  |TAMS 0x00000000e5100000, 0x00000000e5100000| Untracked 
|  82|0x00000000e5200000, 0x00000000e5200000, 0x00000000e5300000|  0%| F|  |TAMS 0x00000000e5200000, 0x00000000e5200000| Untracked 
|  83|0x00000000e5300000, 0x00000000e5300000, 0x00000000e5400000|  0%| F|  |TAMS 0x00000000e5300000, 0x00000000e5300000| Untracked 
|  84|0x00000000e5400000, 0x00000000e5400000, 0x00000000e5500000|  0%| F|  |TAMS 0x00000000e5400000, 0x00000000e5400000| Untracked 
|  85|0x00000000e5500000, 0x00000000e5500000, 0x00000000e5600000|  0%| F|  |TAMS 0x00000000e5500000, 0x00000000e5500000| Untracked 
|  86|0x00000000e5600000, 0x00000000e5600000, 0x00000000e5700000|  0%| F|  |TAMS 0x00000000e5600000, 0x00000000e5600000| Untracked 
|  87|0x00000000e5700000, 0x00000000e5700000, 0x00000000e5800000|  0%| F|  |TAMS 0x00000000e5700000, 0x00000000e5700000| Untracked 
|  88|0x00000000e5800000, 0x00000000e5800000, 0x00000000e5900000|  0%| F|  |TAMS 0x00000000e5800000, 0x00000000e5800000| Untracked 
|  89|0x00000000e5900000, 0x00000000e5900000, 0x00000000e5a00000|  0%| F|  |TAMS 0x00000000e5900000, 0x00000000e5900000| Untracked 
|  90|0x00000000e5a00000, 0x00000000e5a00000, 0x00000000e5b00000|  0%| F|  |TAMS 0x00000000e5a00000, 0x00000000e5a00000| Untracked 
|  91|0x00000000e5b00000, 0x00000000e5b00000, 0x00000000e5c00000|  0%| F|  |TAMS 0x00000000e5b00000, 0x00000000e5b00000| Untracked 
|  92|0x00000000e5c00000, 0x00000000e5c00000, 0x00000000e5d00000|  0%| F|  |TAMS 0x00000000e5c00000, 0x00000000e5c00000| Untracked 
|  93|0x00000000e5d00000, 0x00000000e5d00000, 0x00000000e5e00000|  0%| F|  |TAMS 0x00000000e5d00000, 0x00000000e5d00000| Untracked 
|  94|0x00000000e5e00000, 0x00000000e5e00000, 0x00000000e5f00000|  0%| F|  |TAMS 0x00000000e5e00000, 0x00000000e5e00000| Untracked 
|  95|0x00000000e5f00000, 0x00000000e5f00000, 0x00000000e6000000|  0%| F|  |TAMS 0x00000000e5f00000, 0x00000000e5f00000| Untracked 
|  96|0x00000000e6000000, 0x00000000e6000000, 0x00000000e6100000|  0%| F|  |TAMS 0x00000000e6000000, 0x00000000e6000000| Untracked 
|  97|0x00000000e6100000, 0x00000000e6100000, 0x00000000e6200000|  0%| F|  |TAMS 0x00000000e6100000, 0x00000000e6100000| Untracked 
|  98|0x00000000e6200000, 0x00000000e6200000, 0x00000000e6300000|  0%| F|  |TAMS 0x00000000e6200000, 0x00000000e6200000| Untracked 
|  99|0x00000000e6300000, 0x00000000e6300000, 0x00000000e6400000|  0%| F|  |TAMS 0x00000000e6300000, 0x00000000e6300000| Untracked 
| 100|0x00000000e6400000, 0x00000000e6400000, 0x00000000e6500000|  0%| F|  |TAMS 0x00000000e6400000, 0x00000000e6400000| Untracked 
| 101|0x00000000e6500000, 0x00000000e6500000, 0x00000000e6600000|  0%| F|  |TAMS 0x00000000e6500000, 0x00000000e6500000| Untracked 
| 102|0x00000000e6600000, 0x00000000e6600000, 0x00000000e6700000|  0%| F|  |TAMS 0x00000000e6600000, 0x00000000e6600000| Untracked 
| 103|0x00000000e6700000, 0x00000000e6700000, 0x00000000e6800000|  0%| F|  |TAMS 0x00000000e6700000, 0x00000000e6700000| Untracked 
| 104|0x00000000e6800000, 0x00000000e6800000, 0x00000000e6900000|  0%| F|  |TAMS 0x00000000e6800000, 0x00000000e6800000| Untracked 
| 105|0x00000000e6900000, 0x00000000e6900000, 0x00000000e6a00000|  0%| F|  |TAMS 0x00000000e6900000, 0x00000000e6900000| Untracked 
| 106|0x00000000e6a00000, 0x00000000e6a00000, 0x00000000e6b00000|  0%| F|  |TAMS 0x00000000e6a00000, 0x00000000e6a00000| Untracked 
| 107|0x00000000e6b00000, 0x00000000e6b00000, 0x00000000e6c00000|  0%| F|  |TAMS 0x00000000e6b00000, 0x00000000e6b00000| Untracked 
| 108|0x00000000e6c00000, 0x00000000e6c00000, 0x00000000e6d00000|  0%| F|  |TAMS 0x00000000e6c00000, 0x00000000e6c00000| Untracked 
| 109|0x00000000e6d00000, 0x00000000e6d00000, 0x00000000e6e00000|  0%| F|  |TAMS 0x00000000e6d00000, 0x00000000e6d00000| Untracked 
| 110|0x00000000e6e00000, 0x00000000e6e00000, 0x00000000e6f00000|  0%| F|  |TAMS 0x00000000e6e00000, 0x00000000e6e00000| Untracked 
| 111|0x00000000e6f00000, 0x00000000e6f00000, 0x00000000e7000000|  0%| F|  |TAMS 0x00000000e6f00000, 0x00000000e6f00000| Untracked 
| 112|0x00000000e7000000, 0x00000000e7000000, 0x00000000e7100000|  0%| F|  |TAMS 0x00000000e7000000, 0x00000000e7000000| Untracked 
| 113|0x00000000e7100000, 0x00000000e7100000, 0x00000000e7200000|  0%| F|  |TAMS 0x00000000e7100000, 0x00000000e7100000| Untracked 
| 114|0x00000000e7200000, 0x00000000e7200000, 0x00000000e7300000|  0%| F|  |TAMS 0x00000000e7200000, 0x00000000e7200000| Untracked 
| 115|0x00000000e7300000, 0x00000000e7300000, 0x00000000e7400000|  0%| F|  |TAMS 0x00000000e7300000, 0x00000000e7300000| Untracked 
| 116|0x00000000e7400000, 0x00000000e7400000, 0x00000000e7500000|  0%| F|  |TAMS 0x00000000e7400000, 0x00000000e7400000| Untracked 
| 117|0x00000000e7500000, 0x00000000e7500000, 0x00000000e7600000|  0%| F|  |TAMS 0x00000000e7500000, 0x00000000e7500000| Untracked 
| 118|0x00000000e7600000, 0x00000000e7600000, 0x00000000e7700000|  0%| F|  |TAMS 0x00000000e7600000, 0x00000000e7600000| Untracked 
| 119|0x00000000e7700000, 0x00000000e7700000, 0x00000000e7800000|  0%| F|  |TAMS 0x00000000e7700000, 0x00000000e7700000| Untracked 
| 120|0x00000000e7800000, 0x00000000e7800000, 0x00000000e7900000|  0%| F|  |TAMS 0x00000000e7800000, 0x00000000e7800000| Untracked 
| 121|0x00000000e7900000, 0x00000000e7900000, 0x00000000e7a00000|  0%| F|  |TAMS 0x00000000e7900000, 0x00000000e7900000| Untracked 
| 122|0x00000000e7a00000, 0x00000000e7a00000, 0x00000000e7b00000|  0%| F|  |TAMS 0x00000000e7a00000, 0x00000000e7a00000| Untracked 
| 123|0x00000000e7b00000, 0x00000000e7b00000, 0x00000000e7c00000|  0%| F|  |TAMS 0x00000000e7b00000, 0x00000000e7b00000| Untracked 
| 124|0x00000000e7c00000, 0x00000000e7c00000, 0x00000000e7d00000|  0%| F|  |TAMS 0x00000000e7c00000, 0x00000000e7c00000| Untracked 
| 125|0x00000000e7d00000, 0x00000000e7d00000, 0x00000000e7e00000|  0%| F|  |TAMS 0x00000000e7d00000, 0x00000000e7d00000| Untracked 
| 126|0x00000000e7e00000, 0x00000000e7e00000, 0x00000000e7f00000|  0%| F|  |TAMS 0x00000000e7e00000, 0x00000000e7e00000| Untracked 
| 127|0x00000000e7f00000, 0x00000000e7f00000, 0x00000000e8000000|  0%| F|  |TAMS 0x00000000e7f00000, 0x00000000e7f00000| Untracked 
| 128|0x00000000e8000000, 0x00000000e8000000, 0x00000000e8100000|  0%| F|  |TAMS 0x00000000e8000000, 0x00000000e8000000| Untracked 
| 129|0x00000000e8100000, 0x00000000e8100000, 0x00000000e8200000|  0%| F|  |TAMS 0x00000000e8100000, 0x00000000e8100000| Untracked 
| 130|0x00000000e8200000, 0x00000000e8200000, 0x00000000e8300000|  0%| F|  |TAMS 0x00000000e8200000, 0x00000000e8200000| Untracked 
| 131|0x00000000e8300000, 0x00000000e8300000, 0x00000000e8400000|  0%| F|  |TAMS 0x00000000e8300000, 0x00000000e8300000| Untracked 
| 132|0x00000000e8400000, 0x00000000e8400000, 0x00000000e8500000|  0%| F|  |TAMS 0x00000000e8400000, 0x00000000e8400000| Untracked 
| 133|0x00000000e8500000, 0x00000000e8500000, 0x00000000e8600000|  0%| F|  |TAMS 0x00000000e8500000, 0x00000000e8500000| Untracked 
| 134|0x00000000e8600000, 0x00000000e8600000, 0x00000000e8700000|  0%| F|  |TAMS 0x00000000e8600000, 0x00000000e8600000| Untracked 
| 135|0x00000000e8700000, 0x00000000e8700000, 0x00000000e8800000|  0%| F|  |TAMS 0x00000000e8700000, 0x00000000e8700000| Untracked 
| 136|0x00000000e8800000, 0x00000000e8800000, 0x00000000e8900000|  0%| F|  |TAMS 0x00000000e8800000, 0x00000000e8800000| Untracked 
| 137|0x00000000e8900000, 0x00000000e8900000, 0x00000000e8a00000|  0%| F|  |TAMS 0x00000000e8900000, 0x00000000e8900000| Untracked 
| 138|0x00000000e8a00000, 0x00000000e8a00000, 0x00000000e8b00000|  0%| F|  |TAMS 0x00000000e8a00000, 0x00000000e8a00000| Untracked 
| 139|0x00000000e8b00000, 0x00000000e8b00000, 0x00000000e8c00000|  0%| F|  |TAMS 0x00000000e8b00000, 0x00000000e8b00000| Untracked 
| 140|0x00000000e8c00000, 0x00000000e8c00000, 0x00000000e8d00000|  0%| F|  |TAMS 0x00000000e8c00000, 0x00000000e8c00000| Untracked 
| 141|0x00000000e8d00000, 0x00000000e8d95880, 0x00000000e8e00000| 58%| S|CS|TAMS 0x00000000e8d00000, 0x00000000e8d00000| Complete 
| 142|0x00000000e8e00000, 0x00000000e8f00000, 0x00000000e8f00000|100%| S|CS|TAMS 0x00000000e8e00000, 0x00000000e8e00000| Complete 
| 143|0x00000000e8f00000, 0x00000000e9000000, 0x00000000e9000000|100%| S|CS|TAMS 0x00000000e8f00000, 0x00000000e8f00000| Complete 
| 144|0x00000000e9000000, 0x00000000e9000000, 0x00000000e9100000|  0%| F|  |TAMS 0x00000000e9000000, 0x00000000e9000000| Untracked 
| 145|0x00000000e9100000, 0x00000000e9100000, 0x00000000e9200000|  0%| F|  |TAMS 0x00000000e9100000, 0x00000000e9100000| Untracked 
| 231|0x00000000ee700000, 0x00000000ee700000, 0x00000000ee800000|  0%| F|  |TAMS 0x00000000ee700000, 0x00000000ee700000| Untracked 
| 232|0x00000000ee800000, 0x00000000ee800000, 0x00000000ee900000|  0%| F|  |TAMS 0x00000000ee800000, 0x00000000ee800000| Untracked 
| 233|0x00000000ee900000, 0x00000000ee900000, 0x00000000eea00000|  0%| F|  |TAMS 0x00000000ee900000, 0x00000000ee900000| Untracked 
| 234|0x00000000eea00000, 0x00000000eea00000, 0x00000000eeb00000|  0%| F|  |TAMS 0x00000000eea00000, 0x00000000eea00000| Untracked 
| 235|0x00000000eeb00000, 0x00000000eeb00000, 0x00000000eec00000|  0%| F|  |TAMS 0x00000000eeb00000, 0x00000000eeb00000| Untracked 
| 255|0x00000000eff00000, 0x00000000eff00000, 0x00000000f0000000|  0%| F|  |TAMS 0x00000000eff00000, 0x00000000eff00000| Untracked 

Card table byte_map: [0x000001cbd7d30000,0x000001cbd7e30000] _byte_map_base: 0x000001cbd7630000

Marking Bits (Prev, Next): (CMBitMap*) 0x000001cbd1ca7c60, (CMBitMap*) 0x000001cbd1ca7c20
 Prev Bits: [0x000001cbd8730000, 0x000001cbd8f30000)
 Next Bits: [0x000001cbd7f30000, 0x000001cbd8730000)

Polling page: 0x000001cbcfaf0000

Metaspace:

Usage:
  Non-class:     30.36 MB used.
      Class:      4.52 MB used.
       Both:     34.89 MB used.

Virtual space:
  Non-class space:       32.00 MB reserved,      30.62 MB ( 96%) committed,  4 nodes.
      Class space:        1.00 GB reserved,       4.69 MB ( <1%) committed,  1 nodes.
             Both:        1.03 GB reserved,      35.31 MB (  3%) committed. 

Chunk freelists:
   Non-Class:  1010.00 KB
       Class:  3.19 MB
        Both:  4.17 MB

MaxMetaspaceSize: unlimited
CompressedClassSpaceSize: 1.00 GB
Initial GC threshold: 21.00 MB
Current GC threshold: 35.56 MB
CDS: off
MetaspaceReclaimPolicy: balanced
 - commit_granule_bytes: 65536.
 - commit_granule_words: 8192.
 - virtual_space_node_default_size: 1048576.
 - enlarge_chunks_in_place: 1.
 - new_chunks_are_fully_committed: 0.
 - uncommit_free_chunks: 1.
 - use_allocation_guard: 0.
 - handle_deallocations: 1.


Internal statistics:

num_allocs_failed_limit: 8.
num_arena_births: 470.
num_arena_deaths: 0.
num_vsnodes_births: 5.
num_vsnodes_deaths: 0.
num_space_committed: 565.
num_space_uncommitted: 0.
num_chunks_returned_to_freelist: 8.
num_chunks_taken_from_freelist: 1519.
num_chunk_merges: 8.
num_chunk_splits: 1032.
num_chunks_enlarged: 763.
num_purges: 0.
num_inconsistent_stats: 0.

CodeCache: size=49152Kb used=9119Kb max_used=9119Kb free=40032Kb
 bounds [0x000001cbd4900000, 0x000001cbd51f0000, 0x000001cbd7900000]
 total_blobs=4323 nmethods=3781 adapters=465
 compilation: enabled
              stopped_count=0, restarted_count=0
 full_count=0

Compilation events (20 events):
Event: 2.039 Thread 0x000001cbdc435a40 nmethod 3760 0x000001cbd51de490 code [0x000001cbd51de680, 0x000001cbd51dea18]
Event: 2.039 Thread 0x000001cbdc435a40 3758       1       jdk.internal.module.SystemModuleFinders$SystemModuleReader::findImageLocation (42 bytes)
Event: 2.039 Thread 0x000001cbdd59c690 nmethod 3756 0x000001cbd51dec10 code [0x000001cbd51dedc0, 0x000001cbd51df048]
Event: 2.039 Thread 0x000001cbdc63a1f0 nmethod 3757 0x000001cbd51df210 code [0x000001cbd51df3e0, 0x000001cbd51df738]
Event: 2.039 Thread 0x000001cbdd59c690 3771       1       jdk.internal.jimage.BasicImageReader::findLocation (57 bytes)
Event: 2.039 Thread 0x000001cbdc63a1f0 3773       1       jdk.internal.module.SystemModuleFinders$SystemModuleReader::open (15 bytes)
Event: 2.039 Thread 0x000001cbdc435a40 nmethod 3758 0x000001cbd51df910 code [0x000001cbd51dfae0, 0x000001cbd51dfdd8]
Event: 2.039 Thread 0x000001cbdc435a40 3775       1       jdk.internal.jimage.ImageReader::findLocation (14 bytes)
Event: 2.039 Thread 0x000001cbdc435a40 nmethod 3775 0x000001cbd51dff90 code [0x000001cbd51e0140, 0x000001cbd51e02d8]
Event: 2.039 Thread 0x000001cbdc435a40 3722       1       io.github.classgraph.Classfile$ClassContainment::<init> (20 bytes)
Event: 2.039 Thread 0x000001cbdc435a40 nmethod 3722 0x000001cbd51e0410 code [0x000001cbd51e05a0, 0x000001cbd51e06f8]
Event: 2.039 Thread 0x000001cbdc435a40 3731       1       java.util.zip.Inflater::<init> (28 bytes)
Event: 2.039 Thread 0x000001cbdd59c690 nmethod 3771 0x000001cbd51e0790 code [0x000001cbd51e09a0, 0x000001cbd51e0ec8]
Event: 2.040 Thread 0x000001cbdd59c690 3778       1       io.github.classgraph.ClasspathElementModule$1$1::<init> (16 bytes)
Event: 2.040 Thread 0x000001cbdd59c690 nmethod 3778 0x000001cbd51e1110 code [0x000001cbd51e12a0, 0x000001cbd51e1478]
Event: 2.040 Thread 0x000001cbdd59c690 3761       1       nonapi.io.github.classgraph.fileslice.reader.ClassfileReader::<init> (29 bytes)
Event: 2.040 Thread 0x000001cbdc63a1f0 nmethod 3773 0x000001cbd51e1510 code [0x000001cbd51e1720, 0x000001cbd51e1ce8]
Event: 2.040 Thread 0x000001cbdd59c690 nmethod 3761 0x000001cbd51e2010 code [0x000001cbd51e21a0, 0x000001cbd51e2418]
Event: 2.040 Thread 0x000001cbdc435a40 nmethod 3731 0x000001cbd51e2490 code [0x000001cbd51e2660, 0x000001cbd51e29f8]
Event: 2.044 Thread 0x000001cbdd63c980 nmethod 3750 0x000001cbd51e2b90 code [0x000001cbd51e33c0, 0x000001cbd51e5f08]

GC Heap History (20 events):
Event: 1.038 GC heap after
{Heap after GC invocations=5 (full 0):
 garbage-first heap   total 48128K, used 13937K [0x00000000e0000000, 0x0000000100000000)
  region size 1024K, 7 young (7168K), 7 survivors (7168K)
 Metaspace       used 24964K, committed 25216K, reserved 1073152K
  class space    used 3101K, committed 3200K, reserved 1048576K
}
Event: 1.052 GC heap before
{Heap before GC invocations=5 (full 0):
 garbage-first heap   total 48128K, used 14961K [0x00000000e0000000, 0x0000000100000000)
  region size 1024K, 8 young (8192K), 7 survivors (7168K)
 Metaspace       used 25102K, committed 25408K, reserved 1073152K
  class space    used 3123K, committed 3264K, reserved 1048576K
}
Event: 1.056 GC heap after
{Heap after GC invocations=6 (full 0):
 garbage-first heap   total 48128K, used 14180K [0x00000000e0000000, 0x0000000100000000)
  region size 1024K, 1 young (1024K), 1 survivors (1024K)
 Metaspace       used 25102K, committed 25408K, reserved 1073152K
  class space    used 3123K, committed 3264K, reserved 1048576K
}
Event: 1.286 GC heap before
{Heap before GC invocations=6 (full 0):
 garbage-first heap   total 48128K, used 31588K [0x00000000e0000000, 0x0000000100000000)
  region size 1024K, 19 young (19456K), 1 survivors (1024K)
 Metaspace       used 28629K, committed 28928K, reserved 1081344K
  class space    used 3625K, committed 3776K, reserved 1048576K
}
Event: 1.289 GC heap after
{Heap after GC invocations=7 (full 0):
 garbage-first heap   total 48128K, used 14462K [0x00000000e0000000, 0x0000000100000000)
  region size 1024K, 2 young (2048K), 2 survivors (2048K)
 Metaspace       used 28629K, committed 28928K, reserved 1081344K
  class space    used 3625K, committed 3776K, reserved 1048576K
}
Event: 1.450 GC heap before
{Heap before GC invocations=7 (full 0):
 garbage-first heap   total 48128K, used 31870K [0x00000000e0000000, 0x0000000100000000)
  region size 1024K, 20 young (20480K), 2 survivors (2048K)
 Metaspace       used 31207K, committed 31488K, reserved 1081344K
  class space    used 3974K, committed 4096K, reserved 1048576K
}
Event: 1.453 GC heap after
{Heap after GC invocations=8 (full 0):
 garbage-first heap   total 48128K, used 16585K [0x00000000e0000000, 0x0000000100000000)
  region size 1024K, 3 young (3072K), 3 survivors (3072K)
 Metaspace       used 31207K, committed 31488K, reserved 1081344K
  class space    used 3974K, committed 4096K, reserved 1048576K
}
Event: 1.675 GC heap before
{Heap before GC invocations=8 (full 0):
 garbage-first heap   total 48128K, used 33993K [0x00000000e0000000, 0x0000000100000000)
  region size 1024K, 20 young (20480K), 3 survivors (3072K)
 Metaspace       used 34429K, committed 34816K, reserved 1081344K
  class space    used 4471K, committed 4608K, reserved 1048576K
}
Event: 1.677 GC heap after
{Heap after GC invocations=9 (full 0):
 garbage-first heap   total 155648K, used 18440K [0x00000000e0000000, 0x0000000100000000)
  region size 1024K, 2 young (2048K), 2 survivors (2048K)
 Metaspace       used 34429K, committed 34816K, reserved 1081344K
  class space    used 4471K, committed 4608K, reserved 1048576K
}
Event: 1.847 GC heap before
{Heap before GC invocations=9 (full 0):
 garbage-first heap   total 155648K, used 104456K [0x00000000e0000000, 0x0000000100000000)
  region size 1024K, 87 young (89088K), 2 survivors (2048K)
 Metaspace       used 35543K, committed 35968K, reserved 1081344K
  class space    used 4609K, committed 4800K, reserved 1048576K
}
Event: 1.853 GC heap after
{Heap after GC invocations=10 (full 0):
 garbage-first heap   total 155648K, used 33632K [0x00000000e0000000, 0x0000000100000000)
  region size 1024K, 11 young (11264K), 11 survivors (11264K)
 Metaspace       used 35543K, committed 35968K, reserved 1081344K
  class space    used 4609K, committed 4800K, reserved 1048576K
}
Event: 1.969 GC heap before
{Heap before GC invocations=10 (full 0):
 garbage-first heap   total 155648K, used 96096K [0x00000000e0000000, 0x0000000100000000)
  region size 1024K, 72 young (73728K), 11 survivors (11264K)
 Metaspace       used 35552K, committed 35968K, reserved 1081344K
  class space    used 4611K, committed 4800K, reserved 1048576K
}
Event: 1.978 GC heap after
{Heap after GC invocations=11 (full 0):
 garbage-first heap   total 155648K, used 52062K [0x00000000e0000000, 0x0000000100000000)
  region size 1024K, 9 young (9216K), 9 survivors (9216K)
 Metaspace       used 35552K, committed 35968K, reserved 1081344K
  class space    used 4611K, committed 4800K, reserved 1048576K
}
Event: 2.017 GC heap before
{Heap before GC invocations=11 (full 0):
 garbage-first heap   total 155648K, used 103262K [0x00000000e0000000, 0x0000000100000000)
  region size 1024K, 59 young (60416K), 9 survivors (9216K)
 Metaspace       used 35649K, committed 36096K, reserved 1081344K
  class space    used 4621K, committed 4800K, reserved 1048576K
}
Event: 2.032 GC heap after
{Heap after GC invocations=12 (full 0):
 garbage-first heap   total 155648K, used 64816K [0x00000000e0000000, 0x0000000100000000)
  region size 1024K, 8 young (8192K), 8 survivors (8192K)
 Metaspace       used 35649K, committed 36096K, reserved 1081344K
  class space    used 4621K, committed 4800K, reserved 1048576K
}
Event: 2.040 GC heap before
{Heap before GC invocations=12 (full 0):
 garbage-first heap   total 155648K, used 108848K [0x00000000e0000000, 0x0000000100000000)
  region size 1024K, 52 young (53248K), 8 survivors (8192K)
 Metaspace       used 35666K, committed 36096K, reserved 1081344K
  class space    used 4625K, committed 4800K, reserved 1048576K
}
Event: 2.044 GC heap after
{Heap after GC invocations=13 (full 0):
 garbage-first heap   total 155648K, used 68406K [0x00000000e0000000, 0x0000000100000000)
  region size 1024K, 3 young (3072K), 3 survivors (3072K)
 Metaspace       used 35666K, committed 36096K, reserved 1081344K
  class space    used 4625K, committed 4800K, reserved 1048576K
}
Event: 2.050 GC heap before
{Heap before GC invocations=13 (full 0):
 garbage-first heap   total 155648K, used 114486K [0x00000000e0000000, 0x0000000100000000)
  region size 1024K, 49 young (50176K), 3 survivors (3072K)
 Metaspace       used 35708K, committed 36096K, reserved 1081344K
  class space    used 4629K, committed 4800K, reserved 1048576K
}
Event: 2.051 GC heap after
{Heap after GC invocations=14 (full 0):
 garbage-first heap   total 155648K, used 70265K [0x00000000e0000000, 0x0000000100000000)
  region size 1024K, 5 young (5120K), 5 survivors (5120K)
 Metaspace       used 35708K, committed 36096K, reserved 1081344K
  class space    used 4629K, committed 4800K, reserved 1048576K
}
Event: 2.053 GC heap before
{Heap before GC invocations=14 (full 0):
 garbage-first heap   total 155648K, used 76409K [0x00000000e0000000, 0x0000000100000000)
  region size 1024K, 13 young (13312K), 5 survivors (5120K)
 Metaspace       used 35725K, committed 36160K, reserved 1081344K
  class space    used 4632K, committed 4800K, reserved 1048576K
}

Dll operation events (8 events):
Event: 0.004 Loaded shared library c:\Users\kirus\.vscode\extensions\redhat.java-1.15.0-win32-x64\jre\17.0.6-win32-x86_64\bin\java.dll
Event: 0.126 Loaded shared library C:\Users\kirus\.vscode\extensions\redhat.java-1.15.0-win32-x64\jre\17.0.6-win32-x86_64\bin\net.dll
Event: 0.127 Loaded shared library C:\Users\kirus\.vscode\extensions\redhat.java-1.15.0-win32-x64\jre\17.0.6-win32-x86_64\bin\nio.dll
Event: 0.133 Loaded shared library C:\Users\kirus\.vscode\extensions\redhat.java-1.15.0-win32-x64\jre\17.0.6-win32-x86_64\bin\zip.dll
Event: 0.223 Loaded shared library C:\Users\kirus\.vscode\extensions\redhat.java-1.15.0-win32-x64\jre\17.0.6-win32-x86_64\bin\jimage.dll
Event: 0.289 Loaded shared library c:\Users\kirus\.vscode\extensions\redhat.java-1.15.0-win32-x64\jre\17.0.6-win32-x86_64\bin\verify.dll
Event: 1.543 Loaded shared library C:\Users\kirus\.vscode\extensions\redhat.java-1.15.0-win32-x64\jre\17.0.6-win32-x86_64\bin\management.dll
Event: 1.544 Loaded shared library C:\Users\kirus\.vscode\extensions\redhat.java-1.15.0-win32-x64\jre\17.0.6-win32-x86_64\bin\management_ext.dll

Deoptimization events (10 events):
Event: 0.892 Thread 0x000001cbd1c73b90 DEOPT PACKING pc=0x000001cbd4e86719 sp=0x000000b7c77fd100
Event: 0.892 Thread 0x000001cbd1c73b90 DEOPT UNPACKING pc=0x000001cbd4957143 sp=0x000000b7c77fc5e0 mode 3
Event: 1.664 Thread 0x000001cbddd53120 DEOPT PACKING pc=0x000001cbd5093435 sp=0x000000b7c9cfcfb0
Event: 1.664 Thread 0x000001cbddd53120 DEOPT UNPACKING pc=0x000001cbd4957143 sp=0x000000b7c9cfc4d8 mode 3
Event: 1.679 Thread 0x000001cbddd3b5d0 DEOPT PACKING pc=0x000001cbd4e85581 sp=0x000000b7c9bfda30
Event: 1.679 Thread 0x000001cbddd3b5d0 DEOPT UNPACKING pc=0x000001cbd4957143 sp=0x000000b7c9bfcec0 mode 3
Event: 1.680 Thread 0x000001cbddd53120 DEOPT PACKING pc=0x000001cbd4e84117 sp=0x000000b7c9cfec50
Event: 1.680 Thread 0x000001cbddd53120 DEOPT UNPACKING pc=0x000001cbd4957143 sp=0x000000b7c9cfe0a8 mode 3
Event: 1.717 Thread 0x000001cbddda65d0 DEOPT PACKING pc=0x000001cbd50afc2b sp=0x000000b7c9efe220
Event: 1.717 Thread 0x000001cbddda65d0 DEOPT UNPACKING pc=0x000001cbd4957143 sp=0x000000b7c9efd768 mode 3

Classes unloaded (0 events):
No events

Classes redefined (0 events):
No events

Internal exceptions (20 events):
Event: 1.733 Thread 0x000001cbddca2c20 Exception <a 'sun/nio/fs/WindowsException'{0x00000000e91c5438}> (0x00000000e91c5438) 
thrown [s\src\hotspot\share\prims\jni.cpp, line 516]
Event: 1.733 Thread 0x000001cbddca2c20 Exception <a 'sun/nio/fs/WindowsException'{0x00000000e91c5808}> (0x00000000e91c5808) 
thrown [s\src\hotspot\share\prims\jni.cpp, line 516]
Event: 1.733 Thread 0x000001cbddca2c20 Exception <a 'sun/nio/fs/WindowsException'{0x00000000e91c6240}> (0x00000000e91c6240) 
thrown [s\src\hotspot\share\prims\jni.cpp, line 516]
Event: 1.733 Thread 0x000001cbddca2c20 Exception <a 'sun/nio/fs/WindowsException'{0x00000000e91c6648}> (0x00000000e91c6648) 
thrown [s\src\hotspot\share\prims\jni.cpp, line 516]
Event: 1.733 Thread 0x000001cbddca2c20 Exception <a 'sun/nio/fs/WindowsException'{0x00000000e91c7058}> (0x00000000e91c7058) 
thrown [s\src\hotspot\share\prims\jni.cpp, line 516]
Event: 1.733 Thread 0x000001cbddca2c20 Exception <a 'sun/nio/fs/WindowsException'{0x00000000e91c7430}> (0x00000000e91c7430) 
thrown [s\src\hotspot\share\prims\jni.cpp, line 516]
Event: 1.733 Thread 0x000001cbddca2c20 Exception <a 'sun/nio/fs/WindowsException'{0x00000000e91c7e18}> (0x00000000e91c7e18) 
thrown [s\src\hotspot\share\prims\jni.cpp, line 516]
Event: 1.733 Thread 0x000001cbddca2c20 Exception <a 'sun/nio/fs/WindowsException'{0x00000000e91c81b8}> (0x00000000e91c81b8) 
thrown [s\src\hotspot\share\prims\jni.cpp, line 516]
Event: 1.733 Thread 0x000001cbddca2c20 Exception <a 'sun/nio/fs/WindowsException'{0x00000000e91c8bb0}> (0x00000000e91c8bb0) 
thrown [s\src\hotspot\share\prims\jni.cpp, line 516]
Event: 1.733 Thread 0x000001cbddca2c20 Exception <a 'sun/nio/fs/WindowsException'{0x00000000e91c8f68}> (0x00000000e91c8f68) 
thrown [s\src\hotspot\share\prims\jni.cpp, line 516]
Event: 1.734 Thread 0x000001cbddca2c20 Exception <a 'sun/nio/fs/WindowsException'{0x00000000e91c9950}> (0x00000000e91c9950) 
thrown [s\src\hotspot\share\prims\jni.cpp, line 516]
Event: 1.734 Thread 0x000001cbddca2c20 Exception <a 'sun/nio/fs/WindowsException'{0x00000000e91c9cf8}> (0x00000000e91c9cf8) 
thrown [s\src\hotspot\share\prims\jni.cpp, line 516]
Event: 1.734 Thread 0x000001cbddca2c20 Exception <a 'sun/nio/fs/WindowsException'{0x00000000e91ca6f0}> (0x00000000e91ca6f0) 
thrown [s\src\hotspot\share\prims\jni.cpp, line 516]
Event: 1.734 Thread 0x000001cbddca2c20 Exception <a 'sun/nio/fs/WindowsException'{0x00000000e91caaa8}> (0x00000000e91caaa8) 
thrown [s\src\hotspot\share\prims\jni.cpp, line 516]
Event: 1.734 Thread 0x000001cbddca2c20 Exception <a 'sun/nio/fs/WindowsException'{0x00000000e91cb4b8}> (0x00000000e91cb4b8) 
thrown [s\src\hotspot\share\prims\jni.cpp, line 516]
Event: 1.734 Thread 0x000001cbddca2c20 Exception <a 'sun/nio/fs/WindowsException'{0x00000000e91cb890}> (0x00000000e91cb890) 
thrown [s\src\hotspot\share\prims\jni.cpp, line 516]
Event: 1.734 Thread 0x000001cbddca2c20 Exception <a 'sun/nio/fs/WindowsException'{0x00000000e91cc2b8}> (0x00000000e91cc2b8) 
thrown [s\src\hotspot\share\prims\jni.cpp, line 516]
Event: 1.734 Thread 0x000001cbddca2c20 Exception <a 'sun/nio/fs/WindowsException'{0x00000000e91cc6a8}> (0x00000000e91cc6a8) 
thrown [s\src\hotspot\share\prims\jni.cpp, line 516]
Event: 1.734 Thread 0x000001cbddca2c20 Exception <a 'sun/nio/fs/WindowsException'{0x00000000e91cd0c8}> (0x00000000e91cd0c8) 
thrown [s\src\hotspot\share\prims\jni.cpp, line 516]
Event: 1.734 Thread 0x000001cbddca2c20 Exception <a 'sun/nio/fs/WindowsException'{0x00000000e91cd4b0}> (0x00000000e91cd4b0) 
thrown [s\src\hotspot\share\prims\jni.cpp, line 516]

VM Operations (20 events):
Event: 1.853 Executing VM operation: G1CollectForAllocation done
Event: 1.969 Executing VM operation: G1CollectForAllocation
Event: 1.978 Executing VM operation: G1CollectForAllocation done
Event: 2.016 Executing VM operation: G1CollectForAllocation
Event: 2.016 Executing VM operation: G1CollectForAllocation done
Event: 2.017 Executing VM operation: G1CollectForAllocation
Event: 2.032 Executing VM operation: G1CollectForAllocation done
Event: 2.040 Executing VM operation: G1CollectForAllocation
Event: 2.040 Executing VM operation: G1CollectForAllocation done
Event: 2.040 Executing VM operation: G1CollectForAllocation
Event: 2.044 Executing VM operation: G1CollectForAllocation done
Event: 2.047 Executing VM operation: HandshakeAllThreads
Event: 2.048 Executing VM operation: HandshakeAllThreads done
Event: 2.049 Executing VM operation: G1CollectForAllocation
Event: 2.050 Executing VM operation: G1CollectForAllocation done
Event: 2.050 Executing VM operation: G1CollectForAllocation
Event: 2.051 Executing VM operation: G1CollectForAllocation done
Event: 2.053 Executing VM operation: CollectForMetadataAllocation
Event: 2.053 Executing VM operation: CollectForMetadataAllocation done
Event: 2.053 Executing VM operation: G1CollectForAllocation

Events (20 events):
Event: 1.785 loading class java/util/stream/Collectors$1PairBox
Event: 1.785 loading class java/util/stream/Collectors$1PairBox done
Event: 1.785 loading class java/util/concurrent/locks/AbstractQueuedSynchronizer$SharedNode
Event: 1.785 loading class java/util/concurrent/locks/AbstractQueuedSynchronizer$SharedNode done
Event: 1.785 loading class jdk/internal/module/SystemModuleFinders$ModuleContentSpliterator
Event: 1.786 loading class jdk/internal/module/SystemModuleFinders$ModuleContentSpliterator done
Event: 1.786 loading class jdk/internal/jimage/ImageReader$Directory
Event: 1.786 loading class jdk/internal/jimage/ImageReader$Node
Event: 1.786 loading class jdk/internal/jimage/ImageReader$Node done
Event: 1.786 loading class jdk/internal/jimage/ImageReader$Directory done
Event: 1.786 loading class jdk/internal/jimage/ImageReader$SharedImageReader$LocationVisitor
Event: 1.786 loading class jdk/internal/jimage/ImageReader$SharedImageReader$LocationVisitor done
Event: 1.786 loading class java/nio/ByteBufferAsIntBufferL
Event: 1.786 loading class java/nio/ByteBufferAsIntBufferL done
Event: 1.786 loading class jdk/internal/jimage/ImageReader$Resource
Event: 1.787 loading class jdk/internal/jimage/ImageReader$Resource done
Event: 1.787 loading class java/util/stream/LongStream
Event: 1.787 loading class java/util/stream/LongStream done
Event: 1.787 loading class java/util/stream/DoubleStream
Event: 1.787 loading class java/util/stream/DoubleStream done


Dynamic libraries:
0x00007ff772f50000 - 0x00007ff772f5e000 	c:\Users\kirus\.vscode\extensions\redhat.java-1.15.0-win32-x64\jre\17.0.6-win32-x86_64\bin\java.exe
0x00007ff818310000 - 0x00007ff818508000 	C:\Windows\SYSTEM32\ntdll.dll
0x00007ff817590000 - 0x00007ff81764f000 	C:\Windows\System32\KERNEL32.DLL
0x00007ff815a00000 - 0x00007ff815cd2000 	C:\Windows\System32\KERNELBASE.dll
0x00007ff815e40000 - 0x00007ff815f40000 	C:\Windows\System32\ucrtbase.dll
0x00007fffd5530000 - 0x00007fffd5549000 	c:\Users\kirus\.vscode\extensions\redhat.java-1.15.0-win32-x64\jre\17.0.6-win32-x86_64\bin\VCRUNTIME140.dll
0x00007fffd5510000 - 0x00007fffd5527000 	c:\Users\kirus\.vscode\extensions\redhat.java-1.15.0-win32-x64\jre\17.0.6-win32-x86_64\bin\jli.dll
0x00007ff8169d0000 - 0x00007ff816b71000 	C:\Windows\System32\USER32.dll
0x00007ff8160c0000 - 0x00007ff8160e2000 	C:\Windows\System32\win32u.dll
0x00007ff801270000 - 0x00007ff80150a000 	C:\Windows\WinSxS\amd64_microsoft.windows.common-controls_6595b64144ccf1df_6.0.19041.1110_none_60b5254171f9507e\COMCTL32.dll
0x00007ff817730000 - 0x00007ff81775b000 	C:\Windows\System32\GDI32.dll
0x00007ff817900000 - 0x00007ff81799e000 	C:\Windows\System32\msvcrt.dll
0x00007ff8160f0000 - 0x00007ff8161ff000 	C:\Windows\System32\gdi32full.dll
0x00007ff816200000 - 0x00007ff81629d000 	C:\Windows\System32\msvcp_win.dll
0x00007ff817760000 - 0x00007ff817792000 	C:\Windows\System32\IMM32.DLL
0x00007ffff9420000 - 0x00007ffff942c000 	c:\Users\kirus\.vscode\extensions\redhat.java-1.15.0-win32-x64\jre\17.0.6-win32-x86_64\bin\vcruntime140_1.dll
0x00007fffb5670000 - 0x00007fffb5701000 	c:\Users\kirus\.vscode\extensions\redhat.java-1.15.0-win32-x64\jre\17.0.6-win32-x86_64\bin\msvcp140.dll
0x00007fff91be0000 - 0x00007fff92827000 	c:\Users\kirus\.vscode\extensions\redhat.java-1.15.0-win32-x64\jre\17.0.6-win32-x86_64\bin\server\jvm.dll
0x00007ff817330000 - 0x00007ff8173de000 	C:\Windows\System32\ADVAPI32.dll
0x00007ff816c90000 - 0x00007ff816d2c000 	C:\Windows\System32\sechost.dll
0x00007ff816d90000 - 0x00007ff816eb5000 	C:\Windows\System32\RPCRT4.dll
0x00007ff8007b0000 - 0x00007ff8007b9000 	C:\Windows\SYSTEM32\WSOCK32.dll
0x00007ff80ffc0000 - 0x00007ff80ffca000 	C:\Windows\SYSTEM32\VERSION.dll
0x00007ff8071c0000 - 0x00007ff8071e7000 	C:\Windows\SYSTEM32\WINMM.dll
0x00007ff816c00000 - 0x00007ff816c6b000 	C:\Windows\System32\WS2_32.dll
0x00007ff8138a0000 - 0x00007ff8138b2000 	C:\Windows\SYSTEM32\kernel.appcore.dll
0x00007ffff8f90000 - 0x00007ffff8f9a000 	c:\Users\kirus\.vscode\extensions\redhat.java-1.15.0-win32-x64\jre\17.0.6-win32-x86_64\bin\jimage.dll
0x00007ff80f560000 - 0x00007ff80f744000 	C:\Windows\SYSTEM32\DBGHELP.DLL
0x00007ff80f500000 - 0x00007ff80f535000 	C:\Windows\SYSTEM32\dbgcore.DLL
0x00007ff815fc0000 - 0x00007ff816042000 	C:\Windows\System32\bcryptPrimitives.dll
0x00007fffd1ea0000 - 0x00007fffd1ec5000 	c:\Users\kirus\.vscode\extensions\redhat.java-1.15.0-win32-x64\jre\17.0.6-win32-x86_64\bin\java.dll
0x00007fffd1e00000 - 0x00007fffd1e18000 	c:\Users\kirus\.vscode\extensions\redhat.java-1.15.0-win32-x64\jre\17.0.6-win32-x86_64\bin\zip.dll
0x00007ff817a50000 - 0x00007ff818195000 	C:\Windows\System32\SHELL32.dll
0x00007ff813aa0000 - 0x00007ff814232000 	C:\Windows\SYSTEM32\windows.storage.dll
0x00007ff816ec0000 - 0x00007ff817215000 	C:\Windows\System32\combase.dll
0x00007ff8152a0000 - 0x00007ff8152d0000 	C:\Windows\SYSTEM32\Wldp.dll
0x00007ff8179a0000 - 0x00007ff817a4d000 	C:\Windows\System32\SHCORE.dll
0x00007ff8172d0000 - 0x00007ff817325000 	C:\Windows\System32\shlwapi.dll
0x00007ff815940000 - 0x00007ff81595f000 	C:\Windows\SYSTEM32\profapi.dll
0x00007fffd1de0000 - 0x00007fffd1df9000 	C:\Users\kirus\.vscode\extensions\redhat.java-1.15.0-win32-x64\jre\17.0.6-win32-x86_64\bin\net.dll
0x00007ff8116b0000 - 0x00007ff8117bc000 	C:\Windows\SYSTEM32\WINHTTP.dll
0x00007ff815080000 - 0x00007ff8150ea000 	C:\Windows\system32\mswsock.dll
0x00007fffc6590000 - 0x00007fffc65a5000 	C:\Users\kirus\.vscode\extensions\redhat.java-1.15.0-win32-x64\jre\17.0.6-win32-x86_64\bin\nio.dll
0x00007fffeb1c0000 - 0x00007fffeb1d0000 	c:\Users\kirus\.vscode\extensions\redhat.java-1.15.0-win32-x64\jre\17.0.6-win32-x86_64\bin\verify.dll
0x00007ff815650000 - 0x00007ff815668000 	C:\Windows\SYSTEM32\CRYPTSP.dll
0x00007ff8149c0000 - 0x00007ff8149f4000 	C:\Windows\system32\rsaenh.dll
0x00007ff815f90000 - 0x00007ff815fb7000 	C:\Windows\System32\bcrypt.dll
0x00007ff8158c0000 - 0x00007ff8158ee000 	C:\Windows\SYSTEM32\USERENV.dll
0x00007ff815210000 - 0x00007ff81521c000 	C:\Windows\SYSTEM32\CRYPTBASE.dll
0x00007ff814d90000 - 0x00007ff814dcb000 	C:\Windows\SYSTEM32\IPHLPAPI.DLL
0x00007ff816c80000 - 0x00007ff816c88000 	C:\Windows\System32\NSI.dll
0x00007ff811f20000 - 0x00007ff811f37000 	C:\Windows\SYSTEM32\dhcpcsvc6.DLL
0x00007ff811db0000 - 0x00007ff811dcd000 	C:\Windows\SYSTEM32\dhcpcsvc.DLL
0x00007ff814dd0000 - 0x00007ff814e9b000 	C:\Windows\SYSTEM32\DNSAPI.dll
0x00007ff810bb0000 - 0x00007ff810bb9000 	C:\Users\kirus\.vscode\extensions\redhat.java-1.15.0-win32-x64\jre\17.0.6-win32-x86_64\bin\management.dll
0x00007ff810ba0000 - 0x00007ff810bab000 	C:\Users\kirus\.vscode\extensions\redhat.java-1.15.0-win32-x64\jre\17.0.6-win32-x86_64\bin\management_ext.dll
0x00007ff8169c0000 - 0x00007ff8169c8000 	C:\Windows\System32\PSAPI.DLL

dbghelp: loaded successfully - version: 4.0.5 - missing functions: none
symbol engine: initialized successfully - sym options: 0x614 - pdb path: .;c:\Users\kirus\.vscode\extensions\redhat.java-1.15.0-win32-x64\jre\17.0.6-win32-x86_64\bin;C:\Windows\SYSTEM32;C:\Windows\WinSxS\amd64_microsoft.windows.common-controls_6595b64144ccf1df_6.0.19041.1110_none_60b5254171f9507e;c:\Users\kirus\.vscode\extensions\redhat.java-1.15.0-win32-x64\jre\17.0.6-win32-x86_64\bin\server

VM Arguments:
jvm_args: -XX:+HeapDumpOnOutOfMemoryError -Xmx1024m -Dsts.lsp.client=vscode -Dsts.log.file=/dev/null -XX:TieredStopAtLevel=1 -Xlog:jni+resolve=off -Dspring.config.location=file:c:\Users\kirus\.vscode\extensions\vmware.vscode-spring-boot-1.44.0\language-server\BOOT-INF\classes\application.properties -Xmx512M 
java_command: org.springframework.ide.vscode.boot.app.BootLanguageServerBootApp
java_class_path (initial): c:\Users\kirus\.vscode\extensions\vmware.vscode-spring-boot-1.44.0\language-server\BOOT-INF\classes;c:\Users\kirus\.vscode\extensions\vmware.vscode-spring-boot-1.44.0\language-server\BOOT-INF\lib\annotations-24.0.0.jar;c:\Users\kirus\.vscode\extensions\vmware.vscode-spring-boot-1.44.0\language-server\BOOT-INF\lib\ant-1.10.13.jar;c:\Users\kirus\.vscode\extensions\vmware.vscode-spring-boot-1.44.0\language-server\BOOT-INF\lib\ant-launcher-1.10.13.jar;c:\Users\kirus\.vscode\extensions\vmware.vscode-spring-boot-1.44.0\language-server\BOOT-INF\lib\antlr-runtime-3.5.2.jar;c:\Users\kirus\.vscode\extensions\vmware.vscode-spring-boot-1.44.0\language-server\BOOT-INF\lib\antlr4-4.9.3.jar;c:\Users\kirus\.vscode\extensions\vmware.vscode-spring-boot-1.44.0\language-server\BOOT-INF\lib\antlr4-runtime-4.9.3.jar;c:\Users\kirus\.vscode\extensions\vmware.vscode-spring-boot-1.44.0\language-server\BOOT-INF\lib\apiguardian-api-1.1.2.jar;c:\Users\kirus\.vscode\extensions\vmware.vscode-spring-boot-1.44.0\language-server\BOOT-INF\lib\asm-9.4.jar;c:\Users\kirus\.vscode\extensions\vmware.vscode-spring-boot-1.44.0\language-server\BOOT-INF\lib\asm-analysis-9.4.jar;c:\Users\kirus\.vscode\extensions\vmware.vscode-spring-boot-1.44.0\language-server\BOOT-INF\lib\asm-tree-9.4.jar;c:\Users\kirus\.vscode\extensions\vmware.vscode-spring-boot-1.44.0\language-server\BOOT-INF\lib\asm-util-9.4.jar;c:\Users\kirus\.vscode\extensions\vmware.vscode-spring-boot-1.44.0\language-server\BOOT-INF\lib\caffeine-3.1.2.jar;c:\Users\kirus\.vscode\extensions\vmware.vscode-spring-boot-1.44.0\language-server\BOOT-INF\lib\checker-qual-3.12.0.jar;c:\Users\kirus\.vscode\extensions\vmware.vscode-spring-boot-1.44.0\language-server\BOOT-INF\lib\ci-environment-9.1.0.jar;c:\Users\kirus\.vscode\extensions\vmware.vscode-spring-boot-1.44.0\language-server\BOOT-INF\lib\classgraph-4.8.149.jar;c:\Users\kirus\.vscode\extensions\vmware.vscode-spring-boot-1.44.0\language-server\BOOT-INF\lib\commons-codec-1.15.ja
Launcher Type: SUN_STANDARD

[Global flags]
     intx CICompilerCount                          = 4                                         {product} {ergonomic}
     uint ConcGCThreads                            = 3                                         {product} {ergonomic}
     uint G1ConcRefinementThreads                  = 10                                        {product} {ergonomic}
   size_t G1HeapRegionSize                         = 1048576                                   {product} {ergonomic}
    uintx GCDrainStackTargetSize                   = 64                                        {product} {ergonomic}
     bool HeapDumpOnOutOfMemoryError               = true                                   {manageable} {command line}
   size_t InitialHeapSize                          = 268435456                                 {product} {ergonomic}
   size_t MarkStackSize                            = 4194304                                   {product} {ergonomic}
   size_t MaxHeapSize                              = 536870912                                 {product} {command line}
   size_t MaxNewSize                               = 321912832                                 {product} {ergonomic}
   size_t MinHeapDeltaBytes                        = 1048576                                   {product} {ergonomic}
   size_t MinHeapSize                              = 8388608                                   {product} {ergonomic}
    uintx NonProfiledCodeHeapSize                  = 0                                      {pd product} {ergonomic}
     bool ProfileInterpreter                       = false                                  {pd product} {command line}
    uintx ProfiledCodeHeapSize                     = 0                                      {pd product} {ergonomic}
   size_t SoftMaxHeapSize                          = 536870912                              {manageable} {ergonomic}
     intx TieredStopAtLevel                        = 1                                         {product} {command line}
     bool UseCompressedClassPointers               = true                           {product lp64_product} {ergonomic}
     bool UseCompressedOops                        = true                           {product lp64_product} {ergonomic}
     bool UseG1GC                                  = true                                      {product} {ergonomic}
     bool UseLargePagesIndividualAllocation        = false                                  {pd product} {ergonomic}

Logging:
Log output configuration:
 #0: stdout all=warning,jni+resolve=off uptime,level,tags
 #1: stderr all=off uptime,level,tags

Environment Variables:
JAVA_HOME=C:\Program Files\Eclipse Adoptium\jdk-17.0.6.10-hotspot\
_JAVA_OPTIONS=-Xmx512M
PATH=C:\Program Files\Eclipse Adoptium\jdk-17.0.6.10-hotspot\bin;C:\Program Files (x86)\Common Files\Oracle\Java\javapath;c:\program files (x86)\common files\intel\shared libraries\redist\intel64\compiler;c:\programdata\oracle\java\javapath;c:\windows\system32;c:\windows;c:\windows\system32\wbem;c:\windows\system32\windowspowershell\v1.0\;c:\windows\system32\openssh\;c:\program files (x86)\ati technologies\ati.ace\core-static;c:\program files (x86)\amd\ati.ace\core-static;c:\program files\nvidia corporation\nvidia nvdlisr;C:\Program Files (x86)\NVIDIA Corporation\PhysX\Common;C:\Program Files\Microsoft SQL Server\150\Tools\Binn\;C:\Program Files\Microsoft SQL Server\Client SDK\ODBC\170\Tools\Binn\;C:\Program Files\Azure Data Studio\bin;C:\Program Files (x86)\Microsoft SQL Server\150\DTS\Binn\;C:\Program Files\Git\cmd;C:\Program Files\dotnet\;C:\Program Files\Docker\Docker\resources\bin;C:\Users\kirus\AppData\Local\Microsoft\WindowsApps;C:\Program Files\Azure Data Studio\bin;C:\Users\kirus\AppData\Local\Programs\Microsoft VS Code\bin;C:\Users\kirus\.dotnet\tools
USERNAME=kirus
OS=Windows_NT
PROCESSOR_IDENTIFIER=Intel64 Family 6 Model 165 Stepping 5, GenuineIntel
TMP=C:\Users\kirus\AppData\Local\Temp
TEMP=C:\Users\kirus\AppData\Local\Temp



---------------  S Y S T E M  ---------------

OS:
 Windows 10 , 64 bit Build 19041 (10.0.19041.2546)
OS uptime: 1 days 1:13 hours
Hyper-V role detected

CPU: total 12 (initial active 12) (6 cores per cpu, 2 threads per core) family 6 model 165 stepping 5 microcode 0xca, cx8, cmov, fxsr, ht, mmx, 3dnowpref, sse, sse2, sse3, ssse3, sse4.1, sse4.2, popcnt, lzcnt, tsc, tscinvbit, avx, avx2, aes, erms, clmul, bmi1, bmi2, adx, fma, vzeroupper, clflush, clflushopt, hv

Memory: 4k page, system-wide physical 16292M (2147M free)
TotalPageFile size 18340M (AvailPageFile size 5M)
current process WorkingSet (physical memory assigned to process): 249M, peak: 249M
current process commit charge ("private bytes"): 384M, peak: 385M

vm_info: OpenJDK 64-Bit Server VM (17.0.6+10) for windows-amd64 JRE (17.0.6+10), built on Jan 18 2023 10:08:59 by "temurin" with MS VC++ 16.7 (VS2019)

END.
