#
# There is insufficient memory for the Java Runtime Environment to continue.
# Native memory allocation (mmap) failed to map 51380224 bytes for G1 virtual space
# Possible reasons:
#   The system is out of physical RAM or swap space
#   The process is running with CompressedOops enabled, and the Java Heap may be blocking the growth of the native heap
# Possible solutions:
#   Reduce memory load on the system
#   Increase physical memory or swap space
#   Check if swap backing store is full
#   Decrease Java heap size (-Xmx/-Xms)
#   Decrease number of Java threads
#   Decrease Java thread stack sizes (-Xss)
#   Set larger code cache with -XX:ReservedCodeCacheSize=
#   JVM is running with Unscaled Compressed Oops mode in which the Java heap is
#     placed in the first 4GB address space. The Java Heap base address is the
#     maximum limit for the native heap growth. Please use -XX:HeapBaseMinAddress
#     to set the Java Heap base and to place the Java Heap above 4GB virtual address.
# This output file may be truncated or incomplete.
#
#  Out of Memory Error (os_windows.cpp:3557), pid=18140, tid=19968
#
# JRE version: OpenJDK Runtime Environment Temurin-17.0.6+10 (17.0.6+10) (build 17.0.6+10)
# Java VM: OpenJDK 64-Bit Server VM Temurin-17.0.6+10 (17.0.6+10, mixed mode, emulated-client, tiered, compressed oops, compressed class ptrs, g1 gc, windows-amd64)
# No core dump will be written. Minidumps are not enabled by default on client versions of Windows
#

---------------  S U M M A R Y ------------

Command Line: -XX:+HeapDumpOnOutOfMemoryError -Xmx1024m -Dsts.lsp.client=vscode -Dsts.log.file=/dev/null -XX:TieredStopAtLevel=1 -Xlog:jni+resolve=off -Dspring.config.location=file:c:\Users\kirus\.vscode\extensions\vmware.vscode-spring-boot-1.44.0\language-server\BOOT-INF\classes\application.properties -Xmx512M org.springframework.ide.vscode.boot.app.BootLanguageServerBootApp

Host: Intel(R) Core(TM) i5-10600KF CPU @ 4.10GHz, 12 cores, 15G,  Windows 10 , 64 bit Build 19041 (10.0.19041.2546)
Time: Sat Feb 25 22:27:15 2023 RTZ 2 (s 10 , 64 bit Build 19041 (10.0.19041.2546) elapsed time: 2.555301 seconds (0d 0h 0m 2s)

---------------  T H R E A D  ---------------

Current thread (0x00000240aeeb1690):  VMThread "VM Thread" [stack: 0x0000008b95300000,0x0000008b95400000] [id=19968]

Stack: [0x0000008b95300000,0x0000008b95400000]
Native frames: (J=compiled Java code, j=interpreted, Vv=VM code, C=native code)
V  [jvm.dll+0x67741a]
V  [jvm.dll+0x834434]
V  [jvm.dll+0x835bde]
V  [jvm.dll+0x836243]
V  [jvm.dll+0x2457b5]
V  [jvm.dll+0x674329]
V  [jvm.dll+0x6689da]
V  [jvm.dll+0x30489b]
V  [jvm.dll+0x30bd96]
V  [jvm.dll+0x35b57e]
V  [jvm.dll+0x35b7af]
V  [jvm.dll+0x2db778]
V  [jvm.dll+0x2d9a2c]
V  [jvm.dll+0x2d8ffc]
V  [jvm.dll+0x31cdcb]
V  [jvm.dll+0x83a6eb]
V  [jvm.dll+0x83b424]
V  [jvm.dll+0x83b93c]
V  [jvm.dll+0x83bd14]
V  [jvm.dll+0x83bde0]
V  [jvm.dll+0x7e483a]
V  [jvm.dll+0x6762c5]
C  [ucrtbase.dll+0x21bb2]
C  [KERNEL32.DLL+0x17614]
C  [ntdll.dll+0x526a1]

VM_Operation (0x0000008b97dfe210): G1CollectForAllocation, mode: safepoint, requested by thread 0x00000240b1193020


---------------  P R O C E S S  ---------------

Threads class SMR info:
_java_thread_list=0x00000240b0bfd6a0, length=42, elements={
0x00000240aeec7750, 0x00000240aeec8ea0, 0x00000240af820050, 0x00000240af8237f0,
0x00000240af825950, 0x00000240af840000, 0x00000240af844f10, 0x00000240af845fb0,
0x00000240afa33fe0, 0x00000240afa50940, 0x00000240afa570c0, 0x00000240b09a4030,
0x00000240b09cb6e0, 0x00000240b0fc4410, 0x00000240b0fc6100, 0x00000240b0fc6e90,
0x00000240b0fde020, 0x00000240a4f485a0, 0x00000240b0c04590, 0x00000240b10661b0,
0x00000240b1079ed0, 0x00000240b1091840, 0x00000240b106cea0, 0x00000240b10d78f0,
0x00000240b10d6a80, 0x00000240b10d6f50, 0x00000240b10d7420, 0x00000240b10d7dc0,
0x00000240b10d65b0, 0x00000240b1197380, 0x00000240b1193020, 0x00000240b1196040,
0x00000240b11986c0, 0x00000240b1194830, 0x00000240b1192680, 0x00000240b1191810,
0x00000240b1197850, 0x00000240b1191ce0, 0x00000240b11981f0, 0x00000240b1193e90,
0x00000240b1191340, 0x00000240b1197d20
}

Java Threads: ( => current thread )
  0x00000240aeec7750 JavaThread "Reference Handler" daemon [_thread_blocked, id=10476, stack(0x0000008b95400000,0x0000008b95500000)]
  0x00000240aeec8ea0 JavaThread "Finalizer" daemon [_thread_blocked, id=11356, stack(0x0000008b95500000,0x0000008b95600000)]
  0x00000240af820050 JavaThread "Signal Dispatcher" daemon [_thread_blocked, id=12448, stack(0x0000008b95600000,0x0000008b95700000)]
  0x00000240af8237f0 JavaThread "Attach Listener" daemon [_thread_blocked, id=14764, stack(0x0000008b95700000,0x0000008b95800000)]
  0x00000240af825950 JavaThread "Service Thread" daemon [_thread_blocked, id=11956, stack(0x0000008b95800000,0x0000008b95900000)]
  0x00000240af840000 JavaThread "Monitor Deflation Thread" daemon [_thread_blocked, id=17020, stack(0x0000008b95900000,0x0000008b95a00000)]
  0x00000240af844f10 JavaThread "C1 CompilerThread0" daemon [_thread_blocked, id=13996, stack(0x0000008b95a00000,0x0000008b95b00000)]
  0x00000240af845fb0 JavaThread "Sweeper thread" daemon [_thread_blocked, id=18360, stack(0x0000008b95b00000,0x0000008b95c00000)]
  0x00000240afa33fe0 JavaThread "C1 CompilerThread1" daemon [_thread_blocked, id=20632, stack(0x0000008b95c00000,0x0000008b95d00000)]
  0x00000240afa50940 JavaThread "Notification Thread" daemon [_thread_blocked, id=12100, stack(0x0000008b95d00000,0x0000008b95e00000)]
  0x00000240afa570c0 JavaThread "Common-Cleaner" daemon [_thread_blocked, id=11720, stack(0x0000008b95f00000,0x0000008b96000000)]
  0x00000240b09a4030 JavaThread "C1 CompilerThread2" daemon [_thread_blocked, id=21092, stack(0x0000008b96900000,0x0000008b96a00000)]
  0x00000240b09cb6e0 JavaThread "C1 CompilerThread3" daemon [_thread_blocked, id=22048, stack(0x0000008b96a00000,0x0000008b96b00000)]
  0x00000240b0fc4410 JavaThread "boundedElastic-evictor-1" daemon [_thread_blocked, id=14024, stack(0x0000008b96800000,0x0000008b96900000)]
  0x00000240b0fc6100 JavaThread "boundedElastic-evictor-2" daemon [_thread_blocked, id=19984, stack(0x0000008b96e00000,0x0000008b96f00000)]
  0x00000240b0fc6e90 JavaThread "pool-10-thread-1" [_thread_blocked, id=12924, stack(0x0000008b96f00000,0x0000008b97000000)]
  0x00000240b0fde020 JavaThread "LanguageServerApp-lifecycle" [_thread_blocked, id=6752, stack(0x0000008b97000000,0x0000008b97100000)]
  0x00000240a4f485a0 JavaThread "DestroyJavaVM" [_thread_blocked, id=8452, stack(0x0000008b94d00000,0x0000008b94e00000)]
  0x00000240b0c04590 JavaThread "pool-11-thread-1" [_thread_in_native, id=13484, stack(0x0000008b97100000,0x0000008b97200000)]
  0x00000240b10661b0 JavaThread "Simple-Language-Server main thread" daemon [_thread_blocked, id=15300, stack(0x0000008b97200000,0x0000008b97300000)]
  0x00000240b1079ed0 JavaThread "pool-6-thread-1" [_thread_blocked, id=9064, stack(0x0000008b97300000,0x0000008b97400000)]
  0x00000240b1091840 JavaThread "ForkJoinPool.commonPool-worker-1" daemon [_thread_blocked, id=10948, stack(0x0000008b97400000,0x0000008b97500000)]
  0x00000240b106cea0 JavaThread "pool-3-thread-1" [_thread_blocked, id=7156, stack(0x0000008b97500000,0x0000008b97600000)]
  0x00000240b10d78f0 JavaThread "ClassGraph-worker-0" daemon [_thread_blocked, id=17276, stack(0x0000008b97600000,0x0000008b97700000)]
  0x00000240b10d6a80 JavaThread "ClassGraph-worker-1" daemon [_thread_blocked, id=22568, stack(0x0000008b97700000,0x0000008b97800000)]
  0x00000240b10d6f50 JavaThread "ClassGraph-worker-2" daemon [_thread_blocked, id=23412, stack(0x0000008b97800000,0x0000008b97900000)]
  0x00000240b10d7420 JavaThread "ClassGraph-worker-3" daemon [_thread_blocked, id=14772, stack(0x0000008b97900000,0x0000008b97a00000)]
  0x00000240b10d7dc0 JavaThread "ClassGraph-worker-4" daemon [_thread_blocked, id=17608, stack(0x0000008b97a00000,0x0000008b97b00000)]
  0x00000240b10d65b0 JavaThread "ClassGraph-worker-5" daemon [_thread_blocked, id=14456, stack(0x0000008b97b00000,0x0000008b97c00000)]
  0x00000240b1197380 JavaThread "ClassGraph-worker-6" daemon [_thread_blocked, id=7768, stack(0x0000008b97c00000,0x0000008b97d00000)]
  0x00000240b1193020 JavaThread "ClassGraph-worker-7" daemon [_thread_blocked, id=16696, stack(0x0000008b97d00000,0x0000008b97e00000)]
  0x00000240b1196040 JavaThread "ClassGraph-worker-8" daemon [_thread_blocked, id=15920, stack(0x0000008b97e00000,0x0000008b97f00000)]
  0x00000240b11986c0 JavaThread "ClassGraph-worker-9" daemon [_thread_blocked, id=13964, stack(0x0000008b97f00000,0x0000008b98000000)]
  0x00000240b1194830 JavaThread "ClassGraph-worker-10" daemon [_thread_blocked, id=3008, stack(0x0000008b98000000,0x0000008b98100000)]
  0x00000240b1192680 JavaThread "ClassGraph-worker-11" daemon [_thread_blocked, id=8908, stack(0x0000008b98100000,0x0000008b98200000)]
  0x00000240b1191810 JavaThread "ClassGraph-worker-12" daemon [_thread_blocked, id=18412, stack(0x0000008b98200000,0x0000008b98300000)]
  0x00000240b1197850 JavaThread "ClassGraph-worker-13" daemon [_thread_blocked, id=21784, stack(0x0000008b98300000,0x0000008b98400000)]
  0x00000240b1191ce0 JavaThread "ClassGraph-worker-14" daemon [_thread_blocked, id=3996, stack(0x0000008b98400000,0x0000008b98500000)]
  0x00000240b11981f0 JavaThread "ClassGraph-worker-15" daemon [_thread_blocked, id=15492, stack(0x0000008b98500000,0x0000008b98600000)]
  0x00000240b1193e90 JavaThread "ClassGraph-worker-16" daemon [_thread_blocked, id=14368, stack(0x0000008b98600000,0x0000008b98700000)]
  0x00000240b1191340 JavaThread "ClassGraph-worker-17" daemon [_thread_blocked, id=19440, stack(0x0000008b98700000,0x0000008b98800000)]
  0x00000240b1197d20 JavaThread "ClassGraph-worker-18" daemon [_thread_blocked, id=22280, stack(0x0000008b98800000,0x0000008b98900000)]

Other Threads:
=>0x00000240aeeb1690 VMThread "VM Thread" [stack: 0x0000008b95300000,0x0000008b95400000] [id=19968]
  0x00000240afa50e10 WatcherThread [stack: 0x0000008b95e00000,0x0000008b95f00000] [id=21412]
  0x00000240a4f77df0 GCTaskThread "GC Thread#0" [stack: 0x0000008b94e00000,0x0000008b94f00000] [id=19404]
  0x00000240b0559330 GCTaskThread "GC Thread#1" [stack: 0x0000008b96000000,0x0000008b96100000] [id=3972]
  0x00000240b05595e0 GCTaskThread "GC Thread#2" [stack: 0x0000008b96100000,0x0000008b96200000] [id=20156]
  0x00000240b0559890 GCTaskThread "GC Thread#3" [stack: 0x0000008b96200000,0x0000008b96300000] [id=21196]
  0x00000240b0559b40 GCTaskThread "GC Thread#4" [stack: 0x0000008b96300000,0x0000008b96400000] [id=15756]
  0x00000240b05662a0 GCTaskThread "GC Thread#5" [stack: 0x0000008b96400000,0x0000008b96500000] [id=3216]
  0x00000240b0898d40 GCTaskThread "GC Thread#6" [stack: 0x0000008b96500000,0x0000008b96600000] [id=15540]
  0x00000240b089a400 GCTaskThread "GC Thread#7" [stack: 0x0000008b96600000,0x0000008b96700000] [id=12308]
  0x00000240b089a6b0 GCTaskThread "GC Thread#8" [stack: 0x0000008b96700000,0x0000008b96800000] [id=12672]
  0x00000240b0a8e560 GCTaskThread "GC Thread#9" [stack: 0x0000008b96b00000,0x0000008b96c00000] [id=10984]
  0x00000240a4f7dd40 ConcurrentGCThread "G1 Main Marker" [stack: 0x0000008b94f00000,0x0000008b95000000] [id=2336]
  0x00000240a4f7eef0 ConcurrentGCThread "G1 Conc#0" [stack: 0x0000008b95000000,0x0000008b95100000] [id=13888]
  0x00000240b0a8ec20 ConcurrentGCThread "G1 Conc#1" [stack: 0x0000008b96c00000,0x0000008b96d00000] [id=6292]
  0x00000240b0a8f700 ConcurrentGCThread "G1 Conc#2" [stack: 0x0000008b96d00000,0x0000008b96e00000] [id=1524]
  0x00000240a500dc90 ConcurrentGCThread "G1 Refine#0" [stack: 0x0000008b95100000,0x0000008b95200000] [id=12876]
  0x00000240b128e3c0 ConcurrentGCThread "G1 Refine#1" [stack: 0x0000008b98900000,0x0000008b98a00000] [id=17196]
  0x00000240b1258330 ConcurrentGCThread "G1 Refine#2" [stack: 0x0000008b98a00000,0x0000008b98b00000] [id=21044]
  0x00000240b1258610 ConcurrentGCThread "G1 Refine#3" [stack: 0x0000008b98b00000,0x0000008b98c00000] [id=13780]
  0x00000240b1342770 ConcurrentGCThread "G1 Refine#4" [stack: 0x0000008b98c00000,0x0000008b98d00000] [id=18184]
  0x00000240a500e6b0 ConcurrentGCThread "G1 Service" [stack: 0x0000008b95200000,0x0000008b95300000] [id=14616]

Threads with active compile tasks:

VM state: at safepoint (normal execution)

VM Mutex/Monitor currently owned by a thread:  ([mutex/lock_event])
[0x00000240a2e3a520] Threads_lock - owner thread: 0x00000240aeeb1690
[0x00000240a4f455e0] Heap_lock - owner thread: 0x00000240b1193020

Heap address: 0x00000000e0000000, size: 512 MB, Compressed Oops mode: 32-bit

CDS archive(s) not mapped
Compressed class space mapped at: 0x0000000100000000-0x0000000140000000, reserved size: 1073741824
Narrow klass base: 0x0000000000000000, Narrow klass shift: 3, Narrow klass range: 0x140000000

GC Precious Log:
 CPUs: 12 total, 12 available
 Memory: 16292M
 Large Page Support: Disabled
 NUMA Support: Disabled
 Compressed Oops: Enabled (32-bit)
 Heap Region Size: 1M
 Heap Min Capacity: 8M
 Heap Initial Capacity: 256M
 Heap Max Capacity: 512M
 Pre-touch: Disabled
 Parallel Workers: 10
 Concurrent Workers: 3
 Concurrent Refinement Workers: 10
 Periodic GC: Disabled

Heap:
 garbage-first heap   total 274432K, used 94739K [0x00000000e0000000, 0x0000000100000000)
  region size 1024K, 12 young (12288K), 12 survivors (12288K)
 Metaspace       used 35714K, committed 36160K, reserved 1081344K
  class space    used 4635K, committed 4864K, reserved 1048576K

Heap Regions: E=young(eden), S=young(survivor), O=old, HS=humongous(starts), HC=humongous(continues), CS=collection set, F=free, OA=open archive, CA=closed archive, TAMS=top-at-mark-start (previous, next)
|   0|0x00000000e0000000, 0x00000000e0100000, 0x00000000e0100000|100%| O|  |TAMS 0x00000000e0100000, 0x00000000e0000000| Untracked 
|   1|0x00000000e0100000, 0x00000000e0200000, 0x00000000e0200000|100%| O|  |TAMS 0x00000000e0200000, 0x00000000e0100000| Untracked 
|   2|0x00000000e0200000, 0x00000000e0300000, 0x00000000e0300000|100%| O|  |TAMS 0x00000000e0300000, 0x00000000e0200000| Untracked 
|   3|0x00000000e0300000, 0x00000000e0400000, 0x00000000e0400000|100%| O|  |TAMS 0x00000000e0400000, 0x00000000e0300000| Untracked 
|   4|0x00000000e0400000, 0x00000000e0500000, 0x00000000e0500000|100%| O|  |TAMS 0x00000000e0500000, 0x00000000e0400000| Untracked 
|   5|0x00000000e0500000, 0x00000000e0600000, 0x00000000e0600000|100%| O|  |TAMS 0x00000000e0600000, 0x00000000e0500000| Untracked 
|   6|0x00000000e0600000, 0x00000000e0700000, 0x00000000e0700000|100%| O|  |TAMS 0x00000000e0700000, 0x00000000e0600000| Untracked 
|   7|0x00000000e0700000, 0x00000000e0800000, 0x00000000e0800000|100%| O|  |TAMS 0x00000000e0800000, 0x00000000e0700000| Untracked 
|   8|0x00000000e0800000, 0x00000000e0900000, 0x00000000e0900000|100%| O|  |TAMS 0x00000000e0900000, 0x00000000e0800000| Untracked 
|   9|0x00000000e0900000, 0x00000000e0a00000, 0x00000000e0a00000|100%| O|  |TAMS 0x00000000e0a00000, 0x00000000e0900000| Untracked 
|  10|0x00000000e0a00000, 0x00000000e0b00000, 0x00000000e0b00000|100%| O|  |TAMS 0x00000000e0b00000, 0x00000000e0a00000| Untracked 
|  11|0x00000000e0b00000, 0x00000000e0c00000, 0x00000000e0c00000|100%| O|  |TAMS 0x00000000e0c00000, 0x00000000e0b00000| Untracked 
|  12|0x00000000e0c00000, 0x00000000e0d00000, 0x00000000e0d00000|100%| O|  |TAMS 0x00000000e0d00000, 0x00000000e0c00000| Untracked 
|  13|0x00000000e0d00000, 0x00000000e0e00000, 0x00000000e0e00000|100%| O|  |TAMS 0x00000000e0e00000, 0x00000000e0d00000| Untracked 
|  14|0x00000000e0e00000, 0x00000000e0f00000, 0x00000000e0f00000|100%| O|  |TAMS 0x00000000e0f00000, 0x00000000e0e00000| Untracked 
|  15|0x00000000e0f00000, 0x00000000e1000000, 0x00000000e1000000|100%| O|  |TAMS 0x00000000e1000000, 0x00000000e0f00000| Untracked 
|  16|0x00000000e1000000, 0x00000000e1100000, 0x00000000e1100000|100%| O|  |TAMS 0x00000000e1100000, 0x00000000e1000000| Untracked 
|  17|0x00000000e1100000, 0x00000000e1200000, 0x00000000e1200000|100%| O|  |TAMS 0x00000000e1200000, 0x00000000e1100000| Untracked 
|  18|0x00000000e1200000, 0x00000000e1300000, 0x00000000e1300000|100%| O|  |TAMS 0x00000000e1300000, 0x00000000e1200000| Untracked 
|  19|0x00000000e1300000, 0x00000000e1400000, 0x00000000e1400000|100%| O|  |TAMS 0x00000000e1400000, 0x00000000e1300000| Untracked 
|  20|0x00000000e1400000, 0x00000000e1500000, 0x00000000e1500000|100%| O|  |TAMS 0x00000000e1500000, 0x00000000e1400000| Untracked 
|  21|0x00000000e1500000, 0x00000000e1600000, 0x00000000e1600000|100%| O|  |TAMS 0x00000000e1600000, 0x00000000e1500000| Untracked 
|  22|0x00000000e1600000, 0x00000000e1700000, 0x00000000e1700000|100%| O|  |TAMS 0x00000000e1700000, 0x00000000e1600000| Untracked 
|  23|0x00000000e1700000, 0x00000000e1800000, 0x00000000e1800000|100%| O|  |TAMS 0x00000000e1700000, 0x00000000e1700000| Untracked 
|  24|0x00000000e1800000, 0x00000000e1900000, 0x00000000e1900000|100%| O|  |TAMS 0x00000000e1900000, 0x00000000e1800000| Untracked 
|  25|0x00000000e1900000, 0x00000000e1a00000, 0x00000000e1a00000|100%| O|  |TAMS 0x00000000e1a00000, 0x00000000e1900000| Untracked 
|  26|0x00000000e1a00000, 0x00000000e1b00000, 0x00000000e1b00000|100%| O|  |TAMS 0x00000000e1b00000, 0x00000000e1a00000| Untracked 
|  27|0x00000000e1b00000, 0x00000000e1c00000, 0x00000000e1c00000|100%| O|  |TAMS 0x00000000e1c00000, 0x00000000e1b00000| Untracked 
|  28|0x00000000e1c00000, 0x00000000e1d00000, 0x00000000e1d00000|100%| O|  |TAMS 0x00000000e1d00000, 0x00000000e1c00000| Untracked 
|  29|0x00000000e1d00000, 0x00000000e1e00000, 0x00000000e1e00000|100%| O|  |TAMS 0x00000000e1e00000, 0x00000000e1d00000| Untracked 
|  30|0x00000000e1e00000, 0x00000000e1f00000, 0x00000000e1f00000|100%| O|  |TAMS 0x00000000e1f00000, 0x00000000e1e00000| Untracked 
|  31|0x00000000e1f00000, 0x00000000e2000000, 0x00000000e2000000|100%| O|  |TAMS 0x00000000e2000000, 0x00000000e1f00000| Untracked 
|  32|0x00000000e2000000, 0x00000000e2100000, 0x00000000e2100000|100%| O|  |TAMS 0x00000000e2100000, 0x00000000e2000000| Untracked 
|  33|0x00000000e2100000, 0x00000000e2200000, 0x00000000e2200000|100%| O|  |TAMS 0x00000000e2200000, 0x00000000e2100000| Untracked 
|  34|0x00000000e2200000, 0x00000000e2300000, 0x00000000e2300000|100%| O|  |TAMS 0x00000000e2300000, 0x00000000e2200000| Untracked 
|  35|0x00000000e2300000, 0x00000000e2400000, 0x00000000e2400000|100%| O|  |TAMS 0x00000000e2400000, 0x00000000e2300000| Untracked 
|  36|0x00000000e2400000, 0x00000000e2500000, 0x00000000e2500000|100%| O|  |TAMS 0x00000000e2500000, 0x00000000e2400000| Untracked 
|  37|0x00000000e2500000, 0x00000000e2600000, 0x00000000e2600000|100%| O|  |TAMS 0x00000000e2600000, 0x00000000e2500000| Untracked 
|  38|0x00000000e2600000, 0x00000000e2700000, 0x00000000e2700000|100%| O|  |TAMS 0x00000000e2700000, 0x00000000e2600000| Untracked 
|  39|0x00000000e2700000, 0x00000000e2800000, 0x00000000e2800000|100%| O|  |TAMS 0x00000000e2800000, 0x00000000e2700000| Untracked 
|  40|0x00000000e2800000, 0x00000000e2900000, 0x00000000e2900000|100%| O|  |TAMS 0x00000000e2900000, 0x00000000e2800000| Untracked 
|  41|0x00000000e2900000, 0x00000000e2a00000, 0x00000000e2a00000|100%| O|  |TAMS 0x00000000e2a00000, 0x00000000e2900000| Untracked 
|  42|0x00000000e2a00000, 0x00000000e2b00000, 0x00000000e2b00000|100%| O|  |TAMS 0x00000000e2ae9c00, 0x00000000e2a00000| Untracked 
|  43|0x00000000e2b00000, 0x00000000e2c00000, 0x00000000e2c00000|100%|HS|  |TAMS 0x00000000e2c00000, 0x00000000e2b00000| Complete 
|  44|0x00000000e2c00000, 0x00000000e2d00000, 0x00000000e2d00000|100%| O|  |TAMS 0x00000000e2c00000, 0x00000000e2c00000| Untracked 
|  45|0x00000000e2d00000, 0x00000000e2e00000, 0x00000000e2e00000|100%| O|  |TAMS 0x00000000e2d00000, 0x00000000e2d00000| Untracked 
|  46|0x00000000e2e00000, 0x00000000e2f00000, 0x00000000e2f00000|100%| O|  |TAMS 0x00000000e2e00000, 0x00000000e2e00000| Untracked 
|  47|0x00000000e2f00000, 0x00000000e3000000, 0x00000000e3000000|100%| O|  |TAMS 0x00000000e2f00000, 0x00000000e2f00000| Untracked 
|  48|0x00000000e3000000, 0x00000000e3100000, 0x00000000e3100000|100%| O|  |TAMS 0x00000000e3000000, 0x00000000e3000000| Untracked 
|  49|0x00000000e3100000, 0x00000000e3200000, 0x00000000e3200000|100%| O|  |TAMS 0x00000000e3100000, 0x00000000e3100000| Untracked 
|  50|0x00000000e3200000, 0x00000000e3300000, 0x00000000e3300000|100%| O|  |TAMS 0x00000000e3200000, 0x00000000e3200000| Untracked 
|  51|0x00000000e3300000, 0x00000000e3400000, 0x00000000e3400000|100%| O|  |TAMS 0x00000000e3300000, 0x00000000e3300000| Untracked 
|  52|0x00000000e3400000, 0x00000000e3500000, 0x00000000e3500000|100%| O|  |TAMS 0x00000000e3400000, 0x00000000e3400000| Untracked 
|  53|0x00000000e3500000, 0x00000000e3600000, 0x00000000e3600000|100%| O|  |TAMS 0x00000000e3500000, 0x00000000e3500000| Untracked 
|  54|0x00000000e3600000, 0x00000000e3700000, 0x00000000e3700000|100%| O|  |TAMS 0x00000000e3600000, 0x00000000e3600000| Untracked 
|  55|0x00000000e3700000, 0x00000000e3800000, 0x00000000e3800000|100%| O|  |TAMS 0x00000000e3700000, 0x00000000e3700000| Untracked 
|  56|0x00000000e3800000, 0x00000000e3900000, 0x00000000e3900000|100%| O|  |TAMS 0x00000000e3800000, 0x00000000e3800000| Untracked 
|  57|0x00000000e3900000, 0x00000000e3a00000, 0x00000000e3a00000|100%| O|  |TAMS 0x00000000e3900000, 0x00000000e3900000| Untracked 
|  58|0x00000000e3a00000, 0x00000000e3b00000, 0x00000000e3b00000|100%| O|  |TAMS 0x00000000e3a00000, 0x00000000e3a00000| Untracked 
|  59|0x00000000e3b00000, 0x00000000e3c00000, 0x00000000e3c00000|100%| O|  |TAMS 0x00000000e3b00000, 0x00000000e3b00000| Untracked 
|  60|0x00000000e3c00000, 0x00000000e3d00000, 0x00000000e3d00000|100%| O|  |TAMS 0x00000000e3c00000, 0x00000000e3c00000| Untracked 
|  61|0x00000000e3d00000, 0x00000000e3e00000, 0x00000000e3e00000|100%| O|  |TAMS 0x00000000e3d00000, 0x00000000e3d00000| Untracked 
|  62|0x00000000e3e00000, 0x00000000e3f00000, 0x00000000e3f00000|100%| O|  |TAMS 0x00000000e3e00000, 0x00000000e3e00000| Untracked 
|  63|0x00000000e3f00000, 0x00000000e4000000, 0x00000000e4000000|100%| O|  |TAMS 0x00000000e3f00000, 0x00000000e3f00000| Untracked 
|  64|0x00000000e4000000, 0x00000000e4100000, 0x00000000e4100000|100%| O|  |TAMS 0x00000000e4000000, 0x00000000e4000000| Untracked 
|  65|0x00000000e4100000, 0x00000000e4200000, 0x00000000e4200000|100%| O|  |TAMS 0x00000000e4100000, 0x00000000e4100000| Untracked 
|  66|0x00000000e4200000, 0x00000000e4300000, 0x00000000e4300000|100%| O|  |TAMS 0x00000000e4200000, 0x00000000e4200000| Untracked 
|  67|0x00000000e4300000, 0x00000000e43ffff8, 0x00000000e4400000| 99%| O|  |TAMS 0x00000000e4300000, 0x00000000e4300000| Untracked 
|  68|0x00000000e4400000, 0x00000000e4500000, 0x00000000e4500000|100%| O|  |TAMS 0x00000000e4400000, 0x00000000e4400000| Untracked 
|  69|0x00000000e4500000, 0x00000000e4600000, 0x00000000e4600000|100%| O|  |TAMS 0x00000000e4500000, 0x00000000e4500000| Untracked 
|  70|0x00000000e4600000, 0x00000000e4700000, 0x00000000e4700000|100%| O|  |TAMS 0x00000000e4600000, 0x00000000e4600000| Untracked 
|  71|0x00000000e4700000, 0x00000000e4800000, 0x00000000e4800000|100%| O|  |TAMS 0x00000000e4700000, 0x00000000e4700000| Untracked 
|  72|0x00000000e4800000, 0x00000000e4900000, 0x00000000e4900000|100%| O|  |TAMS 0x00000000e4800000, 0x00000000e4800000| Untracked 
|  73|0x00000000e4900000, 0x00000000e4a00000, 0x00000000e4a00000|100%| O|  |TAMS 0x00000000e4900000, 0x00000000e4900000| Untracked 
|  74|0x00000000e4a00000, 0x00000000e4b00000, 0x00000000e4b00000|100%| O|  |TAMS 0x00000000e4a00000, 0x00000000e4a00000| Untracked 
|  75|0x00000000e4b00000, 0x00000000e4c00000, 0x00000000e4c00000|100%| O|  |TAMS 0x00000000e4b00000, 0x00000000e4b00000| Untracked 
|  76|0x00000000e4c00000, 0x00000000e4d00000, 0x00000000e4d00000|100%| O|  |TAMS 0x00000000e4c00000, 0x00000000e4c00000| Untracked 
|  77|0x00000000e4d00000, 0x00000000e4e00000, 0x00000000e4e00000|100%| O|  |TAMS 0x00000000e4d00000, 0x00000000e4d00000| Untracked 
|  78|0x00000000e4e00000, 0x00000000e4f00000, 0x00000000e4f00000|100%| O|  |TAMS 0x00000000e4e00000, 0x00000000e4e00000| Untracked 
|  79|0x00000000e4f00000, 0x00000000e5000000, 0x00000000e5000000|100%| O|  |TAMS 0x00000000e4f00000, 0x00000000e4f00000| Untracked 
|  80|0x00000000e5000000, 0x00000000e50d9c00, 0x00000000e5100000| 85%| O|  |TAMS 0x00000000e5000000, 0x00000000e5000000| Untracked 
|  81|0x00000000e5100000, 0x00000000e5100000, 0x00000000e5200000|  0%| F|  |TAMS 0x00000000e5100000, 0x00000000e5100000| Untracked 
|  82|0x00000000e5200000, 0x00000000e5200000, 0x00000000e5300000|  0%| F|  |TAMS 0x00000000e5200000, 0x00000000e5200000| Untracked 
|  83|0x00000000e5300000, 0x00000000e5300000, 0x00000000e5400000|  0%| F|  |TAMS 0x00000000e5300000, 0x00000000e5300000| Untracked 
|  84|0x00000000e5400000, 0x00000000e5400000, 0x00000000e5500000|  0%| F|  |TAMS 0x00000000e5400000, 0x00000000e5400000| Untracked 
|  85|0x00000000e5500000, 0x00000000e5500000, 0x00000000e5600000|  0%| F|  |TAMS 0x00000000e5500000, 0x00000000e5500000| Untracked 
|  86|0x00000000e5600000, 0x00000000e5600000, 0x00000000e5700000|  0%| F|  |TAMS 0x00000000e5600000, 0x00000000e5600000| Untracked 
|  87|0x00000000e5700000, 0x00000000e5700000, 0x00000000e5800000|  0%| F|  |TAMS 0x00000000e5700000, 0x00000000e5700000| Untracked 
|  88|0x00000000e5800000, 0x00000000e5800000, 0x00000000e5900000|  0%| F|  |TAMS 0x00000000e5800000, 0x00000000e5800000| Untracked 
|  89|0x00000000e5900000, 0x00000000e5900000, 0x00000000e5a00000|  0%| F|  |TAMS 0x00000000e5900000, 0x00000000e5900000| Untracked 
|  90|0x00000000e5a00000, 0x00000000e5a00000, 0x00000000e5b00000|  0%| F|  |TAMS 0x00000000e5a00000, 0x00000000e5a00000| Untracked 
|  91|0x00000000e5b00000, 0x00000000e5b00000, 0x00000000e5c00000|  0%| F|  |TAMS 0x00000000e5b00000, 0x00000000e5b00000| Untracked 
|  92|0x00000000e5c00000, 0x00000000e5c00000, 0x00000000e5d00000|  0%| F|  |TAMS 0x00000000e5c00000, 0x00000000e5c00000| Untracked 
|  93|0x00000000e5d00000, 0x00000000e5d00000, 0x00000000e5e00000|  0%| F|  |TAMS 0x00000000e5d00000, 0x00000000e5d00000| Untracked 
|  94|0x00000000e5e00000, 0x00000000e5e00000, 0x00000000e5f00000|  0%| F|  |TAMS 0x00000000e5e00000, 0x00000000e5e00000| Untracked 
|  95|0x00000000e5f00000, 0x00000000e5f00000, 0x00000000e6000000|  0%| F|  |TAMS 0x00000000e5f00000, 0x00000000e5f00000| Untracked 
|  96|0x00000000e6000000, 0x00000000e6000000, 0x00000000e6100000|  0%| F|  |TAMS 0x00000000e6000000, 0x00000000e6000000| Untracked 
|  97|0x00000000e6100000, 0x00000000e6100000, 0x00000000e6200000|  0%| F|  |TAMS 0x00000000e6100000, 0x00000000e6100000| Untracked 
|  98|0x00000000e6200000, 0x00000000e6200000, 0x00000000e6300000|  0%| F|  |TAMS 0x00000000e6200000, 0x00000000e6200000| Untracked 
|  99|0x00000000e6300000, 0x00000000e6300000, 0x00000000e6400000|  0%| F|  |TAMS 0x00000000e6300000, 0x00000000e6300000| Untracked 
| 100|0x00000000e6400000, 0x00000000e6400000, 0x00000000e6500000|  0%| F|  |TAMS 0x00000000e6400000, 0x00000000e6400000| Untracked 
| 101|0x00000000e6500000, 0x00000000e6500000, 0x00000000e6600000|  0%| F|  |TAMS 0x00000000e6500000, 0x00000000e6500000| Untracked 
| 102|0x00000000e6600000, 0x00000000e6600000, 0x00000000e6700000|  0%| F|  |TAMS 0x00000000e6600000, 0x00000000e6600000| Untracked 
| 103|0x00000000e6700000, 0x00000000e6700000, 0x00000000e6800000|  0%| F|  |TAMS 0x00000000e6700000, 0x00000000e6700000| Untracked 
| 104|0x00000000e6800000, 0x00000000e6800000, 0x00000000e6900000|  0%| F|  |TAMS 0x00000000e6800000, 0x00000000e6800000| Untracked 
| 105|0x00000000e6900000, 0x00000000e6900000, 0x00000000e6a00000|  0%| F|  |TAMS 0x00000000e6900000, 0x00000000e6900000| Untracked 
| 106|0x00000000e6a00000, 0x00000000e6a00000, 0x00000000e6b00000|  0%| F|  |TAMS 0x00000000e6a00000, 0x00000000e6a00000| Untracked 
| 107|0x00000000e6b00000, 0x00000000e6b00000, 0x00000000e6c00000|  0%| F|  |TAMS 0x00000000e6b00000, 0x00000000e6b00000| Untracked 
| 108|0x00000000e6c00000, 0x00000000e6c00000, 0x00000000e6d00000|  0%| F|  |TAMS 0x00000000e6c00000, 0x00000000e6c00000| Untracked 
| 109|0x00000000e6d00000, 0x00000000e6d00000, 0x00000000e6e00000|  0%| F|  |TAMS 0x00000000e6d00000, 0x00000000e6d00000| Untracked 
| 110|0x00000000e6e00000, 0x00000000e6e00000, 0x00000000e6f00000|  0%| F|  |TAMS 0x00000000e6e00000, 0x00000000e6e00000| Untracked 
| 111|0x00000000e6f00000, 0x00000000e6f00000, 0x00000000e7000000|  0%| F|  |TAMS 0x00000000e6f00000, 0x00000000e6f00000| Untracked 
| 112|0x00000000e7000000, 0x00000000e7000000, 0x00000000e7100000|  0%| F|  |TAMS 0x00000000e7000000, 0x00000000e7000000| Untracked 
| 113|0x00000000e7100000, 0x00000000e7100000, 0x00000000e7200000|  0%| F|  |TAMS 0x00000000e7100000, 0x00000000e7100000| Untracked 
| 114|0x00000000e7200000, 0x00000000e72ab3a8, 0x00000000e7300000| 66%| S|CS|TAMS 0x00000000e7200000, 0x00000000e7200000| Complete 
| 115|0x00000000e7300000, 0x00000000e7400000, 0x00000000e7400000|100%| S|CS|TAMS 0x00000000e7300000, 0x00000000e7300000| Complete 
| 116|0x00000000e7400000, 0x00000000e7500000, 0x00000000e7500000|100%| S|CS|TAMS 0x00000000e7400000, 0x00000000e7400000| Complete 
| 117|0x00000000e7500000, 0x00000000e7600000, 0x00000000e7600000|100%| S|CS|TAMS 0x00000000e7500000, 0x00000000e7500000| Complete 
| 118|0x00000000e7600000, 0x00000000e7700000, 0x00000000e7700000|100%| S|CS|TAMS 0x00000000e7600000, 0x00000000e7600000| Complete 
| 119|0x00000000e7700000, 0x00000000e7800000, 0x00000000e7800000|100%| S|CS|TAMS 0x00000000e7700000, 0x00000000e7700000| Complete 
| 120|0x00000000e7800000, 0x00000000e7900000, 0x00000000e7900000|100%| S|CS|TAMS 0x00000000e7800000, 0x00000000e7800000| Complete 
| 121|0x00000000e7900000, 0x00000000e7a00000, 0x00000000e7a00000|100%| S|CS|TAMS 0x00000000e7900000, 0x00000000e7900000| Complete 
| 122|0x00000000e7a00000, 0x00000000e7b00000, 0x00000000e7b00000|100%| S|CS|TAMS 0x00000000e7a00000, 0x00000000e7a00000| Complete 
| 123|0x00000000e7b00000, 0x00000000e7c00000, 0x00000000e7c00000|100%| S|CS|TAMS 0x00000000e7b00000, 0x00000000e7b00000| Complete 
| 124|0x00000000e7c00000, 0x00000000e7d00000, 0x00000000e7d00000|100%| S|CS|TAMS 0x00000000e7c00000, 0x00000000e7c00000| Complete 
| 125|0x00000000e7d00000, 0x00000000e7d00000, 0x00000000e7e00000|  0%| F|  |TAMS 0x00000000e7d00000, 0x00000000e7d00000| Untracked 
| 126|0x00000000e7e00000, 0x00000000e7e00000, 0x00000000e7f00000|  0%| F|  |TAMS 0x00000000e7e00000, 0x00000000e7e00000| Untracked 
| 127|0x00000000e7f00000, 0x00000000e7f00000, 0x00000000e8000000|  0%| F|  |TAMS 0x00000000e7f00000, 0x00000000e7f00000| Untracked 
| 128|0x00000000e8000000, 0x00000000e8000000, 0x00000000e8100000|  0%| F|  |TAMS 0x00000000e8000000, 0x00000000e8000000| Untracked 
| 129|0x00000000e8100000, 0x00000000e8100000, 0x00000000e8200000|  0%| F|  |TAMS 0x00000000e8100000, 0x00000000e8100000| Untracked 
| 130|0x00000000e8200000, 0x00000000e8200000, 0x00000000e8300000|  0%| F|  |TAMS 0x00000000e8200000, 0x00000000e8200000| Untracked 
| 131|0x00000000e8300000, 0x00000000e8300000, 0x00000000e8400000|  0%| F|  |TAMS 0x00000000e8300000, 0x00000000e8300000| Untracked 
| 132|0x00000000e8400000, 0x00000000e8400000, 0x00000000e8500000|  0%| F|  |TAMS 0x00000000e8400000, 0x00000000e8400000| Untracked 
| 133|0x00000000e8500000, 0x00000000e8500000, 0x00000000e8600000|  0%| F|  |TAMS 0x00000000e8500000, 0x00000000e8500000| Untracked 
| 134|0x00000000e8600000, 0x00000000e8600000, 0x00000000e8700000|  0%| F|  |TAMS 0x00000000e8600000, 0x00000000e8600000| Untracked 
| 135|0x00000000e8700000, 0x00000000e8700000, 0x00000000e8800000|  0%| F|  |TAMS 0x00000000e8700000, 0x00000000e8700000| Untracked 
| 136|0x00000000e8800000, 0x00000000e8900000, 0x00000000e8900000|100%| S|CS|TAMS 0x00000000e8800000, 0x00000000e8800000| Complete 
| 137|0x00000000e8900000, 0x00000000e8900000, 0x00000000e8a00000|  0%| F|  |TAMS 0x00000000e8900000, 0x00000000e8900000| Untracked 
| 138|0x00000000e8a00000, 0x00000000e8a00000, 0x00000000e8b00000|  0%| F|  |TAMS 0x00000000e8a00000, 0x00000000e8a00000| Untracked 
| 139|0x00000000e8b00000, 0x00000000e8b00000, 0x00000000e8c00000|  0%| F|  |TAMS 0x00000000e8b00000, 0x00000000e8b00000| Untracked 
| 140|0x00000000e8c00000, 0x00000000e8c00000, 0x00000000e8d00000|  0%| F|  |TAMS 0x00000000e8c00000, 0x00000000e8c00000| Untracked 
| 141|0x00000000e8d00000, 0x00000000e8d00000, 0x00000000e8e00000|  0%| F|  |TAMS 0x00000000e8d00000, 0x00000000e8d00000| Untracked 
| 142|0x00000000e8e00000, 0x00000000e8e00000, 0x00000000e8f00000|  0%| F|  |TAMS 0x00000000e8e00000, 0x00000000e8e00000| Untracked 
| 143|0x00000000e8f00000, 0x00000000e8f00000, 0x00000000e9000000|  0%| F|  |TAMS 0x00000000e8f00000, 0x00000000e8f00000| Untracked 
| 144|0x00000000e9000000, 0x00000000e9000000, 0x00000000e9100000|  0%| F|  |TAMS 0x00000000e9000000, 0x00000000e9000000| Untracked 
| 145|0x00000000e9100000, 0x00000000e9100000, 0x00000000e9200000|  0%| F|  |TAMS 0x00000000e9100000, 0x00000000e9100000| Untracked 
| 146|0x00000000e9200000, 0x00000000e9200000, 0x00000000e9300000|  0%| F|  |TAMS 0x00000000e9200000, 0x00000000e9200000| Untracked 
| 147|0x00000000e9300000, 0x00000000e9300000, 0x00000000e9400000|  0%| F|  |TAMS 0x00000000e9300000, 0x00000000e9300000| Untracked 
| 148|0x00000000e9400000, 0x00000000e9400000, 0x00000000e9500000|  0%| F|  |TAMS 0x00000000e9400000, 0x00000000e9400000| Untracked 
| 149|0x00000000e9500000, 0x00000000e9500000, 0x00000000e9600000|  0%| F|  |TAMS 0x00000000e9500000, 0x00000000e9500000| Untracked 
| 150|0x00000000e9600000, 0x00000000e9600000, 0x00000000e9700000|  0%| F|  |TAMS 0x00000000e9600000, 0x00000000e9600000| Untracked 
| 151|0x00000000e9700000, 0x00000000e9700000, 0x00000000e9800000|  0%| F|  |TAMS 0x00000000e9700000, 0x00000000e9700000| Untracked 
| 152|0x00000000e9800000, 0x00000000e9800000, 0x00000000e9900000|  0%| F|  |TAMS 0x00000000e9800000, 0x00000000e9800000| Untracked 
| 153|0x00000000e9900000, 0x00000000e9900000, 0x00000000e9a00000|  0%| F|  |TAMS 0x00000000e9900000, 0x00000000e9900000| Untracked 
| 154|0x00000000e9a00000, 0x00000000e9a00000, 0x00000000e9b00000|  0%| F|  |TAMS 0x00000000e9a00000, 0x00000000e9a00000| Untracked 
| 155|0x00000000e9b00000, 0x00000000e9b00000, 0x00000000e9c00000|  0%| F|  |TAMS 0x00000000e9b00000, 0x00000000e9b00000| Untracked 
| 156|0x00000000e9c00000, 0x00000000e9c00000, 0x00000000e9d00000|  0%| F|  |TAMS 0x00000000e9c00000, 0x00000000e9c00000| Untracked 
| 157|0x00000000e9d00000, 0x00000000e9d00000, 0x00000000e9e00000|  0%| F|  |TAMS 0x00000000e9d00000, 0x00000000e9d00000| Untracked 
| 158|0x00000000e9e00000, 0x00000000e9e00000, 0x00000000e9f00000|  0%| F|  |TAMS 0x00000000e9e00000, 0x00000000e9e00000| Untracked 
| 159|0x00000000e9f00000, 0x00000000e9f00000, 0x00000000ea000000|  0%| F|  |TAMS 0x00000000e9f00000, 0x00000000e9f00000| Untracked 
| 160|0x00000000ea000000, 0x00000000ea000000, 0x00000000ea100000|  0%| F|  |TAMS 0x00000000ea000000, 0x00000000ea000000| Untracked 
| 161|0x00000000ea100000, 0x00000000ea100000, 0x00000000ea200000|  0%| F|  |TAMS 0x00000000ea100000, 0x00000000ea100000| Untracked 
| 162|0x00000000ea200000, 0x00000000ea200000, 0x00000000ea300000|  0%| F|  |TAMS 0x00000000ea200000, 0x00000000ea200000| Untracked 
| 163|0x00000000ea300000, 0x00000000ea300000, 0x00000000ea400000|  0%| F|  |TAMS 0x00000000ea300000, 0x00000000ea300000| Untracked 
| 164|0x00000000ea400000, 0x00000000ea400000, 0x00000000ea500000|  0%| F|  |TAMS 0x00000000ea400000, 0x00000000ea400000| Untracked 
| 165|0x00000000ea500000, 0x00000000ea500000, 0x00000000ea600000|  0%| F|  |TAMS 0x00000000ea500000, 0x00000000ea500000| Untracked 
| 166|0x00000000ea600000, 0x00000000ea600000, 0x00000000ea700000|  0%| F|  |TAMS 0x00000000ea600000, 0x00000000ea600000| Untracked 
| 167|0x00000000ea700000, 0x00000000ea700000, 0x00000000ea800000|  0%| F|  |TAMS 0x00000000ea700000, 0x00000000ea700000| Untracked 
| 168|0x00000000ea800000, 0x00000000ea800000, 0x00000000ea900000|  0%| F|  |TAMS 0x00000000ea800000, 0x00000000ea800000| Untracked 
| 169|0x00000000ea900000, 0x00000000ea900000, 0x00000000eaa00000|  0%| F|  |TAMS 0x00000000ea900000, 0x00000000ea900000| Untracked 
| 170|0x00000000eaa00000, 0x00000000eaa00000, 0x00000000eab00000|  0%| F|  |TAMS 0x00000000eaa00000, 0x00000000eaa00000| Untracked 
| 171|0x00000000eab00000, 0x00000000eab00000, 0x00000000eac00000|  0%| F|  |TAMS 0x00000000eab00000, 0x00000000eab00000| Untracked 
| 172|0x00000000eac00000, 0x00000000eac00000, 0x00000000ead00000|  0%| F|  |TAMS 0x00000000eac00000, 0x00000000eac00000| Untracked 
| 173|0x00000000ead00000, 0x00000000ead00000, 0x00000000eae00000|  0%| F|  |TAMS 0x00000000ead00000, 0x00000000ead00000| Untracked 
| 174|0x00000000eae00000, 0x00000000eae00000, 0x00000000eaf00000|  0%| F|  |TAMS 0x00000000eae00000, 0x00000000eae00000| Untracked 
| 175|0x00000000eaf00000, 0x00000000eaf00000, 0x00000000eb000000|  0%| F|  |TAMS 0x00000000eaf00000, 0x00000000eaf00000| Untracked 
| 176|0x00000000eb000000, 0x00000000eb000000, 0x00000000eb100000|  0%| F|  |TAMS 0x00000000eb000000, 0x00000000eb000000| Untracked 
| 177|0x00000000eb100000, 0x00000000eb100000, 0x00000000eb200000|  0%| F|  |TAMS 0x00000000eb100000, 0x00000000eb100000| Untracked 
| 178|0x00000000eb200000, 0x00000000eb200000, 0x00000000eb300000|  0%| F|  |TAMS 0x00000000eb200000, 0x00000000eb200000| Untracked 
| 179|0x00000000eb300000, 0x00000000eb300000, 0x00000000eb400000|  0%| F|  |TAMS 0x00000000eb300000, 0x00000000eb300000| Untracked 
| 180|0x00000000eb400000, 0x00000000eb400000, 0x00000000eb500000|  0%| F|  |TAMS 0x00000000eb400000, 0x00000000eb400000| Untracked 
| 181|0x00000000eb500000, 0x00000000eb500000, 0x00000000eb600000|  0%| F|  |TAMS 0x00000000eb500000, 0x00000000eb500000| Untracked 
| 182|0x00000000eb600000, 0x00000000eb600000, 0x00000000eb700000|  0%| F|  |TAMS 0x00000000eb600000, 0x00000000eb600000| Untracked 
| 183|0x00000000eb700000, 0x00000000eb700000, 0x00000000eb800000|  0%| F|  |TAMS 0x00000000eb700000, 0x00000000eb700000| Untracked 
| 184|0x00000000eb800000, 0x00000000eb800000, 0x00000000eb900000|  0%| F|  |TAMS 0x00000000eb800000, 0x00000000eb800000| Untracked 
| 185|0x00000000eb900000, 0x00000000eb900000, 0x00000000eba00000|  0%| F|  |TAMS 0x00000000eb900000, 0x00000000eb900000| Untracked 
| 186|0x00000000eba00000, 0x00000000eba00000, 0x00000000ebb00000|  0%| F|  |TAMS 0x00000000eba00000, 0x00000000eba00000| Untracked 
| 187|0x00000000ebb00000, 0x00000000ebb00000, 0x00000000ebc00000|  0%| F|  |TAMS 0x00000000ebb00000, 0x00000000ebb00000| Untracked 
| 188|0x00000000ebc00000, 0x00000000ebc00000, 0x00000000ebd00000|  0%| F|  |TAMS 0x00000000ebc00000, 0x00000000ebc00000| Untracked 
| 189|0x00000000ebd00000, 0x00000000ebd00000, 0x00000000ebe00000|  0%| F|  |TAMS 0x00000000ebd00000, 0x00000000ebd00000| Untracked 
| 190|0x00000000ebe00000, 0x00000000ebe00000, 0x00000000ebf00000|  0%| F|  |TAMS 0x00000000ebe00000, 0x00000000ebe00000| Untracked 
| 191|0x00000000ebf00000, 0x00000000ebf00000, 0x00000000ec000000|  0%| F|  |TAMS 0x00000000ebf00000, 0x00000000ebf00000| Untracked 
| 192|0x00000000ec000000, 0x00000000ec000000, 0x00000000ec100000|  0%| F|  |TAMS 0x00000000ec000000, 0x00000000ec000000| Untracked 
| 193|0x00000000ec100000, 0x00000000ec100000, 0x00000000ec200000|  0%| F|  |TAMS 0x00000000ec100000, 0x00000000ec100000| Untracked 
| 194|0x00000000ec200000, 0x00000000ec200000, 0x00000000ec300000|  0%| F|  |TAMS 0x00000000ec200000, 0x00000000ec200000| Untracked 
| 195|0x00000000ec300000, 0x00000000ec300000, 0x00000000ec400000|  0%| F|  |TAMS 0x00000000ec300000, 0x00000000ec300000| Untracked 
| 196|0x00000000ec400000, 0x00000000ec400000, 0x00000000ec500000|  0%| F|  |TAMS 0x00000000ec400000, 0x00000000ec400000| Untracked 
| 197|0x00000000ec500000, 0x00000000ec500000, 0x00000000ec600000|  0%| F|  |TAMS 0x00000000ec500000, 0x00000000ec500000| Untracked 
| 198|0x00000000ec600000, 0x00000000ec600000, 0x00000000ec700000|  0%| F|  |TAMS 0x00000000ec600000, 0x00000000ec600000| Untracked 
| 199|0x00000000ec700000, 0x00000000ec700000, 0x00000000ec800000|  0%| F|  |TAMS 0x00000000ec700000, 0x00000000ec700000| Untracked 
| 200|0x00000000ec800000, 0x00000000ec800000, 0x00000000ec900000|  0%| F|  |TAMS 0x00000000ec800000, 0x00000000ec800000| Untracked 
| 201|0x00000000ec900000, 0x00000000ec900000, 0x00000000eca00000|  0%| F|  |TAMS 0x00000000ec900000, 0x00000000ec900000| Untracked 
| 202|0x00000000eca00000, 0x00000000eca00000, 0x00000000ecb00000|  0%| F|  |TAMS 0x00000000eca00000, 0x00000000eca00000| Untracked 
| 203|0x00000000ecb00000, 0x00000000ecb00000, 0x00000000ecc00000|  0%| F|  |TAMS 0x00000000ecb00000, 0x00000000ecb00000| Untracked 
| 204|0x00000000ecc00000, 0x00000000ecc00000, 0x00000000ecd00000|  0%| F|  |TAMS 0x00000000ecc00000, 0x00000000ecc00000| Untracked 
| 205|0x00000000ecd00000, 0x00000000ecd00000, 0x00000000ece00000|  0%| F|  |TAMS 0x00000000ecd00000, 0x00000000ecd00000| Untracked 
| 206|0x00000000ece00000, 0x00000000ece00000, 0x00000000ecf00000|  0%| F|  |TAMS 0x00000000ece00000, 0x00000000ece00000| Untracked 
| 207|0x00000000ecf00000, 0x00000000ecf00000, 0x00000000ed000000|  0%| F|  |TAMS 0x00000000ecf00000, 0x00000000ecf00000| Untracked 
| 208|0x00000000ed000000, 0x00000000ed000000, 0x00000000ed100000|  0%| F|  |TAMS 0x00000000ed000000, 0x00000000ed000000| Untracked 
| 209|0x00000000ed100000, 0x00000000ed100000, 0x00000000ed200000|  0%| F|  |TAMS 0x00000000ed100000, 0x00000000ed100000| Untracked 
| 210|0x00000000ed200000, 0x00000000ed200000, 0x00000000ed300000|  0%| F|  |TAMS 0x00000000ed200000, 0x00000000ed200000| Untracked 
| 211|0x00000000ed300000, 0x00000000ed300000, 0x00000000ed400000|  0%| F|  |TAMS 0x00000000ed300000, 0x00000000ed300000| Untracked 
| 212|0x00000000ed400000, 0x00000000ed400000, 0x00000000ed500000|  0%| F|  |TAMS 0x00000000ed400000, 0x00000000ed400000| Untracked 
| 213|0x00000000ed500000, 0x00000000ed500000, 0x00000000ed600000|  0%| F|  |TAMS 0x00000000ed500000, 0x00000000ed500000| Untracked 
| 214|0x00000000ed600000, 0x00000000ed600000, 0x00000000ed700000|  0%| F|  |TAMS 0x00000000ed600000, 0x00000000ed600000| Untracked 
| 215|0x00000000ed700000, 0x00000000ed700000, 0x00000000ed800000|  0%| F|  |TAMS 0x00000000ed700000, 0x00000000ed700000| Untracked 
| 216|0x00000000ed800000, 0x00000000ed800000, 0x00000000ed900000|  0%| F|  |TAMS 0x00000000ed800000, 0x00000000ed800000| Untracked 
| 217|0x00000000ed900000, 0x00000000ed900000, 0x00000000eda00000|  0%| F|  |TAMS 0x00000000ed900000, 0x00000000ed900000| Untracked 
| 218|0x00000000eda00000, 0x00000000eda00000, 0x00000000edb00000|  0%| F|  |TAMS 0x00000000eda00000, 0x00000000eda00000| Untracked 
| 219|0x00000000edb00000, 0x00000000edb00000, 0x00000000edc00000|  0%| F|  |TAMS 0x00000000edb00000, 0x00000000edb00000| Untracked 
| 220|0x00000000edc00000, 0x00000000edc00000, 0x00000000edd00000|  0%| F|  |TAMS 0x00000000edc00000, 0x00000000edc00000| Untracked 
| 221|0x00000000edd00000, 0x00000000edd00000, 0x00000000ede00000|  0%| F|  |TAMS 0x00000000edd00000, 0x00000000edd00000| Untracked 
| 222|0x00000000ede00000, 0x00000000ede00000, 0x00000000edf00000|  0%| F|  |TAMS 0x00000000ede00000, 0x00000000ede00000| Untracked 
| 223|0x00000000edf00000, 0x00000000edf00000, 0x00000000ee000000|  0%| F|  |TAMS 0x00000000edf00000, 0x00000000edf00000| Untracked 
| 224|0x00000000ee000000, 0x00000000ee000000, 0x00000000ee100000|  0%| F|  |TAMS 0x00000000ee000000, 0x00000000ee000000| Untracked 
| 225|0x00000000ee100000, 0x00000000ee100000, 0x00000000ee200000|  0%| F|  |TAMS 0x00000000ee100000, 0x00000000ee100000| Untracked 
| 226|0x00000000ee200000, 0x00000000ee200000, 0x00000000ee300000|  0%| F|  |TAMS 0x00000000ee200000, 0x00000000ee200000| Untracked 
| 227|0x00000000ee300000, 0x00000000ee300000, 0x00000000ee400000|  0%| F|  |TAMS 0x00000000ee300000, 0x00000000ee300000| Untracked 
| 228|0x00000000ee400000, 0x00000000ee400000, 0x00000000ee500000|  0%| F|  |TAMS 0x00000000ee400000, 0x00000000ee400000| Untracked 
| 229|0x00000000ee500000, 0x00000000ee500000, 0x00000000ee600000|  0%| F|  |TAMS 0x00000000ee500000, 0x00000000ee500000| Untracked 
| 230|0x00000000ee600000, 0x00000000ee600000, 0x00000000ee700000|  0%| F|  |TAMS 0x00000000ee600000, 0x00000000ee600000| Untracked 
| 231|0x00000000ee700000, 0x00000000ee700000, 0x00000000ee800000|  0%| F|  |TAMS 0x00000000ee700000, 0x00000000ee700000| Untracked 
| 232|0x00000000ee800000, 0x00000000ee800000, 0x00000000ee900000|  0%| F|  |TAMS 0x00000000ee800000, 0x00000000ee800000| Untracked 
| 233|0x00000000ee900000, 0x00000000ee900000, 0x00000000eea00000|  0%| F|  |TAMS 0x00000000ee900000, 0x00000000ee900000| Untracked 
| 234|0x00000000eea00000, 0x00000000eea00000, 0x00000000eeb00000|  0%| F|  |TAMS 0x00000000eea00000, 0x00000000eea00000| Untracked 
| 235|0x00000000eeb00000, 0x00000000eeb00000, 0x00000000eec00000|  0%| F|  |TAMS 0x00000000eeb00000, 0x00000000eeb00000| Untracked 
| 236|0x00000000eec00000, 0x00000000eec00000, 0x00000000eed00000|  0%| F|  |TAMS 0x00000000eec00000, 0x00000000eec00000| Untracked 
| 237|0x00000000eed00000, 0x00000000eed00000, 0x00000000eee00000|  0%| F|  |TAMS 0x00000000eed00000, 0x00000000eed00000| Untracked 
| 238|0x00000000eee00000, 0x00000000eee00000, 0x00000000eef00000|  0%| F|  |TAMS 0x00000000eee00000, 0x00000000eee00000| Untracked 
| 239|0x00000000eef00000, 0x00000000eef00000, 0x00000000ef000000|  0%| F|  |TAMS 0x00000000eef00000, 0x00000000eef00000| Untracked 
| 240|0x00000000ef000000, 0x00000000ef000000, 0x00000000ef100000|  0%| F|  |TAMS 0x00000000ef000000, 0x00000000ef000000| Untracked 
| 241|0x00000000ef100000, 0x00000000ef100000, 0x00000000ef200000|  0%| F|  |TAMS 0x00000000ef100000, 0x00000000ef100000| Untracked 
| 242|0x00000000ef200000, 0x00000000ef200000, 0x00000000ef300000|  0%| F|  |TAMS 0x00000000ef200000, 0x00000000ef200000| Untracked 
| 243|0x00000000ef300000, 0x00000000ef300000, 0x00000000ef400000|  0%| F|  |TAMS 0x00000000ef300000, 0x00000000ef300000| Untracked 
| 244|0x00000000ef400000, 0x00000000ef400000, 0x00000000ef500000|  0%| F|  |TAMS 0x00000000ef400000, 0x00000000ef400000| Untracked 
| 245|0x00000000ef500000, 0x00000000ef500000, 0x00000000ef600000|  0%| F|  |TAMS 0x00000000ef500000, 0x00000000ef500000| Untracked 
| 246|0x00000000ef600000, 0x00000000ef600000, 0x00000000ef700000|  0%| F|  |TAMS 0x00000000ef600000, 0x00000000ef600000| Untracked 
| 247|0x00000000ef700000, 0x00000000ef700000, 0x00000000ef800000|  0%| F|  |TAMS 0x00000000ef700000, 0x00000000ef700000| Untracked 
| 248|0x00000000ef800000, 0x00000000ef800000, 0x00000000ef900000|  0%| F|  |TAMS 0x00000000ef800000, 0x00000000ef800000| Untracked 
| 249|0x00000000ef900000, 0x00000000ef900000, 0x00000000efa00000|  0%| F|  |TAMS 0x00000000ef900000, 0x00000000ef900000| Untracked 
| 250|0x00000000efa00000, 0x00000000efa00000, 0x00000000efb00000|  0%| F|  |TAMS 0x00000000efa00000, 0x00000000efa00000| Untracked 
| 251|0x00000000efb00000, 0x00000000efb00000, 0x00000000efc00000|  0%| F|  |TAMS 0x00000000efb00000, 0x00000000efb00000| Untracked 
| 252|0x00000000efc00000, 0x00000000efc00000, 0x00000000efd00000|  0%| F|  |TAMS 0x00000000efc00000, 0x00000000efc00000| Untracked 
| 253|0x00000000efd00000, 0x00000000efd00000, 0x00000000efe00000|  0%| F|  |TAMS 0x00000000efd00000, 0x00000000efd00000| Untracked 
| 254|0x00000000efe00000, 0x00000000efe00000, 0x00000000eff00000|  0%| F|  |TAMS 0x00000000efe00000, 0x00000000efe00000| Untracked 
| 255|0x00000000eff00000, 0x00000000eff00000, 0x00000000f0000000|  0%| F|  |TAMS 0x00000000eff00000, 0x00000000eff00000| Untracked 
| 256|0x00000000f0000000, 0x00000000f0000000, 0x00000000f0100000|  0%| F|  |TAMS 0x00000000f0000000, 0x00000000f0000000| Untracked 
| 257|0x00000000f0100000, 0x00000000f0100000, 0x00000000f0200000|  0%| F|  |TAMS 0x00000000f0100000, 0x00000000f0100000| Untracked 
| 258|0x00000000f0200000, 0x00000000f0200000, 0x00000000f0300000|  0%| F|  |TAMS 0x00000000f0200000, 0x00000000f0200000| Untracked 
| 259|0x00000000f0300000, 0x00000000f0300000, 0x00000000f0400000|  0%| F|  |TAMS 0x00000000f0300000, 0x00000000f0300000| Untracked 
| 260|0x00000000f0400000, 0x00000000f0400000, 0x00000000f0500000|  0%| F|  |TAMS 0x00000000f0400000, 0x00000000f0400000| Untracked 
| 261|0x00000000f0500000, 0x00000000f0500000, 0x00000000f0600000|  0%| F|  |TAMS 0x00000000f0500000, 0x00000000f0500000| Untracked 
| 262|0x00000000f0600000, 0x00000000f0600000, 0x00000000f0700000|  0%| F|  |TAMS 0x00000000f0600000, 0x00000000f0600000| Untracked 
| 263|0x00000000f0700000, 0x00000000f0700000, 0x00000000f0800000|  0%| F|  |TAMS 0x00000000f0700000, 0x00000000f0700000| Untracked 
| 264|0x00000000f0800000, 0x00000000f0800000, 0x00000000f0900000|  0%| F|  |TAMS 0x00000000f0800000, 0x00000000f0800000| Untracked 
| 265|0x00000000f0900000, 0x00000000f0900000, 0x00000000f0a00000|  0%| F|  |TAMS 0x00000000f0900000, 0x00000000f0900000| Untracked 
| 266|0x00000000f0a00000, 0x00000000f0a00000, 0x00000000f0b00000|  0%| F|  |TAMS 0x00000000f0a00000, 0x00000000f0a00000| Untracked 
| 267|0x00000000f0b00000, 0x00000000f0b00000, 0x00000000f0c00000|  0%| F|  |TAMS 0x00000000f0b00000, 0x00000000f0b00000| Untracked 

Card table byte_map: [0x00000240ab000000,0x00000240ab100000] _byte_map_base: 0x00000240aa900000

Marking Bits (Prev, Next): (CMBitMap*) 0x00000240a4f79410, (CMBitMap*) 0x00000240a4f79450
 Prev Bits: [0x00000240ab200000, 0x00000240aba00000)
 Next Bits: [0x00000240aba00000, 0x00000240ac200000)

Polling page: 0x00000240a2df0000

Metaspace:

Usage:
  Non-class:     30.35 MB used.
      Class:      4.53 MB used.
       Both:     34.88 MB used.

Virtual space:
  Non-class space:       32.00 MB reserved,      30.56 MB ( 96%) committed,  4 nodes.
      Class space:        1.00 GB reserved,       4.75 MB ( <1%) committed,  1 nodes.
             Both:        1.03 GB reserved,      35.31 MB (  3%) committed. 

Chunk freelists:
   Non-Class:  1.00 MB
       Class:  3.17 MB
        Both:  4.17 MB

MaxMetaspaceSize: unlimited
CompressedClassSpaceSize: 1.00 GB
Initial GC threshold: 21.00 MB
Current GC threshold: 58.75 MB
CDS: off
MetaspaceReclaimPolicy: balanced
 - commit_granule_bytes: 65536.
 - commit_granule_words: 8192.
 - virtual_space_node_default_size: 1048576.
 - enlarge_chunks_in_place: 1.
 - new_chunks_are_fully_committed: 0.
 - uncommit_free_chunks: 1.
 - use_allocation_guard: 0.
 - handle_deallocations: 1.


Internal statistics:

num_allocs_failed_limit: 8.
num_arena_births: 470.
num_arena_deaths: 0.
num_vsnodes_births: 5.
num_vsnodes_deaths: 0.
num_space_committed: 565.
num_space_uncommitted: 0.
num_chunks_returned_to_freelist: 8.
num_chunks_taken_from_freelist: 1530.
num_chunk_merges: 8.
num_chunk_splits: 1032.
num_chunks_enlarged: 759.
num_purges: 0.
num_inconsistent_stats: 0.

CodeCache: size=49152Kb used=9154Kb max_used=9154Kb free=39997Kb
 bounds [0x00000240a7bd0000, 0x00000240a84d0000, 0x00000240aabd0000]
 total_blobs=4342 nmethods=3800 adapters=465
 compilation: enabled
              stopped_count=0, restarted_count=0
 full_count=0

Compilation events (20 events):
Event: 2.455 Thread 0x00000240b09a4030 3791       1       java.util.concurrent.ConcurrentHashMap::resizeStamp (9 bytes)
Event: 2.455 Thread 0x00000240af844f10 3792       1       java.util.concurrent.ConcurrentHashMap::helpTransfer (123 bytes)
Event: 2.455 Thread 0x00000240b09a4030 nmethod 3791 0x00000240a84be110 code [0x00000240a84be2a0, 0x00000240a84be368]
Event: 2.456 Thread 0x00000240af844f10 nmethod 3792 0x00000240a84be410 code [0x00000240a84be5c0, 0x00000240a84be838]
Event: 2.489 Thread 0x00000240b09a4030 3793       1       java.util.concurrent.locks.ReentrantLock$NonfairSync::tryAcquire (27 bytes)
Event: 2.489 Thread 0x00000240b09a4030 nmethod 3793 0x00000240a84be990 code [0x00000240a84beb20, 0x00000240a84bec98]
Event: 2.512 Thread 0x00000240afa33fe0 3794       1       java.util.concurrent.locks.AbstractQueuedSynchronizer::acquireInterruptibly (36 bytes)
Event: 2.512 Thread 0x00000240afa33fe0 nmethod 3794 0x00000240a84bed10 code [0x00000240a84beee0, 0x00000240a84bf138]
Event: 2.539 Thread 0x00000240afa33fe0 3795       1       io.github.classgraph.ModuleRef::getReference (5 bytes)
Event: 2.539 Thread 0x00000240afa33fe0 nmethod 3795 0x00000240a84bf290 code [0x00000240a84bf420, 0x00000240a84bf4f8]
Event: 2.548 Thread 0x00000240afa33fe0 3796   !   1       jdk.internal.module.ModuleReferenceImpl::open (19 bytes)
Event: 2.548 Thread 0x00000240af844f10 3797   !   1       jdk.internal.module.SystemModuleFinders$SystemModuleReader::checkPermissionToConnect (38 bytes)
Event: 2.548 Thread 0x00000240b09a4030 3798       1       jdk.internal.module.SystemModuleFinders$2::get (5 bytes)
Event: 2.548 Thread 0x00000240b09cb6e0 3799       1       jdk.internal.module.SystemModuleFinders$2::get (16 bytes)
Event: 2.548 Thread 0x00000240afa33fe0 nmethod 3796 0x00000240a84bf590 code [0x00000240a84bf740, 0x00000240a84bf8d8]
Event: 2.548 Thread 0x00000240b09a4030 nmethod 3798 0x00000240a84bfa10 code [0x00000240a84bfba0, 0x00000240a84bfd28]
Event: 2.548 Thread 0x00000240b09cb6e0 nmethod 3799 0x00000240a84bfe10 code [0x00000240a84bffa0, 0x00000240a84c0128]
Event: 2.548 Thread 0x00000240afa33fe0 3800       1       jdk.internal.module.SystemModuleFinders$SystemModuleReader::<init> (14 bytes)
Event: 2.548 Thread 0x00000240af844f10 nmethod 3797 0x00000240a84c0210 code [0x00000240a84c03e0, 0x00000240a84c05e8]
Event: 2.548 Thread 0x00000240afa33fe0 nmethod 3800 0x00000240a84c0810 code [0x00000240a84c09a0, 0x00000240a84c0ae8]

GC Heap History (20 events):
Event: 2.188 GC heap after
{Heap after GC invocations=10 (full 0):
 garbage-first heap   total 155648K, used 34017K [0x00000000e0000000, 0x0000000100000000)
  region size 1024K, 11 young (11264K), 11 survivors (11264K)
 Metaspace       used 35543K, committed 35968K, reserved 1081344K
  class space    used 4609K, committed 4800K, reserved 1048576K
}
Event: 2.344 GC heap before
{Heap before GC invocations=10 (full 0):
 garbage-first heap   total 155648K, used 96481K [0x00000000e0000000, 0x0000000100000000)
  region size 1024K, 72 young (73728K), 11 survivors (11264K)
 Metaspace       used 35552K, committed 35968K, reserved 1081344K
  class space    used 4611K, committed 4800K, reserved 1048576K
}
Event: 2.354 GC heap after
{Heap after GC invocations=11 (full 0):
 garbage-first heap   total 155648K, used 53159K [0x00000000e0000000, 0x0000000100000000)
  region size 1024K, 9 young (9216K), 9 survivors (9216K)
 Metaspace       used 35552K, committed 35968K, reserved 1081344K
  class space    used 4611K, committed 4800K, reserved 1048576K
}
Event: 2.383 GC heap before
{Heap before GC invocations=11 (full 0):
 garbage-first heap   total 155648K, used 69543K [0x00000000e0000000, 0x0000000100000000)
  region size 1024K, 25 young (25600K), 9 survivors (9216K)
 Metaspace       used 35561K, committed 35968K, reserved 1081344K
  class space    used 4613K, committed 4800K, reserved 1048576K
}
Event: 2.399 GC heap after
{Heap after GC invocations=12 (full 0):
 garbage-first heap   total 155648K, used 64512K [0x00000000e0000000, 0x0000000100000000)
  region size 1024K, 8 young (8192K), 8 survivors (8192K)
 Metaspace       used 35561K, committed 35968K, reserved 1081344K
  class space    used 4613K, committed 4800K, reserved 1048576K
}
Event: 2.422 GC heap before
{Heap before GC invocations=12 (full 0):
 garbage-first heap   total 155648K, used 109568K [0x00000000e0000000, 0x0000000100000000)
  region size 1024K, 53 young (54272K), 8 survivors (8192K)
 Metaspace       used 35656K, committed 36096K, reserved 1081344K
  class space    used 4621K, committed 4800K, reserved 1048576K
}
Event: 2.428 GC heap after
{Heap after GC invocations=13 (full 0):
 garbage-first heap   total 155648K, used 68010K [0x00000000e0000000, 0x0000000100000000)
  region size 1024K, 3 young (3072K), 3 survivors (3072K)
 Metaspace       used 35656K, committed 36096K, reserved 1081344K
  class space    used 4621K, committed 4800K, reserved 1048576K
}
Event: 2.441 GC heap before
{Heap before GC invocations=13 (full 0):
 garbage-first heap   total 155648K, used 113066K [0x00000000e0000000, 0x0000000100000000)
  region size 1024K, 49 young (50176K), 3 survivors (3072K)
 Metaspace       used 35699K, committed 36096K, reserved 1081344K
  class space    used 4632K, committed 4800K, reserved 1048576K
}
Event: 2.442 GC heap after
{Heap after GC invocations=14 (full 0):
 garbage-first heap   total 155648K, used 68131K [0x00000000e0000000, 0x0000000100000000)
  region size 1024K, 4 young (4096K), 4 survivors (4096K)
 Metaspace       used 35699K, committed 36096K, reserved 1081344K
  class space    used 4632K, committed 4800K, reserved 1048576K
}
Event: 2.450 GC heap before
{Heap before GC invocations=15 (full 0):
 garbage-first heap   total 155648K, used 117283K [0x00000000e0000000, 0x0000000100000000)
  region size 1024K, 53 young (54272K), 4 survivors (4096K)
 Metaspace       used 35714K, committed 36160K, reserved 1081344K
  class space    used 4635K, committed 4864K, reserved 1048576K
}
Event: 2.452 GC heap after
{Heap after GC invocations=16 (full 0):
 garbage-first heap   total 155648K, used 70357K [0x00000000e0000000, 0x0000000100000000)
  region size 1024K, 5 young (5120K), 5 survivors (5120K)
 Metaspace       used 35714K, committed 36160K, reserved 1081344K
  class space    used 4635K, committed 4864K, reserved 1048576K
}
Event: 2.459 GC heap before
{Heap before GC invocations=16 (full 0):
 garbage-first heap   total 155648K, used 119509K [0x00000000e0000000, 0x0000000100000000)
  region size 1024K, 54 young (55296K), 5 survivors (5120K)
 Metaspace       used 35714K, committed 36160K, reserved 1081344K
  class space    used 4635K, committed 4864K, reserved 1048576K
}
Event: 2.461 GC heap after
{Heap after GC invocations=17 (full 0):
 garbage-first heap   total 274432K, used 72468K [0x00000000e0000000, 0x0000000100000000)
  region size 1024K, 5 young (5120K), 5 survivors (5120K)
 Metaspace       used 35714K, committed 36160K, reserved 1081344K
  class space    used 4635K, committed 4864K, reserved 1048576K
}
Event: 2.486 GC heap before
{Heap before GC invocations=17 (full 0):
 garbage-first heap   total 274432K, used 206612K [0x00000000e0000000, 0x0000000100000000)
  region size 1024K, 137 young (140288K), 5 survivors (5120K)
 Metaspace       used 35714K, committed 36160K, reserved 1081344K
  class space    used 4635K, committed 4864K, reserved 1048576K
}
Event: 2.488 GC heap after
{Heap after GC invocations=18 (full 0):
 garbage-first heap   total 274432K, used 77438K [0x00000000e0000000, 0x0000000100000000)
  region size 1024K, 10 young (10240K), 10 survivors (10240K)
 Metaspace       used 35714K, committed 36160K, reserved 1081344K
  class space    used 4635K, committed 4864K, reserved 1048576K
}
Event: 2.508 GC heap before
{Heap before GC invocations=18 (full 0):
 garbage-first heap   total 274432K, used 212606K [0x00000000e0000000, 0x0000000100000000)
  region size 1024K, 143 young (146432K), 10 survivors (10240K)
 Metaspace       used 35714K, committed 36160K, reserved 1081344K
  class space    used 4635K, committed 4864K, reserved 1048576K
}
Event: 2.511 GC heap after
{Heap after GC invocations=19 (full 0):
 garbage-first heap   total 274432K, used 83243K [0x00000000e0000000, 0x0000000100000000)
  region size 1024K, 15 young (15360K), 15 survivors (15360K)
 Metaspace       used 35714K, committed 36160K, reserved 1081344K
  class space    used 4635K, committed 4864K, reserved 1048576K
}
Event: 2.529 GC heap before
{Heap before GC invocations=19 (full 0):
 garbage-first heap   total 274432K, used 217387K [0x00000000e0000000, 0x0000000100000000)
  region size 1024K, 147 young (150528K), 15 survivors (15360K)
 Metaspace       used 35714K, committed 36160K, reserved 1081344K
  class space    used 4635K, committed 4864K, reserved 1048576K
}
Event: 2.534 GC heap after
{Heap after GC invocations=20 (full 0):
 garbage-first heap   total 274432K, used 89158K [0x00000000e0000000, 0x0000000100000000)
  region size 1024K, 12 young (12288K), 12 survivors (12288K)
 Metaspace       used 35714K, committed 36160K, reserved 1081344K
  class space    used 4635K, committed 4864K, reserved 1048576K
}
Event: 2.550 GC heap before
{Heap before GC invocations=20 (full 0):
 garbage-first heap   total 274432K, used 221254K [0x00000000e0000000, 0x0000000100000000)
  region size 1024K, 143 young (146432K), 12 survivors (12288K)
 Metaspace       used 35714K, committed 36160K, reserved 1081344K
  class space    used 4635K, committed 4864K, reserved 1048576K
}

Dll operation events (8 events):
Event: 0.005 Loaded shared library c:\Users\kirus\.vscode\extensions\redhat.java-1.15.0-win32-x64\jre\17.0.6-win32-x86_64\bin\java.dll
Event: 0.137 Loaded shared library C:\Users\kirus\.vscode\extensions\redhat.java-1.15.0-win32-x64\jre\17.0.6-win32-x86_64\bin\net.dll
Event: 0.138 Loaded shared library C:\Users\kirus\.vscode\extensions\redhat.java-1.15.0-win32-x64\jre\17.0.6-win32-x86_64\bin\nio.dll
Event: 0.144 Loaded shared library C:\Users\kirus\.vscode\extensions\redhat.java-1.15.0-win32-x64\jre\17.0.6-win32-x86_64\bin\zip.dll
Event: 0.240 Loaded shared library C:\Users\kirus\.vscode\extensions\redhat.java-1.15.0-win32-x64\jre\17.0.6-win32-x86_64\bin\jimage.dll
Event: 0.324 Loaded shared library c:\Users\kirus\.vscode\extensions\redhat.java-1.15.0-win32-x64\jre\17.0.6-win32-x86_64\bin\verify.dll
Event: 1.832 Loaded shared library C:\Users\kirus\.vscode\extensions\redhat.java-1.15.0-win32-x64\jre\17.0.6-win32-x86_64\bin\management.dll
Event: 1.833 Loaded shared library C:\Users\kirus\.vscode\extensions\redhat.java-1.15.0-win32-x64\jre\17.0.6-win32-x86_64\bin\management_ext.dll

Deoptimization events (10 events):
Event: 1.010 Thread 0x00000240a4f485a0 DEOPT PACKING pc=0x00000240a815a419 sp=0x0000008b94dfd800
Event: 1.010 Thread 0x00000240a4f485a0 DEOPT UNPACKING pc=0x00000240a7c27143 sp=0x0000008b94dfcce0 mode 3
Event: 1.961 Thread 0x00000240b10661b0 DEOPT PACKING pc=0x00000240a8367bb5 sp=0x0000008b972fcf80
Event: 1.961 Thread 0x00000240b10661b0 DEOPT UNPACKING pc=0x00000240a7c27143 sp=0x0000008b972fc4a8 mode 3
Event: 1.973 Thread 0x00000240b0c04590 DEOPT PACKING pc=0x00000240a8159581 sp=0x0000008b971fdaf0
Event: 1.973 Thread 0x00000240b0c04590 DEOPT UNPACKING pc=0x00000240a7c27143 sp=0x0000008b971fcf80 mode 3
Event: 1.975 Thread 0x00000240b10661b0 DEOPT PACKING pc=0x00000240a8158417 sp=0x0000008b972fec20
Event: 1.975 Thread 0x00000240b10661b0 DEOPT UNPACKING pc=0x00000240a7c27143 sp=0x0000008b972fe078 mode 3
Event: 2.022 Thread 0x00000240b1091840 DEOPT PACKING pc=0x00000240a83840ab sp=0x0000008b974fe440
Event: 2.022 Thread 0x00000240b1091840 DEOPT UNPACKING pc=0x00000240a7c27143 sp=0x0000008b974fd988 mode 3

Classes unloaded (0 events):
No events

Classes redefined (0 events):
No events

Internal exceptions (20 events):
Event: 2.040 Thread 0x00000240b10d6a80 Exception <a 'sun/nio/fs/WindowsException'{0x00000000ee7b8168}> (0x00000000ee7b8168) 
thrown [s\src\hotspot\share\prims\jni.cpp, line 516]
Event: 2.040 Thread 0x00000240b10d6a80 Exception <a 'sun/nio/fs/WindowsException'{0x00000000ee7b8538}> (0x00000000ee7b8538) 
thrown [s\src\hotspot\share\prims\jni.cpp, line 516]
Event: 2.040 Thread 0x00000240b10d6a80 Exception <a 'sun/nio/fs/WindowsException'{0x00000000ee7b8f70}> (0x00000000ee7b8f70) 
thrown [s\src\hotspot\share\prims\jni.cpp, line 516]
Event: 2.040 Thread 0x00000240b10d6a80 Exception <a 'sun/nio/fs/WindowsException'{0x00000000ee7b9378}> (0x00000000ee7b9378) 
thrown [s\src\hotspot\share\prims\jni.cpp, line 516]
Event: 2.040 Thread 0x00000240b10d6a80 Exception <a 'sun/nio/fs/WindowsException'{0x00000000ee7b9d88}> (0x00000000ee7b9d88) 
thrown [s\src\hotspot\share\prims\jni.cpp, line 516]
Event: 2.040 Thread 0x00000240b10d6a80 Exception <a 'sun/nio/fs/WindowsException'{0x00000000ee7ba160}> (0x00000000ee7ba160) 
thrown [s\src\hotspot\share\prims\jni.cpp, line 516]
Event: 2.040 Thread 0x00000240b10d6a80 Exception <a 'sun/nio/fs/WindowsException'{0x00000000ee7bab48}> (0x00000000ee7bab48) 
thrown [s\src\hotspot\share\prims\jni.cpp, line 516]
Event: 2.041 Thread 0x00000240b10d6a80 Exception <a 'sun/nio/fs/WindowsException'{0x00000000ee7baee8}> (0x00000000ee7baee8) 
thrown [s\src\hotspot\share\prims\jni.cpp, line 516]
Event: 2.041 Thread 0x00000240b10d6a80 Exception <a 'sun/nio/fs/WindowsException'{0x00000000ee7bb8e0}> (0x00000000ee7bb8e0) 
thrown [s\src\hotspot\share\prims\jni.cpp, line 516]
Event: 2.041 Thread 0x00000240b10d6a80 Exception <a 'sun/nio/fs/WindowsException'{0x00000000ee7bbc98}> (0x00000000ee7bbc98) 
thrown [s\src\hotspot\share\prims\jni.cpp, line 516]
Event: 2.041 Thread 0x00000240b10d6a80 Exception <a 'sun/nio/fs/WindowsException'{0x00000000ee7bc680}> (0x00000000ee7bc680) 
thrown [s\src\hotspot\share\prims\jni.cpp, line 516]
Event: 2.041 Thread 0x00000240b10d6a80 Exception <a 'sun/nio/fs/WindowsException'{0x00000000ee7bca28}> (0x00000000ee7bca28) 
thrown [s\src\hotspot\share\prims\jni.cpp, line 516]
Event: 2.041 Thread 0x00000240b10d6a80 Exception <a 'sun/nio/fs/WindowsException'{0x00000000ee7bd420}> (0x00000000ee7bd420) 
thrown [s\src\hotspot\share\prims\jni.cpp, line 516]
Event: 2.041 Thread 0x00000240b10d6a80 Exception <a 'sun/nio/fs/WindowsException'{0x00000000ee7bd7d8}> (0x00000000ee7bd7d8) 
thrown [s\src\hotspot\share\prims\jni.cpp, line 516]
Event: 2.041 Thread 0x00000240b10d6a80 Exception <a 'sun/nio/fs/WindowsException'{0x00000000ee7be1e8}> (0x00000000ee7be1e8) 
thrown [s\src\hotspot\share\prims\jni.cpp, line 516]
Event: 2.041 Thread 0x00000240b10d6a80 Exception <a 'sun/nio/fs/WindowsException'{0x00000000ee7be5c0}> (0x00000000ee7be5c0) 
thrown [s\src\hotspot\share\prims\jni.cpp, line 516]
Event: 2.041 Thread 0x00000240b10d6a80 Exception <a 'sun/nio/fs/WindowsException'{0x00000000ee7befe8}> (0x00000000ee7befe8) 
thrown [s\src\hotspot\share\prims\jni.cpp, line 516]
Event: 2.042 Thread 0x00000240b10d6a80 Exception <a 'sun/nio/fs/WindowsException'{0x00000000ee7bf3d8}> (0x00000000ee7bf3d8) 
thrown [s\src\hotspot\share\prims\jni.cpp, line 516]
Event: 2.042 Thread 0x00000240b10d6a80 Exception <a 'sun/nio/fs/WindowsException'{0x00000000ee7bfdf8}> (0x00000000ee7bfdf8) 
thrown [s\src\hotspot\share\prims\jni.cpp, line 516]
Event: 2.042 Thread 0x00000240b10d6a80 Exception <a 'sun/nio/fs/WindowsException'{0x00000000ee7c01e0}> (0x00000000ee7c01e0) 
thrown [s\src\hotspot\share\prims\jni.cpp, line 516]

VM Operations (20 events):
Event: 2.458 Executing VM operation: G1CollectForAllocation done
Event: 2.458 Executing VM operation: G1CollectForAllocation
Event: 2.461 Executing VM operation: G1CollectForAllocation done
Event: 2.486 Executing VM operation: G1CollectForAllocation
Event: 2.486 Executing VM operation: G1CollectForAllocation done
Event: 2.486 Executing VM operation: G1CollectForAllocation
Event: 2.488 Executing VM operation: G1CollectForAllocation done
Event: 2.508 Executing VM operation: G1CollectForAllocation
Event: 2.508 Executing VM operation: G1CollectForAllocation done
Event: 2.508 Executing VM operation: G1CollectForAllocation
Event: 2.511 Executing VM operation: G1CollectForAllocation done
Event: 2.529 Executing VM operation: G1CollectForAllocation
Event: 2.529 Executing VM operation: G1CollectForAllocation done
Event: 2.529 Executing VM operation: G1CollectForAllocation
Event: 2.534 Executing VM operation: G1CollectForAllocation done
Event: 2.550 Executing VM operation: G1CollectForAllocation
Event: 2.550 Executing VM operation: G1CollectForAllocation done
Event: 2.550 Executing VM operation: G1CollectForAllocation
Event: 2.550 Executing VM operation: G1CollectForAllocation done
Event: 2.550 Executing VM operation: G1CollectForAllocation

Events (20 events):
Event: 2.108 loading class java/util/stream/Collectors$1PairBox
Event: 2.108 loading class java/util/stream/Collectors$1PairBox done
Event: 2.108 loading class java/util/concurrent/locks/AbstractQueuedSynchronizer$SharedNode
Event: 2.108 loading class java/util/concurrent/locks/AbstractQueuedSynchronizer$SharedNode done
Event: 2.108 loading class jdk/internal/module/SystemModuleFinders$ModuleContentSpliterator
Event: 2.108 loading class jdk/internal/module/SystemModuleFinders$ModuleContentSpliterator done
Event: 2.109 loading class jdk/internal/jimage/ImageReader$Directory
Event: 2.109 loading class jdk/internal/jimage/ImageReader$Node
Event: 2.109 loading class jdk/internal/jimage/ImageReader$Node done
Event: 2.109 loading class jdk/internal/jimage/ImageReader$Directory done
Event: 2.109 loading class jdk/internal/jimage/ImageReader$SharedImageReader$LocationVisitor
Event: 2.109 loading class jdk/internal/jimage/ImageReader$SharedImageReader$LocationVisitor done
Event: 2.109 loading class java/nio/ByteBufferAsIntBufferL
Event: 2.109 loading class java/nio/ByteBufferAsIntBufferL done
Event: 2.109 loading class jdk/internal/jimage/ImageReader$Resource
Event: 2.109 loading class jdk/internal/jimage/ImageReader$Resource done
Event: 2.110 loading class java/util/stream/LongStream
Event: 2.110 loading class java/util/stream/LongStream done
Event: 2.110 loading class java/util/stream/DoubleStream
Event: 2.110 loading class java/util/stream/DoubleStream done


Dynamic libraries:
0x00007ff772f50000 - 0x00007ff772f5e000 	c:\Users\kirus\.vscode\extensions\redhat.java-1.15.0-win32-x64\jre\17.0.6-win32-x86_64\bin\java.exe
0x00007ff818310000 - 0x00007ff818508000 	C:\Windows\SYSTEM32\ntdll.dll
0x00007ff817590000 - 0x00007ff81764f000 	C:\Windows\System32\KERNEL32.DLL
0x00007ff815a00000 - 0x00007ff815cd2000 	C:\Windows\System32\KERNELBASE.dll
0x00007ff815e40000 - 0x00007ff815f40000 	C:\Windows\System32\ucrtbase.dll
0x00007fffd5510000 - 0x00007fffd5527000 	c:\Users\kirus\.vscode\extensions\redhat.java-1.15.0-win32-x64\jre\17.0.6-win32-x86_64\bin\jli.dll
0x00007fffd5530000 - 0x00007fffd5549000 	c:\Users\kirus\.vscode\extensions\redhat.java-1.15.0-win32-x64\jre\17.0.6-win32-x86_64\bin\VCRUNTIME140.dll
0x00007ff8169d0000 - 0x00007ff816b71000 	C:\Windows\System32\USER32.dll
0x00007ff8160c0000 - 0x00007ff8160e2000 	C:\Windows\System32\win32u.dll
0x00007ff817730000 - 0x00007ff81775b000 	C:\Windows\System32\GDI32.dll
0x00007ff8160f0000 - 0x00007ff8161ff000 	C:\Windows\System32\gdi32full.dll
0x00007ff816200000 - 0x00007ff81629d000 	C:\Windows\System32\msvcp_win.dll
0x00007ff801270000 - 0x00007ff80150a000 	C:\Windows\WinSxS\amd64_microsoft.windows.common-controls_6595b64144ccf1df_6.0.19041.1110_none_60b5254171f9507e\COMCTL32.dll
0x00007ff817900000 - 0x00007ff81799e000 	C:\Windows\System32\msvcrt.dll
0x00007ff817760000 - 0x00007ff817792000 	C:\Windows\System32\IMM32.DLL
0x00007ffff9420000 - 0x00007ffff942c000 	c:\Users\kirus\.vscode\extensions\redhat.java-1.15.0-win32-x64\jre\17.0.6-win32-x86_64\bin\vcruntime140_1.dll
0x00007fffb5670000 - 0x00007fffb5701000 	c:\Users\kirus\.vscode\extensions\redhat.java-1.15.0-win32-x64\jre\17.0.6-win32-x86_64\bin\msvcp140.dll
0x00007fff91be0000 - 0x00007fff92827000 	c:\Users\kirus\.vscode\extensions\redhat.java-1.15.0-win32-x64\jre\17.0.6-win32-x86_64\bin\server\jvm.dll
0x00007ff817330000 - 0x00007ff8173de000 	C:\Windows\System32\ADVAPI32.dll
0x00007ff816c90000 - 0x00007ff816d2c000 	C:\Windows\System32\sechost.dll
0x00007ff816d90000 - 0x00007ff816eb5000 	C:\Windows\System32\RPCRT4.dll
0x00007ff8007b0000 - 0x00007ff8007b9000 	C:\Windows\SYSTEM32\WSOCK32.dll
0x00007ff80ffc0000 - 0x00007ff80ffca000 	C:\Windows\SYSTEM32\VERSION.dll
0x00007ff816c00000 - 0x00007ff816c6b000 	C:\Windows\System32\WS2_32.dll
0x00007ff8071c0000 - 0x00007ff8071e7000 	C:\Windows\SYSTEM32\WINMM.dll
0x00007ff8138a0000 - 0x00007ff8138b2000 	C:\Windows\SYSTEM32\kernel.appcore.dll
0x00007ffff8f90000 - 0x00007ffff8f9a000 	c:\Users\kirus\.vscode\extensions\redhat.java-1.15.0-win32-x64\jre\17.0.6-win32-x86_64\bin\jimage.dll
0x00007ff80f560000 - 0x00007ff80f744000 	C:\Windows\SYSTEM32\DBGHELP.DLL
0x00007ff80f500000 - 0x00007ff80f535000 	C:\Windows\SYSTEM32\dbgcore.DLL
0x00007ff815fc0000 - 0x00007ff816042000 	C:\Windows\System32\bcryptPrimitives.dll
0x00007fffd1ea0000 - 0x00007fffd1ec5000 	c:\Users\kirus\.vscode\extensions\redhat.java-1.15.0-win32-x64\jre\17.0.6-win32-x86_64\bin\java.dll
0x00007fffd1e00000 - 0x00007fffd1e18000 	c:\Users\kirus\.vscode\extensions\redhat.java-1.15.0-win32-x64\jre\17.0.6-win32-x86_64\bin\zip.dll
0x00007ff817a50000 - 0x00007ff818195000 	C:\Windows\System32\SHELL32.dll
0x00007ff813aa0000 - 0x00007ff814232000 	C:\Windows\SYSTEM32\windows.storage.dll
0x00007ff816ec0000 - 0x00007ff817215000 	C:\Windows\System32\combase.dll
0x00007ff8152a0000 - 0x00007ff8152d0000 	C:\Windows\SYSTEM32\Wldp.dll
0x00007ff8179a0000 - 0x00007ff817a4d000 	C:\Windows\System32\SHCORE.dll
0x00007ff8172d0000 - 0x00007ff817325000 	C:\Windows\System32\shlwapi.dll
0x00007ff815940000 - 0x00007ff81595f000 	C:\Windows\SYSTEM32\profapi.dll
0x00007fffd1de0000 - 0x00007fffd1df9000 	C:\Users\kirus\.vscode\extensions\redhat.java-1.15.0-win32-x64\jre\17.0.6-win32-x86_64\bin\net.dll
0x00007ff8116b0000 - 0x00007ff8117bc000 	C:\Windows\SYSTEM32\WINHTTP.dll
0x00007ff815080000 - 0x00007ff8150ea000 	C:\Windows\system32\mswsock.dll
0x00007fffc6590000 - 0x00007fffc65a5000 	C:\Users\kirus\.vscode\extensions\redhat.java-1.15.0-win32-x64\jre\17.0.6-win32-x86_64\bin\nio.dll
0x00007fffeb1c0000 - 0x00007fffeb1d0000 	c:\Users\kirus\.vscode\extensions\redhat.java-1.15.0-win32-x64\jre\17.0.6-win32-x86_64\bin\verify.dll
0x00007ff815650000 - 0x00007ff815668000 	C:\Windows\SYSTEM32\CRYPTSP.dll
0x00007ff8149c0000 - 0x00007ff8149f4000 	C:\Windows\system32\rsaenh.dll
0x00007ff815f90000 - 0x00007ff815fb7000 	C:\Windows\System32\bcrypt.dll
0x00007ff8158c0000 - 0x00007ff8158ee000 	C:\Windows\SYSTEM32\USERENV.dll
0x00007ff815210000 - 0x00007ff81521c000 	C:\Windows\SYSTEM32\CRYPTBASE.dll
0x00007ff814d90000 - 0x00007ff814dcb000 	C:\Windows\SYSTEM32\IPHLPAPI.DLL
0x00007ff816c80000 - 0x00007ff816c88000 	C:\Windows\System32\NSI.dll
0x00007ff811f20000 - 0x00007ff811f37000 	C:\Windows\SYSTEM32\dhcpcsvc6.DLL
0x00007ff811db0000 - 0x00007ff811dcd000 	C:\Windows\SYSTEM32\dhcpcsvc.DLL
0x00007ff814dd0000 - 0x00007ff814e9b000 	C:\Windows\SYSTEM32\DNSAPI.dll
0x00007ff810bb0000 - 0x00007ff810bb9000 	C:\Users\kirus\.vscode\extensions\redhat.java-1.15.0-win32-x64\jre\17.0.6-win32-x86_64\bin\management.dll
0x00007ff810ba0000 - 0x00007ff810bab000 	C:\Users\kirus\.vscode\extensions\redhat.java-1.15.0-win32-x64\jre\17.0.6-win32-x86_64\bin\management_ext.dll
0x00007ff8169c0000 - 0x00007ff8169c8000 	C:\Windows\System32\PSAPI.DLL

dbghelp: loaded successfully - version: 4.0.5 - missing functions: none
symbol engine: initialized successfully - sym options: 0x614 - pdb path: .;c:\Users\kirus\.vscode\extensions\redhat.java-1.15.0-win32-x64\jre\17.0.6-win32-x86_64\bin;C:\Windows\SYSTEM32;C:\Windows\WinSxS\amd64_microsoft.windows.common-controls_6595b64144ccf1df_6.0.19041.1110_none_60b5254171f9507e;c:\Users\kirus\.vscode\extensions\redhat.java-1.15.0-win32-x64\jre\17.0.6-win32-x86_64\bin\server

VM Arguments:
jvm_args: -XX:+HeapDumpOnOutOfMemoryError -Xmx1024m -Dsts.lsp.client=vscode -Dsts.log.file=/dev/null -XX:TieredStopAtLevel=1 -Xlog:jni+resolve=off -Dspring.config.location=file:c:\Users\kirus\.vscode\extensions\vmware.vscode-spring-boot-1.44.0\language-server\BOOT-INF\classes\application.properties -Xmx512M 
java_command: org.springframework.ide.vscode.boot.app.BootLanguageServerBootApp
java_class_path (initial): c:\Users\kirus\.vscode\extensions\vmware.vscode-spring-boot-1.44.0\language-server\BOOT-INF\classes;c:\Users\kirus\.vscode\extensions\vmware.vscode-spring-boot-1.44.0\language-server\BOOT-INF\lib\annotations-24.0.0.jar;c:\Users\kirus\.vscode\extensions\vmware.vscode-spring-boot-1.44.0\language-server\BOOT-INF\lib\ant-1.10.13.jar;c:\Users\kirus\.vscode\extensions\vmware.vscode-spring-boot-1.44.0\language-server\BOOT-INF\lib\ant-launcher-1.10.13.jar;c:\Users\kirus\.vscode\extensions\vmware.vscode-spring-boot-1.44.0\language-server\BOOT-INF\lib\antlr-runtime-3.5.2.jar;c:\Users\kirus\.vscode\extensions\vmware.vscode-spring-boot-1.44.0\language-server\BOOT-INF\lib\antlr4-4.9.3.jar;c:\Users\kirus\.vscode\extensions\vmware.vscode-spring-boot-1.44.0\language-server\BOOT-INF\lib\antlr4-runtime-4.9.3.jar;c:\Users\kirus\.vscode\extensions\vmware.vscode-spring-boot-1.44.0\language-server\BOOT-INF\lib\apiguardian-api-1.1.2.jar;c:\Users\kirus\.vscode\extensions\vmware.vscode-spring-boot-1.44.0\language-server\BOOT-INF\lib\asm-9.4.jar;c:\Users\kirus\.vscode\extensions\vmware.vscode-spring-boot-1.44.0\language-server\BOOT-INF\lib\asm-analysis-9.4.jar;c:\Users\kirus\.vscode\extensions\vmware.vscode-spring-boot-1.44.0\language-server\BOOT-INF\lib\asm-tree-9.4.jar;c:\Users\kirus\.vscode\extensions\vmware.vscode-spring-boot-1.44.0\language-server\BOOT-INF\lib\asm-util-9.4.jar;c:\Users\kirus\.vscode\extensions\vmware.vscode-spring-boot-1.44.0\language-server\BOOT-INF\lib\caffeine-3.1.2.jar;c:\Users\kirus\.vscode\extensions\vmware.vscode-spring-boot-1.44.0\language-server\BOOT-INF\lib\checker-qual-3.12.0.jar;c:\Users\kirus\.vscode\extensions\vmware.vscode-spring-boot-1.44.0\language-server\BOOT-INF\lib\ci-environment-9.1.0.jar;c:\Users\kirus\.vscode\extensions\vmware.vscode-spring-boot-1.44.0\language-server\BOOT-INF\lib\classgraph-4.8.149.jar;c:\Users\kirus\.vscode\extensions\vmware.vscode-spring-boot-1.44.0\language-server\BOOT-INF\lib\commons-codec-1.15.ja
Launcher Type: SUN_STANDARD

[Global flags]
     intx CICompilerCount                          = 4                                         {product} {ergonomic}
     uint ConcGCThreads                            = 3                                         {product} {ergonomic}
     uint G1ConcRefinementThreads                  = 10                                        {product} {ergonomic}
   size_t G1HeapRegionSize                         = 1048576                                   {product} {ergonomic}
    uintx GCDrainStackTargetSize                   = 64                                        {product} {ergonomic}
     bool HeapDumpOnOutOfMemoryError               = true                                   {manageable} {command line}
   size_t InitialHeapSize                          = 268435456                                 {product} {ergonomic}
   size_t MarkStackSize                            = 4194304                                   {product} {ergonomic}
   size_t MaxHeapSize                              = 536870912                                 {product} {command line}
   size_t MaxNewSize                               = 321912832                                 {product} {ergonomic}
   size_t MinHeapDeltaBytes                        = 1048576                                   {product} {ergonomic}
   size_t MinHeapSize                              = 8388608                                   {product} {ergonomic}
    uintx NonProfiledCodeHeapSize                  = 0                                      {pd product} {ergonomic}
     bool ProfileInterpreter                       = false                                  {pd product} {command line}
    uintx ProfiledCodeHeapSize                     = 0                                      {pd product} {ergonomic}
   size_t SoftMaxHeapSize                          = 536870912                              {manageable} {ergonomic}
     intx TieredStopAtLevel                        = 1                                         {product} {command line}
     bool UseCompressedClassPointers               = true                           {product lp64_product} {ergonomic}
     bool UseCompressedOops                        = true                           {product lp64_product} {ergonomic}
     bool UseG1GC                                  = true                                      {product} {ergonomic}
     bool UseLargePagesIndividualAllocation        = false                                  {pd product} {ergonomic}

Logging:
Log output configuration:
 #0: stdout all=warning,jni+resolve=off uptime,level,tags
 #1: stderr all=off uptime,level,tags

Environment Variables:
JAVA_HOME=C:\Program Files\Eclipse Adoptium\jdk-17.0.6.10-hotspot\
_JAVA_OPTIONS=-Xmx512M
PATH=C:\Program Files\Eclipse Adoptium\jdk-17.0.6.10-hotspot\bin;C:\Program Files (x86)\Common Files\Oracle\Java\javapath;c:\program files (x86)\common files\intel\shared libraries\redist\intel64\compiler;c:\programdata\oracle\java\javapath;c:\windows\system32;c:\windows;c:\windows\system32\wbem;c:\windows\system32\windowspowershell\v1.0\;c:\windows\system32\openssh\;c:\program files (x86)\ati technologies\ati.ace\core-static;c:\program files (x86)\amd\ati.ace\core-static;c:\program files\nvidia corporation\nvidia nvdlisr;C:\Program Files (x86)\NVIDIA Corporation\PhysX\Common;C:\Program Files\Microsoft SQL Server\150\Tools\Binn\;C:\Program Files\Microsoft SQL Server\Client SDK\ODBC\170\Tools\Binn\;C:\Program Files\Azure Data Studio\bin;C:\Program Files (x86)\Microsoft SQL Server\150\DTS\Binn\;C:\Program Files\Git\cmd;C:\Program Files\dotnet\;C:\Program Files\Docker\Docker\resources\bin;C:\Users\kirus\AppData\Local\Microsoft\WindowsApps;C:\Program Files\Azure Data Studio\bin;C:\Users\kirus\AppData\Local\Programs\Microsoft VS Code\bin;C:\Users\kirus\.dotnet\tools
USERNAME=kirus
OS=Windows_NT
PROCESSOR_IDENTIFIER=Intel64 Family 6 Model 165 Stepping 5, GenuineIntel
TMP=C:\Users\kirus\AppData\Local\Temp
TEMP=C:\Users\kirus\AppData\Local\Temp



---------------  S Y S T E M  ---------------

OS:
 Windows 10 , 64 bit Build 19041 (10.0.19041.2546)
OS uptime: 1 days 1:13 hours
Hyper-V role detected

CPU: total 12 (initial active 12) (6 cores per cpu, 2 threads per core) family 6 model 165 stepping 5 microcode 0xca, cx8, cmov, fxsr, ht, mmx, 3dnowpref, sse, sse2, sse3, ssse3, sse4.1, sse4.2, popcnt, lzcnt, tsc, tscinvbit, avx, avx2, aes, erms, clmul, bmi1, bmi2, adx, fma, vzeroupper, clflush, clflushopt, hv

Memory: 4k page, system-wide physical 16292M (2090M free)
TotalPageFile size 18340M (AvailPageFile size 35M)
current process WorkingSet (physical memory assigned to process): 384M, peak: 384M
current process commit charge ("private bytes"): 420M, peak: 469M

vm_info: OpenJDK 64-Bit Server VM (17.0.6+10) for windows-amd64 JRE (17.0.6+10), built on Jan 18 2023 10:08:59 by "temurin" with MS VC++ 16.7 (VS2019)

END.
