#
# There is insufficient memory for the Java Runtime Environment to continue.
# Native memory allocation (malloc) failed to allocate 32744 bytes for ChunkPool::allocate
# Possible reasons:
#   The system is out of physical RAM or swap space
#   The process is running with CompressedOops enabled, and the Java Heap may be blocking the growth of the native heap
# Possible solutions:
#   Reduce memory load on the system
#   Increase physical memory or swap space
#   Check if swap backing store is full
#   Decrease Java heap size (-Xmx/-Xms)
#   Decrease number of Java threads
#   Decrease Java thread stack sizes (-Xss)
#   Set larger code cache with -XX:ReservedCodeCacheSize=
#   JVM is running with Unscaled Compressed Oops mode in which the Java heap is
#     placed in the first 4GB address space. The Java Heap base address is the
#     maximum limit for the native heap growth. Please use -XX:HeapBaseMinAddress
#     to set the Java Heap base and to place the Java Heap above 4GB virtual address.
# This output file may be truncated or incomplete.
#
#  Out of Memory Error (arena.cpp:78), pid=12884, tid=17552
#
# JRE version: OpenJDK Runtime Environment Temurin-17.0.6+10 (17.0.6+10) (build 17.0.6+10)
# Java VM: OpenJDK 64-Bit Server VM Temurin-17.0.6+10 (17.0.6+10, mixed mode, tiered, compressed oops, compressed class ptrs, parallel gc, windows-amd64)
# No core dump will be written. Minidumps are not enabled by default on client versions of Windows
#

---------------  S U M M A R Y ------------

Command Line: --add-modules=ALL-SYSTEM --add-opens=java.base/java.util=ALL-UNNAMED --add-opens=java.base/java.lang=ALL-UNNAMED --add-opens=java.base/sun.nio.fs=ALL-UNNAMED -Declipse.application=org.eclipse.jdt.ls.core.id1 -Dosgi.bundles.defaultStartLevel=4 -Declipse.product=org.eclipse.jdt.ls.core.product -Djava.import.generatesMetadataFilesAtProjectRoot=false -Dfile.encoding=utf8 -XX:+UseParallelGC -XX:GCTimeRatio=4 -XX:AdaptiveSizePolicyWeight=90 -Dsun.zip.disableMemoryMapping=true -Xmx4G -Xms100m -Xlog:disable -javaagent:c:\Users\kirus\.vscode\extensions\redhat.java-1.15.0-win32-x64\lombok\lombok-1.18.24.jar -XX:+HeapDumpOnOutOfMemoryError -XX:HeapDumpPath=c:\Users\kirus\AppData\Roaming\Code\User\workspaceStorage\22f2343e581199575215308d8e975055\redhat.java -Xmx512M c:\Users\kirus\.vscode\extensions\redhat.java-1.15.0-win32-x64\server\plugins\org.eclipse.equinox.launcher_1.6.400.v20210924-0641.jar -configuration c:\Users\kirus\AppData\Roaming\Code\User\globalStorage\redhat.java\1.15.0\config_win -data c:\Users\kirus\AppData\Roaming\Code\User\workspaceStorage\22f2343e581199575215308d8e975055\redhat.java\jdt_ws

Host: Intel(R) Core(TM) i5-10600KF CPU @ 4.10GHz, 12 cores, 15G,  Windows 10 , 64 bit Build 19041 (10.0.19041.2546)
Time: Sat Feb 25 23:10:49 2023 RTZ 2 (s 10 , 64 bit Build 19041 (10.0.19041.2546) elapsed time: 0.283299 seconds (0d 0h 0m 0s)

---------------  T H R E A D  ---------------

Current thread (0x000002179b109320):  JavaThread "C1 CompilerThread0" daemon [_thread_in_native, id=17552, stack(0x000000c668200000,0x000000c668300000)]


Current CompileTask:
C1:    283  475       3       java.lang.String::<init> (828 bytes)

Stack: [0x000000c668200000,0x000000c668300000]
Native frames: (J=compiled Java code, j=interpreted, Vv=VM code, C=native code)
V  [jvm.dll+0x67741a]
V  [jvm.dll+0x834434]
V  [jvm.dll+0x835bde]
V  [jvm.dll+0x836243]
V  [jvm.dll+0x2457b5]
V  [jvm.dll+0xabd1c]
V  [jvm.dll+0xac0cc]
V  [jvm.dll+0xaa7c]
V  [jvm.dll+0x2574eb]
V  [jvm.dll+0x13e3b5]
V  [jvm.dll+0x140935]
V  [jvm.dll+0x13ec14]
V  [jvm.dll+0x138b8f]
V  [jvm.dll+0x148706]
V  [jvm.dll+0x1342a0]
V  [jvm.dll+0x134600]
V  [jvm.dll+0x1348c6]
V  [jvm.dll+0x133d5a]
V  [jvm.dll+0x135a21]
V  [jvm.dll+0x22742a]
V  [jvm.dll+0x225565]
V  [jvm.dll+0x7ea2cb]
V  [jvm.dll+0x7e483a]
V  [jvm.dll+0x6762c5]
C  [ucrtbase.dll+0x21bb2]
C  [KERNEL32.DLL+0x17614]
C  [ntdll.dll+0x526a1]


---------------  P R O C E S S  ---------------

Threads class SMR info:
_java_thread_list=0x000002179b3bdd00, length=13, elements={
0x0000021786a61900, 0x00000217868bf010, 0x00000217868c44d0, 0x000002179b0b3940,
0x00000217868cc220, 0x00000217868ccda0, 0x00000217868cd920, 0x00000217868ce5c0,
0x000002179b109320, 0x000002179b10c3f0, 0x000002179b213210, 0x000002179b2a8720,
0x000002179b3f9670
}

Java Threads: ( => current thread )
  0x0000021786a61900 JavaThread "main" [_thread_in_Java, id=15824, stack(0x000000c667800000,0x000000c667900000)]
  0x00000217868bf010 JavaThread "Reference Handler" daemon [_thread_blocked, id=5404, stack(0x000000c667b00000,0x000000c667c00000)]
  0x00000217868c44d0 JavaThread "Finalizer" daemon [_thread_blocked, id=4216, stack(0x000000c667c00000,0x000000c667d00000)]
  0x000002179b0b3940 JavaThread "Signal Dispatcher" daemon [_thread_blocked, id=13548, stack(0x000000c667d00000,0x000000c667e00000)]
  0x00000217868cc220 JavaThread "Attach Listener" daemon [_thread_blocked, id=20048, stack(0x000000c667e00000,0x000000c667f00000)]
  0x00000217868ccda0 JavaThread "Service Thread" daemon [_thread_blocked, id=17448, stack(0x000000c667f00000,0x000000c668000000)]
  0x00000217868cd920 JavaThread "Monitor Deflation Thread" daemon [_thread_blocked, id=23396, stack(0x000000c668000000,0x000000c668100000)]
  0x00000217868ce5c0 JavaThread "C2 CompilerThread0" daemon [_thread_in_native, id=9876, stack(0x000000c668100000,0x000000c668200000)]
=>0x000002179b109320 JavaThread "C1 CompilerThread0" daemon [_thread_in_native, id=17552, stack(0x000000c668200000,0x000000c668300000)]
  0x000002179b10c3f0 JavaThread "Sweeper thread" daemon [_thread_blocked, id=7160, stack(0x000000c668300000,0x000000c668400000)]
  0x000002179b213210 JavaThread "Common-Cleaner" daemon [_thread_blocked, id=7864, stack(0x000000c668400000,0x000000c668500000)]
  0x000002179b2a8720 JavaThread "C2 CompilerThread1" daemon [_thread_in_native, id=15924, stack(0x000000c668500000,0x000000c668600000)]
  0x000002179b3f9670 JavaThread "Notification Thread" daemon [_thread_blocked, id=3364, stack(0x000000c668600000,0x000000c668700000)]

Other Threads:
  0x000002179b062fe0 VMThread "VM Thread" [stack: 0x000000c667a00000,0x000000c667b00000] [id=2052]
  0x000002179c6a8730 WatcherThread [stack: 0x000000c668700000,0x000000c668800000] [id=12912]
  0x0000021786a77b70 GCTaskThread "GC Thread#0" [stack: 0x000000c667900000,0x000000c667a00000] [id=13520]

Threads with active compile tasks:
C2 CompilerThread0      296  471       4       java.util.Collections$UnmodifiableCollection::iterator (9 bytes)
C1 CompilerThread0      296  475       3       java.lang.String::<init> (828 bytes)
C2 CompilerThread1      296  472       4       lombok.patcher.scripts.MethodLevelPatchScript::patch (21 bytes)

VM state: not at safepoint (normal execution)

VM Mutex/Monitor currently owned by a thread:  ([mutex/lock_event])
[0x0000021786a5eb40] SystemDictionary_lock - owner thread: 0x0000000000000000

Heap address: 0x00000000e0000000, size: 512 MB, Compressed Oops mode: 32-bit

CDS archive(s) not mapped
Compressed class space mapped at: 0x0000000100000000-0x0000000140000000, reserved size: 1073741824
Narrow klass base: 0x0000000000000000, Narrow klass shift: 3, Narrow klass range: 0x140000000

GC Precious Log:
 CPUs: 12 total, 12 available
 Memory: 16292M
 Large Page Support: Disabled
 NUMA Support: Disabled
 Compressed Oops: Enabled (32-bit)
 Alignments: Space 512K, Generation 512K, Heap 2M
 Heap Min Capacity: 100M
 Heap Initial Capacity: 100M
 Heap Max Capacity: 512M
 Pre-touch: Disabled
 Parallel Workers: 10

Heap:
 PSYoungGen      total 29696K, used 12170K [0x00000000f5580000, 0x00000000f7680000, 0x0000000100000000)
  eden space 25600K, 47% used [0x00000000f5580000,0x00000000f6162b98,0x00000000f6e80000)
  from space 4096K, 0% used [0x00000000f7280000,0x00000000f7280000,0x00000000f7680000)
  to   space 4096K, 0% used [0x00000000f6e80000,0x00000000f6e80000,0x00000000f7280000)
 ParOldGen       total 68608K, used 0K [0x00000000e0000000, 0x00000000e4300000, 0x00000000f5580000)
  object space 68608K, 0% used [0x00000000e0000000,0x00000000e0000000,0x00000000e4300000)
 Metaspace       used 8583K, committed 8640K, reserved 1056768K
  class space    used 852K, committed 896K, reserved 1048576K

Card table byte_map: [0x0000021786410000,0x0000021786520000] _byte_map_base: 0x0000021785d10000

Marking Bits: (ParMarkBitMap*) 0x00007fffcd213e70
 Begin Bits: [0x00000217986f0000, 0x0000021798ef0000)
 End Bits:   [0x0000021798ef0000, 0x00000217996f0000)

Polling page: 0x00000217848d0000

Metaspace:

Usage:
  Non-class:      7.55 MB used.
      Class:    852.70 KB used.
       Both:      8.38 MB used.

Virtual space:
  Non-class space:        8.00 MB reserved,       7.62 MB ( 95%) committed,  1 nodes.
      Class space:        1.00 GB reserved,     896.00 KB ( <1%) committed,  1 nodes.
             Both:        1.01 GB reserved,       8.50 MB ( <1%) committed. 

Chunk freelists:
   Non-Class:  0 bytes
       Class:  3.09 MB
        Both:  3.09 MB

MaxMetaspaceSize: unlimited
CompressedClassSpaceSize: 1.00 GB
Initial GC threshold: 21.00 MB
Current GC threshold: 21.00 MB
CDS: off
MetaspaceReclaimPolicy: balanced
 - commit_granule_bytes: 65536.
 - commit_granule_words: 8192.
 - virtual_space_node_default_size: 1048576.
 - enlarge_chunks_in_place: 1.
 - new_chunks_are_fully_committed: 0.
 - uncommit_free_chunks: 1.
 - use_allocation_guard: 0.
 - handle_deallocations: 1.


Internal statistics:

num_allocs_failed_limit: 0.
num_arena_births: 10.
num_arena_deaths: 0.
num_vsnodes_births: 2.
num_vsnodes_deaths: 0.
num_space_committed: 136.
num_space_uncommitted: 0.
num_chunks_returned_to_freelist: 0.
num_chunks_taken_from_freelist: 38.
num_chunk_merges: 0.
num_chunk_splits: 20.
num_chunks_enlarged: 17.
num_purges: 0.
num_inconsistent_stats: 0.

CodeHeap 'non-profiled nmethods': size=120000Kb used=152Kb max_used=152Kb free=119847Kb
 bounds [0x00000217911c0000, 0x0000021791430000, 0x00000217986f0000]
CodeHeap 'profiled nmethods': size=120000Kb used=647Kb max_used=647Kb free=119352Kb
 bounds [0x00000217896f0000, 0x0000021789960000, 0x0000021790c20000]
CodeHeap 'non-nmethods': size=5760Kb used=1130Kb max_used=1148Kb free=4629Kb
 bounds [0x0000021790c20000, 0x0000021790e90000, 0x00000217911c0000]
 total_blobs=891 nmethods=472 adapters=334
 compilation: enabled
              stopped_count=0, restarted_count=0
 full_count=0

Compilation events (20 events):
Event: 0.275 Thread 0x000002179b109320 nmethod 467 0x000002178978ee90 code [0x000002178978f020, 0x000002178978f1b8]
Event: 0.275 Thread 0x000002179b109320  468       3       java.lang.invoke.MethodType::equals (31 bytes)
Event: 0.275 Thread 0x000002179b109320 nmethod 468 0x000002178978f290 code [0x000002178978f440, 0x000002178978f628]
Event: 0.275 Thread 0x000002179b109320  469   !   3       java.lang.invoke.MemberName::getMethodType (211 bytes)
Event: 0.275 Thread 0x000002179b2a8720 nmethod 459 0x00000217911e4310 code [0x00000217911e4480, 0x00000217911e4618]
Event: 0.275 Thread 0x000002179b2a8720  454       4       java.lang.CharacterDataLatin1::digit (32 bytes)
Event: 0.276 Thread 0x00000217868ce5c0 nmethod 458 0x00000217911e4710 code [0x00000217911e4880, 0x00000217911e4b58]
Event: 0.276 Thread 0x000002179b2a8720 nmethod 454 0x00000217911e4c90 code [0x00000217911e4e20, 0x00000217911e4f18]
Event: 0.276 Thread 0x00000217868ce5c0  460       4       java.lang.Character::digit (6 bytes)
Event: 0.276 Thread 0x000002179b2a8720  451       4       java.lang.StringLatin1::newString (24 bytes)
Event: 0.276 Thread 0x000002179b109320 nmethod 469 0x000002178978f710 code [0x000002178978fa00, 0x0000021789790eb8]
Event: 0.276 Thread 0x000002179b109320  470       3       java.util.regex.Pattern::peek (26 bytes)
Event: 0.276 Thread 0x000002179b109320 nmethod 470 0x0000021789791490 code [0x0000021789791640, 0x00000217897918a8]
Event: 0.277 Thread 0x00000217868ce5c0 nmethod 460 0x00000217911e5010 code [0x00000217911e51a0, 0x00000217911e52b8]
Event: 0.278 Thread 0x00000217868ce5c0  471       4       java.util.Collections$UnmodifiableCollection::iterator (9 bytes)
Event: 0.278 Thread 0x000002179b2a8720 nmethod 451 0x00000217911e5410 code [0x00000217911e55a0, 0x00000217911e5998]
Event: 0.279 Thread 0x000002179b2a8720  472       4       lombok.patcher.scripts.MethodLevelPatchScript::patch (21 bytes)
Event: 0.281 Thread 0x000002179b109320  474       3       java.lang.Byte::<init> (10 bytes)
Event: 0.281 Thread 0x000002179b109320 nmethod 474 0x0000021789791a10 code [0x0000021789791bc0, 0x0000021789791d98]
Event: 0.282 Thread 0x000002179b109320  475       3       java.lang.String::<init> (828 bytes)

GC Heap History (0 events):
No events

Dll operation events (8 events):
Event: 0.004 Loaded shared library c:\Users\kirus\.vscode\extensions\redhat.java-1.15.0-win32-x64\jre\17.0.6-win32-x86_64\bin\java.dll
Event: 0.131 Loaded shared library c:\Users\kirus\.vscode\extensions\redhat.java-1.15.0-win32-x64\jre\17.0.6-win32-x86_64\bin\zip.dll
Event: 0.133 Loaded shared library C:\Users\kirus\.vscode\extensions\redhat.java-1.15.0-win32-x64\jre\17.0.6-win32-x86_64\bin\instrument.dll
Event: 0.140 Loaded shared library C:\Users\kirus\.vscode\extensions\redhat.java-1.15.0-win32-x64\jre\17.0.6-win32-x86_64\bin\net.dll
Event: 0.141 Loaded shared library C:\Users\kirus\.vscode\extensions\redhat.java-1.15.0-win32-x64\jre\17.0.6-win32-x86_64\bin\nio.dll
Event: 0.145 Loaded shared library C:\Users\kirus\.vscode\extensions\redhat.java-1.15.0-win32-x64\jre\17.0.6-win32-x86_64\bin\zip.dll
Event: 0.153 Loaded shared library C:\Users\kirus\.vscode\extensions\redhat.java-1.15.0-win32-x64\jre\17.0.6-win32-x86_64\bin\jimage.dll
Event: 0.181 Loaded shared library c:\Users\kirus\.vscode\extensions\redhat.java-1.15.0-win32-x64\jre\17.0.6-win32-x86_64\bin\verify.dll

Deoptimization events (20 events):
Event: 0.256 Thread 0x0000021786a61900 Uncommon trap: trap_request=0xffffffde fr.pc=0x00000217911df944 relative=0x0000000000000124
Event: 0.256 Thread 0x0000021786a61900 Uncommon trap: reason=class_check action=maybe_recompile pc=0x00000217911df944 method=jdk.internal.misc.Unsafe.allocateUninitializedArray(Ljava/lang/Class;I)Ljava/lang/Object; @ 51 c2
Event: 0.256 Thread 0x0000021786a61900 DEOPT PACKING pc=0x00000217911df944 sp=0x000000c6678fc650
Event: 0.256 Thread 0x0000021786a61900 DEOPT UNPACKING pc=0x0000021790c766a3 sp=0x000000c6678fc5d8 mode 2
Event: 0.256 Thread 0x0000021786a61900 Uncommon trap: trap_request=0xffffffde fr.pc=0x00000217911df944 relative=0x0000000000000124
Event: 0.256 Thread 0x0000021786a61900 Uncommon trap: reason=class_check action=maybe_recompile pc=0x00000217911df944 method=jdk.internal.misc.Unsafe.allocateUninitializedArray(Ljava/lang/Class;I)Ljava/lang/Object; @ 51 c2
Event: 0.256 Thread 0x0000021786a61900 DEOPT PACKING pc=0x00000217911df944 sp=0x000000c6678fc650
Event: 0.256 Thread 0x0000021786a61900 DEOPT UNPACKING pc=0x0000021790c766a3 sp=0x000000c6678fc5d8 mode 2
Event: 0.256 Thread 0x0000021786a61900 Uncommon trap: trap_request=0xffffffde fr.pc=0x00000217911df944 relative=0x0000000000000124
Event: 0.256 Thread 0x0000021786a61900 Uncommon trap: reason=class_check action=maybe_recompile pc=0x00000217911df944 method=jdk.internal.misc.Unsafe.allocateUninitializedArray(Ljava/lang/Class;I)Ljava/lang/Object; @ 51 c2
Event: 0.256 Thread 0x0000021786a61900 DEOPT PACKING pc=0x00000217911df944 sp=0x000000c6678fc690
Event: 0.256 Thread 0x0000021786a61900 DEOPT UNPACKING pc=0x0000021790c766a3 sp=0x000000c6678fc618 mode 2
Event: 0.264 Thread 0x0000021786a61900 Uncommon trap: trap_request=0xffffff45 fr.pc=0x00000217911d3844 relative=0x00000000000000c4
Event: 0.264 Thread 0x0000021786a61900 Uncommon trap: reason=unstable_if action=reinterpret pc=0x00000217911d3844 method=java.net.URI.match(CJJ)Z @ 45 c2
Event: 0.264 Thread 0x0000021786a61900 DEOPT PACKING pc=0x00000217911d3844 sp=0x000000c6678fcbf0
Event: 0.264 Thread 0x0000021786a61900 DEOPT UNPACKING pc=0x0000021790c766a3 sp=0x000000c6678fcb78 mode 2
Event: 0.268 Thread 0x0000021786a61900 Uncommon trap: trap_request=0xffffff45 fr.pc=0x00000217911e1bdc relative=0x000000000000067c
Event: 0.268 Thread 0x0000021786a61900 Uncommon trap: reason=unstable_if action=reinterpret pc=0x00000217911e1bdc method=java.lang.String.replace(Ljava/lang/CharSequence;Ljava/lang/CharSequence;)Ljava/lang/String; @ 48 c2
Event: 0.268 Thread 0x0000021786a61900 DEOPT PACKING pc=0x00000217911e1bdc sp=0x000000c6678fcb70
Event: 0.268 Thread 0x0000021786a61900 DEOPT UNPACKING pc=0x0000021790c766a3 sp=0x000000c6678fcaf0 mode 2

Classes unloaded (0 events):
No events

Classes redefined (0 events):
No events

Internal exceptions (2 events):
Event: 0.116 Thread 0x0000021786a61900 Exception <a 'java/lang/NoSuchMethodError'{0x00000000f5736a00}: 'void java.lang.invoke.DirectMethodHandle$Holder.invokeStatic(java.lang.Object, java.lang.Object, java.lang.Object)'> (0x00000000f5736a00) 
thrown [s\src\hotspot\share\interpreter\linkResolver.cpp, line 759]
Event: 0.194 Thread 0x0000021786a61900 Exception <a 'java/lang/reflect/InvocationTargetException'{0x00000000f59fc370}> (0x00000000f59fc370) 
thrown [s\src\hotspot\share\runtime\reflection.cpp, line 1121]

VM Operations (2 events):
Event: 0.119 Executing VM operation: HandshakeAllThreads
Event: 0.119 Executing VM operation: HandshakeAllThreads done

Events (20 events):
Event: 0.279 loading class java/time/Duration
Event: 0.280 loading class java/time/temporal/TemporalAmount
Event: 0.280 loading class java/time/temporal/TemporalAmount done
Event: 0.280 loading class java/time/Duration done
Event: 0.280 loading class java/time/temporal/ValueRange
Event: 0.280 loading class java/time/temporal/ValueRange done
Event: 0.280 loading class java/time/LocalTime
Event: 0.280 loading class java/time/LocalTime done
Event: 0.280 loading class java/time/zone/ZoneOffsetTransition
Event: 0.280 loading class java/time/zone/ZoneOffsetTransition done
Event: 0.280 loading class java/util/Collections$SingletonList
Event: 0.281 loading class java/util/Collections$SingletonList done
Event: 0.281 loading class java/time/Instant
Event: 0.281 loading class java/time/Instant done
Event: 0.281 loading class sun/security/pkcs/PKCS9Attributes
Event: 0.281 loading class sun/security/pkcs/PKCS9Attributes done
Event: 0.281 loading class sun/security/pkcs/PKCS9Attribute
Event: 0.281 loading class sun/security/pkcs/PKCS9Attribute done
Event: 0.281 loading class java/lang/Byte$ByteCache
Event: 0.281 loading class java/lang/Byte$ByteCache done


Dynamic libraries:
0x00007ff772f50000 - 0x00007ff772f5e000 	c:\Users\kirus\.vscode\extensions\redhat.java-1.15.0-win32-x64\jre\17.0.6-win32-x86_64\bin\java.exe
0x00007ff818310000 - 0x00007ff818508000 	C:\Windows\SYSTEM32\ntdll.dll
0x00007ff817590000 - 0x00007ff81764f000 	C:\Windows\System32\KERNEL32.DLL
0x00007ff815a00000 - 0x00007ff815cd2000 	C:\Windows\System32\KERNELBASE.dll
0x00007ff815e40000 - 0x00007ff815f40000 	C:\Windows\System32\ucrtbase.dll
0x00007ff812a20000 - 0x00007ff812a37000 	c:\Users\kirus\.vscode\extensions\redhat.java-1.15.0-win32-x64\jre\17.0.6-win32-x86_64\bin\jli.dll
0x00007ff811ec0000 - 0x00007ff811ed9000 	c:\Users\kirus\.vscode\extensions\redhat.java-1.15.0-win32-x64\jre\17.0.6-win32-x86_64\bin\VCRUNTIME140.dll
0x00007ff8169d0000 - 0x00007ff816b71000 	C:\Windows\System32\USER32.dll
0x00007ff8160c0000 - 0x00007ff8160e2000 	C:\Windows\System32\win32u.dll
0x00007ff801270000 - 0x00007ff80150a000 	C:\Windows\WinSxS\amd64_microsoft.windows.common-controls_6595b64144ccf1df_6.0.19041.1110_none_60b5254171f9507e\COMCTL32.dll
0x00007ff817730000 - 0x00007ff81775b000 	C:\Windows\System32\GDI32.dll
0x00007ff817900000 - 0x00007ff81799e000 	C:\Windows\System32\msvcrt.dll
0x00007ff8160f0000 - 0x00007ff8161ff000 	C:\Windows\System32\gdi32full.dll
0x00007ff816200000 - 0x00007ff81629d000 	C:\Windows\System32\msvcp_win.dll
0x00007ff817760000 - 0x00007ff817792000 	C:\Windows\System32\IMM32.DLL
0x00007ff8132b0000 - 0x00007ff8132bc000 	c:\Users\kirus\.vscode\extensions\redhat.java-1.15.0-win32-x64\jre\17.0.6-win32-x86_64\bin\vcruntime140_1.dll
0x00007fffd8140000 - 0x00007fffd81d1000 	c:\Users\kirus\.vscode\extensions\redhat.java-1.15.0-win32-x64\jre\17.0.6-win32-x86_64\bin\msvcp140.dll
0x00007fffcc690000 - 0x00007fffcd2d7000 	c:\Users\kirus\.vscode\extensions\redhat.java-1.15.0-win32-x64\jre\17.0.6-win32-x86_64\bin\server\jvm.dll
0x00007ff817330000 - 0x00007ff8173de000 	C:\Windows\System32\ADVAPI32.dll
0x00007ff816c90000 - 0x00007ff816d2c000 	C:\Windows\System32\sechost.dll
0x00007ff816d90000 - 0x00007ff816eb5000 	C:\Windows\System32\RPCRT4.dll
0x00007ff80ffc0000 - 0x00007ff80ffca000 	C:\Windows\SYSTEM32\VERSION.dll
0x00007ff8007b0000 - 0x00007ff8007b9000 	C:\Windows\SYSTEM32\WSOCK32.dll
0x00007ff8071c0000 - 0x00007ff8071e7000 	C:\Windows\SYSTEM32\WINMM.dll
0x00007ff816c00000 - 0x00007ff816c6b000 	C:\Windows\System32\WS2_32.dll
0x00007ff8138a0000 - 0x00007ff8138b2000 	C:\Windows\SYSTEM32\kernel.appcore.dll
0x00007ff8127a0000 - 0x00007ff8127aa000 	c:\Users\kirus\.vscode\extensions\redhat.java-1.15.0-win32-x64\jre\17.0.6-win32-x86_64\bin\jimage.dll
0x00007ff80f560000 - 0x00007ff80f744000 	C:\Windows\SYSTEM32\DBGHELP.DLL
0x00007ff80f500000 - 0x00007ff80f535000 	C:\Windows\SYSTEM32\dbgcore.DLL
0x00007ff815fc0000 - 0x00007ff816042000 	C:\Windows\System32\bcryptPrimitives.dll
0x00007ff8122e0000 - 0x00007ff8122ee000 	c:\Users\kirus\.vscode\extensions\redhat.java-1.15.0-win32-x64\jre\17.0.6-win32-x86_64\bin\instrument.dll
0x00007ff811140000 - 0x00007ff811165000 	c:\Users\kirus\.vscode\extensions\redhat.java-1.15.0-win32-x64\jre\17.0.6-win32-x86_64\bin\java.dll
0x00007ff811620000 - 0x00007ff811638000 	c:\Users\kirus\.vscode\extensions\redhat.java-1.15.0-win32-x64\jre\17.0.6-win32-x86_64\bin\zip.dll
0x00007ff817a50000 - 0x00007ff818195000 	C:\Windows\System32\SHELL32.dll
0x00007ff813aa0000 - 0x00007ff814232000 	C:\Windows\SYSTEM32\windows.storage.dll
0x00007ff816ec0000 - 0x00007ff817215000 	C:\Windows\System32\combase.dll
0x00007ff8152a0000 - 0x00007ff8152d0000 	C:\Windows\SYSTEM32\Wldp.dll
0x00007ff8179a0000 - 0x00007ff817a4d000 	C:\Windows\System32\SHCORE.dll
0x00007ff8172d0000 - 0x00007ff817325000 	C:\Windows\System32\shlwapi.dll
0x00007ff815940000 - 0x00007ff81595f000 	C:\Windows\SYSTEM32\profapi.dll
0x00007ff811560000 - 0x00007ff811579000 	C:\Users\kirus\.vscode\extensions\redhat.java-1.15.0-win32-x64\jre\17.0.6-win32-x86_64\bin\net.dll
0x00007ff8116b0000 - 0x00007ff8117bc000 	C:\Windows\SYSTEM32\WINHTTP.dll
0x00007ff815080000 - 0x00007ff8150ea000 	C:\Windows\system32\mswsock.dll
0x00007ff810b30000 - 0x00007ff810b45000 	C:\Users\kirus\.vscode\extensions\redhat.java-1.15.0-win32-x64\jre\17.0.6-win32-x86_64\bin\nio.dll
0x00007ff812290000 - 0x00007ff8122a0000 	c:\Users\kirus\.vscode\extensions\redhat.java-1.15.0-win32-x64\jre\17.0.6-win32-x86_64\bin\verify.dll

dbghelp: loaded successfully - version: 4.0.5 - missing functions: none
symbol engine: initialized successfully - sym options: 0x614 - pdb path: .;c:\Users\kirus\.vscode\extensions\redhat.java-1.15.0-win32-x64\jre\17.0.6-win32-x86_64\bin;C:\Windows\SYSTEM32;C:\Windows\WinSxS\amd64_microsoft.windows.common-controls_6595b64144ccf1df_6.0.19041.1110_none_60b5254171f9507e;c:\Users\kirus\.vscode\extensions\redhat.java-1.15.0-win32-x64\jre\17.0.6-win32-x86_64\bin\server

VM Arguments:
jvm_args: --add-modules=ALL-SYSTEM --add-opens=java.base/java.util=ALL-UNNAMED --add-opens=java.base/java.lang=ALL-UNNAMED --add-opens=java.base/sun.nio.fs=ALL-UNNAMED -Declipse.application=org.eclipse.jdt.ls.core.id1 -Dosgi.bundles.defaultStartLevel=4 -Declipse.product=org.eclipse.jdt.ls.core.product -Djava.import.generatesMetadataFilesAtProjectRoot=false -Dfile.encoding=utf8 -XX:+UseParallelGC -XX:GCTimeRatio=4 -XX:AdaptiveSizePolicyWeight=90 -Dsun.zip.disableMemoryMapping=true -Xmx4G -Xms100m -Xlog:disable -javaagent:c:\Users\kirus\.vscode\extensions\redhat.java-1.15.0-win32-x64\lombok\lombok-1.18.24.jar -XX:+HeapDumpOnOutOfMemoryError -XX:HeapDumpPath=c:\Users\kirus\AppData\Roaming\Code\User\workspaceStorage\22f2343e581199575215308d8e975055\redhat.java -Xmx512M 
java_command: c:\Users\kirus\.vscode\extensions\redhat.java-1.15.0-win32-x64\server\plugins\org.eclipse.equinox.launcher_1.6.400.v20210924-0641.jar -configuration c:\Users\kirus\AppData\Roaming\Code\User\globalStorage\redhat.java\1.15.0\config_win -data c:\Users\kirus\AppData\Roaming\Code\User\workspaceStorage\22f2343e581199575215308d8e975055\redhat.java\jdt_ws
java_class_path (initial): c:\Users\kirus\.vscode\extensions\redhat.java-1.15.0-win32-x64\server\plugins\org.eclipse.equinox.launcher_1.6.400.v20210924-0641.jar
Launcher Type: SUN_STANDARD

[Global flags]
    uintx AdaptiveSizePolicyWeight                 = 90                                        {product} {command line}
     intx CICompilerCount                          = 4                                         {product} {ergonomic}
    uintx GCTimeRatio                              = 4                                         {product} {command line}
     bool HeapDumpOnOutOfMemoryError               = true                                   {manageable} {command line}
    ccstr HeapDumpPath                             = c:\Users\kirus\AppData\Roaming\Code\User\workspaceStorage\22f2343e581199575215308d8e975055\redhat.java         {manageable} {command line}
   size_t InitialHeapSize                          = 104857600                                 {product} {command line}
   size_t MaxHeapSize                              = 536870912                                 {product} {command line}
   size_t MaxNewSize                               = 178782208                                 {product} {ergonomic}
   size_t MinHeapDeltaBytes                        = 524288                                    {product} {ergonomic}
   size_t MinHeapSize                              = 104857600                                 {product} {command line}
   size_t NewSize                                  = 34603008                                  {product} {ergonomic}
    uintx NonNMethodCodeHeapSize                   = 5839372                                {pd product} {ergonomic}
    uintx NonProfiledCodeHeapSize                  = 122909434                              {pd product} {ergonomic}
   size_t OldSize                                  = 70254592                                  {product} {ergonomic}
    uintx ProfiledCodeHeapSize                     = 122909434                              {pd product} {ergonomic}
    uintx ReservedCodeCacheSize                    = 251658240                              {pd product} {ergonomic}
     bool SegmentedCodeCache                       = true                                      {product} {ergonomic}
   size_t SoftMaxHeapSize                          = 536870912                              {manageable} {ergonomic}
     bool UseCompressedClassPointers               = true                           {product lp64_product} {ergonomic}
     bool UseCompressedOops                        = true                           {product lp64_product} {ergonomic}
     bool UseLargePagesIndividualAllocation        = false                                  {pd product} {ergonomic}
     bool UseParallelGC                            = true                                      {product} {command line}

Logging:
Log output configuration:
 #0: stdout all=off uptime,level,tags
 #1: stderr all=off uptime,level,tags

Environment Variables:
JAVA_HOME=C:\Program Files\Eclipse Adoptium\jdk-17.0.6.10-hotspot\
_JAVA_OPTIONS=-Xmx512M
PATH=C:\Program Files\Eclipse Adoptium\jdk-17.0.6.10-hotspot\bin;C:\Program Files (x86)\Common Files\Oracle\Java\javapath;c:\program files (x86)\common files\intel\shared libraries\redist\intel64\compiler;c:\programdata\oracle\java\javapath;c:\windows\system32;c:\windows;c:\windows\system32\wbem;c:\windows\system32\windowspowershell\v1.0\;c:\windows\system32\openssh\;c:\program files (x86)\ati technologies\ati.ace\core-static;c:\program files (x86)\amd\ati.ace\core-static;c:\program files\nvidia corporation\nvidia nvdlisr;C:\Program Files (x86)\NVIDIA Corporation\PhysX\Common;C:\Program Files\Microsoft SQL Server\150\Tools\Binn\;C:\Program Files\Microsoft SQL Server\Client SDK\ODBC\170\Tools\Binn\;C:\Program Files\Azure Data Studio\bin;C:\Program Files (x86)\Microsoft SQL Server\150\DTS\Binn\;C:\Program Files\Git\cmd;C:\Program Files\dotnet\;C:\Program Files\Docker\Docker\resources\bin;C:\Users\kirus\AppData\Local\Microsoft\WindowsApps;C:\Program Files\Azure Data Studio\bin;C:\Users\kirus\AppData\Local\Programs\Microsoft VS Code\bin;C:\Users\kirus\.dotnet\tools
USERNAME=kirus
OS=Windows_NT
PROCESSOR_IDENTIFIER=Intel64 Family 6 Model 165 Stepping 5, GenuineIntel
TMP=C:\Users\kirus\AppData\Local\Temp
TEMP=C:\Users\kirus\AppData\Local\Temp



---------------  S Y S T E M  ---------------

OS:
 Windows 10 , 64 bit Build 19041 (10.0.19041.2546)
OS uptime: 1 days 1:56 hours
Hyper-V role detected

CPU: total 12 (initial active 12) (6 cores per cpu, 2 threads per core) family 6 model 165 stepping 5 microcode 0xca, cx8, cmov, fxsr, ht, mmx, 3dnowpref, sse, sse2, sse3, ssse3, sse4.1, sse4.2, popcnt, lzcnt, tsc, tscinvbit, avx, avx2, aes, erms, clmul, bmi1, bmi2, adx, fma, vzeroupper, clflush, clflushopt, hv

Memory: 4k page, system-wide physical 16292M (4067M free)
TotalPageFile size 18340M (AvailPageFile size 488M)
current process WorkingSet (physical memory assigned to process): 52M, peak: 52M
current process commit charge ("private bytes"): 182M, peak: 182M

vm_info: OpenJDK 64-Bit Server VM (17.0.6+10) for windows-amd64 JRE (17.0.6+10), built on Jan 18 2023 10:08:59 by "temurin" with MS VC++ 16.7 (VS2019)

END.
