#
# There is insufficient memory for the Java Runtime Environment to continue.
# Native memory allocation (mmap) failed to map 65536 bytes for Failed to commit metaspace.
# Possible reasons:
#   The system is out of physical RAM or swap space
#   The process is running with CompressedOops enabled, and the Java Heap may be blocking the growth of the native heap
# Possible solutions:
#   Reduce memory load on the system
#   Increase physical memory or swap space
#   Check if swap backing store is full
#   Decrease Java heap size (-Xmx/-Xms)
#   Decrease number of Java threads
#   Decrease Java thread stack sizes (-Xss)
#   Set larger code cache with -XX:ReservedCodeCacheSize=
#   JVM is running with Unscaled Compressed Oops mode in which the Java heap is
#     placed in the first 4GB address space. The Java Heap base address is the
#     maximum limit for the native heap growth. Please use -XX:HeapBaseMinAddress
#     to set the Java Heap base and to place the Java Heap above 4GB virtual address.
# This output file may be truncated or incomplete.
#
#  Out of Memory Error (virtualSpaceNode.cpp:110), pid=9712, tid=8944
#
# JRE version: OpenJDK Runtime Environment Temurin-17.0.6+10 (17.0.6+10) (build 17.0.6+10)
# Java VM: OpenJDK 64-Bit Server VM Temurin-17.0.6+10 (17.0.6+10, mixed mode, tiered, compressed oops, compressed class ptrs, parallel gc, windows-amd64)
# No core dump will be written. Minidumps are not enabled by default on client versions of Windows
#

---------------  S U M M A R Y ------------

Command Line: --add-modules=ALL-SYSTEM --add-opens=java.base/java.util=ALL-UNNAMED --add-opens=java.base/java.lang=ALL-UNNAMED --add-opens=java.base/sun.nio.fs=ALL-UNNAMED -Declipse.application=org.eclipse.jdt.ls.core.id1 -Dosgi.bundles.defaultStartLevel=4 -Declipse.product=org.eclipse.jdt.ls.core.product -Djava.import.generatesMetadataFilesAtProjectRoot=false -Dfile.encoding=utf8 -XX:+UseParallelGC -XX:GCTimeRatio=4 -XX:AdaptiveSizePolicyWeight=90 -Dsun.zip.disableMemoryMapping=true -Xmx4G -Xms100m -Xlog:disable -javaagent:c:\Users\kirus\.vscode\extensions\redhat.java-1.15.0-win32-x64\lombok\lombok-1.18.24.jar -Xmx512M c:\Users\kirus\.vscode\extensions\redhat.java-1.15.0-win32-x64\server\plugins\org.eclipse.equinox.launcher_1.6.400.v20210924-0641.jar -configuration c:\Users\kirus\AppData\Roaming\Code\User\globalStorage\redhat.java\1.15.0\config_ss_win -data c:\Users\kirus\AppData\Roaming\Code\User\workspaceStorage\22f2343e581199575215308d8e975055\redhat.java\ss_ws

Host: Intel(R) Core(TM) i5-10600KF CPU @ 4.10GHz, 12 cores, 15G,  Windows 10 , 64 bit Build 19041 (10.0.19041.2546)
Time: Sat Feb 25 23:10:48 2023 RTZ 2 (s 10 , 64 bit Build 19041 (10.0.19041.2546) elapsed time: 0.729628 seconds (0d 0h 0m 0s)

---------------  T H R E A D  ---------------

Current thread (0x000002d1a0500e20):  JavaThread "main" [_thread_in_vm, id=8944, stack(0x000000ff35100000,0x000000ff35200000)]

Stack: [0x000000ff35100000,0x000000ff35200000]
Native frames: (J=compiled Java code, j=interpreted, Vv=VM code, C=native code)
V  [jvm.dll+0x67741a]
V  [jvm.dll+0x834434]
V  [jvm.dll+0x835bde]
V  [jvm.dll+0x836243]
V  [jvm.dll+0x2457b5]
V  [jvm.dll+0x8304cb]
V  [jvm.dll+0x61bca6]
V  [jvm.dll+0x1c05fe]
V  [jvm.dll+0x61e5f1]
V  [jvm.dll+0x61c646]
V  [jvm.dll+0x23a2e1]
V  [jvm.dll+0x1ea4e0]
V  [jvm.dll+0x1ea965]
V  [jvm.dll+0x1eb39f]
V  [jvm.dll+0x1e0841]
V  [jvm.dll+0x53c6d0]
V  [jvm.dll+0x7af5e8]
V  [jvm.dll+0x7af6d4]
V  [jvm.dll+0x40bc05]
V  [jvm.dll+0x411d58]
C  [java.dll+0x17ec]

Java frames: (J=compiled Java code, j=interpreted, Vv=VM code)
J 1051  java.lang.ClassLoader.defineClass1(Ljava/lang/ClassLoader;Ljava/lang/String;[BIILjava/security/ProtectionDomain;Ljava/lang/String;)Ljava/lang/Class; java.base@17.0.6 (0 bytes) @ 0x000002d1ac4d60db [0x000002d1ac4d6020+0x00000000000000bb]
J 1057 c1 java.lang.ClassLoader.defineClass(Ljava/lang/String;[BIILjava/security/ProtectionDomain;)Ljava/lang/Class; java.base@17.0.6 (43 bytes) @ 0x000002d1a4b72f44 [0x000002d1a4b72c00+0x0000000000000344]
j  java.security.SecureClassLoader.defineClass(Ljava/lang/String;[BIILjava/security/CodeSource;)Ljava/lang/Class;+12 java.base@17.0.6
J 1277 c1 java.net.URLClassLoader.defineClass(Ljava/lang/String;Ljdk/internal/loader/Resource;)Ljava/lang/Class; java.base@17.0.6 (225 bytes) @ 0x000002d1a4bda9f4 [0x000002d1a4bd8fc0+0x0000000000001a34]
j  java.net.URLClassLoader$1.run()Ljava/lang/Class;+43 java.base@17.0.6
j  java.net.URLClassLoader$1.run()Ljava/lang/Object;+1 java.base@17.0.6
J 1271 c1 java.security.AccessController.doPrivileged(Ljava/security/PrivilegedExceptionAction;Ljava/security/AccessControlContext;)Ljava/lang/Object; java.base@17.0.6 (26 bytes) @ 0x000002d1a4bd6ff4 [0x000002d1a4bd6e20+0x00000000000001d4]
J 1269 c1 java.net.URLClassLoader.findClass(Ljava/lang/String;)Ljava/lang/Class; java.base@17.0.6 (47 bytes) @ 0x000002d1a4bd656c [0x000002d1a4bd6400+0x000000000000016c]
J 893 c1 java.lang.ClassLoader.loadClass(Ljava/lang/String;Z)Ljava/lang/Class; java.base@17.0.6 (121 bytes) @ 0x000002d1a4b152dc [0x000002d1a4b14d40+0x000000000000059c]
J 783 c1 java.lang.ClassLoader.loadClass(Ljava/lang/String;)Ljava/lang/Class; java.base@17.0.6 (7 bytes) @ 0x000002d1a4adc63c [0x000002d1a4adc540+0x00000000000000fc]
v  ~StubRoutines::call_stub
j  org.eclipse.osgi.internal.framework.SystemBundleActivator.start(Lorg/osgi/framework/BundleContext;)V+53
j  org.eclipse.osgi.internal.framework.BundleContextImpl$2.run()Ljava/lang/Void;+23
j  org.eclipse.osgi.internal.framework.BundleContextImpl$2.run()Ljava/lang/Object;+1
J 1210 c1 java.security.AccessController.executePrivileged(Ljava/security/PrivilegedExceptionAction;Ljava/security/AccessControlContext;Ljava/lang/Class;)Ljava/lang/Object; java.base@17.0.6 (65 bytes) @ 0x000002d1a4bb8fb4 [0x000002d1a4bb8e60+0x0000000000000154]
j  java.security.AccessController.doPrivileged(Ljava/security/PrivilegedExceptionAction;)Ljava/lang/Object;+9 java.base@17.0.6
j  org.eclipse.osgi.internal.framework.BundleContextImpl.startActivator(Lorg/osgi/framework/BundleActivator;)V+9
j  org.eclipse.osgi.internal.framework.BundleContextImpl.start()V+134
j  org.eclipse.osgi.internal.framework.EquinoxBundle.startWorker0()V+35
j  org.eclipse.osgi.internal.framework.EquinoxBundle$SystemBundle$EquinoxSystemModule.initWorker()V+60
j  org.eclipse.osgi.container.SystemModule.init()V+333
j  org.eclipse.osgi.internal.framework.EquinoxBundle$SystemBundle.init([Lorg/osgi/framework/FrameworkListener;)V+84
j  org.eclipse.osgi.internal.framework.EquinoxBundle$SystemBundle.init()V+2
j  org.eclipse.osgi.launch.Equinox.init()V+4
j  org.eclipse.core.runtime.adaptor.EclipseStarter.startup([Ljava/lang/String;Ljava/lang/Runnable;)Lorg/osgi/framework/BundleContext;+37
j  org.eclipse.core.runtime.adaptor.EclipseStarter.run([Ljava/lang/String;Ljava/lang/Runnable;)Ljava/lang/Object;+21
v  ~StubRoutines::call_stub
j  jdk.internal.reflect.NativeMethodAccessorImpl.invoke0(Ljava/lang/reflect/Method;Ljava/lang/Object;[Ljava/lang/Object;)Ljava/lang/Object;+0 java.base@17.0.6
j  jdk.internal.reflect.NativeMethodAccessorImpl.invoke(Ljava/lang/Object;[Ljava/lang/Object;)Ljava/lang/Object;+133 java.base@17.0.6
j  jdk.internal.reflect.DelegatingMethodAccessorImpl.invoke(Ljava/lang/Object;[Ljava/lang/Object;)Ljava/lang/Object;+6 java.base@17.0.6
j  java.lang.reflect.Method.invoke(Ljava/lang/Object;[Ljava/lang/Object;)Ljava/lang/Object;+59 java.base@17.0.6
j  org.eclipse.equinox.launcher.Main.invokeFramework([Ljava/lang/String;[Ljava/net/URL;)V+201
j  org.eclipse.equinox.launcher.Main.basicRun([Ljava/lang/String;)V+159
j  org.eclipse.equinox.launcher.Main.run([Ljava/lang/String;)I+4
j  org.eclipse.equinox.launcher.Main.main([Ljava/lang/String;)V+10
v  ~StubRoutines::call_stub

---------------  P R O C E S S  ---------------

Threads class SMR info:
_java_thread_list=0x000002d1b8838d30, length=15, elements={
0x000002d1a0500e20, 0x000002d1b5034620, 0x000002d1b5035b00, 0x000002d1b6b63670,
0x000002d1b6b64130, 0x000002d1b6b65a30, 0x000002d1b6b662f0, 0x000002d1b503cdf0,
0x000002d1b503df40, 0x000002d1b6b959b0, 0x000002d1b6cab370, 0x000002d1b4ec0ca0,
0x000002d1b6e474b0, 0x000002d1b84daf20, 0x000002d1b887f4b0
}

Java Threads: ( => current thread )
=>0x000002d1a0500e20 JavaThread "main" [_thread_in_vm, id=8944, stack(0x000000ff35100000,0x000000ff35200000)]
  0x000002d1b5034620 JavaThread "Reference Handler" daemon [_thread_blocked, id=5616, stack(0x000000ff35400000,0x000000ff35500000)]
  0x000002d1b5035b00 JavaThread "Finalizer" daemon [_thread_blocked, id=3452, stack(0x000000ff35500000,0x000000ff35600000)]
  0x000002d1b6b63670 JavaThread "Signal Dispatcher" daemon [_thread_blocked, id=17608, stack(0x000000ff35600000,0x000000ff35700000)]
  0x000002d1b6b64130 JavaThread "Attach Listener" daemon [_thread_blocked, id=2492, stack(0x000000ff35700000,0x000000ff35800000)]
  0x000002d1b6b65a30 JavaThread "Service Thread" daemon [_thread_blocked, id=21544, stack(0x000000ff35800000,0x000000ff35900000)]
  0x000002d1b6b662f0 JavaThread "Monitor Deflation Thread" daemon [_thread_blocked, id=2148, stack(0x000000ff35900000,0x000000ff35a00000)]
  0x000002d1b503cdf0 JavaThread "C2 CompilerThread0" daemon [_thread_blocked, id=11996, stack(0x000000ff35a00000,0x000000ff35b00000)]
  0x000002d1b503df40 JavaThread "C1 CompilerThread0" daemon [_thread_blocked, id=22452, stack(0x000000ff35b00000,0x000000ff35c00000)]
  0x000002d1b6b959b0 JavaThread "Sweeper thread" daemon [_thread_blocked, id=22244, stack(0x000000ff35c00000,0x000000ff35d00000)]
  0x000002d1b6cab370 JavaThread "Common-Cleaner" daemon [_thread_blocked, id=1744, stack(0x000000ff35d00000,0x000000ff35e00000)]
  0x000002d1b4ec0ca0 JavaThread "C2 CompilerThread1" daemon [_thread_blocked, id=7796, stack(0x000000ff35e00000,0x000000ff35f00000)]
  0x000002d1b6e474b0 JavaThread "Notification Thread" daemon [_thread_blocked, id=16060, stack(0x000000ff35f00000,0x000000ff36000000)]
  0x000002d1b84daf20 JavaThread "C2 CompilerThread2" daemon [_thread_blocked, id=22588, stack(0x000000ff36100000,0x000000ff36200000)]
  0x000002d1b887f4b0 JavaThread "Active Thread: Equinox Container: 398b92eb-1a27-4424-8cb4-d621562fb42e" [_thread_blocked, id=10800, stack(0x000000ff36800000,0x000000ff36900000)]

Other Threads:
  0x000002d1b6b52170 VMThread "VM Thread" [stack: 0x000000ff35300000,0x000000ff35400000] [id=19868]
  0x000002d1b6e47980 WatcherThread [stack: 0x000000ff36000000,0x000000ff36100000] [id=19592]
  0x000002d1a0515b50 GCTaskThread "GC Thread#0" [stack: 0x000000ff35200000,0x000000ff35300000] [id=11852]
  0x000002d1b942c430 GCTaskThread "GC Thread#1" [stack: 0x000000ff36200000,0x000000ff36300000] [id=12336]
  0x000002d1b8502d10 GCTaskThread "GC Thread#2" [stack: 0x000000ff36300000,0x000000ff36400000] [id=13820]
  0x000002d1b876e9d0 GCTaskThread "GC Thread#3" [stack: 0x000000ff36400000,0x000000ff36500000] [id=20236]
  0x000002d1b86d9600 GCTaskThread "GC Thread#4" [stack: 0x000000ff36500000,0x000000ff36600000] [id=3076]
  0x000002d1b86d98b0 GCTaskThread "GC Thread#5" [stack: 0x000000ff36600000,0x000000ff36700000] [id=13092]
  0x000002d1b86d9b60 GCTaskThread "GC Thread#6" [stack: 0x000000ff36700000,0x000000ff36800000] [id=12492]

Threads with active compile tasks:

VM state: not at safepoint (normal execution)

VM Mutex/Monitor currently owned by a thread:  ([mutex/lock_event])
[0x000002d1a04fcab0] Metaspace_lock - owner thread: 0x000002d1a0500e20

Heap address: 0x00000000e0000000, size: 512 MB, Compressed Oops mode: 32-bit

CDS archive(s) not mapped
Compressed class space mapped at: 0x0000000100000000-0x0000000140000000, reserved size: 1073741824
Narrow klass base: 0x0000000000000000, Narrow klass shift: 3, Narrow klass range: 0x140000000

GC Precious Log:
 CPUs: 12 total, 12 available
 Memory: 16292M
 Large Page Support: Disabled
 NUMA Support: Disabled
 Compressed Oops: Enabled (32-bit)
 Alignments: Space 512K, Generation 512K, Heap 2M
 Heap Min Capacity: 100M
 Heap Initial Capacity: 100M
 Heap Max Capacity: 512M
 Pre-touch: Disabled
 Parallel Workers: 10

Heap:
 PSYoungGen      total 29696K, used 17095K [0x00000000f5580000, 0x00000000f7680000, 0x0000000100000000)
  eden space 25600K, 54% used [0x00000000f5580000,0x00000000f6303d48,0x00000000f6e80000)
  from space 4096K, 79% used [0x00000000f6e80000,0x00000000f71ae218,0x00000000f7280000)
  to   space 4096K, 0% used [0x00000000f7280000,0x00000000f7280000,0x00000000f7680000)
 ParOldGen       total 68608K, used 16K [0x00000000e0000000, 0x00000000e4300000, 0x00000000f5580000)
  object space 68608K, 0% used [0x00000000e0000000,0x00000000e0004000,0x00000000e4300000)
 Metaspace       used 13190K, committed 13376K, reserved 1064960K
  class space    used 1301K, committed 1408K, reserved 1048576K

Card table byte_map: [0x000002d1b3b80000,0x000002d1b3c90000] _byte_map_base: 0x000002d1b3480000

Marking Bits: (ParMarkBitMap*) 0x00007fffcd213e70
 Begin Bits: [0x000002d1b3d40000, 0x000002d1b4540000)
 End Bits:   [0x000002d1b4540000, 0x000002d1b4d40000)

Polling page: 0x000002d1a0350000

Metaspace:

Usage:
  Non-class:     11.61 MB used.
      Class:      1.27 MB used.
       Both:     12.88 MB used.

Virtual space:
  Non-class space:       16.00 MB reserved,      11.69 MB ( 73%) committed,  2 nodes.
      Class space:        1.00 GB reserved,       1.38 MB ( <1%) committed,  1 nodes.
             Both:        1.02 GB reserved,      13.06 MB (  1%) committed. 

Chunk freelists:
   Non-Class:  3.67 MB
       Class:  2.52 MB
        Both:  6.19 MB

MaxMetaspaceSize: unlimited
CompressedClassSpaceSize: 1.00 GB
Initial GC threshold: 21.00 MB
Current GC threshold: 21.00 MB
CDS: off
MetaspaceReclaimPolicy: balanced
 - commit_granule_bytes: 65536.
 - commit_granule_words: 8192.
 - virtual_space_node_default_size: 1048576.
 - enlarge_chunks_in_place: 1.
 - new_chunks_are_fully_committed: 0.
 - uncommit_free_chunks: 1.
 - use_allocation_guard: 0.
 - handle_deallocations: 1.


Internal statistics:

num_allocs_failed_limit: 0.
num_arena_births: 54.
num_arena_deaths: 0.
num_vsnodes_births: 3.
num_vsnodes_deaths: 0.
num_space_committed: 209.
num_space_uncommitted: 0.
num_chunks_returned_to_freelist: 0.
num_chunks_taken_from_freelist: 193.
num_chunk_merges: 0.
num_chunk_splits: 134.
num_chunks_enlarged: 111.
num_purges: 0.
num_inconsistent_stats: 0.

CodeHeap 'non-profiled nmethods': size=120000Kb used=524Kb max_used=524Kb free=119475Kb
 bounds [0x000002d1ac470000, 0x000002d1ac6e0000, 0x000002d1b39a0000]
CodeHeap 'profiled nmethods': size=120000Kb used=2416Kb max_used=2416Kb free=117583Kb
 bounds [0x000002d1a49a0000, 0x000002d1a4c10000, 0x000002d1abed0000]
CodeHeap 'non-nmethods': size=5760Kb used=1151Kb max_used=1177Kb free=4608Kb
 bounds [0x000002d1abed0000, 0x000002d1ac140000, 0x000002d1ac470000]
 total_blobs=1769 nmethods=1324 adapters=360
 compilation: enabled
              stopped_count=0, restarted_count=0
 full_count=0

Compilation events (20 events):
Event: 0.720 Thread 0x000002d1b503df40 1314       3       java.lang.ClassLoader::definePackage (85 bytes)
Event: 0.720 Thread 0x000002d1b503df40 nmethod 1314 0x000002d1a4bed210 code [0x000002d1a4bed4e0, 0x000002d1a4bee3b8]
Event: 0.720 Thread 0x000002d1b503df40 1315       3       java.lang.ClassLoader::checkCerts (121 bytes)
Event: 0.721 Thread 0x000002d1b503df40 nmethod 1315 0x000002d1a4bee890 code [0x000002d1a4beeb80, 0x000002d1a4bef9a8]
Event: 0.721 Thread 0x000002d1b503df40 1316       3       java.lang.ClassNotFoundException::<init> (7 bytes)
Event: 0.722 Thread 0x000002d1b503df40 nmethod 1316 0x000002d1a4beff10 code [0x000002d1a4bf00c0, 0x000002d1a4bf02c8]
Event: 0.723 Thread 0x000002d1b503df40 1318       3       sun.security.provider.DigestBase::engineReset (33 bytes)
Event: 0.723 Thread 0x000002d1b503df40 nmethod 1318 0x000002d1a4bf0410 code [0x000002d1a4bf05c0, 0x000002d1a4bf0858]
Event: 0.724 Thread 0x000002d1b503df40 1319       3       java.lang.invoke.MemberName::isResolved (13 bytes)
Event: 0.724 Thread 0x000002d1b503df40 nmethod 1319 0x000002d1a4bf0910 code [0x000002d1a4bf0aa0, 0x000002d1a4bf0c18]
Event: 0.724 Thread 0x000002d1b503df40 1320       3       java.lang.invoke.MethodTypeForm::canonicalizeAll (63 bytes)
Event: 0.724 Thread 0x000002d1b503df40 nmethod 1320 0x000002d1a4bf0c90 code [0x000002d1a4bf0e80, 0x000002d1a4bf1478]
Event: 0.724 Thread 0x000002d1b503df40 1321       3       java.lang.Class::descriptorString (170 bytes)
Event: 0.725 Thread 0x000002d1b503df40 nmethod 1321 0x000002d1a4bf1690 code [0x000002d1a4bf1b60, 0x000002d1a4bf3758]
Event: 0.726 Thread 0x000002d1b503df40 1322   !   3       java.util.jar.JarVerifier::processEntry (440 bytes)
Event: 0.727 Thread 0x000002d1b503cdf0 1325       4       java.util.HashMap::putVal (300 bytes)
Event: 0.728 Thread 0x000002d1b503df40 nmethod 1322 0x000002d1a4bf4110 code [0x000002d1a4bf45e0, 0x000002d1a4bf6d48]
Event: 0.728 Thread 0x000002d1b503df40 1324       3       java.util.jar.JarVerifier::mapSignersToCertArray (68 bytes)
Event: 0.728 Thread 0x000002d1b503df40 nmethod 1324 0x000002d1a4bf8010 code [0x000002d1a4bf8220, 0x000002d1a4bf8898]
Event: 0.728 Thread 0x000002d1b503df40 1323       3       sun.security.util.ManifestEntryVerifier::verify (459 bytes)

GC Heap History (2 events):
Event: 0.551 GC heap before
{Heap before GC invocations=1 (full 0):
 PSYoungGen      total 29696K, used 25600K [0x00000000f5580000, 0x00000000f7680000, 0x0000000100000000)
  eden space 25600K, 100% used [0x00000000f5580000,0x00000000f6e80000,0x00000000f6e80000)
  from space 4096K, 0% used [0x00000000f7280000,0x00000000f7280000,0x00000000f7680000)
  to   space 4096K, 0% used [0x00000000f6e80000,0x00000000f6e80000,0x00000000f7280000)
 ParOldGen       total 68608K, used 0K [0x00000000e0000000, 0x00000000e4300000, 0x00000000f5580000)
  object space 68608K, 0% used [0x00000000e0000000,0x00000000e0000000,0x00000000e4300000)
 Metaspace       used 11124K, committed 11328K, reserved 1064960K
  class space    used 1107K, committed 1216K, reserved 1048576K
}
Event: 0.555 GC heap after
{Heap after GC invocations=1 (full 0):
 PSYoungGen      total 29696K, used 3256K [0x00000000f5580000, 0x00000000f7680000, 0x0000000100000000)
  eden space 25600K, 0% used [0x00000000f5580000,0x00000000f5580000,0x00000000f6e80000)
  from space 4096K, 79% used [0x00000000f6e80000,0x00000000f71ae218,0x00000000f7280000)
  to   space 4096K, 0% used [0x00000000f7280000,0x00000000f7280000,0x00000000f7680000)
 ParOldGen       total 68608K, used 16K [0x00000000e0000000, 0x00000000e4300000, 0x00000000f5580000)
  object space 68608K, 0% used [0x00000000e0000000,0x00000000e0004000,0x00000000e4300000)
 Metaspace       used 11124K, committed 11328K, reserved 1064960K
  class space    used 1107K, committed 1216K, reserved 1048576K
}

Dll operation events (8 events):
Event: 0.005 Loaded shared library c:\Users\kirus\.vscode\extensions\redhat.java-1.15.0-win32-x64\jre\17.0.6-win32-x86_64\bin\java.dll
Event: 0.108 Loaded shared library c:\Users\kirus\.vscode\extensions\redhat.java-1.15.0-win32-x64\jre\17.0.6-win32-x86_64\bin\zip.dll
Event: 0.111 Loaded shared library C:\Users\kirus\.vscode\extensions\redhat.java-1.15.0-win32-x64\jre\17.0.6-win32-x86_64\bin\instrument.dll
Event: 0.121 Loaded shared library C:\Users\kirus\.vscode\extensions\redhat.java-1.15.0-win32-x64\jre\17.0.6-win32-x86_64\bin\net.dll
Event: 0.123 Loaded shared library C:\Users\kirus\.vscode\extensions\redhat.java-1.15.0-win32-x64\jre\17.0.6-win32-x86_64\bin\nio.dll
Event: 0.130 Loaded shared library C:\Users\kirus\.vscode\extensions\redhat.java-1.15.0-win32-x64\jre\17.0.6-win32-x86_64\bin\zip.dll
Event: 0.139 Loaded shared library C:\Users\kirus\.vscode\extensions\redhat.java-1.15.0-win32-x64\jre\17.0.6-win32-x86_64\bin\jimage.dll
Event: 0.173 Loaded shared library c:\Users\kirus\.vscode\extensions\redhat.java-1.15.0-win32-x64\jre\17.0.6-win32-x86_64\bin\verify.dll

Deoptimization events (20 events):
Event: 0.584 Thread 0x000002d1a0500e20 DEOPT PACKING pc=0x000002d1ac4d2160 sp=0x000000ff351fddd0
Event: 0.584 Thread 0x000002d1a0500e20 DEOPT UNPACKING pc=0x000002d1abf266a3 sp=0x000000ff351fdd80 mode 2
Event: 0.595 Thread 0x000002d1a0500e20 Uncommon trap: trap_request=0xffffff45 fr.pc=0x000002d1ac4a5690 relative=0x0000000000000cf0
Event: 0.595 Thread 0x000002d1a0500e20 Uncommon trap: reason=unstable_if action=reinterpret pc=0x000002d1ac4a5690 method=lombok.patcher.PatchScript.classMatches(Ljava/lang/String;Ljava/util/Collection;)Z @ 25 c2
Event: 0.595 Thread 0x000002d1a0500e20 DEOPT PACKING pc=0x000002d1ac4a5690 sp=0x000000ff351f8150
Event: 0.595 Thread 0x000002d1a0500e20 DEOPT UNPACKING pc=0x000002d1abf266a3 sp=0x000000ff351f80b8 mode 2
Event: 0.623 Thread 0x000002d1a0500e20 DEOPT PACKING pc=0x000002d1a49e8aa2 sp=0x000000ff351f3280
Event: 0.623 Thread 0x000002d1a0500e20 DEOPT UNPACKING pc=0x000002d1abf26e43 sp=0x000000ff351f26e0 mode 0
Event: 0.678 Thread 0x000002d1a0500e20 Uncommon trap: trap_request=0xffffff45 fr.pc=0x000002d1ac4af504 relative=0x00000000000002c4
Event: 0.678 Thread 0x000002d1a0500e20 Uncommon trap: reason=unstable_if action=reinterpret pc=0x000002d1ac4af504 method=java.lang.invoke.VarHandle.checkExactAccessMode(Ljava/lang/invoke/VarHandle$AccessDescriptor;)V @ 4 c2
Event: 0.678 Thread 0x000002d1a0500e20 DEOPT PACKING pc=0x000002d1ac4af504 sp=0x000000ff351fdfd0
Event: 0.678 Thread 0x000002d1a0500e20 DEOPT UNPACKING pc=0x000002d1abf266a3 sp=0x000000ff351fdfa0 mode 2
Event: 0.724 Thread 0x000002d1a0500e20 Uncommon trap: trap_request=0xffffffde fr.pc=0x000002d1ac4cf5ac relative=0x000000000000096c
Event: 0.724 Thread 0x000002d1a0500e20 Uncommon trap: reason=class_check action=maybe_recompile pc=0x000002d1ac4cf5ac method=java.util.HashMap.putVal(ILjava/lang/Object;Ljava/lang/Object;ZZ)Ljava/lang/Object; @ 253 c2
Event: 0.724 Thread 0x000002d1a0500e20 DEOPT PACKING pc=0x000002d1ac4cf5ac sp=0x000000ff351fda60
Event: 0.724 Thread 0x000002d1a0500e20 DEOPT UNPACKING pc=0x000002d1abf266a3 sp=0x000000ff351fd9e0 mode 2
Event: 0.726 Thread 0x000002d1a0500e20 Uncommon trap: trap_request=0xffffffde fr.pc=0x000002d1ac4cf5ac relative=0x000000000000096c
Event: 0.726 Thread 0x000002d1a0500e20 Uncommon trap: reason=class_check action=maybe_recompile pc=0x000002d1ac4cf5ac method=java.util.HashMap.putVal(ILjava/lang/Object;Ljava/lang/Object;ZZ)Ljava/lang/Object; @ 253 c2
Event: 0.726 Thread 0x000002d1a0500e20 DEOPT PACKING pc=0x000002d1ac4cf5ac sp=0x000000ff351fda60
Event: 0.726 Thread 0x000002d1a0500e20 DEOPT UNPACKING pc=0x000002d1abf266a3 sp=0x000000ff351fd9e0 mode 2

Classes unloaded (0 events):
No events

Classes redefined (0 events):
No events

Internal exceptions (20 events):
Event: 0.335 Thread 0x000002d1a0500e20 Exception <a 'java/io/FileNotFoundException'{0x00000000f6211960}> (0x00000000f6211960) 
thrown [s\src\hotspot\share\prims\jni.cpp, line 516]
Event: 0.336 Thread 0x000002d1a0500e20 Exception <a 'java/io/FileNotFoundException'{0x00000000f6212b58}> (0x00000000f6212b58) 
thrown [s\src\hotspot\share\prims\jni.cpp, line 516]
Event: 0.336 Thread 0x000002d1a0500e20 Exception <a 'java/io/FileNotFoundException'{0x00000000f6213d20}> (0x00000000f6213d20) 
thrown [s\src\hotspot\share\prims\jni.cpp, line 516]
Event: 0.342 Thread 0x000002d1a0500e20 Exception <a 'java/io/FileNotFoundException'{0x00000000f6254cf8}> (0x00000000f6254cf8) 
thrown [s\src\hotspot\share\prims\jni.cpp, line 516]
Event: 0.462 Thread 0x000002d1a0500e20 Exception <a 'java/lang/ClassNotFoundException'{0x00000000f6a4da00}: sun/net/www/protocol/c/Handler> (0x00000000f6a4da00) 
thrown [s\src\hotspot\share\classfile\systemDictionary.cpp, line 256]
Event: 0.463 Thread 0x000002d1a0500e20 Exception <a 'java/lang/ClassNotFoundException'{0x00000000f6a4ed40}: sun/net/www/protocol/c/Handler> (0x00000000f6a4ed40) 
thrown [s\src\hotspot\share\classfile\systemDictionary.cpp, line 256]
Event: 0.463 Thread 0x000002d1a0500e20 Exception <a 'java/lang/ClassNotFoundException'{0x00000000f6a4feb8}: sun/net/www/protocol/c/Handler> (0x00000000f6a4feb8) 
thrown [s\src\hotspot\share\classfile\systemDictionary.cpp, line 256]
Event: 0.468 Thread 0x000002d1a0500e20 Exception <a 'java/io/FileNotFoundException'{0x00000000f6a6edb8}> (0x00000000f6a6edb8) 
thrown [s\src\hotspot\share\prims\jni.cpp, line 516]
Event: 0.491 Thread 0x000002d1a0500e20 Implicit null exception at 0x000002d1ac4c0c80 to 0x000002d1ac4c167c
Event: 0.491 Thread 0x000002d1a0500e20 Implicit null exception at 0x000002d1ac4b86f1 to 0x000002d1ac4b88e0
Event: 0.492 Thread 0x000002d1a0500e20 Implicit null exception at 0x000002d1ac4b9cf1 to 0x000002d1ac4b9ef4
Event: 0.492 Thread 0x000002d1a0500e20 Implicit null exception at 0x000002d1ac4aa68f to 0x000002d1ac4aa709
Event: 0.522 Thread 0x000002d1a0500e20 Exception <a 'java/lang/NoSuchMethodError'{0x00000000f6d394b8}: 'int java.lang.invoke.DirectMethodHandle$Holder.invokeStaticInit(java.lang.Object, java.lang.Object, java.lang.Object, java.lang.Object)'> (0x00000000f6d394b8) 
thrown [s\src\hotspot\share\interpreter\linkResolver.cpp, line 759]
Event: 0.523 Thread 0x000002d1a0500e20 Exception <a 'java/lang/NoSuchMethodError'{0x00000000f6d43b28}: 'java.lang.Object java.lang.invoke.DirectMethodHandle$Holder.invokeInterface(java.lang.Object, java.lang.Object)'> (0x00000000f6d43b28) 
thrown [s\src\hotspot\share\interpreter\linkResolver.cpp, line 759]
Event: 0.524 Thread 0x000002d1a0500e20 Exception <a 'java/lang/IncompatibleClassChangeError'{0x00000000f6d47320}: Found class java.lang.Object, but interface was expected> (0x00000000f6d47320) 
thrown [s\src\hotspot\share\interpreter\linkResolver.cpp, line 826]
Event: 0.524 Thread 0x000002d1a0500e20 Exception <a 'java/lang/NoSuchMethodError'{0x00000000f6d4b818}: 'void java.lang.invoke.DirectMethodHandle$Holder.invokeStatic(java.lang.Object, java.lang.Object)'> (0x00000000f6d4b818) 
thrown [s\src\hotspot\share\interpreter\linkResolver.cpp, line 759]
Event: 0.524 Thread 0x000002d1a0500e20 Exception <a 'java/lang/NoSuchMethodError'{0x00000000f6d4f018}: 'void java.lang.invoke.DirectMethodHandle$Holder.invokeStaticInit(java.lang.Object, java.lang.Object)'> (0x00000000f6d4f018) 
thrown [s\src\hotspot\share\interpreter\linkResolver.cpp, line 759]
Event: 0.525 Thread 0x000002d1a0500e20 Exception <a 'java/lang/NoSuchMethodError'{0x00000000f6d56410}: 'int java.lang.invoke.DirectMethodHandle$Holder.invokeStaticInit(java.lang.Object, java.lang.Object)'> (0x00000000f6d56410) 
thrown [s\src\hotspot\share\interpreter\linkResolver.cpp, line 759]
Event: 0.550 Thread 0x000002d1a0500e20 Exception <a 'java/lang/NoSuchMethodError'{0x00000000f6e7c248}: 'void java.lang.invoke.DirectMethodHandle$Holder.invokeSpecial(java.lang.Object, java.lang.Object, java.lang.Object)'> (0x00000000f6e7c248) 
thrown [s\src\hotspot\share\interpreter\linkResolver.cpp, line 759]
Event: 0.713 Thread 0x000002d1a0500e20 Exception <a 'java/lang/NoSuchMethodError'{0x00000000f617ddc8}: 'java.lang.Object java.lang.invoke.DirectMethodHandle$Holder.newInvokeSpecial(java.lang.Object, int, java.lang.Object)'> (0x00000000f617ddc8) 
thrown [s\src\hotspot\share\interpreter\linkResolver.cpp, line 759]

VM Operations (18 events):
Event: 0.093 Executing VM operation: HandshakeAllThreads
Event: 0.093 Executing VM operation: HandshakeAllThreads done
Event: 0.317 Executing VM operation: HandshakeAllThreads
Event: 0.318 Executing VM operation: HandshakeAllThreads done
Event: 0.328 Executing VM operation: HandshakeAllThreads
Event: 0.328 Executing VM operation: HandshakeAllThreads done
Event: 0.485 Executing VM operation: ICBufferFull
Event: 0.485 Executing VM operation: ICBufferFull done
Event: 0.551 Executing VM operation: ParallelGCFailedAllocation
Event: 0.555 Executing VM operation: ParallelGCFailedAllocation done
Event: 0.698 Executing VM operation: HandshakeAllThreads
Event: 0.698 Executing VM operation: HandshakeAllThreads done
Event: 0.698 Executing VM operation: HandshakeAllThreads
Event: 0.698 Executing VM operation: HandshakeAllThreads done
Event: 0.702 Executing VM operation: HandshakeAllThreads
Event: 0.702 Executing VM operation: HandshakeAllThreads done
Event: 0.710 Executing VM operation: HandshakeAllThreads
Event: 0.710 Executing VM operation: HandshakeAllThreads done

Events (20 events):
Event: 0.693 loading class java/util/concurrent/ForkJoinPool$DefaultForkJoinWorkerThreadFactory
Event: 0.693 loading class java/util/concurrent/ForkJoinPool$ForkJoinWorkerThreadFactory
Event: 0.693 loading class java/util/concurrent/ForkJoinPool$ForkJoinWorkerThreadFactory done
Event: 0.693 loading class java/util/concurrent/ForkJoinPool$DefaultForkJoinWorkerThreadFactory done
Event: 0.693 loading class java/util/concurrent/ForkJoinPool$1
Event: 0.693 loading class java/util/concurrent/ForkJoinPool$1 done
Event: 0.693 loading class java/util/concurrent/ForkJoinPool$DefaultCommonPoolForkJoinWorkerThreadFactory
Event: 0.693 loading class java/util/concurrent/ForkJoinPool$DefaultCommonPoolForkJoinWorkerThreadFactory done
Event: 0.693 loading class java/util/concurrent/ForkJoinPool$WorkQueue
Event: 0.693 loading class java/util/concurrent/ForkJoinPool$WorkQueue done
Event: 0.693 loading class java/util/concurrent/ForkJoinWorkerThread
Event: 0.693 loading class java/util/concurrent/ForkJoinWorkerThread done
Event: 0.702 loading class java/util/ArrayList$ListItr
Event: 0.702 loading class java/util/ArrayList$ListItr done
Event: 0.709 loading class java/util/LinkedList
Event: 0.709 loading class java/util/AbstractSequentialList
Event: 0.710 loading class java/util/AbstractSequentialList done
Event: 0.710 loading class java/util/LinkedList done
Event: 0.725 loading class java/util/ConcurrentModificationException
Event: 0.725 loading class java/util/ConcurrentModificationException done


Dynamic libraries:
0x00007ff772f50000 - 0x00007ff772f5e000 	c:\Users\kirus\.vscode\extensions\redhat.java-1.15.0-win32-x64\jre\17.0.6-win32-x86_64\bin\java.exe
0x00007ff818310000 - 0x00007ff818508000 	C:\Windows\SYSTEM32\ntdll.dll
0x00007ff817590000 - 0x00007ff81764f000 	C:\Windows\System32\KERNEL32.DLL
0x00007ff815a00000 - 0x00007ff815cd2000 	C:\Windows\System32\KERNELBASE.dll
0x00007ff815e40000 - 0x00007ff815f40000 	C:\Windows\System32\ucrtbase.dll
0x00007ff812a20000 - 0x00007ff812a37000 	c:\Users\kirus\.vscode\extensions\redhat.java-1.15.0-win32-x64\jre\17.0.6-win32-x86_64\bin\jli.dll
0x00007ff811ec0000 - 0x00007ff811ed9000 	c:\Users\kirus\.vscode\extensions\redhat.java-1.15.0-win32-x64\jre\17.0.6-win32-x86_64\bin\VCRUNTIME140.dll
0x00007ff8169d0000 - 0x00007ff816b71000 	C:\Windows\System32\USER32.dll
0x00007ff801270000 - 0x00007ff80150a000 	C:\Windows\WinSxS\amd64_microsoft.windows.common-controls_6595b64144ccf1df_6.0.19041.1110_none_60b5254171f9507e\COMCTL32.dll
0x00007ff8160c0000 - 0x00007ff8160e2000 	C:\Windows\System32\win32u.dll
0x00007ff817730000 - 0x00007ff81775b000 	C:\Windows\System32\GDI32.dll
0x00007ff817900000 - 0x00007ff81799e000 	C:\Windows\System32\msvcrt.dll
0x00007ff8160f0000 - 0x00007ff8161ff000 	C:\Windows\System32\gdi32full.dll
0x00007ff816200000 - 0x00007ff81629d000 	C:\Windows\System32\msvcp_win.dll
0x00007ff817760000 - 0x00007ff817792000 	C:\Windows\System32\IMM32.DLL
0x00007ff8132b0000 - 0x00007ff8132bc000 	c:\Users\kirus\.vscode\extensions\redhat.java-1.15.0-win32-x64\jre\17.0.6-win32-x86_64\bin\vcruntime140_1.dll
0x00007fffd8140000 - 0x00007fffd81d1000 	c:\Users\kirus\.vscode\extensions\redhat.java-1.15.0-win32-x64\jre\17.0.6-win32-x86_64\bin\msvcp140.dll
0x00007fffcc690000 - 0x00007fffcd2d7000 	c:\Users\kirus\.vscode\extensions\redhat.java-1.15.0-win32-x64\jre\17.0.6-win32-x86_64\bin\server\jvm.dll
0x00007ff817330000 - 0x00007ff8173de000 	C:\Windows\System32\ADVAPI32.dll
0x00007ff816c90000 - 0x00007ff816d2c000 	C:\Windows\System32\sechost.dll
0x00007ff816d90000 - 0x00007ff816eb5000 	C:\Windows\System32\RPCRT4.dll
0x00007ff8007b0000 - 0x00007ff8007b9000 	C:\Windows\SYSTEM32\WSOCK32.dll
0x00007ff8071c0000 - 0x00007ff8071e7000 	C:\Windows\SYSTEM32\WINMM.dll
0x00007ff816c00000 - 0x00007ff816c6b000 	C:\Windows\System32\WS2_32.dll
0x00007ff80ffc0000 - 0x00007ff80ffca000 	C:\Windows\SYSTEM32\VERSION.dll
0x00007ff8138a0000 - 0x00007ff8138b2000 	C:\Windows\SYSTEM32\kernel.appcore.dll
0x00007ff8127a0000 - 0x00007ff8127aa000 	c:\Users\kirus\.vscode\extensions\redhat.java-1.15.0-win32-x64\jre\17.0.6-win32-x86_64\bin\jimage.dll
0x00007ff80f560000 - 0x00007ff80f744000 	C:\Windows\SYSTEM32\DBGHELP.DLL
0x00007ff80f500000 - 0x00007ff80f535000 	C:\Windows\SYSTEM32\dbgcore.DLL
0x00007ff815fc0000 - 0x00007ff816042000 	C:\Windows\System32\bcryptPrimitives.dll
0x00007ff8122e0000 - 0x00007ff8122ee000 	c:\Users\kirus\.vscode\extensions\redhat.java-1.15.0-win32-x64\jre\17.0.6-win32-x86_64\bin\instrument.dll
0x00007ff811140000 - 0x00007ff811165000 	c:\Users\kirus\.vscode\extensions\redhat.java-1.15.0-win32-x64\jre\17.0.6-win32-x86_64\bin\java.dll
0x00007ff811620000 - 0x00007ff811638000 	c:\Users\kirus\.vscode\extensions\redhat.java-1.15.0-win32-x64\jre\17.0.6-win32-x86_64\bin\zip.dll
0x00007ff817a50000 - 0x00007ff818195000 	C:\Windows\System32\SHELL32.dll
0x00007ff813aa0000 - 0x00007ff814232000 	C:\Windows\SYSTEM32\windows.storage.dll
0x00007ff816ec0000 - 0x00007ff817215000 	C:\Windows\System32\combase.dll
0x00007ff8152a0000 - 0x00007ff8152d0000 	C:\Windows\SYSTEM32\Wldp.dll
0x00007ff8179a0000 - 0x00007ff817a4d000 	C:\Windows\System32\SHCORE.dll
0x00007ff8172d0000 - 0x00007ff817325000 	C:\Windows\System32\shlwapi.dll
0x00007ff815940000 - 0x00007ff81595f000 	C:\Windows\SYSTEM32\profapi.dll
0x00007ff811560000 - 0x00007ff811579000 	C:\Users\kirus\.vscode\extensions\redhat.java-1.15.0-win32-x64\jre\17.0.6-win32-x86_64\bin\net.dll
0x00007ff8116b0000 - 0x00007ff8117bc000 	C:\Windows\SYSTEM32\WINHTTP.dll
0x00007ff815080000 - 0x00007ff8150ea000 	C:\Windows\system32\mswsock.dll
0x00007ff810b30000 - 0x00007ff810b45000 	C:\Users\kirus\.vscode\extensions\redhat.java-1.15.0-win32-x64\jre\17.0.6-win32-x86_64\bin\nio.dll
0x00007ff812290000 - 0x00007ff8122a0000 	c:\Users\kirus\.vscode\extensions\redhat.java-1.15.0-win32-x64\jre\17.0.6-win32-x86_64\bin\verify.dll

dbghelp: loaded successfully - version: 4.0.5 - missing functions: none
symbol engine: initialized successfully - sym options: 0x614 - pdb path: .;c:\Users\kirus\.vscode\extensions\redhat.java-1.15.0-win32-x64\jre\17.0.6-win32-x86_64\bin;C:\Windows\SYSTEM32;C:\Windows\WinSxS\amd64_microsoft.windows.common-controls_6595b64144ccf1df_6.0.19041.1110_none_60b5254171f9507e;c:\Users\kirus\.vscode\extensions\redhat.java-1.15.0-win32-x64\jre\17.0.6-win32-x86_64\bin\server

VM Arguments:
jvm_args: --add-modules=ALL-SYSTEM --add-opens=java.base/java.util=ALL-UNNAMED --add-opens=java.base/java.lang=ALL-UNNAMED --add-opens=java.base/sun.nio.fs=ALL-UNNAMED -Declipse.application=org.eclipse.jdt.ls.core.id1 -Dosgi.bundles.defaultStartLevel=4 -Declipse.product=org.eclipse.jdt.ls.core.product -Djava.import.generatesMetadataFilesAtProjectRoot=false -Dfile.encoding=utf8 -XX:+UseParallelGC -XX:GCTimeRatio=4 -XX:AdaptiveSizePolicyWeight=90 -Dsun.zip.disableMemoryMapping=true -Xmx4G -Xms100m -Xlog:disable -javaagent:c:\Users\kirus\.vscode\extensions\redhat.java-1.15.0-win32-x64\lombok\lombok-1.18.24.jar -Xmx512M 
java_command: c:\Users\kirus\.vscode\extensions\redhat.java-1.15.0-win32-x64\server\plugins\org.eclipse.equinox.launcher_1.6.400.v20210924-0641.jar -configuration c:\Users\kirus\AppData\Roaming\Code\User\globalStorage\redhat.java\1.15.0\config_ss_win -data c:\Users\kirus\AppData\Roaming\Code\User\workspaceStorage\22f2343e581199575215308d8e975055\redhat.java\ss_ws
java_class_path (initial): c:\Users\kirus\.vscode\extensions\redhat.java-1.15.0-win32-x64\server\plugins\org.eclipse.equinox.launcher_1.6.400.v20210924-0641.jar
Launcher Type: SUN_STANDARD

[Global flags]
    uintx AdaptiveSizePolicyWeight                 = 90                                        {product} {command line}
     intx CICompilerCount                          = 4                                         {product} {ergonomic}
    uintx GCTimeRatio                              = 4                                         {product} {command line}
   size_t InitialHeapSize                          = 104857600                                 {product} {command line}
   size_t MaxHeapSize                              = 536870912                                 {product} {command line}
   size_t MaxNewSize                               = 178782208                                 {product} {ergonomic}
   size_t MinHeapDeltaBytes                        = 524288                                    {product} {ergonomic}
   size_t MinHeapSize                              = 104857600                                 {product} {command line}
   size_t NewSize                                  = 34603008                                  {product} {ergonomic}
    uintx NonNMethodCodeHeapSize                   = 5839372                                {pd product} {ergonomic}
    uintx NonProfiledCodeHeapSize                  = 122909434                              {pd product} {ergonomic}
   size_t OldSize                                  = 70254592                                  {product} {ergonomic}
    uintx ProfiledCodeHeapSize                     = 122909434                              {pd product} {ergonomic}
    uintx ReservedCodeCacheSize                    = 251658240                              {pd product} {ergonomic}
     bool SegmentedCodeCache                       = true                                      {product} {ergonomic}
   size_t SoftMaxHeapSize                          = 536870912                              {manageable} {ergonomic}
     bool UseCompressedClassPointers               = true                           {product lp64_product} {ergonomic}
     bool UseCompressedOops                        = true                           {product lp64_product} {ergonomic}
     bool UseLargePagesIndividualAllocation        = false                                  {pd product} {ergonomic}
     bool UseParallelGC                            = true                                      {product} {command line}

Logging:
Log output configuration:
 #0: stdout all=off uptime,level,tags
 #1: stderr all=off uptime,level,tags

Environment Variables:
JAVA_HOME=C:\Program Files\Eclipse Adoptium\jdk-17.0.6.10-hotspot\
_JAVA_OPTIONS=-Xmx512M
PATH=C:\Program Files\Eclipse Adoptium\jdk-17.0.6.10-hotspot\bin;C:\Program Files (x86)\Common Files\Oracle\Java\javapath;c:\program files (x86)\common files\intel\shared libraries\redist\intel64\compiler;c:\programdata\oracle\java\javapath;c:\windows\system32;c:\windows;c:\windows\system32\wbem;c:\windows\system32\windowspowershell\v1.0\;c:\windows\system32\openssh\;c:\program files (x86)\ati technologies\ati.ace\core-static;c:\program files (x86)\amd\ati.ace\core-static;c:\program files\nvidia corporation\nvidia nvdlisr;C:\Program Files (x86)\NVIDIA Corporation\PhysX\Common;C:\Program Files\Microsoft SQL Server\150\Tools\Binn\;C:\Program Files\Microsoft SQL Server\Client SDK\ODBC\170\Tools\Binn\;C:\Program Files\Azure Data Studio\bin;C:\Program Files (x86)\Microsoft SQL Server\150\DTS\Binn\;C:\Program Files\Git\cmd;C:\Program Files\dotnet\;C:\Program Files\Docker\Docker\resources\bin;C:\Users\kirus\AppData\Local\Microsoft\WindowsApps;C:\Program Files\Azure Data Studio\bin;C:\Users\kirus\AppData\Local\Programs\Microsoft VS Code\bin;C:\Users\kirus\.dotnet\tools
USERNAME=kirus
OS=Windows_NT
PROCESSOR_IDENTIFIER=Intel64 Family 6 Model 165 Stepping 5, GenuineIntel
TMP=C:\Users\kirus\AppData\Local\Temp
TEMP=C:\Users\kirus\AppData\Local\Temp



---------------  S Y S T E M  ---------------

OS:
 Windows 10 , 64 bit Build 19041 (10.0.19041.2546)
OS uptime: 1 days 1:56 hours
Hyper-V role detected

CPU: total 12 (initial active 12) (6 cores per cpu, 2 threads per core) family 6 model 165 stepping 5 microcode 0xca, cx8, cmov, fxsr, ht, mmx, 3dnowpref, sse, sse2, sse3, ssse3, sse4.1, sse4.2, popcnt, lzcnt, tsc, tscinvbit, avx, avx2, aes, erms, clmul, bmi1, bmi2, adx, fma, vzeroupper, clflush, clflushopt, hv

Memory: 4k page, system-wide physical 16292M (3884M free)
TotalPageFile size 18340M (AvailPageFile size 4M)
current process WorkingSet (physical memory assigned to process): 81M, peak: 81M
current process commit charge ("private bytes"): 192M, peak: 192M

vm_info: OpenJDK 64-Bit Server VM (17.0.6+10) for windows-amd64 JRE (17.0.6+10), built on Jan 18 2023 10:08:59 by "temurin" with MS VC++ 16.7 (VS2019)

END.
